[2025-03-27T01:13:53.330+0000] {local_task_job_runner.py:123} INFO - ::group::Pre task execution logs
[2025-03-27T01:13:53.339+0000] {taskinstance.py:2612} INFO - Dependencies all met for dep_context=non-requeueable deps ti=<TaskInstance: BuildELT_CTAS.run_ctas manual__2025-03-27T01:13:52.414352+00:00 [queued]>
[2025-03-27T01:13:53.343+0000] {taskinstance.py:2612} INFO - Dependencies all met for dep_context=requeueable deps ti=<TaskInstance: BuildELT_CTAS.run_ctas manual__2025-03-27T01:13:52.414352+00:00 [queued]>
[2025-03-27T01:13:53.343+0000] {taskinstance.py:2865} INFO - Starting attempt 1 of 1
[2025-03-27T01:13:53.352+0000] {taskinstance.py:2888} INFO - Executing <Task(_PythonDecoratedOperator): run_ctas> on 2025-03-27 01:13:52.414352+00:00
[2025-03-27T01:13:53.357+0000] {logging_mixin.py:190} WARNING - /home/***/.local/lib/python3.12/site-packages/***/task/task_runner/standard_task_runner.py:70 DeprecationWarning: This process (pid=305) is multi-threaded, use of fork() may lead to deadlocks in the child.
[2025-03-27T01:13:53.356+0000] {standard_task_runner.py:104} INFO - Running: ['***', 'tasks', 'run', 'BuildELT_CTAS', 'run_ctas', 'manual__2025-03-27T01:13:52.414352+00:00', '--job-id', '71', '--raw', '--subdir', 'DAGS_FOLDER/data226_hwk6_ELT.py', '--cfg-path', '/tmp/tmpioe1t7mv']
[2025-03-27T01:13:53.358+0000] {standard_task_runner.py:72} INFO - Started process 308 to run task
[2025-03-27T01:13:53.358+0000] {standard_task_runner.py:105} INFO - Job 71: Subtask run_ctas
[2025-03-27T01:13:53.385+0000] {task_command.py:467} INFO - Running <TaskInstance: BuildELT_CTAS.run_ctas manual__2025-03-27T01:13:52.414352+00:00 [running]> on host ef75a37f18d3
[2025-03-27T01:13:53.431+0000] {taskinstance.py:3131} INFO - Exporting env vars: AIRFLOW_CTX_DAG_OWNER='***' AIRFLOW_CTX_DAG_ID='BuildELT_CTAS' AIRFLOW_CTX_TASK_ID='run_ctas' AIRFLOW_CTX_EXECUTION_DATE='2025-03-27T01:13:52.414352+00:00' AIRFLOW_CTX_TRY_NUMBER='1' AIRFLOW_CTX_DAG_RUN_ID='manual__2025-03-27T01:13:52.414352+00:00'
[2025-03-27T01:13:53.432+0000] {taskinstance.py:731} INFO - ::endgroup::
[2025-03-27T01:13:53.434+0000] {data226_hwk6_ELT.py:34} INFO - session_summary
[2025-03-27T01:13:53.434+0000] {data226_hwk6_ELT.py:35} INFO - SELECT u.*, s.ts
    FROM USER_DB_DOG.raw.user_session_channel u
    JOIN USER_DB_DOG.raw.session_timestamp s ON u.sessionId=s.sessionId
    
[2025-03-27T01:13:53.441+0000] {base.py:84} INFO - Retrieving connection 'snowflake_conn2'
[2025-03-27T01:13:53.442+0000] {connection.py:413} INFO - Snowflake Connector for Python Version: 3.12.1, Python Version: 3.12.5, Platform: Linux-5.15.167.4-microsoft-standard-WSL2-x86_64-with-glibc2.36
[2025-03-27T01:13:53.442+0000] {connection.py:1196} INFO - Connecting to GLOBAL Snowflake domain
[2025-03-27T01:13:53.443+0000] {connection.py:1277} INFO - This connection is in OCSP Fail Open Mode. TLS Certificates would be checked for validity and revocation status. Any other Certificate Revocation related exceptions or OCSP Responder failures would be disregarded in favor of connectivity.
[2025-03-27T01:13:53.738+0000] {data226_hwk6_ELT.py:41} INFO - CREATE OR REPLACE TABLE USER_DB_DOG.analytics.temp_session_summary AS SELECT u.*, s.ts
    FROM USER_DB_DOG.raw.user_session_channel u
    JOIN USER_DB_DOG.raw.session_timestamp s ON u.sessionId=s.sessionId
    
[2025-03-27T01:13:55.200+0000] {cursor.py:1156} INFO - Number of results in first chunk: 1
[2025-03-27T01:13:55.201+0000] {logging_mixin.py:190} INFO - 
              SELECT sessionId, COUNT(1) AS cnt 
              FROM USER_DB_DOG.analytics.temp_session_summary
              GROUP BY 1
              ORDER BY 2 DESC
              LIMIT 1
[2025-03-27T01:13:55.588+0000] {cursor.py:1156} INFO - Number of results in first chunk: 1
[2025-03-27T01:13:55.589+0000] {logging_mixin.py:190} INFO - ('7cdace91c487558e27ce54df7cdb299c', 1) 1
[2025-03-27T01:13:56.093+0000] {cursor.py:1156} INFO - Number of results in first chunk: 1
[2025-03-27T01:13:56.195+0000] {cursor.py:1156} INFO - Number of results in first chunk: 1
[2025-03-27T01:13:56.196+0000] {python.py:240} INFO - Done. Returned value was: None
[2025-03-27T01:13:56.201+0000] {taskinstance.py:340} INFO - ::group::Post task execution logs
[2025-03-27T01:13:56.202+0000] {taskinstance.py:352} INFO - Marking task as SUCCESS. dag_id=BuildELT_CTAS, task_id=run_ctas, run_id=manual__2025-03-27T01:13:52.414352+00:00, execution_date=20250327T011352, start_date=20250327T011353, end_date=20250327T011356
[2025-03-27T01:13:56.220+0000] {local_task_job_runner.py:266} INFO - Task exited with return code 0
[2025-03-27T01:13:56.229+0000] {taskinstance.py:3900} INFO - 0 downstream tasks scheduled from follow-on schedule check
[2025-03-27T01:13:56.231+0000] {local_task_job_runner.py:245} INFO - ::endgroup::
