[2025-03-28T00:00:05.687+0000] {processor.py:186} INFO - Started process (PID=30209) to work on /opt/airflow/dags/data226_hwk6_ELT.py
[2025-03-28T00:00:05.696+0000] {processor.py:914} INFO - Processing file /opt/airflow/dags/data226_hwk6_ELT.py for tasks to queue
[2025-03-28T00:00:05.707+0000] {logging_mixin.py:190} INFO - [2025-03-28T00:00:05.706+0000] {dagbag.py:587} INFO - Filling up the DagBag from /opt/airflow/dags/data226_hwk6_ELT.py
[2025-03-28T00:00:05.756+0000] {processor.py:925} INFO - DAG(s) 'BuildELT_CTAS' retrieved from /opt/airflow/dags/data226_hwk6_ELT.py
[2025-03-28T00:00:05.825+0000] {logging_mixin.py:190} INFO - [2025-03-28T00:00:05.825+0000] {dag.py:3229} INFO - Sync 1 DAGs
[2025-03-28T00:00:05.886+0000] {logging_mixin.py:190} INFO - [2025-03-28T00:00:05.885+0000] {dag.py:4156} INFO - Setting next_dagrun for BuildELT_CTAS to 2025-03-27 02:45:00+00:00, run_after=2025-03-28 02:45:00+00:00
[2025-03-28T00:00:05.937+0000] {processor.py:208} INFO - Processing /opt/airflow/dags/data226_hwk6_ELT.py took 0.272 seconds
[2025-03-28T00:00:36.345+0000] {processor.py:186} INFO - Started process (PID=30230) to work on /opt/airflow/dags/data226_hwk6_ELT.py
[2025-03-28T00:00:36.346+0000] {processor.py:914} INFO - Processing file /opt/airflow/dags/data226_hwk6_ELT.py for tasks to queue
[2025-03-28T00:00:36.354+0000] {logging_mixin.py:190} INFO - [2025-03-28T00:00:36.347+0000] {dagbag.py:587} INFO - Filling up the DagBag from /opt/airflow/dags/data226_hwk6_ELT.py
[2025-03-28T00:00:36.396+0000] {processor.py:925} INFO - DAG(s) 'BuildELT_CTAS' retrieved from /opt/airflow/dags/data226_hwk6_ELT.py
[2025-03-28T00:00:36.457+0000] {logging_mixin.py:190} INFO - [2025-03-28T00:00:36.456+0000] {dag.py:3229} INFO - Sync 1 DAGs
[2025-03-28T00:00:36.517+0000] {logging_mixin.py:190} INFO - [2025-03-28T00:00:36.517+0000] {dag.py:4156} INFO - Setting next_dagrun for BuildELT_CTAS to 2025-03-27 02:45:00+00:00, run_after=2025-03-28 02:45:00+00:00
[2025-03-28T00:00:36.576+0000] {processor.py:208} INFO - Processing /opt/airflow/dags/data226_hwk6_ELT.py took 0.250 seconds
[2025-03-28T00:01:06.835+0000] {processor.py:186} INFO - Started process (PID=30251) to work on /opt/airflow/dags/data226_hwk6_ELT.py
[2025-03-28T00:01:06.836+0000] {processor.py:914} INFO - Processing file /opt/airflow/dags/data226_hwk6_ELT.py for tasks to queue
[2025-03-28T00:01:06.845+0000] {logging_mixin.py:190} INFO - [2025-03-28T00:01:06.844+0000] {dagbag.py:587} INFO - Filling up the DagBag from /opt/airflow/dags/data226_hwk6_ELT.py
[2025-03-28T00:01:06.895+0000] {processor.py:925} INFO - DAG(s) 'BuildELT_CTAS' retrieved from /opt/airflow/dags/data226_hwk6_ELT.py
[2025-03-28T00:01:06.966+0000] {logging_mixin.py:190} INFO - [2025-03-28T00:01:06.965+0000] {dag.py:3229} INFO - Sync 1 DAGs
[2025-03-28T00:01:07.026+0000] {logging_mixin.py:190} INFO - [2025-03-28T00:01:07.026+0000] {dag.py:4156} INFO - Setting next_dagrun for BuildELT_CTAS to 2025-03-27 02:45:00+00:00, run_after=2025-03-28 02:45:00+00:00
[2025-03-28T00:01:07.086+0000] {processor.py:208} INFO - Processing /opt/airflow/dags/data226_hwk6_ELT.py took 0.271 seconds
[2025-03-28T00:01:37.515+0000] {processor.py:186} INFO - Started process (PID=30272) to work on /opt/airflow/dags/data226_hwk6_ELT.py
[2025-03-28T00:01:37.516+0000] {processor.py:914} INFO - Processing file /opt/airflow/dags/data226_hwk6_ELT.py for tasks to queue
[2025-03-28T00:01:37.525+0000] {logging_mixin.py:190} INFO - [2025-03-28T00:01:37.525+0000] {dagbag.py:587} INFO - Filling up the DagBag from /opt/airflow/dags/data226_hwk6_ELT.py
[2025-03-28T00:01:37.575+0000] {processor.py:925} INFO - DAG(s) 'BuildELT_CTAS' retrieved from /opt/airflow/dags/data226_hwk6_ELT.py
[2025-03-28T00:01:37.644+0000] {logging_mixin.py:190} INFO - [2025-03-28T00:01:37.636+0000] {dag.py:3229} INFO - Sync 1 DAGs
[2025-03-28T00:01:37.705+0000] {logging_mixin.py:190} INFO - [2025-03-28T00:01:37.704+0000] {dag.py:4156} INFO - Setting next_dagrun for BuildELT_CTAS to 2025-03-27 02:45:00+00:00, run_after=2025-03-28 02:45:00+00:00
[2025-03-28T00:01:37.764+0000] {processor.py:208} INFO - Processing /opt/airflow/dags/data226_hwk6_ELT.py took 0.268 seconds
[2025-03-28T00:02:08.195+0000] {processor.py:186} INFO - Started process (PID=30293) to work on /opt/airflow/dags/data226_hwk6_ELT.py
[2025-03-28T00:02:08.196+0000] {processor.py:914} INFO - Processing file /opt/airflow/dags/data226_hwk6_ELT.py for tasks to queue
[2025-03-28T00:02:08.215+0000] {logging_mixin.py:190} INFO - [2025-03-28T00:02:08.215+0000] {dagbag.py:587} INFO - Filling up the DagBag from /opt/airflow/dags/data226_hwk6_ELT.py
[2025-03-28T00:02:08.256+0000] {processor.py:925} INFO - DAG(s) 'BuildELT_CTAS' retrieved from /opt/airflow/dags/data226_hwk6_ELT.py
[2025-03-28T00:02:08.334+0000] {logging_mixin.py:190} INFO - [2025-03-28T00:02:08.326+0000] {dag.py:3229} INFO - Sync 1 DAGs
[2025-03-28T00:02:08.394+0000] {logging_mixin.py:190} INFO - [2025-03-28T00:02:08.394+0000] {dag.py:4156} INFO - Setting next_dagrun for BuildELT_CTAS to 2025-03-27 02:45:00+00:00, run_after=2025-03-28 02:45:00+00:00
[2025-03-28T00:02:08.445+0000] {processor.py:208} INFO - Processing /opt/airflow/dags/data226_hwk6_ELT.py took 0.269 seconds
[2025-03-28T00:02:38.915+0000] {processor.py:186} INFO - Started process (PID=30314) to work on /opt/airflow/dags/data226_hwk6_ELT.py
[2025-03-28T00:02:38.915+0000] {processor.py:914} INFO - Processing file /opt/airflow/dags/data226_hwk6_ELT.py for tasks to queue
[2025-03-28T00:02:38.925+0000] {logging_mixin.py:190} INFO - [2025-03-28T00:02:38.924+0000] {dagbag.py:587} INFO - Filling up the DagBag from /opt/airflow/dags/data226_hwk6_ELT.py
[2025-03-28T00:02:38.966+0000] {processor.py:925} INFO - DAG(s) 'BuildELT_CTAS' retrieved from /opt/airflow/dags/data226_hwk6_ELT.py
[2025-03-28T00:02:39.036+0000] {logging_mixin.py:190} INFO - [2025-03-28T00:02:39.035+0000] {dag.py:3229} INFO - Sync 1 DAGs
[2025-03-28T00:02:39.105+0000] {logging_mixin.py:190} INFO - [2025-03-28T00:02:39.104+0000] {dag.py:4156} INFO - Setting next_dagrun for BuildELT_CTAS to 2025-03-27 02:45:00+00:00, run_after=2025-03-28 02:45:00+00:00
[2025-03-28T00:02:39.164+0000] {processor.py:208} INFO - Processing /opt/airflow/dags/data226_hwk6_ELT.py took 0.268 seconds
[2025-03-28T00:03:09.615+0000] {processor.py:186} INFO - Started process (PID=30335) to work on /opt/airflow/dags/data226_hwk6_ELT.py
[2025-03-28T00:03:09.616+0000] {processor.py:914} INFO - Processing file /opt/airflow/dags/data226_hwk6_ELT.py for tasks to queue
[2025-03-28T00:03:09.625+0000] {logging_mixin.py:190} INFO - [2025-03-28T00:03:09.625+0000] {dagbag.py:587} INFO - Filling up the DagBag from /opt/airflow/dags/data226_hwk6_ELT.py
[2025-03-28T00:03:09.675+0000] {processor.py:925} INFO - DAG(s) 'BuildELT_CTAS' retrieved from /opt/airflow/dags/data226_hwk6_ELT.py
[2025-03-28T00:03:09.745+0000] {logging_mixin.py:190} INFO - [2025-03-28T00:03:09.745+0000] {dag.py:3229} INFO - Sync 1 DAGs
[2025-03-28T00:03:09.814+0000] {logging_mixin.py:190} INFO - [2025-03-28T00:03:09.814+0000] {dag.py:4156} INFO - Setting next_dagrun for BuildELT_CTAS to 2025-03-27 02:45:00+00:00, run_after=2025-03-28 02:45:00+00:00
[2025-03-28T00:03:09.875+0000] {processor.py:208} INFO - Processing /opt/airflow/dags/data226_hwk6_ELT.py took 0.279 seconds
[2025-03-28T00:03:40.024+0000] {processor.py:186} INFO - Started process (PID=30356) to work on /opt/airflow/dags/data226_hwk6_ELT.py
[2025-03-28T00:03:40.024+0000] {processor.py:914} INFO - Processing file /opt/airflow/dags/data226_hwk6_ELT.py for tasks to queue
[2025-03-28T00:03:40.034+0000] {logging_mixin.py:190} INFO - [2025-03-28T00:03:40.034+0000] {dagbag.py:587} INFO - Filling up the DagBag from /opt/airflow/dags/data226_hwk6_ELT.py
[2025-03-28T00:03:40.085+0000] {processor.py:925} INFO - DAG(s) 'BuildELT_CTAS' retrieved from /opt/airflow/dags/data226_hwk6_ELT.py
[2025-03-28T00:03:40.184+0000] {logging_mixin.py:190} INFO - [2025-03-28T00:03:40.184+0000] {dag.py:3229} INFO - Sync 1 DAGs
[2025-03-28T00:03:40.256+0000] {logging_mixin.py:190} INFO - [2025-03-28T00:03:40.255+0000] {dag.py:4156} INFO - Setting next_dagrun for BuildELT_CTAS to 2025-03-27 02:45:00+00:00, run_after=2025-03-28 02:45:00+00:00
[2025-03-28T00:03:40.324+0000] {processor.py:208} INFO - Processing /opt/airflow/dags/data226_hwk6_ELT.py took 0.328 seconds
[2025-03-28T00:04:10.454+0000] {processor.py:186} INFO - Started process (PID=30377) to work on /opt/airflow/dags/data226_hwk6_ELT.py
[2025-03-28T00:04:10.455+0000] {processor.py:914} INFO - Processing file /opt/airflow/dags/data226_hwk6_ELT.py for tasks to queue
[2025-03-28T00:04:10.464+0000] {logging_mixin.py:190} INFO - [2025-03-28T00:04:10.456+0000] {dagbag.py:587} INFO - Filling up the DagBag from /opt/airflow/dags/data226_hwk6_ELT.py
[2025-03-28T00:04:10.514+0000] {processor.py:925} INFO - DAG(s) 'BuildELT_CTAS' retrieved from /opt/airflow/dags/data226_hwk6_ELT.py
[2025-03-28T00:04:10.584+0000] {logging_mixin.py:190} INFO - [2025-03-28T00:04:10.584+0000] {dag.py:3229} INFO - Sync 1 DAGs
[2025-03-28T00:04:10.646+0000] {logging_mixin.py:190} INFO - [2025-03-28T00:04:10.646+0000] {dag.py:4156} INFO - Setting next_dagrun for BuildELT_CTAS to 2025-03-27 02:45:00+00:00, run_after=2025-03-28 02:45:00+00:00
[2025-03-28T00:04:10.706+0000] {processor.py:208} INFO - Processing /opt/airflow/dags/data226_hwk6_ELT.py took 0.271 seconds
[2025-03-28T00:04:40.955+0000] {processor.py:186} INFO - Started process (PID=30398) to work on /opt/airflow/dags/data226_hwk6_ELT.py
[2025-03-28T00:04:40.956+0000] {processor.py:914} INFO - Processing file /opt/airflow/dags/data226_hwk6_ELT.py for tasks to queue
[2025-03-28T00:04:40.966+0000] {logging_mixin.py:190} INFO - [2025-03-28T00:04:40.965+0000] {dagbag.py:587} INFO - Filling up the DagBag from /opt/airflow/dags/data226_hwk6_ELT.py
[2025-03-28T00:04:41.034+0000] {processor.py:925} INFO - DAG(s) 'BuildELT_CTAS' retrieved from /opt/airflow/dags/data226_hwk6_ELT.py
[2025-03-28T00:04:41.115+0000] {logging_mixin.py:190} INFO - [2025-03-28T00:04:41.114+0000] {dag.py:3229} INFO - Sync 1 DAGs
[2025-03-28T00:04:41.185+0000] {logging_mixin.py:190} INFO - [2025-03-28T00:04:41.185+0000] {dag.py:4156} INFO - Setting next_dagrun for BuildELT_CTAS to 2025-03-27 02:45:00+00:00, run_after=2025-03-28 02:45:00+00:00
[2025-03-28T00:04:41.245+0000] {processor.py:208} INFO - Processing /opt/airflow/dags/data226_hwk6_ELT.py took 0.309 seconds
[2025-03-28T00:05:11.776+0000] {processor.py:186} INFO - Started process (PID=30418) to work on /opt/airflow/dags/data226_hwk6_ELT.py
[2025-03-28T00:05:11.784+0000] {processor.py:914} INFO - Processing file /opt/airflow/dags/data226_hwk6_ELT.py for tasks to queue
[2025-03-28T00:05:11.786+0000] {logging_mixin.py:190} INFO - [2025-03-28T00:05:11.786+0000] {dagbag.py:587} INFO - Filling up the DagBag from /opt/airflow/dags/data226_hwk6_ELT.py
[2025-03-28T00:05:11.846+0000] {processor.py:925} INFO - DAG(s) 'BuildELT_CTAS' retrieved from /opt/airflow/dags/data226_hwk6_ELT.py
[2025-03-28T00:05:11.924+0000] {logging_mixin.py:190} INFO - [2025-03-28T00:05:11.916+0000] {dag.py:3229} INFO - Sync 1 DAGs
[2025-03-28T00:05:11.995+0000] {logging_mixin.py:190} INFO - [2025-03-28T00:05:11.994+0000] {dag.py:4156} INFO - Setting next_dagrun for BuildELT_CTAS to 2025-03-27 02:45:00+00:00, run_after=2025-03-28 02:45:00+00:00
[2025-03-28T00:05:12.065+0000] {processor.py:208} INFO - Processing /opt/airflow/dags/data226_hwk6_ELT.py took 0.319 seconds
[2025-03-28T00:05:42.266+0000] {processor.py:186} INFO - Started process (PID=30439) to work on /opt/airflow/dags/data226_hwk6_ELT.py
[2025-03-28T00:05:42.284+0000] {processor.py:914} INFO - Processing file /opt/airflow/dags/data226_hwk6_ELT.py for tasks to queue
[2025-03-28T00:05:42.286+0000] {logging_mixin.py:190} INFO - [2025-03-28T00:05:42.286+0000] {dagbag.py:587} INFO - Filling up the DagBag from /opt/airflow/dags/data226_hwk6_ELT.py
[2025-03-28T00:05:42.344+0000] {processor.py:925} INFO - DAG(s) 'BuildELT_CTAS' retrieved from /opt/airflow/dags/data226_hwk6_ELT.py
[2025-03-28T00:05:42.415+0000] {logging_mixin.py:190} INFO - [2025-03-28T00:05:42.414+0000] {dag.py:3229} INFO - Sync 1 DAGs
[2025-03-28T00:05:42.485+0000] {logging_mixin.py:190} INFO - [2025-03-28T00:05:42.484+0000] {dag.py:4156} INFO - Setting next_dagrun for BuildELT_CTAS to 2025-03-27 02:45:00+00:00, run_after=2025-03-28 02:45:00+00:00
[2025-03-28T00:05:42.554+0000] {processor.py:208} INFO - Processing /opt/airflow/dags/data226_hwk6_ELT.py took 0.300 seconds
[2025-03-28T00:06:12.905+0000] {processor.py:186} INFO - Started process (PID=30460) to work on /opt/airflow/dags/data226_hwk6_ELT.py
[2025-03-28T00:06:12.906+0000] {processor.py:914} INFO - Processing file /opt/airflow/dags/data226_hwk6_ELT.py for tasks to queue
[2025-03-28T00:06:12.915+0000] {logging_mixin.py:190} INFO - [2025-03-28T00:06:12.915+0000] {dagbag.py:587} INFO - Filling up the DagBag from /opt/airflow/dags/data226_hwk6_ELT.py
[2025-03-28T00:06:12.967+0000] {processor.py:925} INFO - DAG(s) 'BuildELT_CTAS' retrieved from /opt/airflow/dags/data226_hwk6_ELT.py
[2025-03-28T00:06:13.055+0000] {logging_mixin.py:190} INFO - [2025-03-28T00:06:13.047+0000] {dag.py:3229} INFO - Sync 1 DAGs
[2025-03-28T00:06:13.125+0000] {logging_mixin.py:190} INFO - [2025-03-28T00:06:13.125+0000] {dag.py:4156} INFO - Setting next_dagrun for BuildELT_CTAS to 2025-03-27 02:45:00+00:00, run_after=2025-03-28 02:45:00+00:00
[2025-03-28T00:06:13.186+0000] {processor.py:208} INFO - Processing /opt/airflow/dags/data226_hwk6_ELT.py took 0.301 seconds
[2025-03-28T00:06:43.867+0000] {processor.py:186} INFO - Started process (PID=30481) to work on /opt/airflow/dags/data226_hwk6_ELT.py
[2025-03-28T00:06:43.867+0000] {processor.py:914} INFO - Processing file /opt/airflow/dags/data226_hwk6_ELT.py for tasks to queue
[2025-03-28T00:06:43.877+0000] {logging_mixin.py:190} INFO - [2025-03-28T00:06:43.876+0000] {dagbag.py:587} INFO - Filling up the DagBag from /opt/airflow/dags/data226_hwk6_ELT.py
[2025-03-28T00:06:43.937+0000] {processor.py:925} INFO - DAG(s) 'BuildELT_CTAS' retrieved from /opt/airflow/dags/data226_hwk6_ELT.py
[2025-03-28T00:06:44.016+0000] {logging_mixin.py:190} INFO - [2025-03-28T00:06:44.008+0000] {dag.py:3229} INFO - Sync 1 DAGs
[2025-03-28T00:06:44.097+0000] {logging_mixin.py:190} INFO - [2025-03-28T00:06:44.097+0000] {dag.py:4156} INFO - Setting next_dagrun for BuildELT_CTAS to 2025-03-27 02:45:00+00:00, run_after=2025-03-28 02:45:00+00:00
[2025-03-28T00:06:44.157+0000] {processor.py:208} INFO - Processing /opt/airflow/dags/data226_hwk6_ELT.py took 0.310 seconds
[2025-03-28T00:07:14.407+0000] {processor.py:186} INFO - Started process (PID=30502) to work on /opt/airflow/dags/data226_hwk6_ELT.py
[2025-03-28T00:07:14.407+0000] {processor.py:914} INFO - Processing file /opt/airflow/dags/data226_hwk6_ELT.py for tasks to queue
[2025-03-28T00:07:14.426+0000] {logging_mixin.py:190} INFO - [2025-03-28T00:07:14.418+0000] {dagbag.py:587} INFO - Filling up the DagBag from /opt/airflow/dags/data226_hwk6_ELT.py
[2025-03-28T00:07:14.487+0000] {processor.py:925} INFO - DAG(s) 'BuildELT_CTAS' retrieved from /opt/airflow/dags/data226_hwk6_ELT.py
[2025-03-28T00:07:14.567+0000] {logging_mixin.py:190} INFO - [2025-03-28T00:07:14.566+0000] {dag.py:3229} INFO - Sync 1 DAGs
[2025-03-28T00:07:14.646+0000] {logging_mixin.py:190} INFO - [2025-03-28T00:07:14.638+0000] {dag.py:4156} INFO - Setting next_dagrun for BuildELT_CTAS to 2025-03-27 02:45:00+00:00, run_after=2025-03-28 02:45:00+00:00
[2025-03-28T00:07:14.706+0000] {processor.py:208} INFO - Processing /opt/airflow/dags/data226_hwk6_ELT.py took 0.319 seconds
[2025-03-28T00:07:45.036+0000] {processor.py:186} INFO - Started process (PID=30523) to work on /opt/airflow/dags/data226_hwk6_ELT.py
[2025-03-28T00:07:45.037+0000] {processor.py:914} INFO - Processing file /opt/airflow/dags/data226_hwk6_ELT.py for tasks to queue
[2025-03-28T00:07:45.047+0000] {logging_mixin.py:190} INFO - [2025-03-28T00:07:45.046+0000] {dagbag.py:587} INFO - Filling up the DagBag from /opt/airflow/dags/data226_hwk6_ELT.py
[2025-03-28T00:07:45.117+0000] {processor.py:925} INFO - DAG(s) 'BuildELT_CTAS' retrieved from /opt/airflow/dags/data226_hwk6_ELT.py
[2025-03-28T00:07:45.208+0000] {logging_mixin.py:190} INFO - [2025-03-28T00:07:45.208+0000] {dag.py:3229} INFO - Sync 1 DAGs
[2025-03-28T00:07:45.297+0000] {logging_mixin.py:190} INFO - [2025-03-28T00:07:45.297+0000] {dag.py:4156} INFO - Setting next_dagrun for BuildELT_CTAS to 2025-03-27 02:45:00+00:00, run_after=2025-03-28 02:45:00+00:00
[2025-03-28T00:07:45.367+0000] {processor.py:208} INFO - Processing /opt/airflow/dags/data226_hwk6_ELT.py took 0.351 seconds
[2025-03-28T00:08:15.849+0000] {processor.py:186} INFO - Started process (PID=30544) to work on /opt/airflow/dags/data226_hwk6_ELT.py
[2025-03-28T00:08:15.858+0000] {processor.py:914} INFO - Processing file /opt/airflow/dags/data226_hwk6_ELT.py for tasks to queue
[2025-03-28T00:08:15.860+0000] {logging_mixin.py:190} INFO - [2025-03-28T00:08:15.860+0000] {dagbag.py:587} INFO - Filling up the DagBag from /opt/airflow/dags/data226_hwk6_ELT.py
[2025-03-28T00:08:15.930+0000] {processor.py:925} INFO - DAG(s) 'BuildELT_CTAS' retrieved from /opt/airflow/dags/data226_hwk6_ELT.py
[2025-03-28T00:08:16.019+0000] {logging_mixin.py:190} INFO - [2025-03-28T00:08:16.018+0000] {dag.py:3229} INFO - Sync 1 DAGs
[2025-03-28T00:08:16.108+0000] {logging_mixin.py:190} INFO - [2025-03-28T00:08:16.108+0000] {dag.py:4156} INFO - Setting next_dagrun for BuildELT_CTAS to 2025-03-27 02:45:00+00:00, run_after=2025-03-28 02:45:00+00:00
[2025-03-28T00:08:16.178+0000] {processor.py:208} INFO - Processing /opt/airflow/dags/data226_hwk6_ELT.py took 0.359 seconds
[2025-03-28T00:08:46.729+0000] {processor.py:186} INFO - Started process (PID=30565) to work on /opt/airflow/dags/data226_hwk6_ELT.py
[2025-03-28T00:08:46.730+0000] {processor.py:914} INFO - Processing file /opt/airflow/dags/data226_hwk6_ELT.py for tasks to queue
[2025-03-28T00:08:46.740+0000] {logging_mixin.py:190} INFO - [2025-03-28T00:08:46.740+0000] {dagbag.py:587} INFO - Filling up the DagBag from /opt/airflow/dags/data226_hwk6_ELT.py
[2025-03-28T00:08:46.809+0000] {processor.py:925} INFO - DAG(s) 'BuildELT_CTAS' retrieved from /opt/airflow/dags/data226_hwk6_ELT.py
[2025-03-28T00:08:46.900+0000] {logging_mixin.py:190} INFO - [2025-03-28T00:08:46.900+0000] {dag.py:3229} INFO - Sync 1 DAGs
[2025-03-28T00:08:46.999+0000] {logging_mixin.py:190} INFO - [2025-03-28T00:08:46.999+0000] {dag.py:4156} INFO - Setting next_dagrun for BuildELT_CTAS to 2025-03-27 02:45:00+00:00, run_after=2025-03-28 02:45:00+00:00
[2025-03-28T00:08:47.069+0000] {processor.py:208} INFO - Processing /opt/airflow/dags/data226_hwk6_ELT.py took 0.361 seconds
[2025-03-28T00:09:17.411+0000] {processor.py:186} INFO - Started process (PID=30586) to work on /opt/airflow/dags/data226_hwk6_ELT.py
[2025-03-28T00:09:17.412+0000] {processor.py:914} INFO - Processing file /opt/airflow/dags/data226_hwk6_ELT.py for tasks to queue
[2025-03-28T00:09:17.422+0000] {logging_mixin.py:190} INFO - [2025-03-28T00:09:17.422+0000] {dagbag.py:587} INFO - Filling up the DagBag from /opt/airflow/dags/data226_hwk6_ELT.py
[2025-03-28T00:09:17.502+0000] {processor.py:925} INFO - DAG(s) 'BuildELT_CTAS' retrieved from /opt/airflow/dags/data226_hwk6_ELT.py
[2025-03-28T00:09:17.601+0000] {logging_mixin.py:190} INFO - [2025-03-28T00:09:17.601+0000] {dag.py:3229} INFO - Sync 1 DAGs
[2025-03-28T00:09:17.682+0000] {logging_mixin.py:190} INFO - [2025-03-28T00:09:17.682+0000] {dag.py:4156} INFO - Setting next_dagrun for BuildELT_CTAS to 2025-03-27 02:45:00+00:00, run_after=2025-03-28 02:45:00+00:00
[2025-03-28T00:09:17.761+0000] {processor.py:208} INFO - Processing /opt/airflow/dags/data226_hwk6_ELT.py took 0.379 seconds
[2025-03-28T00:09:48.281+0000] {processor.py:186} INFO - Started process (PID=30607) to work on /opt/airflow/dags/data226_hwk6_ELT.py
[2025-03-28T00:09:48.282+0000] {processor.py:914} INFO - Processing file /opt/airflow/dags/data226_hwk6_ELT.py for tasks to queue
[2025-03-28T00:09:48.292+0000] {logging_mixin.py:190} INFO - [2025-03-28T00:09:48.292+0000] {dagbag.py:587} INFO - Filling up the DagBag from /opt/airflow/dags/data226_hwk6_ELT.py
[2025-03-28T00:09:48.362+0000] {processor.py:925} INFO - DAG(s) 'BuildELT_CTAS' retrieved from /opt/airflow/dags/data226_hwk6_ELT.py
[2025-03-28T00:09:48.461+0000] {logging_mixin.py:190} INFO - [2025-03-28T00:09:48.461+0000] {dag.py:3229} INFO - Sync 1 DAGs
[2025-03-28T00:09:48.542+0000] {logging_mixin.py:190} INFO - [2025-03-28T00:09:48.542+0000] {dag.py:4156} INFO - Setting next_dagrun for BuildELT_CTAS to 2025-03-27 02:45:00+00:00, run_after=2025-03-28 02:45:00+00:00
[2025-03-28T00:09:48.621+0000] {processor.py:208} INFO - Processing /opt/airflow/dags/data226_hwk6_ELT.py took 0.360 seconds
[2025-03-28T00:10:19.034+0000] {processor.py:186} INFO - Started process (PID=30628) to work on /opt/airflow/dags/data226_hwk6_ELT.py
[2025-03-28T00:10:19.034+0000] {processor.py:914} INFO - Processing file /opt/airflow/dags/data226_hwk6_ELT.py for tasks to queue
[2025-03-28T00:10:19.044+0000] {logging_mixin.py:190} INFO - [2025-03-28T00:10:19.044+0000] {dagbag.py:587} INFO - Filling up the DagBag from /opt/airflow/dags/data226_hwk6_ELT.py
[2025-03-28T00:10:19.125+0000] {processor.py:925} INFO - DAG(s) 'BuildELT_CTAS' retrieved from /opt/airflow/dags/data226_hwk6_ELT.py
[2025-03-28T00:10:19.215+0000] {logging_mixin.py:190} INFO - [2025-03-28T00:10:19.215+0000] {dag.py:3229} INFO - Sync 1 DAGs
[2025-03-28T00:10:19.305+0000] {logging_mixin.py:190} INFO - [2025-03-28T00:10:19.304+0000] {dag.py:4156} INFO - Setting next_dagrun for BuildELT_CTAS to 2025-03-27 02:45:00+00:00, run_after=2025-03-28 02:45:00+00:00
[2025-03-28T00:10:19.375+0000] {processor.py:208} INFO - Processing /opt/airflow/dags/data226_hwk6_ELT.py took 0.369 seconds
[2025-03-28T00:10:49.749+0000] {processor.py:186} INFO - Started process (PID=30649) to work on /opt/airflow/dags/data226_hwk6_ELT.py
[2025-03-28T00:10:49.757+0000] {processor.py:914} INFO - Processing file /opt/airflow/dags/data226_hwk6_ELT.py for tasks to queue
[2025-03-28T00:10:49.768+0000] {logging_mixin.py:190} INFO - [2025-03-28T00:10:49.767+0000] {dagbag.py:587} INFO - Filling up the DagBag from /opt/airflow/dags/data226_hwk6_ELT.py
[2025-03-28T00:10:49.879+0000] {processor.py:925} INFO - DAG(s) 'BuildELT_CTAS' retrieved from /opt/airflow/dags/data226_hwk6_ELT.py
[2025-03-28T00:10:50.018+0000] {logging_mixin.py:190} INFO - [2025-03-28T00:10:50.017+0000] {dag.py:3229} INFO - Sync 1 DAGs
[2025-03-28T00:10:50.135+0000] {logging_mixin.py:190} INFO - [2025-03-28T00:10:50.135+0000] {dag.py:4156} INFO - Setting next_dagrun for BuildELT_CTAS to 2025-03-27 02:45:00+00:00, run_after=2025-03-28 02:45:00+00:00
[2025-03-28T00:10:50.226+0000] {processor.py:208} INFO - Processing /opt/airflow/dags/data226_hwk6_ELT.py took 0.491 seconds
[2025-03-28T00:11:20.783+0000] {processor.py:186} INFO - Started process (PID=30670) to work on /opt/airflow/dags/data226_hwk6_ELT.py
[2025-03-28T00:11:20.784+0000] {processor.py:914} INFO - Processing file /opt/airflow/dags/data226_hwk6_ELT.py for tasks to queue
[2025-03-28T00:11:20.794+0000] {logging_mixin.py:190} INFO - [2025-03-28T00:11:20.794+0000] {dagbag.py:587} INFO - Filling up the DagBag from /opt/airflow/dags/data226_hwk6_ELT.py
[2025-03-28T00:11:20.874+0000] {processor.py:925} INFO - DAG(s) 'BuildELT_CTAS' retrieved from /opt/airflow/dags/data226_hwk6_ELT.py
[2025-03-28T00:11:20.973+0000] {logging_mixin.py:190} INFO - [2025-03-28T00:11:20.973+0000] {dag.py:3229} INFO - Sync 1 DAGs
[2025-03-28T00:11:21.073+0000] {logging_mixin.py:190} INFO - [2025-03-28T00:11:21.073+0000] {dag.py:4156} INFO - Setting next_dagrun for BuildELT_CTAS to 2025-03-27 02:45:00+00:00, run_after=2025-03-28 02:45:00+00:00
[2025-03-28T00:11:21.154+0000] {processor.py:208} INFO - Processing /opt/airflow/dags/data226_hwk6_ELT.py took 0.400 seconds
[2025-03-28T00:11:51.744+0000] {processor.py:186} INFO - Started process (PID=30691) to work on /opt/airflow/dags/data226_hwk6_ELT.py
[2025-03-28T00:11:51.745+0000] {processor.py:914} INFO - Processing file /opt/airflow/dags/data226_hwk6_ELT.py for tasks to queue
[2025-03-28T00:11:51.755+0000] {logging_mixin.py:190} INFO - [2025-03-28T00:11:51.755+0000] {dagbag.py:587} INFO - Filling up the DagBag from /opt/airflow/dags/data226_hwk6_ELT.py
[2025-03-28T00:11:51.826+0000] {processor.py:925} INFO - DAG(s) 'BuildELT_CTAS' retrieved from /opt/airflow/dags/data226_hwk6_ELT.py
[2025-03-28T00:11:51.936+0000] {logging_mixin.py:190} INFO - [2025-03-28T00:11:51.935+0000] {dag.py:3229} INFO - Sync 1 DAGs
[2025-03-28T00:11:52.026+0000] {logging_mixin.py:190} INFO - [2025-03-28T00:11:52.026+0000] {dag.py:4156} INFO - Setting next_dagrun for BuildELT_CTAS to 2025-03-27 02:45:00+00:00, run_after=2025-03-28 02:45:00+00:00
[2025-03-28T00:11:52.116+0000] {processor.py:208} INFO - Processing /opt/airflow/dags/data226_hwk6_ELT.py took 0.400 seconds
[2025-03-28T00:12:22.735+0000] {processor.py:186} INFO - Started process (PID=30712) to work on /opt/airflow/dags/data226_hwk6_ELT.py
[2025-03-28T00:12:22.744+0000] {processor.py:914} INFO - Processing file /opt/airflow/dags/data226_hwk6_ELT.py for tasks to queue
[2025-03-28T00:12:22.745+0000] {logging_mixin.py:190} INFO - [2025-03-28T00:12:22.745+0000] {dagbag.py:587} INFO - Filling up the DagBag from /opt/airflow/dags/data226_hwk6_ELT.py
[2025-03-28T00:12:22.834+0000] {processor.py:925} INFO - DAG(s) 'BuildELT_CTAS' retrieved from /opt/airflow/dags/data226_hwk6_ELT.py
[2025-03-28T00:12:22.945+0000] {logging_mixin.py:190} INFO - [2025-03-28T00:12:22.945+0000] {dag.py:3229} INFO - Sync 1 DAGs
[2025-03-28T00:12:23.074+0000] {logging_mixin.py:190} INFO - [2025-03-28T00:12:23.074+0000] {dag.py:4156} INFO - Setting next_dagrun for BuildELT_CTAS to 2025-03-27 02:45:00+00:00, run_after=2025-03-28 02:45:00+00:00
[2025-03-28T00:12:23.164+0000] {processor.py:208} INFO - Processing /opt/airflow/dags/data226_hwk6_ELT.py took 0.459 seconds
[2025-03-28T00:12:53.807+0000] {processor.py:186} INFO - Started process (PID=30733) to work on /opt/airflow/dags/data226_hwk6_ELT.py
[2025-03-28T00:12:53.808+0000] {processor.py:914} INFO - Processing file /opt/airflow/dags/data226_hwk6_ELT.py for tasks to queue
[2025-03-28T00:12:53.826+0000] {logging_mixin.py:190} INFO - [2025-03-28T00:12:53.818+0000] {dagbag.py:587} INFO - Filling up the DagBag from /opt/airflow/dags/data226_hwk6_ELT.py
[2025-03-28T00:12:53.898+0000] {processor.py:925} INFO - DAG(s) 'BuildELT_CTAS' retrieved from /opt/airflow/dags/data226_hwk6_ELT.py
[2025-03-28T00:12:54.008+0000] {logging_mixin.py:190} INFO - [2025-03-28T00:12:54.008+0000] {dag.py:3229} INFO - Sync 1 DAGs
[2025-03-28T00:12:54.108+0000] {logging_mixin.py:190} INFO - [2025-03-28T00:12:54.108+0000] {dag.py:4156} INFO - Setting next_dagrun for BuildELT_CTAS to 2025-03-27 02:45:00+00:00, run_after=2025-03-28 02:45:00+00:00
[2025-03-28T00:12:54.188+0000] {processor.py:208} INFO - Processing /opt/airflow/dags/data226_hwk6_ELT.py took 0.411 seconds
[2025-03-28T00:13:24.778+0000] {processor.py:186} INFO - Started process (PID=30754) to work on /opt/airflow/dags/data226_hwk6_ELT.py
[2025-03-28T00:13:24.779+0000] {processor.py:914} INFO - Processing file /opt/airflow/dags/data226_hwk6_ELT.py for tasks to queue
[2025-03-28T00:13:24.789+0000] {logging_mixin.py:190} INFO - [2025-03-28T00:13:24.789+0000] {dagbag.py:587} INFO - Filling up the DagBag from /opt/airflow/dags/data226_hwk6_ELT.py
[2025-03-28T00:13:24.900+0000] {processor.py:925} INFO - DAG(s) 'BuildELT_CTAS' retrieved from /opt/airflow/dags/data226_hwk6_ELT.py
[2025-03-28T00:13:25.029+0000] {logging_mixin.py:190} INFO - [2025-03-28T00:13:25.029+0000] {dag.py:3229} INFO - Sync 1 DAGs
[2025-03-28T00:13:25.129+0000] {logging_mixin.py:190} INFO - [2025-03-28T00:13:25.129+0000] {dag.py:4156} INFO - Setting next_dagrun for BuildELT_CTAS to 2025-03-27 02:45:00+00:00, run_after=2025-03-28 02:45:00+00:00
[2025-03-28T00:13:25.210+0000] {processor.py:208} INFO - Processing /opt/airflow/dags/data226_hwk6_ELT.py took 0.461 seconds
[2025-03-28T00:13:55.825+0000] {processor.py:186} INFO - Started process (PID=30781) to work on /opt/airflow/dags/data226_hwk6_ELT.py
[2025-03-28T00:13:55.835+0000] {processor.py:914} INFO - Processing file /opt/airflow/dags/data226_hwk6_ELT.py for tasks to queue
[2025-03-28T00:13:55.845+0000] {logging_mixin.py:190} INFO - [2025-03-28T00:13:55.845+0000] {dagbag.py:587} INFO - Filling up the DagBag from /opt/airflow/dags/data226_hwk6_ELT.py
[2025-03-28T00:13:55.926+0000] {processor.py:925} INFO - DAG(s) 'BuildELT_CTAS' retrieved from /opt/airflow/dags/data226_hwk6_ELT.py
[2025-03-28T00:13:56.034+0000] {logging_mixin.py:190} INFO - [2025-03-28T00:13:56.026+0000] {dag.py:3229} INFO - Sync 1 DAGs
[2025-03-28T00:13:56.145+0000] {logging_mixin.py:190} INFO - [2025-03-28T00:13:56.145+0000] {dag.py:4156} INFO - Setting next_dagrun for BuildELT_CTAS to 2025-03-27 02:45:00+00:00, run_after=2025-03-28 02:45:00+00:00
[2025-03-28T00:13:56.226+0000] {processor.py:208} INFO - Processing /opt/airflow/dags/data226_hwk6_ELT.py took 0.421 seconds
[2025-03-28T00:14:26.482+0000] {processor.py:186} INFO - Started process (PID=30802) to work on /opt/airflow/dags/data226_hwk6_ELT.py
[2025-03-28T00:14:26.483+0000] {processor.py:914} INFO - Processing file /opt/airflow/dags/data226_hwk6_ELT.py for tasks to queue
[2025-03-28T00:14:26.493+0000] {logging_mixin.py:190} INFO - [2025-03-28T00:14:26.492+0000] {dagbag.py:587} INFO - Filling up the DagBag from /opt/airflow/dags/data226_hwk6_ELT.py
[2025-03-28T00:14:26.592+0000] {processor.py:925} INFO - DAG(s) 'BuildELT_CTAS' retrieved from /opt/airflow/dags/data226_hwk6_ELT.py
[2025-03-28T00:14:26.703+0000] {logging_mixin.py:190} INFO - [2025-03-28T00:14:26.703+0000] {dag.py:3229} INFO - Sync 1 DAGs
[2025-03-28T00:14:26.822+0000] {logging_mixin.py:190} INFO - [2025-03-28T00:14:26.813+0000] {dag.py:4156} INFO - Setting next_dagrun for BuildELT_CTAS to 2025-03-27 02:45:00+00:00, run_after=2025-03-28 02:45:00+00:00
[2025-03-28T00:14:26.912+0000] {processor.py:208} INFO - Processing /opt/airflow/dags/data226_hwk6_ELT.py took 0.459 seconds
[2025-03-28T00:14:57.768+0000] {processor.py:186} INFO - Started process (PID=30823) to work on /opt/airflow/dags/data226_hwk6_ELT.py
[2025-03-28T00:14:57.777+0000] {processor.py:914} INFO - Processing file /opt/airflow/dags/data226_hwk6_ELT.py for tasks to queue
[2025-03-28T00:14:57.788+0000] {logging_mixin.py:190} INFO - [2025-03-28T00:14:57.779+0000] {dagbag.py:587} INFO - Filling up the DagBag from /opt/airflow/dags/data226_hwk6_ELT.py
[2025-03-28T00:14:57.879+0000] {processor.py:925} INFO - DAG(s) 'BuildELT_CTAS' retrieved from /opt/airflow/dags/data226_hwk6_ELT.py
[2025-03-28T00:14:58.008+0000] {logging_mixin.py:190} INFO - [2025-03-28T00:14:57.999+0000] {dag.py:3229} INFO - Sync 1 DAGs
[2025-03-28T00:14:58.108+0000] {logging_mixin.py:190} INFO - [2025-03-28T00:14:58.108+0000] {dag.py:4156} INFO - Setting next_dagrun for BuildELT_CTAS to 2025-03-27 02:45:00+00:00, run_after=2025-03-28 02:45:00+00:00
[2025-03-28T00:14:58.189+0000] {processor.py:208} INFO - Processing /opt/airflow/dags/data226_hwk6_ELT.py took 0.450 seconds
[2025-03-28T00:15:28.496+0000] {processor.py:186} INFO - Started process (PID=30845) to work on /opt/airflow/dags/data226_hwk6_ELT.py
[2025-03-28T00:15:28.497+0000] {processor.py:914} INFO - Processing file /opt/airflow/dags/data226_hwk6_ELT.py for tasks to queue
[2025-03-28T00:15:28.516+0000] {logging_mixin.py:190} INFO - [2025-03-28T00:15:28.516+0000] {dagbag.py:587} INFO - Filling up the DagBag from /opt/airflow/dags/data226_hwk6_ELT.py
[2025-03-28T00:15:28.617+0000] {processor.py:925} INFO - DAG(s) 'BuildELT_CTAS' retrieved from /opt/airflow/dags/data226_hwk6_ELT.py
[2025-03-28T00:15:28.736+0000] {logging_mixin.py:190} INFO - [2025-03-28T00:15:28.727+0000] {dag.py:3229} INFO - Sync 1 DAGs
[2025-03-28T00:15:28.847+0000] {logging_mixin.py:190} INFO - [2025-03-28T00:15:28.847+0000] {dag.py:4156} INFO - Setting next_dagrun for BuildELT_CTAS to 2025-03-27 02:45:00+00:00, run_after=2025-03-28 02:45:00+00:00
[2025-03-28T00:15:28.957+0000] {processor.py:208} INFO - Processing /opt/airflow/dags/data226_hwk6_ELT.py took 0.500 seconds
[2025-03-28T00:15:59.262+0000] {processor.py:186} INFO - Started process (PID=30866) to work on /opt/airflow/dags/data226_hwk6_ELT.py
[2025-03-28T00:15:59.271+0000] {processor.py:914} INFO - Processing file /opt/airflow/dags/data226_hwk6_ELT.py for tasks to queue
[2025-03-28T00:15:59.281+0000] {logging_mixin.py:190} INFO - [2025-03-28T00:15:59.273+0000] {dagbag.py:587} INFO - Filling up the DagBag from /opt/airflow/dags/data226_hwk6_ELT.py
[2025-03-28T00:15:59.372+0000] {processor.py:925} INFO - DAG(s) 'BuildELT_CTAS' retrieved from /opt/airflow/dags/data226_hwk6_ELT.py
[2025-03-28T00:15:59.483+0000] {logging_mixin.py:190} INFO - [2025-03-28T00:15:59.482+0000] {dag.py:3229} INFO - Sync 1 DAGs
[2025-03-28T00:15:59.592+0000] {logging_mixin.py:190} INFO - [2025-03-28T00:15:59.592+0000] {dag.py:4156} INFO - Setting next_dagrun for BuildELT_CTAS to 2025-03-27 02:45:00+00:00, run_after=2025-03-28 02:45:00+00:00
[2025-03-28T00:15:59.683+0000] {processor.py:208} INFO - Processing /opt/airflow/dags/data226_hwk6_ELT.py took 0.450 seconds
[2025-03-28T00:16:30.050+0000] {processor.py:186} INFO - Started process (PID=30887) to work on /opt/airflow/dags/data226_hwk6_ELT.py
[2025-03-28T00:16:30.059+0000] {processor.py:914} INFO - Processing file /opt/airflow/dags/data226_hwk6_ELT.py for tasks to queue
[2025-03-28T00:16:30.070+0000] {logging_mixin.py:190} INFO - [2025-03-28T00:16:30.070+0000] {dagbag.py:587} INFO - Filling up the DagBag from /opt/airflow/dags/data226_hwk6_ELT.py
[2025-03-28T00:16:30.180+0000] {processor.py:925} INFO - DAG(s) 'BuildELT_CTAS' retrieved from /opt/airflow/dags/data226_hwk6_ELT.py
[2025-03-28T00:16:30.310+0000] {logging_mixin.py:190} INFO - [2025-03-28T00:16:30.309+0000] {dag.py:3229} INFO - Sync 1 DAGs
[2025-03-28T00:16:30.420+0000] {logging_mixin.py:190} INFO - [2025-03-28T00:16:30.420+0000] {dag.py:4156} INFO - Setting next_dagrun for BuildELT_CTAS to 2025-03-27 02:45:00+00:00, run_after=2025-03-28 02:45:00+00:00
[2025-03-28T00:16:30.539+0000] {processor.py:208} INFO - Processing /opt/airflow/dags/data226_hwk6_ELT.py took 0.510 seconds
[2025-03-28T00:17:00.971+0000] {processor.py:186} INFO - Started process (PID=30908) to work on /opt/airflow/dags/data226_hwk6_ELT.py
[2025-03-28T00:17:00.980+0000] {processor.py:914} INFO - Processing file /opt/airflow/dags/data226_hwk6_ELT.py for tasks to queue
[2025-03-28T00:17:00.990+0000] {logging_mixin.py:190} INFO - [2025-03-28T00:17:00.990+0000] {dagbag.py:587} INFO - Filling up the DagBag from /opt/airflow/dags/data226_hwk6_ELT.py
[2025-03-28T00:17:01.081+0000] {processor.py:925} INFO - DAG(s) 'BuildELT_CTAS' retrieved from /opt/airflow/dags/data226_hwk6_ELT.py
[2025-03-28T00:17:01.200+0000] {logging_mixin.py:190} INFO - [2025-03-28T00:17:01.200+0000] {dag.py:3229} INFO - Sync 1 DAGs
[2025-03-28T00:17:01.310+0000] {logging_mixin.py:190} INFO - [2025-03-28T00:17:01.310+0000] {dag.py:4156} INFO - Setting next_dagrun for BuildELT_CTAS to 2025-03-27 02:45:00+00:00, run_after=2025-03-28 02:45:00+00:00
[2025-03-28T00:17:01.410+0000] {processor.py:208} INFO - Processing /opt/airflow/dags/data226_hwk6_ELT.py took 0.461 seconds
[2025-03-28T00:17:31.839+0000] {processor.py:186} INFO - Started process (PID=30929) to work on /opt/airflow/dags/data226_hwk6_ELT.py
[2025-03-28T00:17:31.858+0000] {processor.py:914} INFO - Processing file /opt/airflow/dags/data226_hwk6_ELT.py for tasks to queue
[2025-03-28T00:17:31.868+0000] {logging_mixin.py:190} INFO - [2025-03-28T00:17:31.868+0000] {dagbag.py:587} INFO - Filling up the DagBag from /opt/airflow/dags/data226_hwk6_ELT.py
[2025-03-28T00:17:31.988+0000] {processor.py:925} INFO - DAG(s) 'BuildELT_CTAS' retrieved from /opt/airflow/dags/data226_hwk6_ELT.py
[2025-03-28T00:17:32.138+0000] {logging_mixin.py:190} INFO - [2025-03-28T00:17:32.129+0000] {dag.py:3229} INFO - Sync 1 DAGs
[2025-03-28T00:17:32.259+0000] {logging_mixin.py:190} INFO - [2025-03-28T00:17:32.258+0000] {dag.py:4156} INFO - Setting next_dagrun for BuildELT_CTAS to 2025-03-27 02:45:00+00:00, run_after=2025-03-28 02:45:00+00:00
[2025-03-28T00:17:32.369+0000] {processor.py:208} INFO - Processing /opt/airflow/dags/data226_hwk6_ELT.py took 0.560 seconds
[2025-03-28T00:18:02.820+0000] {processor.py:186} INFO - Started process (PID=30950) to work on /opt/airflow/dags/data226_hwk6_ELT.py
[2025-03-28T00:18:02.821+0000] {processor.py:914} INFO - Processing file /opt/airflow/dags/data226_hwk6_ELT.py for tasks to queue
[2025-03-28T00:18:02.840+0000] {logging_mixin.py:190} INFO - [2025-03-28T00:18:02.831+0000] {dagbag.py:587} INFO - Filling up the DagBag from /opt/airflow/dags/data226_hwk6_ELT.py
[2025-03-28T00:18:02.940+0000] {processor.py:925} INFO - DAG(s) 'BuildELT_CTAS' retrieved from /opt/airflow/dags/data226_hwk6_ELT.py
[2025-03-28T00:18:03.070+0000] {logging_mixin.py:190} INFO - [2025-03-28T00:18:03.061+0000] {dag.py:3229} INFO - Sync 1 DAGs
[2025-03-28T00:18:03.181+0000] {logging_mixin.py:190} INFO - [2025-03-28T00:18:03.181+0000] {dag.py:4156} INFO - Setting next_dagrun for BuildELT_CTAS to 2025-03-27 02:45:00+00:00, run_after=2025-03-28 02:45:00+00:00
[2025-03-28T00:18:03.300+0000] {processor.py:208} INFO - Processing /opt/airflow/dags/data226_hwk6_ELT.py took 0.510 seconds
[2025-03-28T00:18:33.811+0000] {processor.py:186} INFO - Started process (PID=30971) to work on /opt/airflow/dags/data226_hwk6_ELT.py
[2025-03-28T00:18:33.820+0000] {processor.py:914} INFO - Processing file /opt/airflow/dags/data226_hwk6_ELT.py for tasks to queue
[2025-03-28T00:18:33.830+0000] {logging_mixin.py:190} INFO - [2025-03-28T00:18:33.830+0000] {dagbag.py:587} INFO - Filling up the DagBag from /opt/airflow/dags/data226_hwk6_ELT.py
[2025-03-28T00:18:33.950+0000] {processor.py:925} INFO - DAG(s) 'BuildELT_CTAS' retrieved from /opt/airflow/dags/data226_hwk6_ELT.py
[2025-03-28T00:18:34.091+0000] {logging_mixin.py:190} INFO - [2025-03-28T00:18:34.090+0000] {dag.py:3229} INFO - Sync 1 DAGs
[2025-03-28T00:18:34.210+0000] {logging_mixin.py:190} INFO - [2025-03-28T00:18:34.210+0000] {dag.py:4156} INFO - Setting next_dagrun for BuildELT_CTAS to 2025-03-27 02:45:00+00:00, run_after=2025-03-28 02:45:00+00:00
[2025-03-28T00:18:34.341+0000] {processor.py:208} INFO - Processing /opt/airflow/dags/data226_hwk6_ELT.py took 0.561 seconds
[2025-03-28T00:19:04.794+0000] {processor.py:186} INFO - Started process (PID=30992) to work on /opt/airflow/dags/data226_hwk6_ELT.py
[2025-03-28T00:19:04.804+0000] {processor.py:914} INFO - Processing file /opt/airflow/dags/data226_hwk6_ELT.py for tasks to queue
[2025-03-28T00:19:04.823+0000] {logging_mixin.py:190} INFO - [2025-03-28T00:19:04.814+0000] {dagbag.py:587} INFO - Filling up the DagBag from /opt/airflow/dags/data226_hwk6_ELT.py
[2025-03-28T00:19:04.954+0000] {processor.py:925} INFO - DAG(s) 'BuildELT_CTAS' retrieved from /opt/airflow/dags/data226_hwk6_ELT.py
[2025-03-28T00:19:05.114+0000] {logging_mixin.py:190} INFO - [2025-03-28T00:19:05.114+0000] {dag.py:3229} INFO - Sync 1 DAGs
[2025-03-28T00:19:05.274+0000] {logging_mixin.py:190} INFO - [2025-03-28T00:19:05.274+0000] {dag.py:4156} INFO - Setting next_dagrun for BuildELT_CTAS to 2025-03-27 02:45:00+00:00, run_after=2025-03-28 02:45:00+00:00
[2025-03-28T00:19:05.394+0000] {processor.py:208} INFO - Processing /opt/airflow/dags/data226_hwk6_ELT.py took 0.630 seconds
[2025-03-28T00:19:35.894+0000] {processor.py:186} INFO - Started process (PID=31013) to work on /opt/airflow/dags/data226_hwk6_ELT.py
[2025-03-28T00:19:35.895+0000] {processor.py:914} INFO - Processing file /opt/airflow/dags/data226_hwk6_ELT.py for tasks to queue
[2025-03-28T00:19:35.914+0000] {logging_mixin.py:190} INFO - [2025-03-28T00:19:35.905+0000] {dagbag.py:587} INFO - Filling up the DagBag from /opt/airflow/dags/data226_hwk6_ELT.py
[2025-03-28T00:19:36.015+0000] {processor.py:925} INFO - DAG(s) 'BuildELT_CTAS' retrieved from /opt/airflow/dags/data226_hwk6_ELT.py
[2025-03-28T00:19:36.164+0000] {logging_mixin.py:190} INFO - [2025-03-28T00:19:36.164+0000] {dag.py:3229} INFO - Sync 1 DAGs
[2025-03-28T00:19:36.294+0000] {logging_mixin.py:190} INFO - [2025-03-28T00:19:36.294+0000] {dag.py:4156} INFO - Setting next_dagrun for BuildELT_CTAS to 2025-03-27 02:45:00+00:00, run_after=2025-03-28 02:45:00+00:00
[2025-03-28T00:19:36.424+0000] {processor.py:208} INFO - Processing /opt/airflow/dags/data226_hwk6_ELT.py took 0.569 seconds
[2025-03-28T00:20:07.079+0000] {processor.py:186} INFO - Started process (PID=31034) to work on /opt/airflow/dags/data226_hwk6_ELT.py
[2025-03-28T00:20:07.080+0000] {processor.py:914} INFO - Processing file /opt/airflow/dags/data226_hwk6_ELT.py for tasks to queue
[2025-03-28T00:20:07.100+0000] {logging_mixin.py:190} INFO - [2025-03-28T00:20:07.099+0000] {dagbag.py:587} INFO - Filling up the DagBag from /opt/airflow/dags/data226_hwk6_ELT.py
[2025-03-28T00:20:07.220+0000] {processor.py:925} INFO - DAG(s) 'BuildELT_CTAS' retrieved from /opt/airflow/dags/data226_hwk6_ELT.py
[2025-03-28T00:20:07.389+0000] {logging_mixin.py:190} INFO - [2025-03-28T00:20:07.389+0000] {dag.py:3229} INFO - Sync 1 DAGs
[2025-03-28T00:20:07.519+0000] {logging_mixin.py:190} INFO - [2025-03-28T00:20:07.519+0000] {dag.py:4156} INFO - Setting next_dagrun for BuildELT_CTAS to 2025-03-27 02:45:00+00:00, run_after=2025-03-28 02:45:00+00:00
[2025-03-28T00:20:07.640+0000] {processor.py:208} INFO - Processing /opt/airflow/dags/data226_hwk6_ELT.py took 0.601 seconds
[2025-03-28T00:20:38.252+0000] {processor.py:186} INFO - Started process (PID=31055) to work on /opt/airflow/dags/data226_hwk6_ELT.py
[2025-03-28T00:20:38.262+0000] {processor.py:914} INFO - Processing file /opt/airflow/dags/data226_hwk6_ELT.py for tasks to queue
[2025-03-28T00:20:38.282+0000] {logging_mixin.py:190} INFO - [2025-03-28T00:20:38.272+0000] {dagbag.py:587} INFO - Filling up the DagBag from /opt/airflow/dags/data226_hwk6_ELT.py
[2025-03-28T00:20:38.401+0000] {processor.py:925} INFO - DAG(s) 'BuildELT_CTAS' retrieved from /opt/airflow/dags/data226_hwk6_ELT.py
[2025-03-28T00:20:38.601+0000] {logging_mixin.py:190} INFO - [2025-03-28T00:20:38.592+0000] {dag.py:3229} INFO - Sync 1 DAGs
[2025-03-28T00:20:38.772+0000] {logging_mixin.py:190} INFO - [2025-03-28T00:20:38.772+0000] {dag.py:4156} INFO - Setting next_dagrun for BuildELT_CTAS to 2025-03-27 02:45:00+00:00, run_after=2025-03-28 02:45:00+00:00
[2025-03-28T00:20:38.981+0000] {processor.py:208} INFO - Processing /opt/airflow/dags/data226_hwk6_ELT.py took 0.760 seconds
[2025-03-28T00:21:09.517+0000] {processor.py:186} INFO - Started process (PID=31076) to work on /opt/airflow/dags/data226_hwk6_ELT.py
[2025-03-28T00:21:09.526+0000] {processor.py:914} INFO - Processing file /opt/airflow/dags/data226_hwk6_ELT.py for tasks to queue
[2025-03-28T00:21:09.546+0000] {logging_mixin.py:190} INFO - [2025-03-28T00:21:09.545+0000] {dagbag.py:587} INFO - Filling up the DagBag from /opt/airflow/dags/data226_hwk6_ELT.py
[2025-03-28T00:21:09.696+0000] {processor.py:925} INFO - DAG(s) 'BuildELT_CTAS' retrieved from /opt/airflow/dags/data226_hwk6_ELT.py
[2025-03-28T00:21:09.866+0000] {logging_mixin.py:190} INFO - [2025-03-28T00:21:09.866+0000] {dag.py:3229} INFO - Sync 1 DAGs
[2025-03-28T00:21:10.036+0000] {logging_mixin.py:190} INFO - [2025-03-28T00:21:10.036+0000] {dag.py:4156} INFO - Setting next_dagrun for BuildELT_CTAS to 2025-03-27 02:45:00+00:00, run_after=2025-03-28 02:45:00+00:00
[2025-03-28T00:21:10.176+0000] {processor.py:208} INFO - Processing /opt/airflow/dags/data226_hwk6_ELT.py took 0.700 seconds
[2025-03-28T00:21:40.800+0000] {processor.py:186} INFO - Started process (PID=31097) to work on /opt/airflow/dags/data226_hwk6_ELT.py
[2025-03-28T00:21:40.800+0000] {processor.py:914} INFO - Processing file /opt/airflow/dags/data226_hwk6_ELT.py for tasks to queue
[2025-03-28T00:21:40.820+0000] {logging_mixin.py:190} INFO - [2025-03-28T00:21:40.820+0000] {dagbag.py:587} INFO - Filling up the DagBag from /opt/airflow/dags/data226_hwk6_ELT.py
[2025-03-28T00:21:40.970+0000] {processor.py:925} INFO - DAG(s) 'BuildELT_CTAS' retrieved from /opt/airflow/dags/data226_hwk6_ELT.py
[2025-03-28T00:21:41.160+0000] {logging_mixin.py:190} INFO - [2025-03-28T00:21:41.150+0000] {dag.py:3229} INFO - Sync 1 DAGs
[2025-03-28T00:21:41.320+0000] {logging_mixin.py:190} INFO - [2025-03-28T00:21:41.311+0000] {dag.py:4156} INFO - Setting next_dagrun for BuildELT_CTAS to 2025-03-27 02:45:00+00:00, run_after=2025-03-28 02:45:00+00:00
[2025-03-28T00:21:41.440+0000] {processor.py:208} INFO - Processing /opt/airflow/dags/data226_hwk6_ELT.py took 0.680 seconds
[2025-03-28T00:22:12.136+0000] {processor.py:186} INFO - Started process (PID=31118) to work on /opt/airflow/dags/data226_hwk6_ELT.py
[2025-03-28T00:22:12.137+0000] {processor.py:914} INFO - Processing file /opt/airflow/dags/data226_hwk6_ELT.py for tasks to queue
[2025-03-28T00:22:12.157+0000] {logging_mixin.py:190} INFO - [2025-03-28T00:22:12.157+0000] {dagbag.py:587} INFO - Filling up the DagBag from /opt/airflow/dags/data226_hwk6_ELT.py
[2025-03-28T00:22:12.317+0000] {processor.py:925} INFO - DAG(s) 'BuildELT_CTAS' retrieved from /opt/airflow/dags/data226_hwk6_ELT.py
[2025-03-28T00:22:12.497+0000] {logging_mixin.py:190} INFO - [2025-03-28T00:22:12.496+0000] {dag.py:3229} INFO - Sync 1 DAGs
[2025-03-28T00:22:12.666+0000] {logging_mixin.py:190} INFO - [2025-03-28T00:22:12.666+0000] {dag.py:4156} INFO - Setting next_dagrun for BuildELT_CTAS to 2025-03-27 02:45:00+00:00, run_after=2025-03-28 02:45:00+00:00
[2025-03-28T00:22:12.797+0000] {processor.py:208} INFO - Processing /opt/airflow/dags/data226_hwk6_ELT.py took 0.701 seconds
[2025-03-28T00:22:43.500+0000] {processor.py:186} INFO - Started process (PID=31139) to work on /opt/airflow/dags/data226_hwk6_ELT.py
[2025-03-28T00:22:43.510+0000] {processor.py:914} INFO - Processing file /opt/airflow/dags/data226_hwk6_ELT.py for tasks to queue
[2025-03-28T00:22:43.530+0000] {logging_mixin.py:190} INFO - [2025-03-28T00:22:43.529+0000] {dagbag.py:587} INFO - Filling up the DagBag from /opt/airflow/dags/data226_hwk6_ELT.py
[2025-03-28T00:22:43.679+0000] {processor.py:925} INFO - DAG(s) 'BuildELT_CTAS' retrieved from /opt/airflow/dags/data226_hwk6_ELT.py
[2025-03-28T00:22:43.869+0000] {logging_mixin.py:190} INFO - [2025-03-28T00:22:43.860+0000] {dag.py:3229} INFO - Sync 1 DAGs
[2025-03-28T00:22:44.029+0000] {logging_mixin.py:190} INFO - [2025-03-28T00:22:44.029+0000] {dag.py:4156} INFO - Setting next_dagrun for BuildELT_CTAS to 2025-03-27 02:45:00+00:00, run_after=2025-03-28 02:45:00+00:00
[2025-03-28T00:22:44.180+0000] {processor.py:208} INFO - Processing /opt/airflow/dags/data226_hwk6_ELT.py took 0.720 seconds
[2025-03-28T00:23:14.660+0000] {processor.py:186} INFO - Started process (PID=31160) to work on /opt/airflow/dags/data226_hwk6_ELT.py
[2025-03-28T00:23:14.669+0000] {processor.py:914} INFO - Processing file /opt/airflow/dags/data226_hwk6_ELT.py for tasks to queue
[2025-03-28T00:23:14.689+0000] {logging_mixin.py:190} INFO - [2025-03-28T00:23:14.689+0000] {dagbag.py:587} INFO - Filling up the DagBag from /opt/airflow/dags/data226_hwk6_ELT.py
[2025-03-28T00:23:14.840+0000] {processor.py:925} INFO - DAG(s) 'BuildELT_CTAS' retrieved from /opt/airflow/dags/data226_hwk6_ELT.py
[2025-03-28T00:23:15.050+0000] {logging_mixin.py:190} INFO - [2025-03-28T00:23:15.040+0000] {dag.py:3229} INFO - Sync 1 DAGs
[2025-03-28T00:23:15.220+0000] {logging_mixin.py:190} INFO - [2025-03-28T00:23:15.219+0000] {dag.py:4156} INFO - Setting next_dagrun for BuildELT_CTAS to 2025-03-27 02:45:00+00:00, run_after=2025-03-28 02:45:00+00:00
[2025-03-28T00:23:15.360+0000] {processor.py:208} INFO - Processing /opt/airflow/dags/data226_hwk6_ELT.py took 0.750 seconds
[2025-03-28T00:23:46.548+0000] {processor.py:186} INFO - Started process (PID=31181) to work on /opt/airflow/dags/data226_hwk6_ELT.py
[2025-03-28T00:23:46.558+0000] {processor.py:914} INFO - Processing file /opt/airflow/dags/data226_hwk6_ELT.py for tasks to queue
[2025-03-28T00:23:46.578+0000] {logging_mixin.py:190} INFO - [2025-03-28T00:23:46.569+0000] {dagbag.py:587} INFO - Filling up the DagBag from /opt/airflow/dags/data226_hwk6_ELT.py
[2025-03-28T00:23:46.729+0000] {processor.py:925} INFO - DAG(s) 'BuildELT_CTAS' retrieved from /opt/airflow/dags/data226_hwk6_ELT.py
[2025-03-28T00:23:46.918+0000] {logging_mixin.py:190} INFO - [2025-03-28T00:23:46.918+0000] {dag.py:3229} INFO - Sync 1 DAGs
[2025-03-28T00:23:47.099+0000] {logging_mixin.py:190} INFO - [2025-03-28T00:23:47.098+0000] {dag.py:4156} INFO - Setting next_dagrun for BuildELT_CTAS to 2025-03-27 02:45:00+00:00, run_after=2025-03-28 02:45:00+00:00
[2025-03-28T00:23:47.258+0000] {processor.py:208} INFO - Processing /opt/airflow/dags/data226_hwk6_ELT.py took 0.750 seconds
[2025-03-28T00:24:18.439+0000] {processor.py:186} INFO - Started process (PID=31201) to work on /opt/airflow/dags/data226_hwk6_ELT.py
[2025-03-28T00:24:18.449+0000] {processor.py:914} INFO - Processing file /opt/airflow/dags/data226_hwk6_ELT.py for tasks to queue
[2025-03-28T00:24:18.479+0000] {logging_mixin.py:190} INFO - [2025-03-28T00:24:18.470+0000] {dagbag.py:587} INFO - Filling up the DagBag from /opt/airflow/dags/data226_hwk6_ELT.py
[2025-03-28T00:24:18.620+0000] {processor.py:925} INFO - DAG(s) 'BuildELT_CTAS' retrieved from /opt/airflow/dags/data226_hwk6_ELT.py
[2025-03-28T00:24:18.849+0000] {logging_mixin.py:190} INFO - [2025-03-28T00:24:18.849+0000] {dag.py:3229} INFO - Sync 1 DAGs
[2025-03-28T00:24:19.039+0000] {logging_mixin.py:190} INFO - [2025-03-28T00:24:19.039+0000] {dag.py:4156} INFO - Setting next_dagrun for BuildELT_CTAS to 2025-03-27 02:45:00+00:00, run_after=2025-03-28 02:45:00+00:00
[2025-03-28T00:24:19.189+0000] {processor.py:208} INFO - Processing /opt/airflow/dags/data226_hwk6_ELT.py took 0.790 seconds
[2025-03-28T00:24:50.439+0000] {processor.py:186} INFO - Started process (PID=31223) to work on /opt/airflow/dags/data226_hwk6_ELT.py
[2025-03-28T00:24:50.449+0000] {processor.py:914} INFO - Processing file /opt/airflow/dags/data226_hwk6_ELT.py for tasks to queue
[2025-03-28T00:24:50.470+0000] {logging_mixin.py:190} INFO - [2025-03-28T00:24:50.469+0000] {dagbag.py:587} INFO - Filling up the DagBag from /opt/airflow/dags/data226_hwk6_ELT.py
[2025-03-28T00:24:50.659+0000] {processor.py:925} INFO - DAG(s) 'BuildELT_CTAS' retrieved from /opt/airflow/dags/data226_hwk6_ELT.py
[2025-03-28T00:24:50.899+0000] {logging_mixin.py:190} INFO - [2025-03-28T00:24:50.889+0000] {dag.py:3229} INFO - Sync 1 DAGs
[2025-03-28T00:24:51.089+0000] {logging_mixin.py:190} INFO - [2025-03-28T00:24:51.089+0000] {dag.py:4156} INFO - Setting next_dagrun for BuildELT_CTAS to 2025-03-27 02:45:00+00:00, run_after=2025-03-28 02:45:00+00:00
[2025-03-28T00:24:51.259+0000] {processor.py:208} INFO - Processing /opt/airflow/dags/data226_hwk6_ELT.py took 0.899 seconds
[2025-03-28T00:25:21.787+0000] {processor.py:186} INFO - Started process (PID=31244) to work on /opt/airflow/dags/data226_hwk6_ELT.py
[2025-03-28T00:25:21.797+0000] {processor.py:914} INFO - Processing file /opt/airflow/dags/data226_hwk6_ELT.py for tasks to queue
[2025-03-28T00:25:21.817+0000] {logging_mixin.py:190} INFO - [2025-03-28T00:25:21.816+0000] {dagbag.py:587} INFO - Filling up the DagBag from /opt/airflow/dags/data226_hwk6_ELT.py
[2025-03-28T00:25:22.027+0000] {processor.py:925} INFO - DAG(s) 'BuildELT_CTAS' retrieved from /opt/airflow/dags/data226_hwk6_ELT.py
[2025-03-28T00:25:22.257+0000] {logging_mixin.py:190} INFO - [2025-03-28T00:25:22.257+0000] {dag.py:3229} INFO - Sync 1 DAGs
[2025-03-28T00:25:22.467+0000] {logging_mixin.py:190} INFO - [2025-03-28T00:25:22.467+0000] {dag.py:4156} INFO - Setting next_dagrun for BuildELT_CTAS to 2025-03-27 02:45:00+00:00, run_after=2025-03-28 02:45:00+00:00
[2025-03-28T00:25:22.637+0000] {processor.py:208} INFO - Processing /opt/airflow/dags/data226_hwk6_ELT.py took 0.900 seconds
[2025-03-28T00:25:53.195+0000] {processor.py:186} INFO - Started process (PID=31265) to work on /opt/airflow/dags/data226_hwk6_ELT.py
[2025-03-28T00:25:53.205+0000] {processor.py:914} INFO - Processing file /opt/airflow/dags/data226_hwk6_ELT.py for tasks to queue
[2025-03-28T00:25:53.225+0000] {logging_mixin.py:190} INFO - [2025-03-28T00:25:53.225+0000] {dagbag.py:587} INFO - Filling up the DagBag from /opt/airflow/dags/data226_hwk6_ELT.py
[2025-03-28T00:25:53.435+0000] {processor.py:925} INFO - DAG(s) 'BuildELT_CTAS' retrieved from /opt/airflow/dags/data226_hwk6_ELT.py
[2025-03-28T00:25:53.685+0000] {logging_mixin.py:190} INFO - [2025-03-28T00:25:53.685+0000] {dag.py:3229} INFO - Sync 1 DAGs
[2025-03-28T00:25:53.915+0000] {logging_mixin.py:190} INFO - [2025-03-28T00:25:53.915+0000] {dag.py:4156} INFO - Setting next_dagrun for BuildELT_CTAS to 2025-03-27 02:45:00+00:00, run_after=2025-03-28 02:45:00+00:00
[2025-03-28T00:25:54.105+0000] {processor.py:208} INFO - Processing /opt/airflow/dags/data226_hwk6_ELT.py took 0.969 seconds
[2025-03-28T00:26:24.803+0000] {processor.py:186} INFO - Started process (PID=31285) to work on /opt/airflow/dags/data226_hwk6_ELT.py
[2025-03-28T00:26:24.813+0000] {processor.py:914} INFO - Processing file /opt/airflow/dags/data226_hwk6_ELT.py for tasks to queue
[2025-03-28T00:26:24.834+0000] {logging_mixin.py:190} INFO - [2025-03-28T00:26:24.833+0000] {dagbag.py:587} INFO - Filling up the DagBag from /opt/airflow/dags/data226_hwk6_ELT.py
[2025-03-28T00:26:25.043+0000] {processor.py:925} INFO - DAG(s) 'BuildELT_CTAS' retrieved from /opt/airflow/dags/data226_hwk6_ELT.py
[2025-03-28T00:26:25.283+0000] {logging_mixin.py:190} INFO - [2025-03-28T00:26:25.283+0000] {dag.py:3229} INFO - Sync 1 DAGs
[2025-03-28T00:26:25.514+0000] {logging_mixin.py:190} INFO - [2025-03-28T00:26:25.513+0000] {dag.py:4156} INFO - Setting next_dagrun for BuildELT_CTAS to 2025-03-27 02:45:00+00:00, run_after=2025-03-28 02:45:00+00:00
[2025-03-28T00:26:25.723+0000] {processor.py:208} INFO - Processing /opt/airflow/dags/data226_hwk6_ELT.py took 0.989 seconds
[2025-03-28T00:26:56.392+0000] {processor.py:186} INFO - Started process (PID=31306) to work on /opt/airflow/dags/data226_hwk6_ELT.py
[2025-03-28T00:26:56.402+0000] {processor.py:914} INFO - Processing file /opt/airflow/dags/data226_hwk6_ELT.py for tasks to queue
[2025-03-28T00:26:56.432+0000] {logging_mixin.py:190} INFO - [2025-03-28T00:26:56.422+0000] {dagbag.py:587} INFO - Filling up the DagBag from /opt/airflow/dags/data226_hwk6_ELT.py
[2025-03-28T00:26:56.662+0000] {processor.py:925} INFO - DAG(s) 'BuildELT_CTAS' retrieved from /opt/airflow/dags/data226_hwk6_ELT.py
[2025-03-28T00:26:56.942+0000] {logging_mixin.py:190} INFO - [2025-03-28T00:26:56.942+0000] {dag.py:3229} INFO - Sync 1 DAGs
[2025-03-28T00:26:57.192+0000] {logging_mixin.py:190} INFO - [2025-03-28T00:26:57.192+0000] {dag.py:4156} INFO - Setting next_dagrun for BuildELT_CTAS to 2025-03-27 02:45:00+00:00, run_after=2025-03-28 02:45:00+00:00
[2025-03-28T00:26:57.392+0000] {processor.py:208} INFO - Processing /opt/airflow/dags/data226_hwk6_ELT.py took 1.070 seconds
[2025-03-28T00:27:28.251+0000] {processor.py:186} INFO - Started process (PID=31327) to work on /opt/airflow/dags/data226_hwk6_ELT.py
[2025-03-28T00:27:28.261+0000] {processor.py:914} INFO - Processing file /opt/airflow/dags/data226_hwk6_ELT.py for tasks to queue
[2025-03-28T00:27:28.300+0000] {logging_mixin.py:190} INFO - [2025-03-28T00:27:28.300+0000] {dagbag.py:587} INFO - Filling up the DagBag from /opt/airflow/dags/data226_hwk6_ELT.py
[2025-03-28T00:27:28.521+0000] {processor.py:925} INFO - DAG(s) 'BuildELT_CTAS' retrieved from /opt/airflow/dags/data226_hwk6_ELT.py
[2025-03-28T00:27:28.840+0000] {logging_mixin.py:190} INFO - [2025-03-28T00:27:28.840+0000] {dag.py:3229} INFO - Sync 1 DAGs
[2025-03-28T00:27:29.121+0000] {logging_mixin.py:190} INFO - [2025-03-28T00:27:29.120+0000] {dag.py:4156} INFO - Setting next_dagrun for BuildELT_CTAS to 2025-03-27 02:45:00+00:00, run_after=2025-03-28 02:45:00+00:00
[2025-03-28T00:27:29.370+0000] {processor.py:208} INFO - Processing /opt/airflow/dags/data226_hwk6_ELT.py took 1.180 seconds
[2025-03-28T00:28:00.328+0000] {processor.py:186} INFO - Started process (PID=31348) to work on /opt/airflow/dags/data226_hwk6_ELT.py
[2025-03-28T00:28:00.339+0000] {processor.py:914} INFO - Processing file /opt/airflow/dags/data226_hwk6_ELT.py for tasks to queue
[2025-03-28T00:28:00.378+0000] {logging_mixin.py:190} INFO - [2025-03-28T00:28:00.369+0000] {dagbag.py:587} INFO - Filling up the DagBag from /opt/airflow/dags/data226_hwk6_ELT.py
[2025-03-28T00:28:00.659+0000] {processor.py:925} INFO - DAG(s) 'BuildELT_CTAS' retrieved from /opt/airflow/dags/data226_hwk6_ELT.py
[2025-03-28T00:28:00.969+0000] {logging_mixin.py:190} INFO - [2025-03-28T00:28:00.959+0000] {dag.py:3229} INFO - Sync 1 DAGs
[2025-03-28T00:28:01.249+0000] {logging_mixin.py:190} INFO - [2025-03-28T00:28:01.248+0000] {dag.py:4156} INFO - Setting next_dagrun for BuildELT_CTAS to 2025-03-27 02:45:00+00:00, run_after=2025-03-28 02:45:00+00:00
[2025-03-28T00:28:01.559+0000] {processor.py:208} INFO - Processing /opt/airflow/dags/data226_hwk6_ELT.py took 1.320 seconds
[2025-03-28T00:28:32.387+0000] {processor.py:186} INFO - Started process (PID=31370) to work on /opt/airflow/dags/data226_hwk6_ELT.py
[2025-03-28T00:28:32.407+0000] {processor.py:914} INFO - Processing file /opt/airflow/dags/data226_hwk6_ELT.py for tasks to queue
[2025-03-28T00:28:32.447+0000] {logging_mixin.py:190} INFO - [2025-03-28T00:28:32.437+0000] {dagbag.py:587} INFO - Filling up the DagBag from /opt/airflow/dags/data226_hwk6_ELT.py
[2025-03-28T00:28:32.737+0000] {processor.py:925} INFO - DAG(s) 'BuildELT_CTAS' retrieved from /opt/airflow/dags/data226_hwk6_ELT.py
[2025-03-28T00:28:33.127+0000] {logging_mixin.py:190} INFO - [2025-03-28T00:28:33.117+0000] {dag.py:3229} INFO - Sync 1 DAGs
[2025-03-28T00:28:33.547+0000] {logging_mixin.py:190} INFO - [2025-03-28T00:28:33.537+0000] {dag.py:4156} INFO - Setting next_dagrun for BuildELT_CTAS to 2025-03-27 02:45:00+00:00, run_after=2025-03-28 02:45:00+00:00
[2025-03-28T00:28:33.887+0000] {processor.py:208} INFO - Processing /opt/airflow/dags/data226_hwk6_ELT.py took 1.610 seconds
[2025-03-28T00:29:04.846+0000] {processor.py:186} INFO - Started process (PID=31397) to work on /opt/airflow/dags/data226_hwk6_ELT.py
[2025-03-28T00:29:04.856+0000] {processor.py:914} INFO - Processing file /opt/airflow/dags/data226_hwk6_ELT.py for tasks to queue
[2025-03-28T00:29:04.896+0000] {logging_mixin.py:190} INFO - [2025-03-28T00:29:04.886+0000] {dagbag.py:587} INFO - Filling up the DagBag from /opt/airflow/dags/data226_hwk6_ELT.py
[2025-03-28T00:29:05.156+0000] {processor.py:925} INFO - DAG(s) 'BuildELT_CTAS' retrieved from /opt/airflow/dags/data226_hwk6_ELT.py
[2025-03-28T00:29:05.486+0000] {logging_mixin.py:190} INFO - [2025-03-28T00:29:05.476+0000] {dag.py:3229} INFO - Sync 1 DAGs
[2025-03-28T00:29:05.796+0000] {logging_mixin.py:190} INFO - [2025-03-28T00:29:05.796+0000] {dag.py:4156} INFO - Setting next_dagrun for BuildELT_CTAS to 2025-03-27 02:45:00+00:00, run_after=2025-03-28 02:45:00+00:00
[2025-03-28T00:29:06.066+0000] {processor.py:208} INFO - Processing /opt/airflow/dags/data226_hwk6_ELT.py took 1.290 seconds
[2025-03-28T00:29:36.604+0000] {processor.py:186} INFO - Started process (PID=31418) to work on /opt/airflow/dags/data226_hwk6_ELT.py
[2025-03-28T00:29:36.624+0000] {processor.py:914} INFO - Processing file /opt/airflow/dags/data226_hwk6_ELT.py for tasks to queue
[2025-03-28T00:29:36.654+0000] {logging_mixin.py:190} INFO - [2025-03-28T00:29:36.644+0000] {dagbag.py:587} INFO - Filling up the DagBag from /opt/airflow/dags/data226_hwk6_ELT.py
[2025-03-28T00:29:36.854+0000] {processor.py:925} INFO - DAG(s) 'BuildELT_CTAS' retrieved from /opt/airflow/dags/data226_hwk6_ELT.py
[2025-03-28T00:29:37.214+0000] {logging_mixin.py:190} INFO - [2025-03-28T00:29:37.204+0000] {dag.py:3229} INFO - Sync 1 DAGs
[2025-03-28T00:29:37.534+0000] {logging_mixin.py:190} INFO - [2025-03-28T00:29:37.534+0000] {dag.py:4156} INFO - Setting next_dagrun for BuildELT_CTAS to 2025-03-27 02:45:00+00:00, run_after=2025-03-28 02:45:00+00:00
[2025-03-28T00:29:37.794+0000] {processor.py:208} INFO - Processing /opt/airflow/dags/data226_hwk6_ELT.py took 1.270 seconds
[2025-03-28T00:30:08.603+0000] {processor.py:186} INFO - Started process (PID=31439) to work on /opt/airflow/dags/data226_hwk6_ELT.py
[2025-03-28T00:30:08.613+0000] {processor.py:914} INFO - Processing file /opt/airflow/dags/data226_hwk6_ELT.py for tasks to queue
[2025-03-28T00:30:08.653+0000] {logging_mixin.py:190} INFO - [2025-03-28T00:30:08.643+0000] {dagbag.py:587} INFO - Filling up the DagBag from /opt/airflow/dags/data226_hwk6_ELT.py
[2025-03-28T00:30:08.912+0000] {processor.py:925} INFO - DAG(s) 'BuildELT_CTAS' retrieved from /opt/airflow/dags/data226_hwk6_ELT.py
[2025-03-28T00:30:09.262+0000] {logging_mixin.py:190} INFO - [2025-03-28T00:30:09.253+0000] {dag.py:3229} INFO - Sync 1 DAGs
[2025-03-28T00:30:09.613+0000] {logging_mixin.py:190} INFO - [2025-03-28T00:30:09.613+0000] {dag.py:4156} INFO - Setting next_dagrun for BuildELT_CTAS to 2025-03-27 02:45:00+00:00, run_after=2025-03-28 02:45:00+00:00
[2025-03-28T00:30:09.903+0000] {processor.py:208} INFO - Processing /opt/airflow/dags/data226_hwk6_ELT.py took 1.390 seconds
[2025-03-28T00:30:40.751+0000] {processor.py:186} INFO - Started process (PID=31460) to work on /opt/airflow/dags/data226_hwk6_ELT.py
[2025-03-28T00:30:40.771+0000] {processor.py:914} INFO - Processing file /opt/airflow/dags/data226_hwk6_ELT.py for tasks to queue
[2025-03-28T00:30:40.811+0000] {logging_mixin.py:190} INFO - [2025-03-28T00:30:40.811+0000] {dagbag.py:587} INFO - Filling up the DagBag from /opt/airflow/dags/data226_hwk6_ELT.py
[2025-03-28T00:30:41.071+0000] {processor.py:925} INFO - DAG(s) 'BuildELT_CTAS' retrieved from /opt/airflow/dags/data226_hwk6_ELT.py
[2025-03-28T00:30:41.491+0000] {logging_mixin.py:190} INFO - [2025-03-28T00:30:41.481+0000] {dag.py:3229} INFO - Sync 1 DAGs
[2025-03-28T00:30:41.891+0000] {logging_mixin.py:190} INFO - [2025-03-28T00:30:41.881+0000] {dag.py:4156} INFO - Setting next_dagrun for BuildELT_CTAS to 2025-03-27 02:45:00+00:00, run_after=2025-03-28 02:45:00+00:00
[2025-03-28T00:30:42.221+0000] {processor.py:208} INFO - Processing /opt/airflow/dags/data226_hwk6_ELT.py took 1.560 seconds
[2025-03-28T00:31:13.800+0000] {processor.py:186} INFO - Started process (PID=31481) to work on /opt/airflow/dags/data226_hwk6_ELT.py
[2025-03-28T00:31:13.819+0000] {processor.py:914} INFO - Processing file /opt/airflow/dags/data226_hwk6_ELT.py for tasks to queue
[2025-03-28T00:31:13.860+0000] {logging_mixin.py:190} INFO - [2025-03-28T00:31:13.859+0000] {dagbag.py:587} INFO - Filling up the DagBag from /opt/airflow/dags/data226_hwk6_ELT.py
[2025-03-28T00:31:14.180+0000] {processor.py:925} INFO - DAG(s) 'BuildELT_CTAS' retrieved from /opt/airflow/dags/data226_hwk6_ELT.py
[2025-03-28T00:31:14.610+0000] {logging_mixin.py:190} INFO - [2025-03-28T00:31:14.600+0000] {dag.py:3229} INFO - Sync 1 DAGs
[2025-03-28T00:31:15.030+0000] {logging_mixin.py:190} INFO - [2025-03-28T00:31:15.020+0000] {dag.py:4156} INFO - Setting next_dagrun for BuildELT_CTAS to 2025-03-27 02:45:00+00:00, run_after=2025-03-28 02:45:00+00:00
[2025-03-28T00:31:15.389+0000] {processor.py:208} INFO - Processing /opt/airflow/dags/data226_hwk6_ELT.py took 1.680 seconds
[2025-03-28T00:31:46.268+0000] {processor.py:186} INFO - Started process (PID=31501) to work on /opt/airflow/dags/data226_hwk6_ELT.py
[2025-03-28T00:31:46.288+0000] {processor.py:914} INFO - Processing file /opt/airflow/dags/data226_hwk6_ELT.py for tasks to queue
[2025-03-28T00:31:46.328+0000] {logging_mixin.py:190} INFO - [2025-03-28T00:31:46.328+0000] {dagbag.py:587} INFO - Filling up the DagBag from /opt/airflow/dags/data226_hwk6_ELT.py
[2025-03-28T00:31:46.678+0000] {processor.py:925} INFO - DAG(s) 'BuildELT_CTAS' retrieved from /opt/airflow/dags/data226_hwk6_ELT.py
[2025-03-28T00:31:47.168+0000] {logging_mixin.py:190} INFO - [2025-03-28T00:31:47.158+0000] {dag.py:3229} INFO - Sync 1 DAGs
[2025-03-28T00:31:47.668+0000] {logging_mixin.py:190} INFO - [2025-03-28T00:31:47.658+0000] {dag.py:4156} INFO - Setting next_dagrun for BuildELT_CTAS to 2025-03-27 02:45:00+00:00, run_after=2025-03-28 02:45:00+00:00
[2025-03-28T00:31:48.078+0000] {processor.py:208} INFO - Processing /opt/airflow/dags/data226_hwk6_ELT.py took 1.930 seconds
[2025-03-28T00:32:19.257+0000] {processor.py:186} INFO - Started process (PID=31522) to work on /opt/airflow/dags/data226_hwk6_ELT.py
[2025-03-28T00:32:19.277+0000] {processor.py:914} INFO - Processing file /opt/airflow/dags/data226_hwk6_ELT.py for tasks to queue
[2025-03-28T00:32:19.337+0000] {logging_mixin.py:190} INFO - [2025-03-28T00:32:19.327+0000] {dagbag.py:587} INFO - Filling up the DagBag from /opt/airflow/dags/data226_hwk6_ELT.py
[2025-03-28T00:32:19.747+0000] {processor.py:925} INFO - DAG(s) 'BuildELT_CTAS' retrieved from /opt/airflow/dags/data226_hwk6_ELT.py
[2025-03-28T00:32:20.317+0000] {logging_mixin.py:190} INFO - [2025-03-28T00:32:20.297+0000] {dag.py:3229} INFO - Sync 1 DAGs
[2025-03-28T00:32:20.877+0000] {logging_mixin.py:190} INFO - [2025-03-28T00:32:20.867+0000] {dag.py:4156} INFO - Setting next_dagrun for BuildELT_CTAS to 2025-03-27 02:45:00+00:00, run_after=2025-03-28 02:45:00+00:00
[2025-03-28T00:32:21.316+0000] {processor.py:208} INFO - Processing /opt/airflow/dags/data226_hwk6_ELT.py took 2.190 seconds
[2025-03-28T00:32:52.494+0000] {processor.py:186} INFO - Started process (PID=31543) to work on /opt/airflow/dags/data226_hwk6_ELT.py
[2025-03-28T00:32:52.514+0000] {processor.py:914} INFO - Processing file /opt/airflow/dags/data226_hwk6_ELT.py for tasks to queue
[2025-03-28T00:32:52.584+0000] {logging_mixin.py:190} INFO - [2025-03-28T00:32:52.574+0000] {dagbag.py:587} INFO - Filling up the DagBag from /opt/airflow/dags/data226_hwk6_ELT.py
[2025-03-28T00:32:53.064+0000] {processor.py:925} INFO - DAG(s) 'BuildELT_CTAS' retrieved from /opt/airflow/dags/data226_hwk6_ELT.py
[2025-03-28T00:32:53.674+0000] {logging_mixin.py:190} INFO - [2025-03-28T00:32:53.654+0000] {dag.py:3229} INFO - Sync 1 DAGs
[2025-03-28T00:32:54.274+0000] {logging_mixin.py:190} INFO - [2025-03-28T00:32:54.274+0000] {dag.py:4156} INFO - Setting next_dagrun for BuildELT_CTAS to 2025-03-27 02:45:00+00:00, run_after=2025-03-28 02:45:00+00:00
[2025-03-28T00:32:54.774+0000] {processor.py:208} INFO - Processing /opt/airflow/dags/data226_hwk6_ELT.py took 2.430 seconds
[2025-03-28T00:33:26.743+0000] {processor.py:186} INFO - Started process (PID=31564) to work on /opt/airflow/dags/data226_hwk6_ELT.py
[2025-03-28T00:33:26.763+0000] {processor.py:914} INFO - Processing file /opt/airflow/dags/data226_hwk6_ELT.py for tasks to queue
[2025-03-28T00:33:26.843+0000] {logging_mixin.py:190} INFO - [2025-03-28T00:33:26.823+0000] {dagbag.py:587} INFO - Filling up the DagBag from /opt/airflow/dags/data226_hwk6_ELT.py
[2025-03-28T00:33:27.443+0000] {processor.py:925} INFO - DAG(s) 'BuildELT_CTAS' retrieved from /opt/airflow/dags/data226_hwk6_ELT.py
[2025-03-28T00:33:28.253+0000] {logging_mixin.py:190} INFO - [2025-03-28T00:33:28.233+0000] {dag.py:3229} INFO - Sync 1 DAGs
[2025-03-28T00:33:29.053+0000] {logging_mixin.py:190} INFO - [2025-03-28T00:33:29.043+0000] {dag.py:4156} INFO - Setting next_dagrun for BuildELT_CTAS to 2025-03-27 02:45:00+00:00, run_after=2025-03-28 02:45:00+00:00
[2025-03-28T00:33:29.803+0000] {processor.py:208} INFO - Processing /opt/airflow/dags/data226_hwk6_ELT.py took 3.250 seconds
[2025-03-28T00:34:01.442+0000] {processor.py:186} INFO - Started process (PID=31585) to work on /opt/airflow/dags/data226_hwk6_ELT.py
[2025-03-28T00:34:01.462+0000] {processor.py:914} INFO - Processing file /opt/airflow/dags/data226_hwk6_ELT.py for tasks to queue
[2025-03-28T00:34:01.552+0000] {logging_mixin.py:190} INFO - [2025-03-28T00:34:01.532+0000] {dagbag.py:587} INFO - Filling up the DagBag from /opt/airflow/dags/data226_hwk6_ELT.py
[2025-03-28T00:34:02.142+0000] {processor.py:925} INFO - DAG(s) 'BuildELT_CTAS' retrieved from /opt/airflow/dags/data226_hwk6_ELT.py
[2025-03-28T00:34:03.122+0000] {logging_mixin.py:190} INFO - [2025-03-28T00:34:03.102+0000] {dag.py:3229} INFO - Sync 1 DAGs
[2025-03-28T00:34:04.002+0000] {logging_mixin.py:190} INFO - [2025-03-28T00:34:03.992+0000] {dag.py:4156} INFO - Setting next_dagrun for BuildELT_CTAS to 2025-03-27 02:45:00+00:00, run_after=2025-03-28 02:45:00+00:00
[2025-03-28T00:34:04.822+0000] {processor.py:208} INFO - Processing /opt/airflow/dags/data226_hwk6_ELT.py took 3.610 seconds
[2025-03-28T00:34:36.671+0000] {processor.py:186} INFO - Started process (PID=31606) to work on /opt/airflow/dags/data226_hwk6_ELT.py
[2025-03-28T00:34:36.730+0000] {processor.py:914} INFO - Processing file /opt/airflow/dags/data226_hwk6_ELT.py for tasks to queue
[2025-03-28T00:34:36.880+0000] {logging_mixin.py:190} INFO - [2025-03-28T00:34:36.860+0000] {dagbag.py:587} INFO - Filling up the DagBag from /opt/airflow/dags/data226_hwk6_ELT.py
[2025-03-28T00:34:37.720+0000] {processor.py:925} INFO - DAG(s) 'BuildELT_CTAS' retrieved from /opt/airflow/dags/data226_hwk6_ELT.py
[2025-03-28T00:34:38.971+0000] {logging_mixin.py:190} INFO - [2025-03-28T00:34:38.940+0000] {dag.py:3229} INFO - Sync 1 DAGs
[2025-03-28T00:34:41.250+0000] {logging_mixin.py:190} INFO - [2025-03-28T00:34:41.220+0000] {dag.py:4156} INFO - Setting next_dagrun for BuildELT_CTAS to 2025-03-27 02:45:00+00:00, run_after=2025-03-28 02:45:00+00:00
[2025-03-28T00:34:42.660+0000] {processor.py:208} INFO - Processing /opt/airflow/dags/data226_hwk6_ELT.py took 6.290 seconds
[2025-03-28T00:35:15.459+0000] {processor.py:186} INFO - Started process (PID=31628) to work on /opt/airflow/dags/data226_hwk6_ELT.py
[2025-03-28T00:35:15.539+0000] {processor.py:914} INFO - Processing file /opt/airflow/dags/data226_hwk6_ELT.py for tasks to queue
[2025-03-28T00:35:15.759+0000] {logging_mixin.py:190} INFO - [2025-03-28T00:35:15.719+0000] {dagbag.py:587} INFO - Filling up the DagBag from /opt/airflow/dags/data226_hwk6_ELT.py
[2025-03-28T00:35:17.079+0000] {processor.py:925} INFO - DAG(s) 'BuildELT_CTAS' retrieved from /opt/airflow/dags/data226_hwk6_ELT.py
[2025-03-28T00:35:19.259+0000] {logging_mixin.py:190} INFO - [2025-03-28T00:35:19.159+0000] {dag.py:3229} INFO - Sync 1 DAGs
[2025-03-28T00:35:21.837+0000] {logging_mixin.py:190} INFO - [2025-03-28T00:35:21.817+0000] {dag.py:4156} INFO - Setting next_dagrun for BuildELT_CTAS to 2025-03-27 02:45:00+00:00, run_after=2025-03-28 02:45:00+00:00
[2025-03-28T00:35:23.247+0000] {processor.py:208} INFO - Processing /opt/airflow/dags/data226_hwk6_ELT.py took 8.180 seconds
[2025-03-28T00:35:56.732+0000] {processor.py:186} INFO - Started process (PID=31655) to work on /opt/airflow/dags/data226_hwk6_ELT.py
[2025-03-28T00:35:56.832+0000] {processor.py:914} INFO - Processing file /opt/airflow/dags/data226_hwk6_ELT.py for tasks to queue
[2025-03-28T00:35:57.082+0000] {logging_mixin.py:190} INFO - [2025-03-28T00:35:57.032+0000] {dagbag.py:587} INFO - Filling up the DagBag from /opt/airflow/dags/data226_hwk6_ELT.py
[2025-03-28T00:35:58.852+0000] {processor.py:925} INFO - DAG(s) 'BuildELT_CTAS' retrieved from /opt/airflow/dags/data226_hwk6_ELT.py
[2025-03-28T00:36:01.642+0000] {logging_mixin.py:190} INFO - [2025-03-28T00:36:01.572+0000] {dag.py:3229} INFO - Sync 1 DAGs
[2025-03-28T00:36:05.572+0000] {logging_mixin.py:190} INFO - [2025-03-28T00:36:05.532+0000] {dag.py:4156} INFO - Setting next_dagrun for BuildELT_CTAS to 2025-03-27 02:45:00+00:00, run_after=2025-03-28 02:45:00+00:00
[2025-03-28T00:36:08.242+0000] {processor.py:208} INFO - Processing /opt/airflow/dags/data226_hwk6_ELT.py took 12.180 seconds
[2025-03-28T00:36:51.549+0000] {processor.py:186} INFO - Started process (PID=31676) to work on /opt/airflow/dags/data226_hwk6_ELT.py
[2025-03-28T00:36:52.104+0000] {processor.py:914} INFO - Processing file /opt/airflow/dags/data226_hwk6_ELT.py for tasks to queue
[2025-03-28T00:36:55.154+0000] {logging_mixin.py:190} INFO - [2025-03-28T00:36:54.454+0000] {dagbag.py:587} INFO - Filling up the DagBag from /opt/airflow/dags/data226_hwk6_ELT.py
[2025-03-28T00:37:16.754+0000] {processor.py:925} INFO - DAG(s) 'BuildELT_CTAS' retrieved from /opt/airflow/dags/data226_hwk6_ELT.py
[2025-03-28T00:43:04.873+0000] {processor.py:186} INFO - Started process (PID=204) to work on /opt/airflow/dags/data226_hwk6_ELT.py
[2025-03-28T00:43:04.874+0000] {processor.py:914} INFO - Processing file /opt/airflow/dags/data226_hwk6_ELT.py for tasks to queue
[2025-03-28T00:43:04.876+0000] {logging_mixin.py:190} INFO - [2025-03-28T00:43:04.875+0000] {dagbag.py:587} INFO - Filling up the DagBag from /opt/airflow/dags/data226_hwk6_ELT.py
[2025-03-28T00:43:04.888+0000] {processor.py:925} INFO - DAG(s) 'BuildELT_CTAS' retrieved from /opt/airflow/dags/data226_hwk6_ELT.py
[2025-03-28T00:43:04.905+0000] {logging_mixin.py:190} INFO - [2025-03-28T00:43:04.905+0000] {dag.py:3229} INFO - Sync 1 DAGs
[2025-03-28T00:43:04.921+0000] {logging_mixin.py:190} INFO - [2025-03-28T00:43:04.921+0000] {dag.py:4156} INFO - Setting next_dagrun for BuildELT_CTAS to 2025-03-27 02:45:00+00:00, run_after=2025-03-28 02:45:00+00:00
[2025-03-28T00:43:04.933+0000] {processor.py:208} INFO - Processing /opt/airflow/dags/data226_hwk6_ELT.py took 0.064 seconds
