[2025-03-28T00:00:06.084+0000] {processor.py:186} INFO - Started process (PID=30214) to work on /opt/airflow/dags/data226_hwk6_ETL.py
[2025-03-28T00:00:06.085+0000] {processor.py:914} INFO - Processing file /opt/airflow/dags/data226_hwk6_ETL.py for tasks to queue
[2025-03-28T00:00:06.087+0000] {logging_mixin.py:190} INFO - [2025-03-28T00:00:06.087+0000] {dagbag.py:587} INFO - Filling up the DagBag from /opt/airflow/dags/data226_hwk6_ETL.py
[2025-03-28T00:00:06.136+0000] {processor.py:925} INFO - DAG(s) 'user_session_data' retrieved from /opt/airflow/dags/data226_hwk6_ETL.py
[2025-03-28T00:00:06.215+0000] {logging_mixin.py:190} INFO - [2025-03-28T00:00:06.207+0000] {dag.py:3229} INFO - Sync 1 DAGs
[2025-03-28T00:00:06.276+0000] {logging_mixin.py:190} INFO - [2025-03-28T00:00:06.276+0000] {dag.py:4156} INFO - Setting next_dagrun for user_session_data to 2025-03-27 02:30:00+00:00, run_after=2025-03-28 02:30:00+00:00
[2025-03-28T00:00:06.327+0000] {processor.py:208} INFO - Processing /opt/airflow/dags/data226_hwk6_ETL.py took 0.262 seconds
[2025-03-28T00:00:36.705+0000] {processor.py:186} INFO - Started process (PID=30235) to work on /opt/airflow/dags/data226_hwk6_ETL.py
[2025-03-28T00:00:36.706+0000] {processor.py:914} INFO - Processing file /opt/airflow/dags/data226_hwk6_ETL.py for tasks to queue
[2025-03-28T00:00:36.715+0000] {logging_mixin.py:190} INFO - [2025-03-28T00:00:36.715+0000] {dagbag.py:587} INFO - Filling up the DagBag from /opt/airflow/dags/data226_hwk6_ETL.py
[2025-03-28T00:00:36.765+0000] {processor.py:925} INFO - DAG(s) 'user_session_data' retrieved from /opt/airflow/dags/data226_hwk6_ETL.py
[2025-03-28T00:00:36.825+0000] {logging_mixin.py:190} INFO - [2025-03-28T00:00:36.825+0000] {dag.py:3229} INFO - Sync 1 DAGs
[2025-03-28T00:00:36.886+0000] {logging_mixin.py:190} INFO - [2025-03-28T00:00:36.886+0000] {dag.py:4156} INFO - Setting next_dagrun for user_session_data to 2025-03-27 02:30:00+00:00, run_after=2025-03-28 02:30:00+00:00
[2025-03-28T00:00:36.937+0000] {processor.py:208} INFO - Processing /opt/airflow/dags/data226_hwk6_ETL.py took 0.251 seconds
[2025-03-28T00:01:07.225+0000] {processor.py:186} INFO - Started process (PID=30256) to work on /opt/airflow/dags/data226_hwk6_ETL.py
[2025-03-28T00:01:07.226+0000] {processor.py:914} INFO - Processing file /opt/airflow/dags/data226_hwk6_ETL.py for tasks to queue
[2025-03-28T00:01:07.235+0000] {logging_mixin.py:190} INFO - [2025-03-28T00:01:07.235+0000] {dagbag.py:587} INFO - Filling up the DagBag from /opt/airflow/dags/data226_hwk6_ETL.py
[2025-03-28T00:01:07.294+0000] {processor.py:925} INFO - DAG(s) 'user_session_data' retrieved from /opt/airflow/dags/data226_hwk6_ETL.py
[2025-03-28T00:01:07.365+0000] {logging_mixin.py:190} INFO - [2025-03-28T00:01:07.364+0000] {dag.py:3229} INFO - Sync 1 DAGs
[2025-03-28T00:01:07.427+0000] {logging_mixin.py:190} INFO - [2025-03-28T00:01:07.426+0000] {dag.py:4156} INFO - Setting next_dagrun for user_session_data to 2025-03-27 02:30:00+00:00, run_after=2025-03-28 02:30:00+00:00
[2025-03-28T00:01:07.484+0000] {processor.py:208} INFO - Processing /opt/airflow/dags/data226_hwk6_ETL.py took 0.278 seconds
[2025-03-28T00:01:37.885+0000] {processor.py:186} INFO - Started process (PID=30277) to work on /opt/airflow/dags/data226_hwk6_ETL.py
[2025-03-28T00:01:37.885+0000] {processor.py:914} INFO - Processing file /opt/airflow/dags/data226_hwk6_ETL.py for tasks to queue
[2025-03-28T00:01:37.895+0000] {logging_mixin.py:190} INFO - [2025-03-28T00:01:37.894+0000] {dagbag.py:587} INFO - Filling up the DagBag from /opt/airflow/dags/data226_hwk6_ETL.py
[2025-03-28T00:01:37.944+0000] {processor.py:925} INFO - DAG(s) 'user_session_data' retrieved from /opt/airflow/dags/data226_hwk6_ETL.py
[2025-03-28T00:01:38.014+0000] {logging_mixin.py:190} INFO - [2025-03-28T00:01:38.006+0000] {dag.py:3229} INFO - Sync 1 DAGs
[2025-03-28T00:01:38.075+0000] {logging_mixin.py:190} INFO - [2025-03-28T00:01:38.075+0000] {dag.py:4156} INFO - Setting next_dagrun for user_session_data to 2025-03-27 02:30:00+00:00, run_after=2025-03-28 02:30:00+00:00
[2025-03-28T00:01:38.136+0000] {processor.py:208} INFO - Processing /opt/airflow/dags/data226_hwk6_ETL.py took 0.271 seconds
[2025-03-28T00:02:08.575+0000] {processor.py:186} INFO - Started process (PID=30298) to work on /opt/airflow/dags/data226_hwk6_ETL.py
[2025-03-28T00:02:08.575+0000] {processor.py:914} INFO - Processing file /opt/airflow/dags/data226_hwk6_ETL.py for tasks to queue
[2025-03-28T00:02:08.584+0000] {logging_mixin.py:190} INFO - [2025-03-28T00:02:08.584+0000] {dagbag.py:587} INFO - Filling up the DagBag from /opt/airflow/dags/data226_hwk6_ETL.py
[2025-03-28T00:02:08.625+0000] {processor.py:925} INFO - DAG(s) 'user_session_data' retrieved from /opt/airflow/dags/data226_hwk6_ETL.py
[2025-03-28T00:02:08.695+0000] {logging_mixin.py:190} INFO - [2025-03-28T00:02:08.694+0000] {dag.py:3229} INFO - Sync 1 DAGs
[2025-03-28T00:02:08.765+0000] {logging_mixin.py:190} INFO - [2025-03-28T00:02:08.765+0000] {dag.py:4156} INFO - Setting next_dagrun for user_session_data to 2025-03-27 02:30:00+00:00, run_after=2025-03-28 02:30:00+00:00
[2025-03-28T00:02:08.816+0000] {processor.py:208} INFO - Processing /opt/airflow/dags/data226_hwk6_ETL.py took 0.260 seconds
[2025-03-28T00:02:39.305+0000] {processor.py:186} INFO - Started process (PID=30319) to work on /opt/airflow/dags/data226_hwk6_ETL.py
[2025-03-28T00:02:39.306+0000] {processor.py:914} INFO - Processing file /opt/airflow/dags/data226_hwk6_ETL.py for tasks to queue
[2025-03-28T00:02:39.315+0000] {logging_mixin.py:190} INFO - [2025-03-28T00:02:39.315+0000] {dagbag.py:587} INFO - Filling up the DagBag from /opt/airflow/dags/data226_hwk6_ETL.py
[2025-03-28T00:02:39.366+0000] {processor.py:925} INFO - DAG(s) 'user_session_data' retrieved from /opt/airflow/dags/data226_hwk6_ETL.py
[2025-03-28T00:02:39.435+0000] {logging_mixin.py:190} INFO - [2025-03-28T00:02:39.434+0000] {dag.py:3229} INFO - Sync 1 DAGs
[2025-03-28T00:02:39.504+0000] {logging_mixin.py:190} INFO - [2025-03-28T00:02:39.504+0000] {dag.py:4156} INFO - Setting next_dagrun for user_session_data to 2025-03-27 02:30:00+00:00, run_after=2025-03-28 02:30:00+00:00
[2025-03-28T00:02:39.556+0000] {processor.py:208} INFO - Processing /opt/airflow/dags/data226_hwk6_ETL.py took 0.271 seconds
[2025-03-28T00:03:10.025+0000] {processor.py:186} INFO - Started process (PID=30340) to work on /opt/airflow/dags/data226_hwk6_ETL.py
[2025-03-28T00:03:10.026+0000] {processor.py:914} INFO - Processing file /opt/airflow/dags/data226_hwk6_ETL.py for tasks to queue
[2025-03-28T00:03:10.035+0000] {logging_mixin.py:190} INFO - [2025-03-28T00:03:10.035+0000] {dagbag.py:587} INFO - Filling up the DagBag from /opt/airflow/dags/data226_hwk6_ETL.py
[2025-03-28T00:03:10.085+0000] {processor.py:925} INFO - DAG(s) 'user_session_data' retrieved from /opt/airflow/dags/data226_hwk6_ETL.py
[2025-03-28T00:03:10.155+0000] {logging_mixin.py:190} INFO - [2025-03-28T00:03:10.154+0000] {dag.py:3229} INFO - Sync 1 DAGs
[2025-03-28T00:03:10.224+0000] {logging_mixin.py:190} INFO - [2025-03-28T00:03:10.224+0000] {dag.py:4156} INFO - Setting next_dagrun for user_session_data to 2025-03-27 02:30:00+00:00, run_after=2025-03-28 02:30:00+00:00
[2025-03-28T00:03:10.275+0000] {processor.py:208} INFO - Processing /opt/airflow/dags/data226_hwk6_ETL.py took 0.270 seconds
[2025-03-28T00:03:40.455+0000] {processor.py:186} INFO - Started process (PID=30361) to work on /opt/airflow/dags/data226_hwk6_ETL.py
[2025-03-28T00:03:40.463+0000] {processor.py:914} INFO - Processing file /opt/airflow/dags/data226_hwk6_ETL.py for tasks to queue
[2025-03-28T00:03:40.465+0000] {logging_mixin.py:190} INFO - [2025-03-28T00:03:40.465+0000] {dagbag.py:587} INFO - Filling up the DagBag from /opt/airflow/dags/data226_hwk6_ETL.py
[2025-03-28T00:03:40.514+0000] {processor.py:925} INFO - DAG(s) 'user_session_data' retrieved from /opt/airflow/dags/data226_hwk6_ETL.py
[2025-03-28T00:03:40.584+0000] {logging_mixin.py:190} INFO - [2025-03-28T00:03:40.584+0000] {dag.py:3229} INFO - Sync 1 DAGs
[2025-03-28T00:03:40.654+0000] {logging_mixin.py:190} INFO - [2025-03-28T00:03:40.654+0000] {dag.py:4156} INFO - Setting next_dagrun for user_session_data to 2025-03-27 02:30:00+00:00, run_after=2025-03-28 02:30:00+00:00
[2025-03-28T00:03:40.714+0000] {processor.py:208} INFO - Processing /opt/airflow/dags/data226_hwk6_ETL.py took 0.278 seconds
[2025-03-28T00:04:10.846+0000] {processor.py:186} INFO - Started process (PID=30382) to work on /opt/airflow/dags/data226_hwk6_ETL.py
[2025-03-28T00:04:10.854+0000] {processor.py:914} INFO - Processing file /opt/airflow/dags/data226_hwk6_ETL.py for tasks to queue
[2025-03-28T00:04:10.856+0000] {logging_mixin.py:190} INFO - [2025-03-28T00:04:10.855+0000] {dagbag.py:587} INFO - Filling up the DagBag from /opt/airflow/dags/data226_hwk6_ETL.py
[2025-03-28T00:04:10.906+0000] {processor.py:925} INFO - DAG(s) 'user_session_data' retrieved from /opt/airflow/dags/data226_hwk6_ETL.py
[2025-03-28T00:04:10.984+0000] {logging_mixin.py:190} INFO - [2025-03-28T00:04:10.984+0000] {dag.py:3229} INFO - Sync 1 DAGs
[2025-03-28T00:04:11.054+0000] {logging_mixin.py:190} INFO - [2025-03-28T00:04:11.054+0000] {dag.py:4156} INFO - Setting next_dagrun for user_session_data to 2025-03-27 02:30:00+00:00, run_after=2025-03-28 02:30:00+00:00
[2025-03-28T00:04:11.115+0000] {processor.py:208} INFO - Processing /opt/airflow/dags/data226_hwk6_ETL.py took 0.289 seconds
[2025-03-28T00:04:41.404+0000] {processor.py:186} INFO - Started process (PID=30403) to work on /opt/airflow/dags/data226_hwk6_ETL.py
[2025-03-28T00:04:41.405+0000] {processor.py:914} INFO - Processing file /opt/airflow/dags/data226_hwk6_ETL.py for tasks to queue
[2025-03-28T00:04:41.414+0000] {logging_mixin.py:190} INFO - [2025-03-28T00:04:41.414+0000] {dagbag.py:587} INFO - Filling up the DagBag from /opt/airflow/dags/data226_hwk6_ETL.py
[2025-03-28T00:04:41.456+0000] {processor.py:925} INFO - DAG(s) 'user_session_data' retrieved from /opt/airflow/dags/data226_hwk6_ETL.py
[2025-03-28T00:04:41.534+0000] {logging_mixin.py:190} INFO - [2025-03-28T00:04:41.534+0000] {dag.py:3229} INFO - Sync 1 DAGs
[2025-03-28T00:04:41.595+0000] {logging_mixin.py:190} INFO - [2025-03-28T00:04:41.595+0000] {dag.py:4156} INFO - Setting next_dagrun for user_session_data to 2025-03-27 02:30:00+00:00, run_after=2025-03-28 02:30:00+00:00
[2025-03-28T00:04:41.655+0000] {processor.py:208} INFO - Processing /opt/airflow/dags/data226_hwk6_ETL.py took 0.271 seconds
[2025-03-28T00:05:12.216+0000] {processor.py:186} INFO - Started process (PID=30423) to work on /opt/airflow/dags/data226_hwk6_ETL.py
[2025-03-28T00:05:12.224+0000] {processor.py:914} INFO - Processing file /opt/airflow/dags/data226_hwk6_ETL.py for tasks to queue
[2025-03-28T00:05:12.226+0000] {logging_mixin.py:190} INFO - [2025-03-28T00:05:12.226+0000] {dagbag.py:587} INFO - Filling up the DagBag from /opt/airflow/dags/data226_hwk6_ETL.py
[2025-03-28T00:05:12.276+0000] {processor.py:925} INFO - DAG(s) 'user_session_data' retrieved from /opt/airflow/dags/data226_hwk6_ETL.py
[2025-03-28T00:05:12.346+0000] {logging_mixin.py:190} INFO - [2025-03-28T00:05:12.346+0000] {dag.py:3229} INFO - Sync 1 DAGs
[2025-03-28T00:05:12.416+0000] {logging_mixin.py:190} INFO - [2025-03-28T00:05:12.416+0000] {dag.py:4156} INFO - Setting next_dagrun for user_session_data to 2025-03-27 02:30:00+00:00, run_after=2025-03-28 02:30:00+00:00
[2025-03-28T00:05:12.486+0000] {processor.py:208} INFO - Processing /opt/airflow/dags/data226_hwk6_ETL.py took 0.282 seconds
[2025-03-28T00:05:42.726+0000] {processor.py:186} INFO - Started process (PID=30444) to work on /opt/airflow/dags/data226_hwk6_ETL.py
[2025-03-28T00:05:42.734+0000] {processor.py:914} INFO - Processing file /opt/airflow/dags/data226_hwk6_ETL.py for tasks to queue
[2025-03-28T00:05:42.736+0000] {logging_mixin.py:190} INFO - [2025-03-28T00:05:42.735+0000] {dagbag.py:587} INFO - Filling up the DagBag from /opt/airflow/dags/data226_hwk6_ETL.py
[2025-03-28T00:05:42.796+0000] {processor.py:925} INFO - DAG(s) 'user_session_data' retrieved from /opt/airflow/dags/data226_hwk6_ETL.py
[2025-03-28T00:05:42.874+0000] {logging_mixin.py:190} INFO - [2025-03-28T00:05:42.874+0000] {dag.py:3229} INFO - Sync 1 DAGs
[2025-03-28T00:05:42.945+0000] {logging_mixin.py:190} INFO - [2025-03-28T00:05:42.945+0000] {dag.py:4156} INFO - Setting next_dagrun for user_session_data to 2025-03-27 02:30:00+00:00, run_after=2025-03-28 02:30:00+00:00
[2025-03-28T00:05:43.005+0000] {processor.py:208} INFO - Processing /opt/airflow/dags/data226_hwk6_ETL.py took 0.291 seconds
[2025-03-28T00:06:13.207+0000] {processor.py:186} INFO - Started process (PID=30463) to work on /opt/airflow/dags/data226_hwk6_ETL.py
[2025-03-28T00:06:13.215+0000] {processor.py:914} INFO - Processing file /opt/airflow/dags/data226_hwk6_ETL.py for tasks to queue
[2025-03-28T00:06:13.224+0000] {logging_mixin.py:190} INFO - [2025-03-28T00:06:13.217+0000] {dagbag.py:587} INFO - Filling up the DagBag from /opt/airflow/dags/data226_hwk6_ETL.py
[2025-03-28T00:06:13.277+0000] {processor.py:925} INFO - DAG(s) 'user_session_data' retrieved from /opt/airflow/dags/data226_hwk6_ETL.py
[2025-03-28T00:06:13.355+0000] {logging_mixin.py:190} INFO - [2025-03-28T00:06:13.355+0000] {dag.py:3229} INFO - Sync 1 DAGs
[2025-03-28T00:06:13.426+0000] {logging_mixin.py:190} INFO - [2025-03-28T00:06:13.426+0000] {dag.py:4156} INFO - Setting next_dagrun for user_session_data to 2025-03-27 02:30:00+00:00, run_after=2025-03-28 02:30:00+00:00
[2025-03-28T00:06:13.484+0000] {processor.py:208} INFO - Processing /opt/airflow/dags/data226_hwk6_ETL.py took 0.282 seconds
[2025-03-28T00:06:43.897+0000] {processor.py:186} INFO - Started process (PID=30484) to work on /opt/airflow/dags/data226_hwk6_ETL.py
[2025-03-28T00:06:43.906+0000] {processor.py:914} INFO - Processing file /opt/airflow/dags/data226_hwk6_ETL.py for tasks to queue
[2025-03-28T00:06:43.907+0000] {logging_mixin.py:190} INFO - [2025-03-28T00:06:43.907+0000] {dagbag.py:587} INFO - Filling up the DagBag from /opt/airflow/dags/data226_hwk6_ETL.py
[2025-03-28T00:06:43.967+0000] {processor.py:925} INFO - DAG(s) 'user_session_data' retrieved from /opt/airflow/dags/data226_hwk6_ETL.py
[2025-03-28T00:06:44.038+0000] {logging_mixin.py:190} INFO - [2025-03-28T00:06:44.037+0000] {dag.py:3229} INFO - Sync 1 DAGs
[2025-03-28T00:06:44.117+0000] {logging_mixin.py:190} INFO - [2025-03-28T00:06:44.117+0000] {dag.py:4156} INFO - Setting next_dagrun for user_session_data to 2025-03-27 02:30:00+00:00, run_after=2025-03-28 02:30:00+00:00
[2025-03-28T00:06:44.177+0000] {processor.py:208} INFO - Processing /opt/airflow/dags/data226_hwk6_ETL.py took 0.300 seconds
[2025-03-28T00:07:14.447+0000] {processor.py:186} INFO - Started process (PID=30505) to work on /opt/airflow/dags/data226_hwk6_ETL.py
[2025-03-28T00:07:14.456+0000] {processor.py:914} INFO - Processing file /opt/airflow/dags/data226_hwk6_ETL.py for tasks to queue
[2025-03-28T00:07:14.458+0000] {logging_mixin.py:190} INFO - [2025-03-28T00:07:14.458+0000] {dagbag.py:587} INFO - Filling up the DagBag from /opt/airflow/dags/data226_hwk6_ETL.py
[2025-03-28T00:07:14.517+0000] {processor.py:925} INFO - DAG(s) 'user_session_data' retrieved from /opt/airflow/dags/data226_hwk6_ETL.py
[2025-03-28T00:07:14.617+0000] {logging_mixin.py:190} INFO - [2025-03-28T00:07:14.617+0000] {dag.py:3229} INFO - Sync 1 DAGs
[2025-03-28T00:07:14.697+0000] {logging_mixin.py:190} INFO - [2025-03-28T00:07:14.697+0000] {dag.py:4156} INFO - Setting next_dagrun for user_session_data to 2025-03-27 02:30:00+00:00, run_after=2025-03-28 02:30:00+00:00
[2025-03-28T00:07:14.766+0000] {processor.py:208} INFO - Processing /opt/airflow/dags/data226_hwk6_ETL.py took 0.340 seconds
[2025-03-28T00:07:45.067+0000] {processor.py:186} INFO - Started process (PID=30526) to work on /opt/airflow/dags/data226_hwk6_ETL.py
[2025-03-28T00:07:45.068+0000] {processor.py:914} INFO - Processing file /opt/airflow/dags/data226_hwk6_ETL.py for tasks to queue
[2025-03-28T00:07:45.077+0000] {logging_mixin.py:190} INFO - [2025-03-28T00:07:45.077+0000] {dagbag.py:587} INFO - Filling up the DagBag from /opt/airflow/dags/data226_hwk6_ETL.py
[2025-03-28T00:07:45.147+0000] {processor.py:925} INFO - DAG(s) 'user_session_data' retrieved from /opt/airflow/dags/data226_hwk6_ETL.py
[2025-03-28T00:07:45.226+0000] {logging_mixin.py:190} INFO - [2025-03-28T00:07:45.226+0000] {dag.py:3229} INFO - Sync 1 DAGs
[2025-03-28T00:07:45.306+0000] {logging_mixin.py:190} INFO - [2025-03-28T00:07:45.306+0000] {dag.py:4156} INFO - Setting next_dagrun for user_session_data to 2025-03-27 02:30:00+00:00, run_after=2025-03-28 02:30:00+00:00
[2025-03-28T00:07:45.376+0000] {processor.py:208} INFO - Processing /opt/airflow/dags/data226_hwk6_ETL.py took 0.330 seconds
[2025-03-28T00:08:15.849+0000] {processor.py:186} INFO - Started process (PID=30547) to work on /opt/airflow/dags/data226_hwk6_ETL.py
[2025-03-28T00:08:15.858+0000] {processor.py:914} INFO - Processing file /opt/airflow/dags/data226_hwk6_ETL.py for tasks to queue
[2025-03-28T00:08:15.860+0000] {logging_mixin.py:190} INFO - [2025-03-28T00:08:15.860+0000] {dagbag.py:587} INFO - Filling up the DagBag from /opt/airflow/dags/data226_hwk6_ETL.py
[2025-03-28T00:08:15.930+0000] {processor.py:925} INFO - DAG(s) 'user_session_data' retrieved from /opt/airflow/dags/data226_hwk6_ETL.py
[2025-03-28T00:08:16.019+0000] {logging_mixin.py:190} INFO - [2025-03-28T00:08:16.018+0000] {dag.py:3229} INFO - Sync 1 DAGs
[2025-03-28T00:08:16.100+0000] {logging_mixin.py:190} INFO - [2025-03-28T00:08:16.100+0000] {dag.py:4156} INFO - Setting next_dagrun for user_session_data to 2025-03-27 02:30:00+00:00, run_after=2025-03-28 02:30:00+00:00
[2025-03-28T00:08:16.179+0000] {processor.py:208} INFO - Processing /opt/airflow/dags/data226_hwk6_ETL.py took 0.350 seconds
[2025-03-28T00:08:46.760+0000] {processor.py:186} INFO - Started process (PID=30568) to work on /opt/airflow/dags/data226_hwk6_ETL.py
[2025-03-28T00:08:46.769+0000] {processor.py:914} INFO - Processing file /opt/airflow/dags/data226_hwk6_ETL.py for tasks to queue
[2025-03-28T00:08:46.778+0000] {logging_mixin.py:190} INFO - [2025-03-28T00:08:46.770+0000] {dagbag.py:587} INFO - Filling up the DagBag from /opt/airflow/dags/data226_hwk6_ETL.py
[2025-03-28T00:08:46.839+0000] {processor.py:925} INFO - DAG(s) 'user_session_data' retrieved from /opt/airflow/dags/data226_hwk6_ETL.py
[2025-03-28T00:08:46.938+0000] {logging_mixin.py:190} INFO - [2025-03-28T00:08:46.929+0000] {dag.py:3229} INFO - Sync 1 DAGs
[2025-03-28T00:08:47.019+0000] {logging_mixin.py:190} INFO - [2025-03-28T00:08:47.019+0000] {dag.py:4156} INFO - Setting next_dagrun for user_session_data to 2025-03-27 02:30:00+00:00, run_after=2025-03-28 02:30:00+00:00
[2025-03-28T00:08:47.108+0000] {processor.py:208} INFO - Processing /opt/airflow/dags/data226_hwk6_ETL.py took 0.360 seconds
[2025-03-28T00:09:17.441+0000] {processor.py:186} INFO - Started process (PID=30589) to work on /opt/airflow/dags/data226_hwk6_ETL.py
[2025-03-28T00:09:17.442+0000] {processor.py:914} INFO - Processing file /opt/airflow/dags/data226_hwk6_ETL.py for tasks to queue
[2025-03-28T00:09:17.461+0000] {logging_mixin.py:190} INFO - [2025-03-28T00:09:17.452+0000] {dagbag.py:587} INFO - Filling up the DagBag from /opt/airflow/dags/data226_hwk6_ETL.py
[2025-03-28T00:09:17.532+0000] {processor.py:925} INFO - DAG(s) 'user_session_data' retrieved from /opt/airflow/dags/data226_hwk6_ETL.py
[2025-03-28T00:09:17.641+0000] {logging_mixin.py:190} INFO - [2025-03-28T00:09:17.641+0000] {dag.py:3229} INFO - Sync 1 DAGs
[2025-03-28T00:09:17.731+0000] {logging_mixin.py:190} INFO - [2025-03-28T00:09:17.731+0000] {dag.py:4156} INFO - Setting next_dagrun for user_session_data to 2025-03-27 02:30:00+00:00, run_after=2025-03-28 02:30:00+00:00
[2025-03-28T00:09:17.811+0000] {processor.py:208} INFO - Processing /opt/airflow/dags/data226_hwk6_ETL.py took 0.399 seconds
[2025-03-28T00:09:48.302+0000] {processor.py:186} INFO - Started process (PID=30610) to work on /opt/airflow/dags/data226_hwk6_ETL.py
[2025-03-28T00:09:48.303+0000] {processor.py:914} INFO - Processing file /opt/airflow/dags/data226_hwk6_ETL.py for tasks to queue
[2025-03-28T00:09:48.313+0000] {logging_mixin.py:190} INFO - [2025-03-28T00:09:48.312+0000] {dagbag.py:587} INFO - Filling up the DagBag from /opt/airflow/dags/data226_hwk6_ETL.py
[2025-03-28T00:09:48.381+0000] {processor.py:925} INFO - DAG(s) 'user_session_data' retrieved from /opt/airflow/dags/data226_hwk6_ETL.py
[2025-03-28T00:09:48.461+0000] {logging_mixin.py:190} INFO - [2025-03-28T00:09:48.461+0000] {dag.py:3229} INFO - Sync 1 DAGs
[2025-03-28T00:09:48.551+0000] {logging_mixin.py:190} INFO - [2025-03-28T00:09:48.551+0000] {dag.py:4156} INFO - Setting next_dagrun for user_session_data to 2025-03-27 02:30:00+00:00, run_after=2025-03-28 02:30:00+00:00
[2025-03-28T00:09:48.622+0000] {processor.py:208} INFO - Processing /opt/airflow/dags/data226_hwk6_ETL.py took 0.340 seconds
[2025-03-28T00:10:19.056+0000] {processor.py:186} INFO - Started process (PID=30631) to work on /opt/airflow/dags/data226_hwk6_ETL.py
[2025-03-28T00:10:19.064+0000] {processor.py:914} INFO - Processing file /opt/airflow/dags/data226_hwk6_ETL.py for tasks to queue
[2025-03-28T00:10:19.074+0000] {logging_mixin.py:190} INFO - [2025-03-28T00:10:19.074+0000] {dagbag.py:587} INFO - Filling up the DagBag from /opt/airflow/dags/data226_hwk6_ETL.py
[2025-03-28T00:10:19.145+0000] {processor.py:925} INFO - DAG(s) 'user_session_data' retrieved from /opt/airflow/dags/data226_hwk6_ETL.py
[2025-03-28T00:10:19.234+0000] {logging_mixin.py:190} INFO - [2025-03-28T00:10:19.234+0000] {dag.py:3229} INFO - Sync 1 DAGs
[2025-03-28T00:10:19.315+0000] {logging_mixin.py:190} INFO - [2025-03-28T00:10:19.315+0000] {dag.py:4156} INFO - Setting next_dagrun for user_session_data to 2025-03-27 02:30:00+00:00, run_after=2025-03-28 02:30:00+00:00
[2025-03-28T00:10:19.385+0000] {processor.py:208} INFO - Processing /opt/airflow/dags/data226_hwk6_ETL.py took 0.349 seconds
[2025-03-28T00:10:49.778+0000] {processor.py:186} INFO - Started process (PID=30652) to work on /opt/airflow/dags/data226_hwk6_ETL.py
[2025-03-28T00:10:49.787+0000] {processor.py:914} INFO - Processing file /opt/airflow/dags/data226_hwk6_ETL.py for tasks to queue
[2025-03-28T00:10:49.798+0000] {logging_mixin.py:190} INFO - [2025-03-28T00:10:49.797+0000] {dagbag.py:587} INFO - Filling up the DagBag from /opt/airflow/dags/data226_hwk6_ETL.py
[2025-03-28T00:10:49.908+0000] {processor.py:925} INFO - DAG(s) 'user_session_data' retrieved from /opt/airflow/dags/data226_hwk6_ETL.py
[2025-03-28T00:10:50.028+0000] {logging_mixin.py:190} INFO - [2025-03-28T00:10:50.027+0000] {dag.py:3229} INFO - Sync 1 DAGs
[2025-03-28T00:10:50.135+0000] {logging_mixin.py:190} INFO - [2025-03-28T00:10:50.135+0000] {dag.py:4156} INFO - Setting next_dagrun for user_session_data to 2025-03-27 02:30:00+00:00, run_after=2025-03-28 02:30:00+00:00
[2025-03-28T00:10:50.226+0000] {processor.py:208} INFO - Processing /opt/airflow/dags/data226_hwk6_ETL.py took 0.469 seconds
[2025-03-28T00:11:20.823+0000] {processor.py:186} INFO - Started process (PID=30673) to work on /opt/airflow/dags/data226_hwk6_ETL.py
[2025-03-28T00:11:20.824+0000] {processor.py:914} INFO - Processing file /opt/airflow/dags/data226_hwk6_ETL.py for tasks to queue
[2025-03-28T00:11:20.834+0000] {logging_mixin.py:190} INFO - [2025-03-28T00:11:20.834+0000] {dagbag.py:587} INFO - Filling up the DagBag from /opt/airflow/dags/data226_hwk6_ETL.py
[2025-03-28T00:11:20.913+0000] {processor.py:925} INFO - DAG(s) 'user_session_data' retrieved from /opt/airflow/dags/data226_hwk6_ETL.py
[2025-03-28T00:11:21.003+0000] {logging_mixin.py:190} INFO - [2025-03-28T00:11:21.003+0000] {dag.py:3229} INFO - Sync 1 DAGs
[2025-03-28T00:11:21.094+0000] {logging_mixin.py:190} INFO - [2025-03-28T00:11:21.093+0000] {dag.py:4156} INFO - Setting next_dagrun for user_session_data to 2025-03-27 02:30:00+00:00, run_after=2025-03-28 02:30:00+00:00
[2025-03-28T00:11:21.173+0000] {processor.py:208} INFO - Processing /opt/airflow/dags/data226_hwk6_ETL.py took 0.370 seconds
[2025-03-28T00:11:51.785+0000] {processor.py:186} INFO - Started process (PID=30694) to work on /opt/airflow/dags/data226_hwk6_ETL.py
[2025-03-28T00:11:51.785+0000] {processor.py:914} INFO - Processing file /opt/airflow/dags/data226_hwk6_ETL.py for tasks to queue
[2025-03-28T00:11:51.795+0000] {logging_mixin.py:190} INFO - [2025-03-28T00:11:51.795+0000] {dagbag.py:587} INFO - Filling up the DagBag from /opt/airflow/dags/data226_hwk6_ETL.py
[2025-03-28T00:11:51.875+0000] {processor.py:925} INFO - DAG(s) 'user_session_data' retrieved from /opt/airflow/dags/data226_hwk6_ETL.py
[2025-03-28T00:11:51.975+0000] {logging_mixin.py:190} INFO - [2025-03-28T00:11:51.974+0000] {dag.py:3229} INFO - Sync 1 DAGs
[2025-03-28T00:11:52.056+0000] {logging_mixin.py:190} INFO - [2025-03-28T00:11:52.056+0000] {dag.py:4156} INFO - Setting next_dagrun for user_session_data to 2025-03-27 02:30:00+00:00, run_after=2025-03-28 02:30:00+00:00
[2025-03-28T00:11:52.146+0000] {processor.py:208} INFO - Processing /opt/airflow/dags/data226_hwk6_ETL.py took 0.390 seconds
[2025-03-28T00:12:22.784+0000] {processor.py:186} INFO - Started process (PID=30715) to work on /opt/airflow/dags/data226_hwk6_ETL.py
[2025-03-28T00:12:22.784+0000] {processor.py:914} INFO - Processing file /opt/airflow/dags/data226_hwk6_ETL.py for tasks to queue
[2025-03-28T00:12:22.794+0000] {logging_mixin.py:190} INFO - [2025-03-28T00:12:22.794+0000] {dagbag.py:587} INFO - Filling up the DagBag from /opt/airflow/dags/data226_hwk6_ETL.py
[2025-03-28T00:12:22.875+0000] {processor.py:925} INFO - DAG(s) 'user_session_data' retrieved from /opt/airflow/dags/data226_hwk6_ETL.py
[2025-03-28T00:12:22.994+0000] {logging_mixin.py:190} INFO - [2025-03-28T00:12:22.985+0000] {dag.py:3229} INFO - Sync 1 DAGs
[2025-03-28T00:12:23.114+0000] {logging_mixin.py:190} INFO - [2025-03-28T00:12:23.114+0000] {dag.py:4156} INFO - Setting next_dagrun for user_session_data to 2025-03-27 02:30:00+00:00, run_after=2025-03-28 02:30:00+00:00
[2025-03-28T00:12:23.224+0000] {processor.py:208} INFO - Processing /opt/airflow/dags/data226_hwk6_ETL.py took 0.469 seconds
[2025-03-28T00:12:53.837+0000] {processor.py:186} INFO - Started process (PID=30736) to work on /opt/airflow/dags/data226_hwk6_ETL.py
[2025-03-28T00:12:53.838+0000] {processor.py:914} INFO - Processing file /opt/airflow/dags/data226_hwk6_ETL.py for tasks to queue
[2025-03-28T00:12:53.847+0000] {logging_mixin.py:190} INFO - [2025-03-28T00:12:53.847+0000] {dagbag.py:587} INFO - Filling up the DagBag from /opt/airflow/dags/data226_hwk6_ETL.py
[2025-03-28T00:12:53.927+0000] {processor.py:925} INFO - DAG(s) 'user_session_data' retrieved from /opt/airflow/dags/data226_hwk6_ETL.py
[2025-03-28T00:12:54.027+0000] {logging_mixin.py:190} INFO - [2025-03-28T00:12:54.027+0000] {dag.py:3229} INFO - Sync 1 DAGs
[2025-03-28T00:12:54.117+0000] {logging_mixin.py:190} INFO - [2025-03-28T00:12:54.117+0000] {dag.py:4156} INFO - Setting next_dagrun for user_session_data to 2025-03-27 02:30:00+00:00, run_after=2025-03-28 02:30:00+00:00
[2025-03-28T00:12:54.188+0000] {processor.py:208} INFO - Processing /opt/airflow/dags/data226_hwk6_ETL.py took 0.380 seconds
[2025-03-28T00:13:24.788+0000] {processor.py:186} INFO - Started process (PID=30757) to work on /opt/airflow/dags/data226_hwk6_ETL.py
[2025-03-28T00:13:24.789+0000] {processor.py:914} INFO - Processing file /opt/airflow/dags/data226_hwk6_ETL.py for tasks to queue
[2025-03-28T00:13:24.800+0000] {logging_mixin.py:190} INFO - [2025-03-28T00:13:24.799+0000] {dagbag.py:587} INFO - Filling up the DagBag from /opt/airflow/dags/data226_hwk6_ETL.py
[2025-03-28T00:13:24.909+0000] {processor.py:925} INFO - DAG(s) 'user_session_data' retrieved from /opt/airflow/dags/data226_hwk6_ETL.py
[2025-03-28T00:13:25.059+0000] {logging_mixin.py:190} INFO - [2025-03-28T00:13:25.058+0000] {dag.py:3229} INFO - Sync 1 DAGs
[2025-03-28T00:13:25.159+0000] {logging_mixin.py:190} INFO - [2025-03-28T00:13:25.159+0000] {dag.py:4156} INFO - Setting next_dagrun for user_session_data to 2025-03-27 02:30:00+00:00, run_after=2025-03-28 02:30:00+00:00
[2025-03-28T00:13:25.249+0000] {processor.py:208} INFO - Processing /opt/airflow/dags/data226_hwk6_ETL.py took 0.490 seconds
[2025-03-28T00:13:55.846+0000] {processor.py:186} INFO - Started process (PID=30784) to work on /opt/airflow/dags/data226_hwk6_ETL.py
[2025-03-28T00:13:55.855+0000] {processor.py:914} INFO - Processing file /opt/airflow/dags/data226_hwk6_ETL.py for tasks to queue
[2025-03-28T00:13:55.865+0000] {logging_mixin.py:190} INFO - [2025-03-28T00:13:55.865+0000] {dagbag.py:587} INFO - Filling up the DagBag from /opt/airflow/dags/data226_hwk6_ETL.py
[2025-03-28T00:13:55.945+0000] {processor.py:925} INFO - DAG(s) 'user_session_data' retrieved from /opt/airflow/dags/data226_hwk6_ETL.py
[2025-03-28T00:13:56.055+0000] {logging_mixin.py:190} INFO - [2025-03-28T00:13:56.046+0000] {dag.py:3229} INFO - Sync 1 DAGs
[2025-03-28T00:13:56.165+0000] {logging_mixin.py:190} INFO - [2025-03-28T00:13:56.165+0000] {dag.py:4156} INFO - Setting next_dagrun for user_session_data to 2025-03-27 02:30:00+00:00, run_after=2025-03-28 02:30:00+00:00
[2025-03-28T00:13:56.236+0000] {processor.py:208} INFO - Processing /opt/airflow/dags/data226_hwk6_ETL.py took 0.411 seconds
[2025-03-28T00:14:26.522+0000] {processor.py:186} INFO - Started process (PID=30805) to work on /opt/airflow/dags/data226_hwk6_ETL.py
[2025-03-28T00:14:26.522+0000] {processor.py:914} INFO - Processing file /opt/airflow/dags/data226_hwk6_ETL.py for tasks to queue
[2025-03-28T00:14:26.533+0000] {logging_mixin.py:190} INFO - [2025-03-28T00:14:26.532+0000] {dagbag.py:587} INFO - Filling up the DagBag from /opt/airflow/dags/data226_hwk6_ETL.py
[2025-03-28T00:14:26.613+0000] {processor.py:925} INFO - DAG(s) 'user_session_data' retrieved from /opt/airflow/dags/data226_hwk6_ETL.py
[2025-03-28T00:14:26.732+0000] {logging_mixin.py:190} INFO - [2025-03-28T00:14:26.732+0000] {dag.py:3229} INFO - Sync 1 DAGs
[2025-03-28T00:14:26.842+0000] {logging_mixin.py:190} INFO - [2025-03-28T00:14:26.842+0000] {dag.py:4156} INFO - Setting next_dagrun for user_session_data to 2025-03-27 02:30:00+00:00, run_after=2025-03-28 02:30:00+00:00
[2025-03-28T00:14:26.933+0000] {processor.py:208} INFO - Processing /opt/airflow/dags/data226_hwk6_ETL.py took 0.441 seconds
[2025-03-28T00:14:57.819+0000] {processor.py:186} INFO - Started process (PID=30826) to work on /opt/airflow/dags/data226_hwk6_ETL.py
[2025-03-28T00:14:57.828+0000] {processor.py:914} INFO - Processing file /opt/airflow/dags/data226_hwk6_ETL.py for tasks to queue
[2025-03-28T00:14:57.838+0000] {logging_mixin.py:190} INFO - [2025-03-28T00:14:57.838+0000] {dagbag.py:587} INFO - Filling up the DagBag from /opt/airflow/dags/data226_hwk6_ETL.py
[2025-03-28T00:14:57.929+0000] {processor.py:925} INFO - DAG(s) 'user_session_data' retrieved from /opt/airflow/dags/data226_hwk6_ETL.py
[2025-03-28T00:14:58.058+0000] {logging_mixin.py:190} INFO - [2025-03-28T00:14:58.058+0000] {dag.py:3229} INFO - Sync 1 DAGs
[2025-03-28T00:14:58.168+0000] {logging_mixin.py:190} INFO - [2025-03-28T00:14:58.168+0000] {dag.py:4156} INFO - Setting next_dagrun for user_session_data to 2025-03-27 02:30:00+00:00, run_after=2025-03-28 02:30:00+00:00
[2025-03-28T00:14:58.267+0000] {processor.py:208} INFO - Processing /opt/airflow/dags/data226_hwk6_ETL.py took 0.470 seconds
[2025-03-28T00:15:29.047+0000] {processor.py:186} INFO - Started process (PID=30848) to work on /opt/airflow/dags/data226_hwk6_ETL.py
[2025-03-28T00:15:29.047+0000] {processor.py:914} INFO - Processing file /opt/airflow/dags/data226_hwk6_ETL.py for tasks to queue
[2025-03-28T00:15:29.066+0000] {logging_mixin.py:190} INFO - [2025-03-28T00:15:29.057+0000] {dagbag.py:587} INFO - Filling up the DagBag from /opt/airflow/dags/data226_hwk6_ETL.py
[2025-03-28T00:15:29.166+0000] {processor.py:925} INFO - DAG(s) 'user_session_data' retrieved from /opt/airflow/dags/data226_hwk6_ETL.py
[2025-03-28T00:15:29.276+0000] {logging_mixin.py:190} INFO - [2025-03-28T00:15:29.267+0000] {dag.py:3229} INFO - Sync 1 DAGs
[2025-03-28T00:15:29.377+0000] {logging_mixin.py:190} INFO - [2025-03-28T00:15:29.377+0000] {dag.py:4156} INFO - Setting next_dagrun for user_session_data to 2025-03-27 02:30:00+00:00, run_after=2025-03-28 02:30:00+00:00
[2025-03-28T00:15:29.477+0000] {processor.py:208} INFO - Processing /opt/airflow/dags/data226_hwk6_ETL.py took 0.460 seconds
[2025-03-28T00:15:59.742+0000] {processor.py:186} INFO - Started process (PID=30869) to work on /opt/airflow/dags/data226_hwk6_ETL.py
[2025-03-28T00:15:59.742+0000] {processor.py:914} INFO - Processing file /opt/airflow/dags/data226_hwk6_ETL.py for tasks to queue
[2025-03-28T00:15:59.753+0000] {logging_mixin.py:190} INFO - [2025-03-28T00:15:59.752+0000] {dagbag.py:587} INFO - Filling up the DagBag from /opt/airflow/dags/data226_hwk6_ETL.py
[2025-03-28T00:15:59.862+0000] {processor.py:925} INFO - DAG(s) 'user_session_data' retrieved from /opt/airflow/dags/data226_hwk6_ETL.py
[2025-03-28T00:15:59.982+0000] {logging_mixin.py:190} INFO - [2025-03-28T00:15:59.982+0000] {dag.py:3229} INFO - Sync 1 DAGs
[2025-03-28T00:16:00.093+0000] {logging_mixin.py:190} INFO - [2025-03-28T00:16:00.092+0000] {dag.py:4156} INFO - Setting next_dagrun for user_session_data to 2025-03-27 02:30:00+00:00, run_after=2025-03-28 02:30:00+00:00
[2025-03-28T00:16:00.182+0000] {processor.py:208} INFO - Processing /opt/airflow/dags/data226_hwk6_ETL.py took 0.470 seconds
[2025-03-28T00:16:30.799+0000] {processor.py:186} INFO - Started process (PID=30892) to work on /opt/airflow/dags/data226_hwk6_ETL.py
[2025-03-28T00:16:30.800+0000] {processor.py:914} INFO - Processing file /opt/airflow/dags/data226_hwk6_ETL.py for tasks to queue
[2025-03-28T00:16:30.819+0000] {logging_mixin.py:190} INFO - [2025-03-28T00:16:30.819+0000] {dagbag.py:587} INFO - Filling up the DagBag from /opt/airflow/dags/data226_hwk6_ETL.py
[2025-03-28T00:16:30.930+0000] {processor.py:925} INFO - DAG(s) 'user_session_data' retrieved from /opt/airflow/dags/data226_hwk6_ETL.py
[2025-03-28T00:16:31.050+0000] {logging_mixin.py:190} INFO - [2025-03-28T00:16:31.050+0000] {dag.py:3229} INFO - Sync 1 DAGs
[2025-03-28T00:16:31.170+0000] {logging_mixin.py:190} INFO - [2025-03-28T00:16:31.170+0000] {dag.py:4156} INFO - Setting next_dagrun for user_session_data to 2025-03-27 02:30:00+00:00, run_after=2025-03-28 02:30:00+00:00
[2025-03-28T00:16:31.289+0000] {processor.py:208} INFO - Processing /opt/airflow/dags/data226_hwk6_ETL.py took 0.520 seconds
[2025-03-28T00:17:01.590+0000] {processor.py:186} INFO - Started process (PID=30913) to work on /opt/airflow/dags/data226_hwk6_ETL.py
[2025-03-28T00:17:01.591+0000] {processor.py:914} INFO - Processing file /opt/airflow/dags/data226_hwk6_ETL.py for tasks to queue
[2025-03-28T00:17:01.601+0000] {logging_mixin.py:190} INFO - [2025-03-28T00:17:01.601+0000] {dagbag.py:587} INFO - Filling up the DagBag from /opt/airflow/dags/data226_hwk6_ETL.py
[2025-03-28T00:17:01.721+0000] {processor.py:925} INFO - DAG(s) 'user_session_data' retrieved from /opt/airflow/dags/data226_hwk6_ETL.py
[2025-03-28T00:17:01.831+0000] {logging_mixin.py:190} INFO - [2025-03-28T00:17:01.831+0000] {dag.py:3229} INFO - Sync 1 DAGs
[2025-03-28T00:17:01.950+0000] {logging_mixin.py:190} INFO - [2025-03-28T00:17:01.950+0000] {dag.py:4156} INFO - Setting next_dagrun for user_session_data to 2025-03-27 02:30:00+00:00, run_after=2025-03-28 02:30:00+00:00
[2025-03-28T00:17:02.041+0000] {processor.py:208} INFO - Processing /opt/airflow/dags/data226_hwk6_ETL.py took 0.481 seconds
[2025-03-28T00:17:32.329+0000] {processor.py:186} INFO - Started process (PID=30932) to work on /opt/airflow/dags/data226_hwk6_ETL.py
[2025-03-28T00:17:32.338+0000] {processor.py:914} INFO - Processing file /opt/airflow/dags/data226_hwk6_ETL.py for tasks to queue
[2025-03-28T00:17:32.348+0000] {logging_mixin.py:190} INFO - [2025-03-28T00:17:32.348+0000] {dagbag.py:587} INFO - Filling up the DagBag from /opt/airflow/dags/data226_hwk6_ETL.py
[2025-03-28T00:17:32.467+0000] {processor.py:925} INFO - DAG(s) 'user_session_data' retrieved from /opt/airflow/dags/data226_hwk6_ETL.py
[2025-03-28T00:17:32.578+0000] {logging_mixin.py:190} INFO - [2025-03-28T00:17:32.578+0000] {dag.py:3229} INFO - Sync 1 DAGs
[2025-03-28T00:17:32.708+0000] {logging_mixin.py:190} INFO - [2025-03-28T00:17:32.699+0000] {dag.py:4156} INFO - Setting next_dagrun for user_session_data to 2025-03-27 02:30:00+00:00, run_after=2025-03-28 02:30:00+00:00
[2025-03-28T00:17:32.808+0000] {processor.py:208} INFO - Processing /opt/airflow/dags/data226_hwk6_ETL.py took 0.510 seconds
[2025-03-28T00:18:03.580+0000] {processor.py:186} INFO - Started process (PID=30955) to work on /opt/airflow/dags/data226_hwk6_ETL.py
[2025-03-28T00:18:03.581+0000] {processor.py:914} INFO - Processing file /opt/airflow/dags/data226_hwk6_ETL.py for tasks to queue
[2025-03-28T00:18:03.591+0000] {logging_mixin.py:190} INFO - [2025-03-28T00:18:03.591+0000] {dagbag.py:587} INFO - Filling up the DagBag from /opt/airflow/dags/data226_hwk6_ETL.py
[2025-03-28T00:18:03.691+0000] {processor.py:925} INFO - DAG(s) 'user_session_data' retrieved from /opt/airflow/dags/data226_hwk6_ETL.py
[2025-03-28T00:18:03.821+0000] {logging_mixin.py:190} INFO - [2025-03-28T00:18:03.821+0000] {dag.py:3229} INFO - Sync 1 DAGs
[2025-03-28T00:18:03.950+0000] {logging_mixin.py:190} INFO - [2025-03-28T00:18:03.950+0000] {dag.py:4156} INFO - Setting next_dagrun for user_session_data to 2025-03-27 02:30:00+00:00, run_after=2025-03-28 02:30:00+00:00
[2025-03-28T00:18:04.051+0000] {processor.py:208} INFO - Processing /opt/airflow/dags/data226_hwk6_ETL.py took 0.510 seconds
[2025-03-28T00:18:34.471+0000] {processor.py:186} INFO - Started process (PID=30974) to work on /opt/airflow/dags/data226_hwk6_ETL.py
[2025-03-28T00:18:34.491+0000] {processor.py:914} INFO - Processing file /opt/airflow/dags/data226_hwk6_ETL.py for tasks to queue
[2025-03-28T00:18:34.510+0000] {logging_mixin.py:190} INFO - [2025-03-28T00:18:34.501+0000] {dagbag.py:587} INFO - Filling up the DagBag from /opt/airflow/dags/data226_hwk6_ETL.py
[2025-03-28T00:18:34.610+0000] {processor.py:925} INFO - DAG(s) 'user_session_data' retrieved from /opt/airflow/dags/data226_hwk6_ETL.py
[2025-03-28T00:18:34.740+0000] {logging_mixin.py:190} INFO - [2025-03-28T00:18:34.731+0000] {dag.py:3229} INFO - Sync 1 DAGs
[2025-03-28T00:18:34.851+0000] {logging_mixin.py:190} INFO - [2025-03-28T00:18:34.851+0000] {dag.py:4156} INFO - Setting next_dagrun for user_session_data to 2025-03-27 02:30:00+00:00, run_after=2025-03-28 02:30:00+00:00
[2025-03-28T00:18:34.961+0000] {processor.py:208} INFO - Processing /opt/airflow/dags/data226_hwk6_ETL.py took 0.520 seconds
[2025-03-28T00:19:05.313+0000] {processor.py:186} INFO - Started process (PID=30995) to work on /opt/airflow/dags/data226_hwk6_ETL.py
[2025-03-28T00:19:05.314+0000] {processor.py:914} INFO - Processing file /opt/airflow/dags/data226_hwk6_ETL.py for tasks to queue
[2025-03-28T00:19:05.334+0000] {logging_mixin.py:190} INFO - [2025-03-28T00:19:05.333+0000] {dagbag.py:587} INFO - Filling up the DagBag from /opt/airflow/dags/data226_hwk6_ETL.py
[2025-03-28T00:19:05.504+0000] {processor.py:925} INFO - DAG(s) 'user_session_data' retrieved from /opt/airflow/dags/data226_hwk6_ETL.py
[2025-03-28T00:19:05.654+0000] {logging_mixin.py:190} INFO - [2025-03-28T00:19:05.654+0000] {dag.py:3229} INFO - Sync 1 DAGs
[2025-03-28T00:19:05.804+0000] {logging_mixin.py:190} INFO - [2025-03-28T00:19:05.804+0000] {dag.py:4156} INFO - Setting next_dagrun for user_session_data to 2025-03-27 02:30:00+00:00, run_after=2025-03-28 02:30:00+00:00
[2025-03-28T00:19:05.925+0000] {processor.py:208} INFO - Processing /opt/airflow/dags/data226_hwk6_ETL.py took 0.650 seconds
[2025-03-28T00:19:36.274+0000] {processor.py:186} INFO - Started process (PID=31016) to work on /opt/airflow/dags/data226_hwk6_ETL.py
[2025-03-28T00:19:36.284+0000] {processor.py:914} INFO - Processing file /opt/airflow/dags/data226_hwk6_ETL.py for tasks to queue
[2025-03-28T00:19:36.294+0000] {logging_mixin.py:190} INFO - [2025-03-28T00:19:36.294+0000] {dagbag.py:587} INFO - Filling up the DagBag from /opt/airflow/dags/data226_hwk6_ETL.py
[2025-03-28T00:19:36.424+0000] {processor.py:925} INFO - DAG(s) 'user_session_data' retrieved from /opt/airflow/dags/data226_hwk6_ETL.py
[2025-03-28T00:19:36.565+0000] {logging_mixin.py:190} INFO - [2025-03-28T00:19:36.564+0000] {dag.py:3229} INFO - Sync 1 DAGs
[2025-03-28T00:19:36.694+0000] {logging_mixin.py:190} INFO - [2025-03-28T00:19:36.694+0000] {dag.py:4156} INFO - Setting next_dagrun for user_session_data to 2025-03-27 02:30:00+00:00, run_after=2025-03-28 02:30:00+00:00
[2025-03-28T00:19:36.834+0000] {processor.py:208} INFO - Processing /opt/airflow/dags/data226_hwk6_ETL.py took 0.600 seconds
[2025-03-28T00:20:07.320+0000] {processor.py:186} INFO - Started process (PID=31037) to work on /opt/airflow/dags/data226_hwk6_ETL.py
[2025-03-28T00:20:07.330+0000] {processor.py:914} INFO - Processing file /opt/airflow/dags/data226_hwk6_ETL.py for tasks to queue
[2025-03-28T00:20:07.349+0000] {logging_mixin.py:190} INFO - [2025-03-28T00:20:07.349+0000] {dagbag.py:587} INFO - Filling up the DagBag from /opt/airflow/dags/data226_hwk6_ETL.py
[2025-03-28T00:20:07.489+0000] {processor.py:925} INFO - DAG(s) 'user_session_data' retrieved from /opt/airflow/dags/data226_hwk6_ETL.py
[2025-03-28T00:20:07.620+0000] {logging_mixin.py:190} INFO - [2025-03-28T00:20:07.620+0000] {dag.py:3229} INFO - Sync 1 DAGs
[2025-03-28T00:20:07.769+0000] {logging_mixin.py:190} INFO - [2025-03-28T00:20:07.760+0000] {dag.py:4156} INFO - Setting next_dagrun for user_session_data to 2025-03-27 02:30:00+00:00, run_after=2025-03-28 02:30:00+00:00
[2025-03-28T00:20:07.890+0000] {processor.py:208} INFO - Processing /opt/airflow/dags/data226_hwk6_ETL.py took 0.600 seconds
[2025-03-28T00:20:38.302+0000] {processor.py:186} INFO - Started process (PID=31058) to work on /opt/airflow/dags/data226_hwk6_ETL.py
[2025-03-28T00:20:38.302+0000] {processor.py:914} INFO - Processing file /opt/airflow/dags/data226_hwk6_ETL.py for tasks to queue
[2025-03-28T00:20:38.322+0000] {logging_mixin.py:190} INFO - [2025-03-28T00:20:38.321+0000] {dagbag.py:587} INFO - Filling up the DagBag from /opt/airflow/dags/data226_hwk6_ETL.py
[2025-03-28T00:20:38.432+0000] {processor.py:925} INFO - DAG(s) 'user_session_data' retrieved from /opt/airflow/dags/data226_hwk6_ETL.py
[2025-03-28T00:20:38.612+0000] {logging_mixin.py:190} INFO - [2025-03-28T00:20:38.602+0000] {dag.py:3229} INFO - Sync 1 DAGs
[2025-03-28T00:20:38.792+0000] {logging_mixin.py:190} INFO - [2025-03-28T00:20:38.792+0000] {dag.py:4156} INFO - Setting next_dagrun for user_session_data to 2025-03-27 02:30:00+00:00, run_after=2025-03-28 02:30:00+00:00
[2025-03-28T00:20:38.982+0000] {processor.py:208} INFO - Processing /opt/airflow/dags/data226_hwk6_ETL.py took 0.719 seconds
[2025-03-28T00:21:09.586+0000] {processor.py:186} INFO - Started process (PID=31079) to work on /opt/airflow/dags/data226_hwk6_ETL.py
[2025-03-28T00:21:09.596+0000] {processor.py:914} INFO - Processing file /opt/airflow/dags/data226_hwk6_ETL.py for tasks to queue
[2025-03-28T00:21:09.606+0000] {logging_mixin.py:190} INFO - [2025-03-28T00:21:09.606+0000] {dagbag.py:587} INFO - Filling up the DagBag from /opt/airflow/dags/data226_hwk6_ETL.py
[2025-03-28T00:21:09.756+0000] {processor.py:925} INFO - DAG(s) 'user_session_data' retrieved from /opt/airflow/dags/data226_hwk6_ETL.py
[2025-03-28T00:21:09.917+0000] {logging_mixin.py:190} INFO - [2025-03-28T00:21:09.916+0000] {dag.py:3229} INFO - Sync 1 DAGs
[2025-03-28T00:21:10.086+0000] {logging_mixin.py:190} INFO - [2025-03-28T00:21:10.086+0000] {dag.py:4156} INFO - Setting next_dagrun for user_session_data to 2025-03-27 02:30:00+00:00, run_after=2025-03-28 02:30:00+00:00
[2025-03-28T00:21:10.216+0000] {processor.py:208} INFO - Processing /opt/airflow/dags/data226_hwk6_ETL.py took 0.670 seconds
[2025-03-28T00:21:40.861+0000] {processor.py:186} INFO - Started process (PID=31100) to work on /opt/airflow/dags/data226_hwk6_ETL.py
[2025-03-28T00:21:40.870+0000] {processor.py:914} INFO - Processing file /opt/airflow/dags/data226_hwk6_ETL.py for tasks to queue
[2025-03-28T00:21:40.890+0000] {logging_mixin.py:190} INFO - [2025-03-28T00:21:40.890+0000] {dagbag.py:587} INFO - Filling up the DagBag from /opt/airflow/dags/data226_hwk6_ETL.py
[2025-03-28T00:21:41.040+0000] {processor.py:925} INFO - DAG(s) 'user_session_data' retrieved from /opt/airflow/dags/data226_hwk6_ETL.py
[2025-03-28T00:21:41.200+0000] {logging_mixin.py:190} INFO - [2025-03-28T00:21:41.200+0000] {dag.py:3229} INFO - Sync 1 DAGs
[2025-03-28T00:21:41.350+0000] {logging_mixin.py:190} INFO - [2025-03-28T00:21:41.341+0000] {dag.py:4156} INFO - Setting next_dagrun for user_session_data to 2025-03-27 02:30:00+00:00, run_after=2025-03-28 02:30:00+00:00
[2025-03-28T00:21:41.470+0000] {processor.py:208} INFO - Processing /opt/airflow/dags/data226_hwk6_ETL.py took 0.660 seconds
[2025-03-28T00:22:12.157+0000] {processor.py:186} INFO - Started process (PID=31121) to work on /opt/airflow/dags/data226_hwk6_ETL.py
[2025-03-28T00:22:12.166+0000] {processor.py:914} INFO - Processing file /opt/airflow/dags/data226_hwk6_ETL.py for tasks to queue
[2025-03-28T00:22:12.177+0000] {logging_mixin.py:190} INFO - [2025-03-28T00:22:12.177+0000] {dagbag.py:587} INFO - Filling up the DagBag from /opt/airflow/dags/data226_hwk6_ETL.py
[2025-03-28T00:22:12.327+0000] {processor.py:925} INFO - DAG(s) 'user_session_data' retrieved from /opt/airflow/dags/data226_hwk6_ETL.py
[2025-03-28T00:22:12.496+0000] {logging_mixin.py:190} INFO - [2025-03-28T00:22:12.487+0000] {dag.py:3229} INFO - Sync 1 DAGs
[2025-03-28T00:22:12.647+0000] {logging_mixin.py:190} INFO - [2025-03-28T00:22:12.647+0000] {dag.py:4156} INFO - Setting next_dagrun for user_session_data to 2025-03-27 02:30:00+00:00, run_after=2025-03-28 02:30:00+00:00
[2025-03-28T00:22:12.776+0000] {processor.py:208} INFO - Processing /opt/airflow/dags/data226_hwk6_ETL.py took 0.660 seconds
[2025-03-28T00:22:43.569+0000] {processor.py:186} INFO - Started process (PID=31142) to work on /opt/airflow/dags/data226_hwk6_ETL.py
[2025-03-28T00:22:43.570+0000] {processor.py:914} INFO - Processing file /opt/airflow/dags/data226_hwk6_ETL.py for tasks to queue
[2025-03-28T00:22:43.589+0000] {logging_mixin.py:190} INFO - [2025-03-28T00:22:43.589+0000] {dagbag.py:587} INFO - Filling up the DagBag from /opt/airflow/dags/data226_hwk6_ETL.py
[2025-03-28T00:22:43.740+0000] {processor.py:925} INFO - DAG(s) 'user_session_data' retrieved from /opt/airflow/dags/data226_hwk6_ETL.py
[2025-03-28T00:22:43.919+0000] {logging_mixin.py:190} INFO - [2025-03-28T00:22:43.910+0000] {dag.py:3229} INFO - Sync 1 DAGs
[2025-03-28T00:22:44.080+0000] {logging_mixin.py:190} INFO - [2025-03-28T00:22:44.079+0000] {dag.py:4156} INFO - Setting next_dagrun for user_session_data to 2025-03-27 02:30:00+00:00, run_after=2025-03-28 02:30:00+00:00
[2025-03-28T00:22:44.229+0000] {processor.py:208} INFO - Processing /opt/airflow/dags/data226_hwk6_ETL.py took 0.710 seconds
[2025-03-28T00:23:14.719+0000] {processor.py:186} INFO - Started process (PID=31163) to work on /opt/airflow/dags/data226_hwk6_ETL.py
[2025-03-28T00:23:14.729+0000] {processor.py:914} INFO - Processing file /opt/airflow/dags/data226_hwk6_ETL.py for tasks to queue
[2025-03-28T00:23:14.740+0000] {logging_mixin.py:190} INFO - [2025-03-28T00:23:14.740+0000] {dagbag.py:587} INFO - Filling up the DagBag from /opt/airflow/dags/data226_hwk6_ETL.py
[2025-03-28T00:23:14.890+0000] {processor.py:925} INFO - DAG(s) 'user_session_data' retrieved from /opt/airflow/dags/data226_hwk6_ETL.py
[2025-03-28T00:23:15.060+0000] {logging_mixin.py:190} INFO - [2025-03-28T00:23:15.060+0000] {dag.py:3229} INFO - Sync 1 DAGs
[2025-03-28T00:23:15.230+0000] {logging_mixin.py:190} INFO - [2025-03-28T00:23:15.230+0000] {dag.py:4156} INFO - Setting next_dagrun for user_session_data to 2025-03-27 02:30:00+00:00, run_after=2025-03-28 02:30:00+00:00
[2025-03-28T00:23:15.370+0000] {processor.py:208} INFO - Processing /opt/airflow/dags/data226_hwk6_ETL.py took 0.699 seconds
[2025-03-28T00:23:46.568+0000] {processor.py:186} INFO - Started process (PID=31184) to work on /opt/airflow/dags/data226_hwk6_ETL.py
[2025-03-28T00:23:46.569+0000] {processor.py:914} INFO - Processing file /opt/airflow/dags/data226_hwk6_ETL.py for tasks to queue
[2025-03-28T00:23:46.588+0000] {logging_mixin.py:190} INFO - [2025-03-28T00:23:46.588+0000] {dagbag.py:587} INFO - Filling up the DagBag from /opt/airflow/dags/data226_hwk6_ETL.py
[2025-03-28T00:23:46.729+0000] {processor.py:925} INFO - DAG(s) 'user_session_data' retrieved from /opt/airflow/dags/data226_hwk6_ETL.py
[2025-03-28T00:23:46.919+0000] {logging_mixin.py:190} INFO - [2025-03-28T00:23:46.918+0000] {dag.py:3229} INFO - Sync 1 DAGs
[2025-03-28T00:23:47.099+0000] {logging_mixin.py:190} INFO - [2025-03-28T00:23:47.098+0000] {dag.py:4156} INFO - Setting next_dagrun for user_session_data to 2025-03-27 02:30:00+00:00, run_after=2025-03-28 02:30:00+00:00
[2025-03-28T00:23:47.258+0000] {processor.py:208} INFO - Processing /opt/airflow/dags/data226_hwk6_ETL.py took 0.730 seconds
[2025-03-28T00:24:18.499+0000] {processor.py:186} INFO - Started process (PID=31204) to work on /opt/airflow/dags/data226_hwk6_ETL.py
[2025-03-28T00:24:18.509+0000] {processor.py:914} INFO - Processing file /opt/airflow/dags/data226_hwk6_ETL.py for tasks to queue
[2025-03-28T00:24:18.529+0000] {logging_mixin.py:190} INFO - [2025-03-28T00:24:18.519+0000] {dagbag.py:587} INFO - Filling up the DagBag from /opt/airflow/dags/data226_hwk6_ETL.py
[2025-03-28T00:24:18.679+0000] {processor.py:925} INFO - DAG(s) 'user_session_data' retrieved from /opt/airflow/dags/data226_hwk6_ETL.py
[2025-03-28T00:24:18.870+0000] {logging_mixin.py:190} INFO - [2025-03-28T00:24:18.869+0000] {dag.py:3229} INFO - Sync 1 DAGs
[2025-03-28T00:24:19.059+0000] {logging_mixin.py:190} INFO - [2025-03-28T00:24:19.050+0000] {dag.py:4156} INFO - Setting next_dagrun for user_session_data to 2025-03-27 02:30:00+00:00, run_after=2025-03-28 02:30:00+00:00
[2025-03-28T00:24:19.209+0000] {processor.py:208} INFO - Processing /opt/airflow/dags/data226_hwk6_ETL.py took 0.759 seconds
[2025-03-28T00:24:50.490+0000] {processor.py:186} INFO - Started process (PID=31226) to work on /opt/airflow/dags/data226_hwk6_ETL.py
[2025-03-28T00:24:50.500+0000] {processor.py:914} INFO - Processing file /opt/airflow/dags/data226_hwk6_ETL.py for tasks to queue
[2025-03-28T00:24:50.520+0000] {logging_mixin.py:190} INFO - [2025-03-28T00:24:50.519+0000] {dagbag.py:587} INFO - Filling up the DagBag from /opt/airflow/dags/data226_hwk6_ETL.py
[2025-03-28T00:24:50.699+0000] {processor.py:925} INFO - DAG(s) 'user_session_data' retrieved from /opt/airflow/dags/data226_hwk6_ETL.py
[2025-03-28T00:24:50.928+0000] {logging_mixin.py:190} INFO - [2025-03-28T00:24:50.919+0000] {dag.py:3229} INFO - Sync 1 DAGs
[2025-03-28T00:24:51.129+0000] {logging_mixin.py:190} INFO - [2025-03-28T00:24:51.119+0000] {dag.py:4156} INFO - Setting next_dagrun for user_session_data to 2025-03-27 02:30:00+00:00, run_after=2025-03-28 02:30:00+00:00
[2025-03-28T00:24:51.299+0000] {processor.py:208} INFO - Processing /opt/airflow/dags/data226_hwk6_ETL.py took 0.870 seconds
[2025-03-28T00:25:21.857+0000] {processor.py:186} INFO - Started process (PID=31247) to work on /opt/airflow/dags/data226_hwk6_ETL.py
[2025-03-28T00:25:21.866+0000] {processor.py:914} INFO - Processing file /opt/airflow/dags/data226_hwk6_ETL.py for tasks to queue
[2025-03-28T00:25:21.896+0000] {logging_mixin.py:190} INFO - [2025-03-28T00:25:21.887+0000] {dagbag.py:587} INFO - Filling up the DagBag from /opt/airflow/dags/data226_hwk6_ETL.py
[2025-03-28T00:25:22.077+0000] {processor.py:925} INFO - DAG(s) 'user_session_data' retrieved from /opt/airflow/dags/data226_hwk6_ETL.py
[2025-03-28T00:25:22.317+0000] {logging_mixin.py:190} INFO - [2025-03-28T00:25:22.317+0000] {dag.py:3229} INFO - Sync 1 DAGs
[2025-03-28T00:25:22.537+0000] {logging_mixin.py:190} INFO - [2025-03-28T00:25:22.537+0000] {dag.py:4156} INFO - Setting next_dagrun for user_session_data to 2025-03-27 02:30:00+00:00, run_after=2025-03-28 02:30:00+00:00
[2025-03-28T00:25:22.727+0000] {processor.py:208} INFO - Processing /opt/airflow/dags/data226_hwk6_ETL.py took 0.930 seconds
[2025-03-28T00:25:53.295+0000] {processor.py:186} INFO - Started process (PID=31268) to work on /opt/airflow/dags/data226_hwk6_ETL.py
[2025-03-28T00:25:53.305+0000] {processor.py:914} INFO - Processing file /opt/airflow/dags/data226_hwk6_ETL.py for tasks to queue
[2025-03-28T00:25:53.325+0000] {logging_mixin.py:190} INFO - [2025-03-28T00:25:53.325+0000] {dagbag.py:587} INFO - Filling up the DagBag from /opt/airflow/dags/data226_hwk6_ETL.py
[2025-03-28T00:25:53.525+0000] {processor.py:925} INFO - DAG(s) 'user_session_data' retrieved from /opt/airflow/dags/data226_hwk6_ETL.py
[2025-03-28T00:25:53.775+0000] {logging_mixin.py:190} INFO - [2025-03-28T00:25:53.765+0000] {dag.py:3229} INFO - Sync 1 DAGs
[2025-03-28T00:25:53.985+0000] {logging_mixin.py:190} INFO - [2025-03-28T00:25:53.975+0000] {dag.py:4156} INFO - Setting next_dagrun for user_session_data to 2025-03-27 02:30:00+00:00, run_after=2025-03-28 02:30:00+00:00
[2025-03-28T00:25:54.195+0000] {processor.py:208} INFO - Processing /opt/airflow/dags/data226_hwk6_ETL.py took 0.950 seconds
[2025-03-28T00:26:24.844+0000] {processor.py:186} INFO - Started process (PID=31288) to work on /opt/airflow/dags/data226_hwk6_ETL.py
[2025-03-28T00:26:24.854+0000] {processor.py:914} INFO - Processing file /opt/airflow/dags/data226_hwk6_ETL.py for tasks to queue
[2025-03-28T00:26:24.883+0000] {logging_mixin.py:190} INFO - [2025-03-28T00:26:24.874+0000] {dagbag.py:587} INFO - Filling up the DagBag from /opt/airflow/dags/data226_hwk6_ETL.py
[2025-03-28T00:26:25.073+0000] {processor.py:925} INFO - DAG(s) 'user_session_data' retrieved from /opt/airflow/dags/data226_hwk6_ETL.py
[2025-03-28T00:26:25.303+0000] {logging_mixin.py:190} INFO - [2025-03-28T00:26:25.303+0000] {dag.py:3229} INFO - Sync 1 DAGs
[2025-03-28T00:26:25.533+0000] {logging_mixin.py:190} INFO - [2025-03-28T00:26:25.533+0000] {dag.py:4156} INFO - Setting next_dagrun for user_session_data to 2025-03-27 02:30:00+00:00, run_after=2025-03-28 02:30:00+00:00
[2025-03-28T00:26:25.734+0000] {processor.py:208} INFO - Processing /opt/airflow/dags/data226_hwk6_ETL.py took 0.940 seconds
[2025-03-28T00:26:56.522+0000] {processor.py:186} INFO - Started process (PID=31309) to work on /opt/airflow/dags/data226_hwk6_ETL.py
[2025-03-28T00:26:56.532+0000] {processor.py:914} INFO - Processing file /opt/airflow/dags/data226_hwk6_ETL.py for tasks to queue
[2025-03-28T00:26:56.562+0000] {logging_mixin.py:190} INFO - [2025-03-28T00:26:56.552+0000] {dagbag.py:587} INFO - Filling up the DagBag from /opt/airflow/dags/data226_hwk6_ETL.py
[2025-03-28T00:26:56.812+0000] {processor.py:925} INFO - DAG(s) 'user_session_data' retrieved from /opt/airflow/dags/data226_hwk6_ETL.py
[2025-03-28T00:26:57.102+0000] {logging_mixin.py:190} INFO - [2025-03-28T00:26:57.092+0000] {dag.py:3229} INFO - Sync 1 DAGs
[2025-03-28T00:26:57.362+0000] {logging_mixin.py:190} INFO - [2025-03-28T00:26:57.361+0000] {dag.py:4156} INFO - Setting next_dagrun for user_session_data to 2025-03-27 02:30:00+00:00, run_after=2025-03-28 02:30:00+00:00
[2025-03-28T00:26:57.572+0000] {processor.py:208} INFO - Processing /opt/airflow/dags/data226_hwk6_ETL.py took 1.120 seconds
[2025-03-28T00:27:28.340+0000] {processor.py:186} INFO - Started process (PID=31330) to work on /opt/airflow/dags/data226_hwk6_ETL.py
[2025-03-28T00:27:28.360+0000] {processor.py:914} INFO - Processing file /opt/airflow/dags/data226_hwk6_ETL.py for tasks to queue
[2025-03-28T00:27:28.390+0000] {logging_mixin.py:190} INFO - [2025-03-28T00:27:28.381+0000] {dagbag.py:587} INFO - Filling up the DagBag from /opt/airflow/dags/data226_hwk6_ETL.py
[2025-03-28T00:27:28.600+0000] {processor.py:925} INFO - DAG(s) 'user_session_data' retrieved from /opt/airflow/dags/data226_hwk6_ETL.py
[2025-03-28T00:27:28.911+0000] {logging_mixin.py:190} INFO - [2025-03-28T00:27:28.901+0000] {dag.py:3229} INFO - Sync 1 DAGs
[2025-03-28T00:27:29.190+0000] {logging_mixin.py:190} INFO - [2025-03-28T00:27:29.181+0000] {dag.py:4156} INFO - Setting next_dagrun for user_session_data to 2025-03-27 02:30:00+00:00, run_after=2025-03-28 02:30:00+00:00
[2025-03-28T00:27:29.430+0000] {processor.py:208} INFO - Processing /opt/airflow/dags/data226_hwk6_ETL.py took 1.160 seconds
[2025-03-28T00:28:00.399+0000] {processor.py:186} INFO - Started process (PID=31351) to work on /opt/airflow/dags/data226_hwk6_ETL.py
[2025-03-28T00:28:00.418+0000] {processor.py:914} INFO - Processing file /opt/airflow/dags/data226_hwk6_ETL.py for tasks to queue
[2025-03-28T00:28:00.448+0000] {logging_mixin.py:190} INFO - [2025-03-28T00:28:00.439+0000] {dagbag.py:587} INFO - Filling up the DagBag from /opt/airflow/dags/data226_hwk6_ETL.py
[2025-03-28T00:28:00.709+0000] {processor.py:925} INFO - DAG(s) 'user_session_data' retrieved from /opt/airflow/dags/data226_hwk6_ETL.py
[2025-03-28T00:28:00.998+0000] {logging_mixin.py:190} INFO - [2025-03-28T00:28:00.989+0000] {dag.py:3229} INFO - Sync 1 DAGs
[2025-03-28T00:28:01.299+0000] {logging_mixin.py:190} INFO - [2025-03-28T00:28:01.298+0000] {dag.py:4156} INFO - Setting next_dagrun for user_session_data to 2025-03-27 02:30:00+00:00, run_after=2025-03-28 02:30:00+00:00
[2025-03-28T00:28:01.579+0000] {processor.py:208} INFO - Processing /opt/airflow/dags/data226_hwk6_ETL.py took 1.250 seconds
[2025-03-28T00:28:32.497+0000] {processor.py:186} INFO - Started process (PID=31373) to work on /opt/airflow/dags/data226_hwk6_ETL.py
[2025-03-28T00:28:32.517+0000] {processor.py:914} INFO - Processing file /opt/airflow/dags/data226_hwk6_ETL.py for tasks to queue
[2025-03-28T00:28:32.547+0000] {logging_mixin.py:190} INFO - [2025-03-28T00:28:32.537+0000] {dagbag.py:587} INFO - Filling up the DagBag from /opt/airflow/dags/data226_hwk6_ETL.py
[2025-03-28T00:28:32.857+0000] {processor.py:925} INFO - DAG(s) 'user_session_data' retrieved from /opt/airflow/dags/data226_hwk6_ETL.py
[2025-03-28T00:28:33.207+0000] {logging_mixin.py:190} INFO - [2025-03-28T00:28:33.207+0000] {dag.py:3229} INFO - Sync 1 DAGs
[2025-03-28T00:28:33.637+0000] {logging_mixin.py:190} INFO - [2025-03-28T00:28:33.637+0000] {dag.py:4156} INFO - Setting next_dagrun for user_session_data to 2025-03-27 02:30:00+00:00, run_after=2025-03-28 02:30:00+00:00
[2025-03-28T00:28:33.987+0000] {processor.py:208} INFO - Processing /opt/airflow/dags/data226_hwk6_ETL.py took 1.579 seconds
[2025-03-28T00:29:04.966+0000] {processor.py:186} INFO - Started process (PID=31400) to work on /opt/airflow/dags/data226_hwk6_ETL.py
[2025-03-28T00:29:04.976+0000] {processor.py:914} INFO - Processing file /opt/airflow/dags/data226_hwk6_ETL.py for tasks to queue
[2025-03-28T00:29:05.006+0000] {logging_mixin.py:190} INFO - [2025-03-28T00:29:05.006+0000] {dagbag.py:587} INFO - Filling up the DagBag from /opt/airflow/dags/data226_hwk6_ETL.py
[2025-03-28T00:29:05.286+0000] {processor.py:925} INFO - DAG(s) 'user_session_data' retrieved from /opt/airflow/dags/data226_hwk6_ETL.py
[2025-03-28T00:29:05.596+0000] {logging_mixin.py:190} INFO - [2025-03-28T00:29:05.586+0000] {dag.py:3229} INFO - Sync 1 DAGs
[2025-03-28T00:29:05.906+0000] {logging_mixin.py:190} INFO - [2025-03-28T00:29:05.906+0000] {dag.py:4156} INFO - Setting next_dagrun for user_session_data to 2025-03-27 02:30:00+00:00, run_after=2025-03-28 02:30:00+00:00
[2025-03-28T00:29:06.166+0000] {processor.py:208} INFO - Processing /opt/airflow/dags/data226_hwk6_ETL.py took 1.270 seconds
[2025-03-28T00:29:37.214+0000] {processor.py:186} INFO - Started process (PID=31421) to work on /opt/airflow/dags/data226_hwk6_ETL.py
[2025-03-28T00:29:37.234+0000] {processor.py:914} INFO - Processing file /opt/airflow/dags/data226_hwk6_ETL.py for tasks to queue
[2025-03-28T00:29:37.264+0000] {logging_mixin.py:190} INFO - [2025-03-28T00:29:37.264+0000] {dagbag.py:587} INFO - Filling up the DagBag from /opt/airflow/dags/data226_hwk6_ETL.py
[2025-03-28T00:29:37.524+0000] {processor.py:925} INFO - DAG(s) 'user_session_data' retrieved from /opt/airflow/dags/data226_hwk6_ETL.py
[2025-03-28T00:29:37.834+0000] {logging_mixin.py:190} INFO - [2025-03-28T00:29:37.834+0000] {dag.py:3229} INFO - Sync 1 DAGs
[2025-03-28T00:29:38.164+0000] {logging_mixin.py:190} INFO - [2025-03-28T00:29:38.164+0000] {dag.py:4156} INFO - Setting next_dagrun for user_session_data to 2025-03-27 02:30:00+00:00, run_after=2025-03-28 02:30:00+00:00
[2025-03-28T00:29:38.454+0000] {processor.py:208} INFO - Processing /opt/airflow/dags/data226_hwk6_ETL.py took 1.320 seconds
[2025-03-28T00:30:09.223+0000] {processor.py:186} INFO - Started process (PID=31442) to work on /opt/airflow/dags/data226_hwk6_ETL.py
[2025-03-28T00:30:09.233+0000] {processor.py:914} INFO - Processing file /opt/airflow/dags/data226_hwk6_ETL.py for tasks to queue
[2025-03-28T00:30:09.273+0000] {logging_mixin.py:190} INFO - [2025-03-28T00:30:09.263+0000] {dagbag.py:587} INFO - Filling up the DagBag from /opt/airflow/dags/data226_hwk6_ETL.py
[2025-03-28T00:30:09.583+0000] {processor.py:925} INFO - DAG(s) 'user_session_data' retrieved from /opt/airflow/dags/data226_hwk6_ETL.py
[2025-03-28T00:30:09.992+0000] {logging_mixin.py:190} INFO - [2025-03-28T00:30:09.983+0000] {dag.py:3229} INFO - Sync 1 DAGs
[2025-03-28T00:30:10.343+0000] {logging_mixin.py:190} INFO - [2025-03-28T00:30:10.342+0000] {dag.py:4156} INFO - Setting next_dagrun for user_session_data to 2025-03-27 02:30:00+00:00, run_after=2025-03-28 02:30:00+00:00
[2025-03-28T00:30:10.633+0000] {processor.py:208} INFO - Processing /opt/airflow/dags/data226_hwk6_ETL.py took 1.500 seconds
[2025-03-28T00:30:41.701+0000] {processor.py:186} INFO - Started process (PID=31463) to work on /opt/airflow/dags/data226_hwk6_ETL.py
[2025-03-28T00:30:41.712+0000] {processor.py:914} INFO - Processing file /opt/airflow/dags/data226_hwk6_ETL.py for tasks to queue
[2025-03-28T00:30:41.771+0000] {logging_mixin.py:190} INFO - [2025-03-28T00:30:41.761+0000] {dagbag.py:587} INFO - Filling up the DagBag from /opt/airflow/dags/data226_hwk6_ETL.py
[2025-03-28T00:30:42.061+0000] {processor.py:925} INFO - DAG(s) 'user_session_data' retrieved from /opt/airflow/dags/data226_hwk6_ETL.py
[2025-03-28T00:30:42.462+0000] {logging_mixin.py:190} INFO - [2025-03-28T00:30:42.452+0000] {dag.py:3229} INFO - Sync 1 DAGs
[2025-03-28T00:30:42.861+0000] {logging_mixin.py:190} INFO - [2025-03-28T00:30:42.851+0000] {dag.py:4156} INFO - Setting next_dagrun for user_session_data to 2025-03-27 02:30:00+00:00, run_after=2025-03-28 02:30:00+00:00
[2025-03-28T00:30:43.181+0000] {processor.py:208} INFO - Processing /opt/airflow/dags/data226_hwk6_ETL.py took 1.590 seconds
[2025-03-28T00:31:14.080+0000] {processor.py:186} INFO - Started process (PID=31484) to work on /opt/airflow/dags/data226_hwk6_ETL.py
[2025-03-28T00:31:14.100+0000] {processor.py:914} INFO - Processing file /opt/airflow/dags/data226_hwk6_ETL.py for tasks to queue
[2025-03-28T00:31:14.140+0000] {logging_mixin.py:190} INFO - [2025-03-28T00:31:14.139+0000] {dagbag.py:587} INFO - Filling up the DagBag from /opt/airflow/dags/data226_hwk6_ETL.py
[2025-03-28T00:31:14.449+0000] {processor.py:925} INFO - DAG(s) 'user_session_data' retrieved from /opt/airflow/dags/data226_hwk6_ETL.py
[2025-03-28T00:31:14.909+0000] {logging_mixin.py:190} INFO - [2025-03-28T00:31:14.900+0000] {dag.py:3229} INFO - Sync 1 DAGs
[2025-03-28T00:31:15.330+0000] {logging_mixin.py:190} INFO - [2025-03-28T00:31:15.329+0000] {dag.py:4156} INFO - Setting next_dagrun for user_session_data to 2025-03-27 02:30:00+00:00, run_after=2025-03-28 02:30:00+00:00
[2025-03-28T00:31:15.680+0000] {processor.py:208} INFO - Processing /opt/airflow/dags/data226_hwk6_ETL.py took 1.700 seconds
[2025-03-28T00:31:46.798+0000] {processor.py:186} INFO - Started process (PID=31504) to work on /opt/airflow/dags/data226_hwk6_ETL.py
[2025-03-28T00:31:46.808+0000] {processor.py:914} INFO - Processing file /opt/airflow/dags/data226_hwk6_ETL.py for tasks to queue
[2025-03-28T00:31:46.858+0000] {logging_mixin.py:190} INFO - [2025-03-28T00:31:46.858+0000] {dagbag.py:587} INFO - Filling up the DagBag from /opt/airflow/dags/data226_hwk6_ETL.py
[2025-03-28T00:31:47.228+0000] {processor.py:925} INFO - DAG(s) 'user_session_data' retrieved from /opt/airflow/dags/data226_hwk6_ETL.py
[2025-03-28T00:31:47.768+0000] {logging_mixin.py:190} INFO - [2025-03-28T00:31:47.758+0000] {dag.py:3229} INFO - Sync 1 DAGs
[2025-03-28T00:31:48.308+0000] {logging_mixin.py:190} INFO - [2025-03-28T00:31:48.308+0000] {dag.py:4156} INFO - Setting next_dagrun for user_session_data to 2025-03-27 02:30:00+00:00, run_after=2025-03-28 02:30:00+00:00
[2025-03-28T00:31:48.718+0000] {processor.py:208} INFO - Processing /opt/airflow/dags/data226_hwk6_ETL.py took 2.040 seconds
[2025-03-28T00:32:19.657+0000] {processor.py:186} INFO - Started process (PID=31525) to work on /opt/airflow/dags/data226_hwk6_ETL.py
[2025-03-28T00:32:19.677+0000] {processor.py:914} INFO - Processing file /opt/airflow/dags/data226_hwk6_ETL.py for tasks to queue
[2025-03-28T00:32:19.737+0000] {logging_mixin.py:190} INFO - [2025-03-28T00:32:19.727+0000] {dagbag.py:587} INFO - Filling up the DagBag from /opt/airflow/dags/data226_hwk6_ETL.py
[2025-03-28T00:32:20.167+0000] {processor.py:925} INFO - DAG(s) 'user_session_data' retrieved from /opt/airflow/dags/data226_hwk6_ETL.py
[2025-03-28T00:32:20.717+0000] {logging_mixin.py:190} INFO - [2025-03-28T00:32:20.707+0000] {dag.py:3229} INFO - Sync 1 DAGs
[2025-03-28T00:32:21.246+0000] {logging_mixin.py:190} INFO - [2025-03-28T00:32:21.236+0000] {dag.py:4156} INFO - Setting next_dagrun for user_session_data to 2025-03-27 02:30:00+00:00, run_after=2025-03-28 02:30:00+00:00
[2025-03-28T00:32:21.706+0000] {processor.py:208} INFO - Processing /opt/airflow/dags/data226_hwk6_ETL.py took 2.180 seconds
[2025-03-28T00:32:53.284+0000] {processor.py:186} INFO - Started process (PID=31546) to work on /opt/airflow/dags/data226_hwk6_ETL.py
[2025-03-28T00:32:53.304+0000] {processor.py:914} INFO - Processing file /opt/airflow/dags/data226_hwk6_ETL.py for tasks to queue
[2025-03-28T00:32:53.364+0000] {logging_mixin.py:190} INFO - [2025-03-28T00:32:53.354+0000] {dagbag.py:587} INFO - Filling up the DagBag from /opt/airflow/dags/data226_hwk6_ETL.py
[2025-03-28T00:32:53.754+0000] {processor.py:925} INFO - DAG(s) 'user_session_data' retrieved from /opt/airflow/dags/data226_hwk6_ETL.py
[2025-03-28T00:32:54.354+0000] {logging_mixin.py:190} INFO - [2025-03-28T00:32:54.344+0000] {dag.py:3229} INFO - Sync 1 DAGs
[2025-03-28T00:32:54.954+0000] {logging_mixin.py:190} INFO - [2025-03-28T00:32:54.944+0000] {dag.py:4156} INFO - Setting next_dagrun for user_session_data to 2025-03-27 02:30:00+00:00, run_after=2025-03-28 02:30:00+00:00
[2025-03-28T00:32:55.534+0000] {processor.py:208} INFO - Processing /opt/airflow/dags/data226_hwk6_ETL.py took 2.370 seconds
[2025-03-28T00:33:26.983+0000] {processor.py:186} INFO - Started process (PID=31567) to work on /opt/airflow/dags/data226_hwk6_ETL.py
[2025-03-28T00:33:27.013+0000] {processor.py:914} INFO - Processing file /opt/airflow/dags/data226_hwk6_ETL.py for tasks to queue
[2025-03-28T00:33:27.103+0000] {logging_mixin.py:190} INFO - [2025-03-28T00:33:27.093+0000] {dagbag.py:587} INFO - Filling up the DagBag from /opt/airflow/dags/data226_hwk6_ETL.py
[2025-03-28T00:33:27.703+0000] {processor.py:925} INFO - DAG(s) 'user_session_data' retrieved from /opt/airflow/dags/data226_hwk6_ETL.py
[2025-03-28T00:33:28.453+0000] {logging_mixin.py:190} INFO - [2025-03-28T00:33:28.433+0000] {dag.py:3229} INFO - Sync 1 DAGs
[2025-03-28T00:33:29.293+0000] {logging_mixin.py:190} INFO - [2025-03-28T00:33:29.283+0000] {dag.py:4156} INFO - Setting next_dagrun for user_session_data to 2025-03-27 02:30:00+00:00, run_after=2025-03-28 02:30:00+00:00
[2025-03-28T00:33:30.003+0000] {processor.py:208} INFO - Processing /opt/airflow/dags/data226_hwk6_ETL.py took 3.190 seconds
[2025-03-28T00:34:02.042+0000] {processor.py:186} INFO - Started process (PID=31588) to work on /opt/airflow/dags/data226_hwk6_ETL.py
[2025-03-28T00:34:02.082+0000] {processor.py:914} INFO - Processing file /opt/airflow/dags/data226_hwk6_ETL.py for tasks to queue
[2025-03-28T00:34:02.162+0000] {logging_mixin.py:190} INFO - [2025-03-28T00:34:02.152+0000] {dagbag.py:587} INFO - Filling up the DagBag from /opt/airflow/dags/data226_hwk6_ETL.py
[2025-03-28T00:34:02.782+0000] {processor.py:925} INFO - DAG(s) 'user_session_data' retrieved from /opt/airflow/dags/data226_hwk6_ETL.py
[2025-03-28T00:34:03.572+0000] {logging_mixin.py:190} INFO - [2025-03-28T00:34:03.562+0000] {dag.py:3229} INFO - Sync 1 DAGs
[2025-03-28T00:34:04.632+0000] {logging_mixin.py:190} INFO - [2025-03-28T00:34:04.622+0000] {dag.py:4156} INFO - Setting next_dagrun for user_session_data to 2025-03-27 02:30:00+00:00, run_after=2025-03-28 02:30:00+00:00
[2025-03-28T00:34:05.442+0000] {processor.py:208} INFO - Processing /opt/airflow/dags/data226_hwk6_ETL.py took 3.590 seconds
[2025-03-28T00:34:37.730+0000] {processor.py:186} INFO - Started process (PID=31609) to work on /opt/airflow/dags/data226_hwk6_ETL.py
[2025-03-28T00:34:37.770+0000] {processor.py:914} INFO - Processing file /opt/airflow/dags/data226_hwk6_ETL.py for tasks to queue
[2025-03-28T00:34:37.870+0000] {logging_mixin.py:190} INFO - [2025-03-28T00:34:37.860+0000] {dagbag.py:587} INFO - Filling up the DagBag from /opt/airflow/dags/data226_hwk6_ETL.py
[2025-03-28T00:34:38.680+0000] {processor.py:925} INFO - DAG(s) 'user_session_data' retrieved from /opt/airflow/dags/data226_hwk6_ETL.py
[2025-03-28T00:34:40.620+0000] {logging_mixin.py:190} INFO - [2025-03-28T00:34:40.580+0000] {dag.py:3229} INFO - Sync 1 DAGs
[2025-03-28T00:34:42.690+0000] {logging_mixin.py:190} INFO - [2025-03-28T00:34:42.670+0000] {dag.py:4156} INFO - Setting next_dagrun for user_session_data to 2025-03-27 02:30:00+00:00, run_after=2025-03-28 02:30:00+00:00
[2025-03-28T00:34:44.560+0000] {processor.py:208} INFO - Processing /opt/airflow/dags/data226_hwk6_ETL.py took 7.100 seconds
[2025-03-28T00:35:17.549+0000] {processor.py:186} INFO - Started process (PID=31637) to work on /opt/airflow/dags/data226_hwk6_ETL.py
[2025-03-28T00:35:17.599+0000] {processor.py:914} INFO - Processing file /opt/airflow/dags/data226_hwk6_ETL.py for tasks to queue
[2025-03-28T00:35:17.819+0000] {logging_mixin.py:190} INFO - [2025-03-28T00:35:17.779+0000] {dagbag.py:587} INFO - Filling up the DagBag from /opt/airflow/dags/data226_hwk6_ETL.py
[2025-03-28T00:35:19.299+0000] {processor.py:925} INFO - DAG(s) 'user_session_data' retrieved from /opt/airflow/dags/data226_hwk6_ETL.py
[2025-03-28T00:35:21.437+0000] {logging_mixin.py:190} INFO - [2025-03-28T00:35:21.397+0000] {dag.py:3229} INFO - Sync 1 DAGs
[2025-03-28T00:35:23.467+0000] {logging_mixin.py:190} INFO - [2025-03-28T00:35:23.437+0000] {dag.py:4156} INFO - Setting next_dagrun for user_session_data to 2025-03-27 02:30:00+00:00, run_after=2025-03-28 02:30:00+00:00
[2025-03-28T00:35:24.847+0000] {processor.py:208} INFO - Processing /opt/airflow/dags/data226_hwk6_ETL.py took 7.730 seconds
[2025-03-28T00:35:58.252+0000] {processor.py:186} INFO - Started process (PID=31658) to work on /opt/airflow/dags/data226_hwk6_ETL.py
[2025-03-28T00:35:58.332+0000] {processor.py:914} INFO - Processing file /opt/airflow/dags/data226_hwk6_ETL.py for tasks to queue
[2025-03-28T00:35:58.622+0000] {logging_mixin.py:190} INFO - [2025-03-28T00:35:58.572+0000] {dagbag.py:587} INFO - Filling up the DagBag from /opt/airflow/dags/data226_hwk6_ETL.py
[2025-03-28T00:36:00.292+0000] {processor.py:925} INFO - DAG(s) 'user_session_data' retrieved from /opt/airflow/dags/data226_hwk6_ETL.py
[2025-03-28T00:36:03.372+0000] {logging_mixin.py:190} INFO - [2025-03-28T00:36:03.292+0000] {dag.py:3229} INFO - Sync 1 DAGs
[2025-03-28T00:36:07.192+0000] {logging_mixin.py:190} INFO - [2025-03-28T00:36:07.172+0000] {dag.py:4156} INFO - Setting next_dagrun for user_session_data to 2025-03-27 02:30:00+00:00, run_after=2025-03-28 02:30:00+00:00
[2025-03-28T00:36:09.892+0000] {processor.py:208} INFO - Processing /opt/airflow/dags/data226_hwk6_ETL.py took 12.270 seconds
[2025-03-28T00:37:06.744+0000] {processor.py:186} INFO - Started process (PID=31679) to work on /opt/airflow/dags/data226_hwk6_ETL.py
[2025-03-28T00:37:08.274+0000] {processor.py:914} INFO - Processing file /opt/airflow/dags/data226_hwk6_ETL.py for tasks to queue
[2025-03-28T00:37:14.804+0000] {logging_mixin.py:190} INFO - [2025-03-28T00:37:13.844+0000] {dagbag.py:587} INFO - Filling up the DagBag from /opt/airflow/dags/data226_hwk6_ETL.py
[2025-03-28T00:43:04.880+0000] {processor.py:186} INFO - Started process (PID=207) to work on /opt/airflow/dags/data226_hwk6_ETL.py
[2025-03-28T00:43:04.880+0000] {processor.py:914} INFO - Processing file /opt/airflow/dags/data226_hwk6_ETL.py for tasks to queue
[2025-03-28T00:43:04.882+0000] {logging_mixin.py:190} INFO - [2025-03-28T00:43:04.882+0000] {dagbag.py:587} INFO - Filling up the DagBag from /opt/airflow/dags/data226_hwk6_ETL.py
[2025-03-28T00:43:04.891+0000] {processor.py:925} INFO - DAG(s) 'user_session_data' retrieved from /opt/airflow/dags/data226_hwk6_ETL.py
[2025-03-28T00:43:04.905+0000] {logging_mixin.py:190} INFO - [2025-03-28T00:43:04.905+0000] {dag.py:3229} INFO - Sync 1 DAGs
[2025-03-28T00:43:04.921+0000] {logging_mixin.py:190} INFO - [2025-03-28T00:43:04.921+0000] {dag.py:4156} INFO - Setting next_dagrun for user_session_data to 2025-03-27 02:30:00+00:00, run_after=2025-03-28 02:30:00+00:00
[2025-03-28T00:43:04.933+0000] {processor.py:208} INFO - Processing /opt/airflow/dags/data226_hwk6_ETL.py took 0.057 seconds
