[2025-03-27T01:02:01.659+0000] {local_task_job_runner.py:123} INFO - ::group::Pre task execution logs
[2025-03-27T01:02:01.668+0000] {taskinstance.py:2612} INFO - Dependencies all met for dep_context=non-requeueable deps ti=<TaskInstance: user_session_data.ETL manual__2025-03-27T01:02:00.186514+00:00 [queued]>
[2025-03-27T01:02:01.673+0000] {taskinstance.py:2612} INFO - Dependencies all met for dep_context=requeueable deps ti=<TaskInstance: user_session_data.ETL manual__2025-03-27T01:02:00.186514+00:00 [queued]>
[2025-03-27T01:02:01.673+0000] {taskinstance.py:2865} INFO - Starting attempt 1 of 1
[2025-03-27T01:02:01.681+0000] {taskinstance.py:2888} INFO - Executing <Task(_PythonDecoratedOperator): ETL> on 2025-03-27 01:02:00.186514+00:00
[2025-03-27T01:02:01.686+0000] {logging_mixin.py:190} WARNING - /home/***/.local/lib/python3.12/site-packages/***/task/task_runner/standard_task_runner.py:70 DeprecationWarning: This process (pid=603) is multi-threaded, use of fork() may lead to deadlocks in the child.
[2025-03-27T01:02:01.686+0000] {standard_task_runner.py:104} INFO - Running: ['***', 'tasks', 'run', 'user_session_data', 'ETL', 'manual__2025-03-27T01:02:00.186514+00:00', '--job-id', '68', '--raw', '--subdir', 'DAGS_FOLDER/data226_hwk6.py', '--cfg-path', '/tmp/tmp46e22q5e']
[2025-03-27T01:02:01.688+0000] {standard_task_runner.py:72} INFO - Started process 606 to run task
[2025-03-27T01:02:01.688+0000] {standard_task_runner.py:105} INFO - Job 68: Subtask ETL
[2025-03-27T01:02:01.716+0000] {task_command.py:467} INFO - Running <TaskInstance: user_session_data.ETL manual__2025-03-27T01:02:00.186514+00:00 [running]> on host be8ca46e30d3
[2025-03-27T01:02:01.763+0000] {taskinstance.py:3131} INFO - Exporting env vars: AIRFLOW_CTX_DAG_OWNER='***' AIRFLOW_CTX_DAG_ID='user_session_data' AIRFLOW_CTX_TASK_ID='ETL' AIRFLOW_CTX_EXECUTION_DATE='2025-03-27T01:02:00.186514+00:00' AIRFLOW_CTX_TRY_NUMBER='1' AIRFLOW_CTX_DAG_RUN_ID='manual__2025-03-27T01:02:00.186514+00:00'
[2025-03-27T01:02:01.763+0000] {taskinstance.py:731} INFO - ::endgroup::
[2025-03-27T01:02:01.771+0000] {base.py:84} INFO - Retrieving connection 'snowflake_conn2'
[2025-03-27T01:02:01.772+0000] {connection.py:413} INFO - Snowflake Connector for Python Version: 3.12.1, Python Version: 3.12.5, Platform: Linux-5.15.167.4-microsoft-standard-WSL2-x86_64-with-glibc2.36
[2025-03-27T01:02:01.773+0000] {connection.py:1196} INFO - Connecting to GLOBAL Snowflake domain
[2025-03-27T01:02:01.773+0000] {connection.py:1277} INFO - This connection is in OCSP Fail Open Mode. TLS Certificates would be checked for validity and revocation status. Any other Certificate Revocation related exceptions or OCSP Responder failures would be disregarded in favor of connectivity.
[2025-03-27T01:02:02.557+0000] {cursor.py:1156} INFO - Number of results in first chunk: 1
[2025-03-27T01:02:02.696+0000] {cursor.py:1156} INFO - Number of results in first chunk: 1
[2025-03-27T01:02:02.817+0000] {cursor.py:1156} INFO - Number of results in first chunk: 1
[2025-03-27T01:02:03.060+0000] {cursor.py:1156} INFO - Number of results in first chunk: 1
[2025-03-27T01:02:04.078+0000] {cursor.py:1156} INFO - Number of results in first chunk: 1
[2025-03-27T01:02:04.711+0000] {cursor.py:1156} INFO - Number of results in first chunk: 1
[2025-03-27T01:02:04.844+0000] {cursor.py:1156} INFO - Number of results in first chunk: 1
[2025-03-27T01:02:04.845+0000] {python.py:240} INFO - Done. Returned value was: None
[2025-03-27T01:02:04.852+0000] {taskinstance.py:340} INFO - ::group::Post task execution logs
[2025-03-27T01:02:04.852+0000] {taskinstance.py:352} INFO - Marking task as SUCCESS. dag_id=user_session_data, task_id=ETL, run_id=manual__2025-03-27T01:02:00.186514+00:00, execution_date=20250327T010200, start_date=20250327T010201, end_date=20250327T010204
[2025-03-27T01:02:04.870+0000] {local_task_job_runner.py:266} INFO - Task exited with return code 0
[2025-03-27T01:02:04.879+0000] {taskinstance.py:3900} INFO - 0 downstream tasks scheduled from follow-on schedule check
[2025-03-27T01:02:04.881+0000] {local_task_job_runner.py:245} INFO - ::endgroup::
