[2025-03-27T00:47:38.073+0000] {processor.py:186} INFO - Started process (PID=771) to work on /opt/airflow/dags/data226_hwk6.py
[2025-03-27T00:47:38.073+0000] {processor.py:914} INFO - Processing file /opt/airflow/dags/data226_hwk6.py for tasks to queue
[2025-03-27T00:47:38.075+0000] {logging_mixin.py:190} INFO - [2025-03-27T00:47:38.075+0000] {dagbag.py:587} INFO - Filling up the DagBag from /opt/airflow/dags/data226_hwk6.py
[2025-03-27T00:47:38.094+0000] {logging_mixin.py:190} INFO - [2025-03-27T00:47:38.090+0000] {dagbag.py:386} ERROR - Failed to import: /opt/airflow/dags/data226_hwk6.py
Traceback (most recent call last):
  File "/home/airflow/.local/lib/python3.12/site-packages/airflow/models/dagbag.py", line 382, in parse
    loader.exec_module(new_module)
  File "<frozen importlib._bootstrap_external>", line 995, in exec_module
  File "<frozen importlib._bootstrap>", line 488, in _call_with_frames_removed
  File "/opt/airflow/dags/data226_hwk6.py", line 62, in <module>
    ETL(dag=dag)
  File "/home/airflow/.local/lib/python3.12/site-packages/airflow/decorators/base.py", line 373, in __call__
    op = self.operator_class(
         ^^^^^^^^^^^^^^^^^^^^
  File "/home/airflow/.local/lib/python3.12/site-packages/airflow/models/baseoperator.py", line 490, in apply_defaults
    result = func(self, **kwargs, default_args=default_args)
             ^^^^^^^^^^^^^^^^^^^^^^^^^^^^^^^^^^^^^^^^^^^^^^^
  File "/home/airflow/.local/lib/python3.12/site-packages/airflow/decorators/python.py", line 52, in __init__
    super().__init__(
  File "/home/airflow/.local/lib/python3.12/site-packages/airflow/models/baseoperator.py", line 490, in apply_defaults
    result = func(self, **kwargs, default_args=default_args)
             ^^^^^^^^^^^^^^^^^^^^^^^^^^^^^^^^^^^^^^^^^^^^^^^
  File "/home/airflow/.local/lib/python3.12/site-packages/airflow/decorators/base.py", line 254, in __init__
    signature.bind(*op_args, **op_kwargs)
  File "/usr/local/lib/python3.12/inspect.py", line 3273, in bind
    return self._bind(args, kwargs)
           ^^^^^^^^^^^^^^^^^^^^^^^^
  File "/usr/local/lib/python3.12/inspect.py", line 3262, in _bind
    raise TypeError(
TypeError: got an unexpected keyword argument 'dag'
[2025-03-27T00:47:38.095+0000] {processor.py:927} WARNING - No viable dags retrieved from /opt/airflow/dags/data226_hwk6.py
[2025-03-27T00:47:38.109+0000] {processor.py:208} INFO - Processing /opt/airflow/dags/data226_hwk6.py took 0.040 seconds
[2025-03-27T00:48:11.963+0000] {processor.py:186} INFO - Started process (PID=204) to work on /opt/airflow/dags/data226_hwk6.py
[2025-03-27T00:48:11.964+0000] {processor.py:914} INFO - Processing file /opt/airflow/dags/data226_hwk6.py for tasks to queue
[2025-03-27T00:48:11.966+0000] {logging_mixin.py:190} INFO - [2025-03-27T00:48:11.965+0000] {dagbag.py:587} INFO - Filling up the DagBag from /opt/airflow/dags/data226_hwk6.py
[2025-03-27T00:48:11.978+0000] {logging_mixin.py:190} INFO - [2025-03-27T00:48:11.975+0000] {dagbag.py:386} ERROR - Failed to import: /opt/airflow/dags/data226_hwk6.py
Traceback (most recent call last):
  File "/home/airflow/.local/lib/python3.12/site-packages/airflow/models/dagbag.py", line 382, in parse
    loader.exec_module(new_module)
  File "<frozen importlib._bootstrap_external>", line 995, in exec_module
  File "<frozen importlib._bootstrap>", line 488, in _call_with_frames_removed
  File "/opt/airflow/dags/data226_hwk6.py", line 62, in <module>
    ETL(dag=dag)
  File "/home/airflow/.local/lib/python3.12/site-packages/airflow/decorators/base.py", line 373, in __call__
    op = self.operator_class(
         ^^^^^^^^^^^^^^^^^^^^
  File "/home/airflow/.local/lib/python3.12/site-packages/airflow/models/baseoperator.py", line 490, in apply_defaults
    result = func(self, **kwargs, default_args=default_args)
             ^^^^^^^^^^^^^^^^^^^^^^^^^^^^^^^^^^^^^^^^^^^^^^^
  File "/home/airflow/.local/lib/python3.12/site-packages/airflow/decorators/python.py", line 52, in __init__
    super().__init__(
  File "/home/airflow/.local/lib/python3.12/site-packages/airflow/models/baseoperator.py", line 490, in apply_defaults
    result = func(self, **kwargs, default_args=default_args)
             ^^^^^^^^^^^^^^^^^^^^^^^^^^^^^^^^^^^^^^^^^^^^^^^
  File "/home/airflow/.local/lib/python3.12/site-packages/airflow/decorators/base.py", line 254, in __init__
    signature.bind(*op_args, **op_kwargs)
  File "/usr/local/lib/python3.12/inspect.py", line 3273, in bind
    return self._bind(args, kwargs)
           ^^^^^^^^^^^^^^^^^^^^^^^^
  File "/usr/local/lib/python3.12/inspect.py", line 3262, in _bind
    raise TypeError(
TypeError: got an unexpected keyword argument 'dag'
[2025-03-27T00:48:11.978+0000] {processor.py:927} WARNING - No viable dags retrieved from /opt/airflow/dags/data226_hwk6.py
[2025-03-27T00:48:11.989+0000] {processor.py:208} INFO - Processing /opt/airflow/dags/data226_hwk6.py took 0.029 seconds
[2025-03-27T00:48:42.201+0000] {processor.py:186} INFO - Started process (PID=264) to work on /opt/airflow/dags/data226_hwk6.py
[2025-03-27T00:48:42.202+0000] {processor.py:914} INFO - Processing file /opt/airflow/dags/data226_hwk6.py for tasks to queue
[2025-03-27T00:48:42.205+0000] {logging_mixin.py:190} INFO - [2025-03-27T00:48:42.204+0000] {dagbag.py:587} INFO - Filling up the DagBag from /opt/airflow/dags/data226_hwk6.py
[2025-03-27T00:48:42.218+0000] {logging_mixin.py:190} INFO - [2025-03-27T00:48:42.215+0000] {dagbag.py:386} ERROR - Failed to import: /opt/airflow/dags/data226_hwk6.py
Traceback (most recent call last):
  File "/home/airflow/.local/lib/python3.12/site-packages/airflow/models/dagbag.py", line 382, in parse
    loader.exec_module(new_module)
  File "<frozen importlib._bootstrap_external>", line 995, in exec_module
  File "<frozen importlib._bootstrap>", line 488, in _call_with_frames_removed
  File "/opt/airflow/dags/data226_hwk6.py", line 62, in <module>
    ETL(dag=dag)
  File "/home/airflow/.local/lib/python3.12/site-packages/airflow/decorators/base.py", line 373, in __call__
    op = self.operator_class(
         ^^^^^^^^^^^^^^^^^^^^
  File "/home/airflow/.local/lib/python3.12/site-packages/airflow/models/baseoperator.py", line 490, in apply_defaults
    result = func(self, **kwargs, default_args=default_args)
             ^^^^^^^^^^^^^^^^^^^^^^^^^^^^^^^^^^^^^^^^^^^^^^^
  File "/home/airflow/.local/lib/python3.12/site-packages/airflow/decorators/python.py", line 52, in __init__
    super().__init__(
  File "/home/airflow/.local/lib/python3.12/site-packages/airflow/models/baseoperator.py", line 490, in apply_defaults
    result = func(self, **kwargs, default_args=default_args)
             ^^^^^^^^^^^^^^^^^^^^^^^^^^^^^^^^^^^^^^^^^^^^^^^
  File "/home/airflow/.local/lib/python3.12/site-packages/airflow/decorators/base.py", line 254, in __init__
    signature.bind(*op_args, **op_kwargs)
  File "/usr/local/lib/python3.12/inspect.py", line 3273, in bind
    return self._bind(args, kwargs)
           ^^^^^^^^^^^^^^^^^^^^^^^^
  File "/usr/local/lib/python3.12/inspect.py", line 3262, in _bind
    raise TypeError(
TypeError: got an unexpected keyword argument 'dag'
[2025-03-27T00:48:42.218+0000] {processor.py:927} WARNING - No viable dags retrieved from /opt/airflow/dags/data226_hwk6.py
[2025-03-27T00:48:42.231+0000] {processor.py:208} INFO - Processing /opt/airflow/dags/data226_hwk6.py took 0.033 seconds
[2025-03-27T00:49:12.445+0000] {processor.py:186} INFO - Started process (PID=280) to work on /opt/airflow/dags/data226_hwk6.py
[2025-03-27T00:49:12.445+0000] {processor.py:914} INFO - Processing file /opt/airflow/dags/data226_hwk6.py for tasks to queue
[2025-03-27T00:49:12.447+0000] {logging_mixin.py:190} INFO - [2025-03-27T00:49:12.447+0000] {dagbag.py:587} INFO - Filling up the DagBag from /opt/airflow/dags/data226_hwk6.py
[2025-03-27T00:49:12.460+0000] {logging_mixin.py:190} INFO - [2025-03-27T00:49:12.457+0000] {dagbag.py:386} ERROR - Failed to import: /opt/airflow/dags/data226_hwk6.py
Traceback (most recent call last):
  File "/home/airflow/.local/lib/python3.12/site-packages/airflow/models/dagbag.py", line 382, in parse
    loader.exec_module(new_module)
  File "<frozen importlib._bootstrap_external>", line 995, in exec_module
  File "<frozen importlib._bootstrap>", line 488, in _call_with_frames_removed
  File "/opt/airflow/dags/data226_hwk6.py", line 62, in <module>
    ETL(dag=dag)
  File "/home/airflow/.local/lib/python3.12/site-packages/airflow/decorators/base.py", line 373, in __call__
    op = self.operator_class(
         ^^^^^^^^^^^^^^^^^^^^
  File "/home/airflow/.local/lib/python3.12/site-packages/airflow/models/baseoperator.py", line 490, in apply_defaults
    result = func(self, **kwargs, default_args=default_args)
             ^^^^^^^^^^^^^^^^^^^^^^^^^^^^^^^^^^^^^^^^^^^^^^^
  File "/home/airflow/.local/lib/python3.12/site-packages/airflow/decorators/python.py", line 52, in __init__
    super().__init__(
  File "/home/airflow/.local/lib/python3.12/site-packages/airflow/models/baseoperator.py", line 490, in apply_defaults
    result = func(self, **kwargs, default_args=default_args)
             ^^^^^^^^^^^^^^^^^^^^^^^^^^^^^^^^^^^^^^^^^^^^^^^
  File "/home/airflow/.local/lib/python3.12/site-packages/airflow/decorators/base.py", line 254, in __init__
    signature.bind(*op_args, **op_kwargs)
  File "/usr/local/lib/python3.12/inspect.py", line 3273, in bind
    return self._bind(args, kwargs)
           ^^^^^^^^^^^^^^^^^^^^^^^^
  File "/usr/local/lib/python3.12/inspect.py", line 3262, in _bind
    raise TypeError(
TypeError: got an unexpected keyword argument 'dag'
[2025-03-27T00:49:12.460+0000] {processor.py:927} WARNING - No viable dags retrieved from /opt/airflow/dags/data226_hwk6.py
[2025-03-27T00:49:12.475+0000] {processor.py:208} INFO - Processing /opt/airflow/dags/data226_hwk6.py took 0.034 seconds
[2025-03-27T00:49:42.693+0000] {processor.py:186} INFO - Started process (PID=296) to work on /opt/airflow/dags/data226_hwk6.py
[2025-03-27T00:49:42.694+0000] {processor.py:914} INFO - Processing file /opt/airflow/dags/data226_hwk6.py for tasks to queue
[2025-03-27T00:49:42.696+0000] {logging_mixin.py:190} INFO - [2025-03-27T00:49:42.696+0000] {dagbag.py:587} INFO - Filling up the DagBag from /opt/airflow/dags/data226_hwk6.py
[2025-03-27T00:49:42.710+0000] {logging_mixin.py:190} INFO - [2025-03-27T00:49:42.707+0000] {dagbag.py:386} ERROR - Failed to import: /opt/airflow/dags/data226_hwk6.py
Traceback (most recent call last):
  File "/home/airflow/.local/lib/python3.12/site-packages/airflow/models/dagbag.py", line 382, in parse
    loader.exec_module(new_module)
  File "<frozen importlib._bootstrap_external>", line 995, in exec_module
  File "<frozen importlib._bootstrap>", line 488, in _call_with_frames_removed
  File "/opt/airflow/dags/data226_hwk6.py", line 62, in <module>
    ETL(dag=dag)
  File "/home/airflow/.local/lib/python3.12/site-packages/airflow/decorators/base.py", line 373, in __call__
    op = self.operator_class(
         ^^^^^^^^^^^^^^^^^^^^
  File "/home/airflow/.local/lib/python3.12/site-packages/airflow/models/baseoperator.py", line 490, in apply_defaults
    result = func(self, **kwargs, default_args=default_args)
             ^^^^^^^^^^^^^^^^^^^^^^^^^^^^^^^^^^^^^^^^^^^^^^^
  File "/home/airflow/.local/lib/python3.12/site-packages/airflow/decorators/python.py", line 52, in __init__
    super().__init__(
  File "/home/airflow/.local/lib/python3.12/site-packages/airflow/models/baseoperator.py", line 490, in apply_defaults
    result = func(self, **kwargs, default_args=default_args)
             ^^^^^^^^^^^^^^^^^^^^^^^^^^^^^^^^^^^^^^^^^^^^^^^
  File "/home/airflow/.local/lib/python3.12/site-packages/airflow/decorators/base.py", line 254, in __init__
    signature.bind(*op_args, **op_kwargs)
  File "/usr/local/lib/python3.12/inspect.py", line 3273, in bind
    return self._bind(args, kwargs)
           ^^^^^^^^^^^^^^^^^^^^^^^^
  File "/usr/local/lib/python3.12/inspect.py", line 3262, in _bind
    raise TypeError(
TypeError: got an unexpected keyword argument 'dag'
[2025-03-27T00:49:42.711+0000] {processor.py:927} WARNING - No viable dags retrieved from /opt/airflow/dags/data226_hwk6.py
[2025-03-27T00:49:42.723+0000] {processor.py:208} INFO - Processing /opt/airflow/dags/data226_hwk6.py took 0.033 seconds
[2025-03-27T00:52:47.902+0000] {processor.py:186} INFO - Started process (PID=236) to work on /opt/airflow/dags/data226_hwk6.py
[2025-03-27T00:52:47.903+0000] {processor.py:914} INFO - Processing file /opt/airflow/dags/data226_hwk6.py for tasks to queue
[2025-03-27T00:52:47.905+0000] {logging_mixin.py:190} INFO - [2025-03-27T00:52:47.905+0000] {dagbag.py:587} INFO - Filling up the DagBag from /opt/airflow/dags/data226_hwk6.py
[2025-03-27T00:52:47.921+0000] {logging_mixin.py:190} INFO - [2025-03-27T00:52:47.917+0000] {dagbag.py:386} ERROR - Failed to import: /opt/airflow/dags/data226_hwk6.py
Traceback (most recent call last):
  File "/home/airflow/.local/lib/python3.12/site-packages/airflow/models/dagbag.py", line 382, in parse
    loader.exec_module(new_module)
  File "<frozen importlib._bootstrap_external>", line 995, in exec_module
  File "<frozen importlib._bootstrap>", line 488, in _call_with_frames_removed
  File "/opt/airflow/dags/data226_hwk6.py", line 62, in <module>
    ETL(dag=dag)
  File "/home/airflow/.local/lib/python3.12/site-packages/airflow/decorators/base.py", line 373, in __call__
    op = self.operator_class(
         ^^^^^^^^^^^^^^^^^^^^
  File "/home/airflow/.local/lib/python3.12/site-packages/airflow/models/baseoperator.py", line 490, in apply_defaults
    result = func(self, **kwargs, default_args=default_args)
             ^^^^^^^^^^^^^^^^^^^^^^^^^^^^^^^^^^^^^^^^^^^^^^^
  File "/home/airflow/.local/lib/python3.12/site-packages/airflow/decorators/python.py", line 52, in __init__
    super().__init__(
  File "/home/airflow/.local/lib/python3.12/site-packages/airflow/models/baseoperator.py", line 490, in apply_defaults
    result = func(self, **kwargs, default_args=default_args)
             ^^^^^^^^^^^^^^^^^^^^^^^^^^^^^^^^^^^^^^^^^^^^^^^
  File "/home/airflow/.local/lib/python3.12/site-packages/airflow/decorators/base.py", line 254, in __init__
    signature.bind(*op_args, **op_kwargs)
  File "/usr/local/lib/python3.12/inspect.py", line 3273, in bind
    return self._bind(args, kwargs)
           ^^^^^^^^^^^^^^^^^^^^^^^^
  File "/usr/local/lib/python3.12/inspect.py", line 3262, in _bind
    raise TypeError(
TypeError: got an unexpected keyword argument 'dag'
[2025-03-27T00:52:47.921+0000] {processor.py:927} WARNING - No viable dags retrieved from /opt/airflow/dags/data226_hwk6.py
[2025-03-27T00:52:47.937+0000] {processor.py:208} INFO - Processing /opt/airflow/dags/data226_hwk6.py took 0.039 seconds
[2025-03-27T00:53:18.132+0000] {processor.py:186} INFO - Started process (PID=295) to work on /opt/airflow/dags/data226_hwk6.py
[2025-03-27T00:53:18.133+0000] {processor.py:914} INFO - Processing file /opt/airflow/dags/data226_hwk6.py for tasks to queue
[2025-03-27T00:53:18.135+0000] {logging_mixin.py:190} INFO - [2025-03-27T00:53:18.135+0000] {dagbag.py:587} INFO - Filling up the DagBag from /opt/airflow/dags/data226_hwk6.py
[2025-03-27T00:53:18.149+0000] {logging_mixin.py:190} INFO - [2025-03-27T00:53:18.146+0000] {dagbag.py:386} ERROR - Failed to import: /opt/airflow/dags/data226_hwk6.py
Traceback (most recent call last):
  File "/home/airflow/.local/lib/python3.12/site-packages/airflow/models/dagbag.py", line 382, in parse
    loader.exec_module(new_module)
  File "<frozen importlib._bootstrap_external>", line 995, in exec_module
  File "<frozen importlib._bootstrap>", line 488, in _call_with_frames_removed
  File "/opt/airflow/dags/data226_hwk6.py", line 62, in <module>
    ETL(dag=dag)
  File "/home/airflow/.local/lib/python3.12/site-packages/airflow/decorators/base.py", line 373, in __call__
    op = self.operator_class(
         ^^^^^^^^^^^^^^^^^^^^
  File "/home/airflow/.local/lib/python3.12/site-packages/airflow/models/baseoperator.py", line 490, in apply_defaults
    result = func(self, **kwargs, default_args=default_args)
             ^^^^^^^^^^^^^^^^^^^^^^^^^^^^^^^^^^^^^^^^^^^^^^^
  File "/home/airflow/.local/lib/python3.12/site-packages/airflow/decorators/python.py", line 52, in __init__
    super().__init__(
  File "/home/airflow/.local/lib/python3.12/site-packages/airflow/models/baseoperator.py", line 490, in apply_defaults
    result = func(self, **kwargs, default_args=default_args)
             ^^^^^^^^^^^^^^^^^^^^^^^^^^^^^^^^^^^^^^^^^^^^^^^
  File "/home/airflow/.local/lib/python3.12/site-packages/airflow/decorators/base.py", line 254, in __init__
    signature.bind(*op_args, **op_kwargs)
  File "/usr/local/lib/python3.12/inspect.py", line 3273, in bind
    return self._bind(args, kwargs)
           ^^^^^^^^^^^^^^^^^^^^^^^^
  File "/usr/local/lib/python3.12/inspect.py", line 3262, in _bind
    raise TypeError(
TypeError: got an unexpected keyword argument 'dag'
[2025-03-27T00:53:18.149+0000] {processor.py:927} WARNING - No viable dags retrieved from /opt/airflow/dags/data226_hwk6.py
[2025-03-27T00:53:18.163+0000] {processor.py:208} INFO - Processing /opt/airflow/dags/data226_hwk6.py took 0.036 seconds
[2025-03-27T00:53:48.382+0000] {processor.py:186} INFO - Started process (PID=311) to work on /opt/airflow/dags/data226_hwk6.py
[2025-03-27T00:53:48.383+0000] {processor.py:914} INFO - Processing file /opt/airflow/dags/data226_hwk6.py for tasks to queue
[2025-03-27T00:53:48.385+0000] {logging_mixin.py:190} INFO - [2025-03-27T00:53:48.385+0000] {dagbag.py:587} INFO - Filling up the DagBag from /opt/airflow/dags/data226_hwk6.py
[2025-03-27T00:53:48.401+0000] {logging_mixin.py:190} INFO - [2025-03-27T00:53:48.397+0000] {dagbag.py:386} ERROR - Failed to import: /opt/airflow/dags/data226_hwk6.py
Traceback (most recent call last):
  File "/home/airflow/.local/lib/python3.12/site-packages/airflow/models/dagbag.py", line 382, in parse
    loader.exec_module(new_module)
  File "<frozen importlib._bootstrap_external>", line 995, in exec_module
  File "<frozen importlib._bootstrap>", line 488, in _call_with_frames_removed
  File "/opt/airflow/dags/data226_hwk6.py", line 62, in <module>
    ETL(dag=dag)
  File "/home/airflow/.local/lib/python3.12/site-packages/airflow/decorators/base.py", line 373, in __call__
    op = self.operator_class(
         ^^^^^^^^^^^^^^^^^^^^
  File "/home/airflow/.local/lib/python3.12/site-packages/airflow/models/baseoperator.py", line 490, in apply_defaults
    result = func(self, **kwargs, default_args=default_args)
             ^^^^^^^^^^^^^^^^^^^^^^^^^^^^^^^^^^^^^^^^^^^^^^^
  File "/home/airflow/.local/lib/python3.12/site-packages/airflow/decorators/python.py", line 52, in __init__
    super().__init__(
  File "/home/airflow/.local/lib/python3.12/site-packages/airflow/models/baseoperator.py", line 490, in apply_defaults
    result = func(self, **kwargs, default_args=default_args)
             ^^^^^^^^^^^^^^^^^^^^^^^^^^^^^^^^^^^^^^^^^^^^^^^
  File "/home/airflow/.local/lib/python3.12/site-packages/airflow/decorators/base.py", line 254, in __init__
    signature.bind(*op_args, **op_kwargs)
  File "/usr/local/lib/python3.12/inspect.py", line 3273, in bind
    return self._bind(args, kwargs)
           ^^^^^^^^^^^^^^^^^^^^^^^^
  File "/usr/local/lib/python3.12/inspect.py", line 3262, in _bind
    raise TypeError(
TypeError: got an unexpected keyword argument 'dag'
[2025-03-27T00:53:48.401+0000] {processor.py:927} WARNING - No viable dags retrieved from /opt/airflow/dags/data226_hwk6.py
[2025-03-27T00:53:48.417+0000] {processor.py:208} INFO - Processing /opt/airflow/dags/data226_hwk6.py took 0.040 seconds
[2025-03-27T00:54:16.646+0000] {processor.py:186} INFO - Started process (PID=327) to work on /opt/airflow/dags/data226_hwk6.py
[2025-03-27T00:54:16.647+0000] {processor.py:914} INFO - Processing file /opt/airflow/dags/data226_hwk6.py for tasks to queue
[2025-03-27T00:54:16.648+0000] {logging_mixin.py:190} INFO - [2025-03-27T00:54:16.648+0000] {dagbag.py:587} INFO - Filling up the DagBag from /opt/airflow/dags/data226_hwk6.py
[2025-03-27T00:54:16.667+0000] {processor.py:925} INFO - DAG(s) 'user_session_data' retrieved from /opt/airflow/dags/data226_hwk6.py
[2025-03-27T00:54:16.735+0000] {logging_mixin.py:190} INFO - [2025-03-27T00:54:16.735+0000] {override.py:1900} INFO - Created Permission View: can delete on DAG:user_session_data
[2025-03-27T00:54:16.743+0000] {logging_mixin.py:190} INFO - [2025-03-27T00:54:16.743+0000] {override.py:1900} INFO - Created Permission View: can read on DAG:user_session_data
[2025-03-27T00:54:16.747+0000] {logging_mixin.py:190} INFO - [2025-03-27T00:54:16.747+0000] {override.py:1900} INFO - Created Permission View: can edit on DAG:user_session_data
[2025-03-27T00:54:16.755+0000] {logging_mixin.py:190} INFO - [2025-03-27T00:54:16.754+0000] {override.py:1900} INFO - Created Permission View: menu access on DAG Run:user_session_data
[2025-03-27T00:54:16.761+0000] {logging_mixin.py:190} INFO - [2025-03-27T00:54:16.761+0000] {override.py:1900} INFO - Created Permission View: can create on DAG Run:user_session_data
[2025-03-27T00:54:16.767+0000] {logging_mixin.py:190} INFO - [2025-03-27T00:54:16.767+0000] {override.py:1900} INFO - Created Permission View: can delete on DAG Run:user_session_data
[2025-03-27T00:54:16.773+0000] {logging_mixin.py:190} INFO - [2025-03-27T00:54:16.773+0000] {override.py:1900} INFO - Created Permission View: can read on DAG Run:user_session_data
[2025-03-27T00:54:16.774+0000] {logging_mixin.py:190} INFO - [2025-03-27T00:54:16.774+0000] {dag.py:3229} INFO - Sync 1 DAGs
[2025-03-27T00:54:16.785+0000] {logging_mixin.py:190} INFO - [2025-03-27T00:54:16.784+0000] {dag.py:3252} INFO - Creating ORM DAG for user_session_data
[2025-03-27T00:54:16.792+0000] {logging_mixin.py:190} INFO - [2025-03-27T00:54:16.791+0000] {dag.py:4156} INFO - Setting next_dagrun for user_session_data to 2025-03-25 02:30:00+00:00, run_after=2025-03-26 02:30:00+00:00
[2025-03-27T00:54:16.810+0000] {processor.py:208} INFO - Processing /opt/airflow/dags/data226_hwk6.py took 0.168 seconds
[2025-03-27T00:54:46.843+0000] {processor.py:186} INFO - Started process (PID=343) to work on /opt/airflow/dags/data226_hwk6.py
[2025-03-27T00:54:46.844+0000] {processor.py:914} INFO - Processing file /opt/airflow/dags/data226_hwk6.py for tasks to queue
[2025-03-27T00:54:46.846+0000] {logging_mixin.py:190} INFO - [2025-03-27T00:54:46.845+0000] {dagbag.py:587} INFO - Filling up the DagBag from /opt/airflow/dags/data226_hwk6.py
[2025-03-27T00:54:46.857+0000] {processor.py:925} INFO - DAG(s) 'user_session_data' retrieved from /opt/airflow/dags/data226_hwk6.py
[2025-03-27T00:54:46.876+0000] {logging_mixin.py:190} INFO - [2025-03-27T00:54:46.876+0000] {dag.py:3229} INFO - Sync 1 DAGs
[2025-03-27T00:54:46.892+0000] {logging_mixin.py:190} INFO - [2025-03-27T00:54:46.892+0000] {dag.py:4156} INFO - Setting next_dagrun for user_session_data to 2025-03-25 02:30:00+00:00, run_after=2025-03-26 02:30:00+00:00
[2025-03-27T00:54:46.905+0000] {processor.py:208} INFO - Processing /opt/airflow/dags/data226_hwk6.py took 0.066 seconds
[2025-03-27T00:55:17.140+0000] {processor.py:186} INFO - Started process (PID=364) to work on /opt/airflow/dags/data226_hwk6.py
[2025-03-27T00:55:17.140+0000] {processor.py:914} INFO - Processing file /opt/airflow/dags/data226_hwk6.py for tasks to queue
[2025-03-27T00:55:17.142+0000] {logging_mixin.py:190} INFO - [2025-03-27T00:55:17.142+0000] {dagbag.py:587} INFO - Filling up the DagBag from /opt/airflow/dags/data226_hwk6.py
[2025-03-27T00:55:17.155+0000] {processor.py:925} INFO - DAG(s) 'user_session_data' retrieved from /opt/airflow/dags/data226_hwk6.py
[2025-03-27T00:55:17.171+0000] {logging_mixin.py:190} INFO - [2025-03-27T00:55:17.170+0000] {dag.py:3229} INFO - Sync 1 DAGs
[2025-03-27T00:55:17.186+0000] {logging_mixin.py:190} INFO - [2025-03-27T00:55:17.186+0000] {dag.py:4156} INFO - Setting next_dagrun for user_session_data to 2025-03-26 02:30:00+00:00, run_after=2025-03-27 02:30:00+00:00
[2025-03-27T00:55:17.199+0000] {processor.py:208} INFO - Processing /opt/airflow/dags/data226_hwk6.py took 0.063 seconds
[2025-03-27T00:55:47.432+0000] {processor.py:186} INFO - Started process (PID=380) to work on /opt/airflow/dags/data226_hwk6.py
[2025-03-27T00:55:47.434+0000] {processor.py:914} INFO - Processing file /opt/airflow/dags/data226_hwk6.py for tasks to queue
[2025-03-27T00:55:47.436+0000] {logging_mixin.py:190} INFO - [2025-03-27T00:55:47.435+0000] {dagbag.py:587} INFO - Filling up the DagBag from /opt/airflow/dags/data226_hwk6.py
[2025-03-27T00:55:47.446+0000] {processor.py:925} INFO - DAG(s) 'user_session_data' retrieved from /opt/airflow/dags/data226_hwk6.py
[2025-03-27T00:55:47.461+0000] {logging_mixin.py:190} INFO - [2025-03-27T00:55:47.461+0000] {dag.py:3229} INFO - Sync 1 DAGs
[2025-03-27T00:55:47.476+0000] {logging_mixin.py:190} INFO - [2025-03-27T00:55:47.476+0000] {dag.py:4156} INFO - Setting next_dagrun for user_session_data to 2025-03-26 02:30:00+00:00, run_after=2025-03-27 02:30:00+00:00
[2025-03-27T00:55:47.489+0000] {processor.py:208} INFO - Processing /opt/airflow/dags/data226_hwk6.py took 0.060 seconds
[2025-03-27T00:56:04.627+0000] {processor.py:186} INFO - Started process (PID=396) to work on /opt/airflow/dags/data226_hwk6.py
[2025-03-27T00:56:04.628+0000] {processor.py:914} INFO - Processing file /opt/airflow/dags/data226_hwk6.py for tasks to queue
[2025-03-27T00:56:04.629+0000] {logging_mixin.py:190} INFO - [2025-03-27T00:56:04.629+0000] {dagbag.py:587} INFO - Filling up the DagBag from /opt/airflow/dags/data226_hwk6.py
[2025-03-27T00:56:04.647+0000] {processor.py:925} INFO - DAG(s) 'user_session_data' retrieved from /opt/airflow/dags/data226_hwk6.py
[2025-03-27T00:56:04.663+0000] {logging_mixin.py:190} INFO - [2025-03-27T00:56:04.663+0000] {dag.py:3229} INFO - Sync 1 DAGs
[2025-03-27T00:56:04.678+0000] {logging_mixin.py:190} INFO - [2025-03-27T00:56:04.678+0000] {dag.py:4156} INFO - Setting next_dagrun for user_session_data to 2025-03-26 02:30:00+00:00, run_after=2025-03-27 02:30:00+00:00
[2025-03-27T00:56:04.695+0000] {processor.py:208} INFO - Processing /opt/airflow/dags/data226_hwk6.py took 0.071 seconds
[2025-03-27T00:56:34.880+0000] {processor.py:186} INFO - Started process (PID=417) to work on /opt/airflow/dags/data226_hwk6.py
[2025-03-27T00:56:34.881+0000] {processor.py:914} INFO - Processing file /opt/airflow/dags/data226_hwk6.py for tasks to queue
[2025-03-27T00:56:34.882+0000] {logging_mixin.py:190} INFO - [2025-03-27T00:56:34.882+0000] {dagbag.py:587} INFO - Filling up the DagBag from /opt/airflow/dags/data226_hwk6.py
[2025-03-27T00:56:34.892+0000] {processor.py:925} INFO - DAG(s) 'user_session_data' retrieved from /opt/airflow/dags/data226_hwk6.py
[2025-03-27T00:56:34.907+0000] {logging_mixin.py:190} INFO - [2025-03-27T00:56:34.906+0000] {dag.py:3229} INFO - Sync 1 DAGs
[2025-03-27T00:56:34.922+0000] {logging_mixin.py:190} INFO - [2025-03-27T00:56:34.922+0000] {dag.py:4156} INFO - Setting next_dagrun for user_session_data to 2025-03-26 02:30:00+00:00, run_after=2025-03-27 02:30:00+00:00
[2025-03-27T00:56:34.935+0000] {processor.py:208} INFO - Processing /opt/airflow/dags/data226_hwk6.py took 0.058 seconds
[2025-03-27T00:57:05.122+0000] {processor.py:186} INFO - Started process (PID=433) to work on /opt/airflow/dags/data226_hwk6.py
[2025-03-27T00:57:05.123+0000] {processor.py:914} INFO - Processing file /opt/airflow/dags/data226_hwk6.py for tasks to queue
[2025-03-27T00:57:05.124+0000] {logging_mixin.py:190} INFO - [2025-03-27T00:57:05.124+0000] {dagbag.py:587} INFO - Filling up the DagBag from /opt/airflow/dags/data226_hwk6.py
[2025-03-27T00:57:05.136+0000] {processor.py:925} INFO - DAG(s) 'user_session_data' retrieved from /opt/airflow/dags/data226_hwk6.py
[2025-03-27T00:57:05.154+0000] {logging_mixin.py:190} INFO - [2025-03-27T00:57:05.153+0000] {dag.py:3229} INFO - Sync 1 DAGs
[2025-03-27T00:57:05.170+0000] {logging_mixin.py:190} INFO - [2025-03-27T00:57:05.170+0000] {dag.py:4156} INFO - Setting next_dagrun for user_session_data to 2025-03-26 02:30:00+00:00, run_after=2025-03-27 02:30:00+00:00
[2025-03-27T00:57:05.184+0000] {processor.py:208} INFO - Processing /opt/airflow/dags/data226_hwk6.py took 0.065 seconds
[2025-03-27T00:57:35.397+0000] {processor.py:186} INFO - Started process (PID=449) to work on /opt/airflow/dags/data226_hwk6.py
[2025-03-27T00:57:35.398+0000] {processor.py:914} INFO - Processing file /opt/airflow/dags/data226_hwk6.py for tasks to queue
[2025-03-27T00:57:35.400+0000] {logging_mixin.py:190} INFO - [2025-03-27T00:57:35.400+0000] {dagbag.py:587} INFO - Filling up the DagBag from /opt/airflow/dags/data226_hwk6.py
[2025-03-27T00:57:35.415+0000] {processor.py:925} INFO - DAG(s) 'user_session_data' retrieved from /opt/airflow/dags/data226_hwk6.py
[2025-03-27T00:57:35.431+0000] {logging_mixin.py:190} INFO - [2025-03-27T00:57:35.430+0000] {dag.py:3229} INFO - Sync 1 DAGs
[2025-03-27T00:57:35.444+0000] {logging_mixin.py:190} INFO - [2025-03-27T00:57:35.444+0000] {dag.py:4156} INFO - Setting next_dagrun for user_session_data to 2025-03-26 02:30:00+00:00, run_after=2025-03-27 02:30:00+00:00
[2025-03-27T00:57:35.458+0000] {processor.py:208} INFO - Processing /opt/airflow/dags/data226_hwk6.py took 0.066 seconds
[2025-03-27T00:58:05.691+0000] {processor.py:186} INFO - Started process (PID=465) to work on /opt/airflow/dags/data226_hwk6.py
[2025-03-27T00:58:05.692+0000] {processor.py:914} INFO - Processing file /opt/airflow/dags/data226_hwk6.py for tasks to queue
[2025-03-27T00:58:05.694+0000] {logging_mixin.py:190} INFO - [2025-03-27T00:58:05.693+0000] {dagbag.py:587} INFO - Filling up the DagBag from /opt/airflow/dags/data226_hwk6.py
[2025-03-27T00:58:05.709+0000] {processor.py:925} INFO - DAG(s) 'user_session_data' retrieved from /opt/airflow/dags/data226_hwk6.py
[2025-03-27T00:58:05.724+0000] {logging_mixin.py:190} INFO - [2025-03-27T00:58:05.724+0000] {dag.py:3229} INFO - Sync 1 DAGs
[2025-03-27T00:58:05.738+0000] {logging_mixin.py:190} INFO - [2025-03-27T00:58:05.738+0000] {dag.py:4156} INFO - Setting next_dagrun for user_session_data to 2025-03-26 02:30:00+00:00, run_after=2025-03-27 02:30:00+00:00
[2025-03-27T00:58:05.749+0000] {processor.py:208} INFO - Processing /opt/airflow/dags/data226_hwk6.py took 0.063 seconds
[2025-03-27T00:58:35.938+0000] {processor.py:186} INFO - Started process (PID=481) to work on /opt/airflow/dags/data226_hwk6.py
[2025-03-27T00:58:35.939+0000] {processor.py:914} INFO - Processing file /opt/airflow/dags/data226_hwk6.py for tasks to queue
[2025-03-27T00:58:35.940+0000] {logging_mixin.py:190} INFO - [2025-03-27T00:58:35.940+0000] {dagbag.py:587} INFO - Filling up the DagBag from /opt/airflow/dags/data226_hwk6.py
[2025-03-27T00:58:35.952+0000] {processor.py:925} INFO - DAG(s) 'user_session_data' retrieved from /opt/airflow/dags/data226_hwk6.py
[2025-03-27T00:58:35.967+0000] {logging_mixin.py:190} INFO - [2025-03-27T00:58:35.967+0000] {dag.py:3229} INFO - Sync 1 DAGs
[2025-03-27T00:58:35.984+0000] {logging_mixin.py:190} INFO - [2025-03-27T00:58:35.983+0000] {dag.py:4156} INFO - Setting next_dagrun for user_session_data to 2025-03-26 02:30:00+00:00, run_after=2025-03-27 02:30:00+00:00
[2025-03-27T00:58:35.995+0000] {processor.py:208} INFO - Processing /opt/airflow/dags/data226_hwk6.py took 0.060 seconds
[2025-03-27T00:59:06.207+0000] {processor.py:186} INFO - Started process (PID=497) to work on /opt/airflow/dags/data226_hwk6.py
[2025-03-27T00:59:06.207+0000] {processor.py:914} INFO - Processing file /opt/airflow/dags/data226_hwk6.py for tasks to queue
[2025-03-27T00:59:06.209+0000] {logging_mixin.py:190} INFO - [2025-03-27T00:59:06.209+0000] {dagbag.py:587} INFO - Filling up the DagBag from /opt/airflow/dags/data226_hwk6.py
[2025-03-27T00:59:06.220+0000] {processor.py:925} INFO - DAG(s) 'user_session_data' retrieved from /opt/airflow/dags/data226_hwk6.py
[2025-03-27T00:59:06.237+0000] {logging_mixin.py:190} INFO - [2025-03-27T00:59:06.236+0000] {dag.py:3229} INFO - Sync 1 DAGs
[2025-03-27T00:59:06.251+0000] {logging_mixin.py:190} INFO - [2025-03-27T00:59:06.251+0000] {dag.py:4156} INFO - Setting next_dagrun for user_session_data to 2025-03-26 02:30:00+00:00, run_after=2025-03-27 02:30:00+00:00
[2025-03-27T00:59:06.262+0000] {processor.py:208} INFO - Processing /opt/airflow/dags/data226_hwk6.py took 0.059 seconds
[2025-03-27T00:59:34.494+0000] {processor.py:186} INFO - Started process (PID=513) to work on /opt/airflow/dags/data226_hwk6.py
[2025-03-27T00:59:34.495+0000] {processor.py:914} INFO - Processing file /opt/airflow/dags/data226_hwk6.py for tasks to queue
[2025-03-27T00:59:34.497+0000] {logging_mixin.py:190} INFO - [2025-03-27T00:59:34.496+0000] {dagbag.py:587} INFO - Filling up the DagBag from /opt/airflow/dags/data226_hwk6.py
[2025-03-27T00:59:34.506+0000] {logging_mixin.py:190} INFO - [2025-03-27T00:59:34.506+0000] {dagbag.py:386} ERROR - Failed to import: /opt/airflow/dags/data226_hwk6.py
Traceback (most recent call last):
  File "/home/airflow/.local/lib/python3.12/site-packages/airflow/models/dagbag.py", line 382, in parse
    loader.exec_module(new_module)
  File "<frozen importlib._bootstrap_external>", line 991, in exec_module
  File "<frozen importlib._bootstrap_external>", line 1129, in get_code
  File "<frozen importlib._bootstrap_external>", line 1059, in source_to_code
  File "<frozen importlib._bootstrap>", line 488, in _call_with_frames_removed
  File "/opt/airflow/dags/data226_hwk6.py", line 67
    raise e)
           ^
SyntaxError: unmatched ')'
[2025-03-27T00:59:34.507+0000] {processor.py:927} WARNING - No viable dags retrieved from /opt/airflow/dags/data226_hwk6.py
[2025-03-27T00:59:34.522+0000] {processor.py:208} INFO - Processing /opt/airflow/dags/data226_hwk6.py took 0.032 seconds
[2025-03-27T00:59:56.721+0000] {processor.py:186} INFO - Started process (PID=523) to work on /opt/airflow/dags/data226_hwk6.py
[2025-03-27T00:59:56.721+0000] {processor.py:914} INFO - Processing file /opt/airflow/dags/data226_hwk6.py for tasks to queue
[2025-03-27T00:59:56.723+0000] {logging_mixin.py:190} INFO - [2025-03-27T00:59:56.723+0000] {dagbag.py:587} INFO - Filling up the DagBag from /opt/airflow/dags/data226_hwk6.py
[2025-03-27T00:59:56.732+0000] {logging_mixin.py:190} INFO - [2025-03-27T00:59:56.731+0000] {dagbag.py:386} ERROR - Failed to import: /opt/airflow/dags/data226_hwk6.py
Traceback (most recent call last):
  File "/home/airflow/.local/lib/python3.12/site-packages/airflow/models/dagbag.py", line 382, in parse
    loader.exec_module(new_module)
  File "<frozen importlib._bootstrap_external>", line 991, in exec_module
  File "<frozen importlib._bootstrap_external>", line 1129, in get_code
  File "<frozen importlib._bootstrap_external>", line 1059, in source_to_code
  File "<frozen importlib._bootstrap>", line 488, in _call_with_frames_removed
  File "/opt/airflow/dags/data226_hwk6.py", line 67
    raise e)
           ^
SyntaxError: unmatched ')'
[2025-03-27T00:59:56.732+0000] {processor.py:927} WARNING - No viable dags retrieved from /opt/airflow/dags/data226_hwk6.py
[2025-03-27T00:59:56.745+0000] {processor.py:208} INFO - Processing /opt/airflow/dags/data226_hwk6.py took 0.028 seconds
[2025-03-27T01:00:26.937+0000] {processor.py:186} INFO - Started process (PID=539) to work on /opt/airflow/dags/data226_hwk6.py
[2025-03-27T01:00:26.938+0000] {processor.py:914} INFO - Processing file /opt/airflow/dags/data226_hwk6.py for tasks to queue
[2025-03-27T01:00:26.940+0000] {logging_mixin.py:190} INFO - [2025-03-27T01:00:26.940+0000] {dagbag.py:587} INFO - Filling up the DagBag from /opt/airflow/dags/data226_hwk6.py
[2025-03-27T01:00:26.951+0000] {logging_mixin.py:190} INFO - [2025-03-27T01:00:26.950+0000] {dagbag.py:386} ERROR - Failed to import: /opt/airflow/dags/data226_hwk6.py
Traceback (most recent call last):
  File "/home/airflow/.local/lib/python3.12/site-packages/airflow/models/dagbag.py", line 382, in parse
    loader.exec_module(new_module)
  File "<frozen importlib._bootstrap_external>", line 991, in exec_module
  File "<frozen importlib._bootstrap_external>", line 1129, in get_code
  File "<frozen importlib._bootstrap_external>", line 1059, in source_to_code
  File "<frozen importlib._bootstrap>", line 488, in _call_with_frames_removed
  File "/opt/airflow/dags/data226_hwk6.py", line 67
    raise e)
           ^
SyntaxError: unmatched ')'
[2025-03-27T01:00:26.952+0000] {processor.py:927} WARNING - No viable dags retrieved from /opt/airflow/dags/data226_hwk6.py
[2025-03-27T01:00:26.966+0000] {processor.py:208} INFO - Processing /opt/airflow/dags/data226_hwk6.py took 0.034 seconds
[2025-03-27T01:00:57.212+0000] {processor.py:186} INFO - Started process (PID=555) to work on /opt/airflow/dags/data226_hwk6.py
[2025-03-27T01:00:57.213+0000] {processor.py:914} INFO - Processing file /opt/airflow/dags/data226_hwk6.py for tasks to queue
[2025-03-27T01:00:57.214+0000] {logging_mixin.py:190} INFO - [2025-03-27T01:00:57.214+0000] {dagbag.py:587} INFO - Filling up the DagBag from /opt/airflow/dags/data226_hwk6.py
[2025-03-27T01:00:57.226+0000] {logging_mixin.py:190} INFO - [2025-03-27T01:00:57.225+0000] {dagbag.py:386} ERROR - Failed to import: /opt/airflow/dags/data226_hwk6.py
Traceback (most recent call last):
  File "/home/airflow/.local/lib/python3.12/site-packages/airflow/models/dagbag.py", line 382, in parse
    loader.exec_module(new_module)
  File "<frozen importlib._bootstrap_external>", line 991, in exec_module
  File "<frozen importlib._bootstrap_external>", line 1129, in get_code
  File "<frozen importlib._bootstrap_external>", line 1059, in source_to_code
  File "<frozen importlib._bootstrap>", line 488, in _call_with_frames_removed
  File "/opt/airflow/dags/data226_hwk6.py", line 67
    raise e)
           ^
SyntaxError: unmatched ')'
[2025-03-27T01:00:57.227+0000] {processor.py:927} WARNING - No viable dags retrieved from /opt/airflow/dags/data226_hwk6.py
[2025-03-27T01:00:57.239+0000] {processor.py:208} INFO - Processing /opt/airflow/dags/data226_hwk6.py took 0.033 seconds
[2025-03-27T01:00:59.237+0000] {processor.py:186} INFO - Started process (PID=560) to work on /opt/airflow/dags/data226_hwk6.py
[2025-03-27T01:00:59.237+0000] {processor.py:914} INFO - Processing file /opt/airflow/dags/data226_hwk6.py for tasks to queue
[2025-03-27T01:00:59.238+0000] {logging_mixin.py:190} INFO - [2025-03-27T01:00:59.238+0000] {dagbag.py:587} INFO - Filling up the DagBag from /opt/airflow/dags/data226_hwk6.py
[2025-03-27T01:00:59.256+0000] {processor.py:925} INFO - DAG(s) 'user_session_data' retrieved from /opt/airflow/dags/data226_hwk6.py
[2025-03-27T01:00:59.322+0000] {logging_mixin.py:190} INFO - [2025-03-27T01:00:59.321+0000] {dag.py:3229} INFO - Sync 1 DAGs
[2025-03-27T01:00:59.341+0000] {logging_mixin.py:190} INFO - [2025-03-27T01:00:59.341+0000] {dag.py:4156} INFO - Setting next_dagrun for user_session_data to 2025-03-26 02:30:00+00:00, run_after=2025-03-27 02:30:00+00:00
[2025-03-27T01:00:59.369+0000] {processor.py:208} INFO - Processing /opt/airflow/dags/data226_hwk6.py took 0.136 seconds
[2025-03-27T01:01:29.474+0000] {processor.py:186} INFO - Started process (PID=576) to work on /opt/airflow/dags/data226_hwk6.py
[2025-03-27T01:01:29.475+0000] {processor.py:914} INFO - Processing file /opt/airflow/dags/data226_hwk6.py for tasks to queue
[2025-03-27T01:01:29.476+0000] {logging_mixin.py:190} INFO - [2025-03-27T01:01:29.476+0000] {dagbag.py:587} INFO - Filling up the DagBag from /opt/airflow/dags/data226_hwk6.py
[2025-03-27T01:01:29.485+0000] {processor.py:925} INFO - DAG(s) 'user_session_data' retrieved from /opt/airflow/dags/data226_hwk6.py
[2025-03-27T01:01:29.500+0000] {logging_mixin.py:190} INFO - [2025-03-27T01:01:29.500+0000] {dag.py:3229} INFO - Sync 1 DAGs
[2025-03-27T01:01:29.514+0000] {logging_mixin.py:190} INFO - [2025-03-27T01:01:29.514+0000] {dag.py:4156} INFO - Setting next_dagrun for user_session_data to 2025-03-26 02:30:00+00:00, run_after=2025-03-27 02:30:00+00:00
[2025-03-27T01:01:29.525+0000] {processor.py:208} INFO - Processing /opt/airflow/dags/data226_hwk6.py took 0.054 seconds
[2025-03-27T01:01:32.589+0000] {processor.py:186} INFO - Started process (PID=587) to work on /opt/airflow/dags/data226_hwk6.py
[2025-03-27T01:01:32.590+0000] {processor.py:914} INFO - Processing file /opt/airflow/dags/data226_hwk6.py for tasks to queue
[2025-03-27T01:01:32.591+0000] {logging_mixin.py:190} INFO - [2025-03-27T01:01:32.591+0000] {dagbag.py:587} INFO - Filling up the DagBag from /opt/airflow/dags/data226_hwk6.py
[2025-03-27T01:01:32.612+0000] {processor.py:925} INFO - DAG(s) 'user_session_data' retrieved from /opt/airflow/dags/data226_hwk6.py
[2025-03-27T01:01:32.632+0000] {logging_mixin.py:190} INFO - [2025-03-27T01:01:32.632+0000] {dag.py:3229} INFO - Sync 1 DAGs
[2025-03-27T01:01:32.647+0000] {logging_mixin.py:190} INFO - [2025-03-27T01:01:32.647+0000] {dag.py:4156} INFO - Setting next_dagrun for user_session_data to 2025-03-26 02:30:00+00:00, run_after=2025-03-27 02:30:00+00:00
[2025-03-27T01:01:32.660+0000] {processor.py:208} INFO - Processing /opt/airflow/dags/data226_hwk6.py took 0.076 seconds
[2025-03-27T01:02:02.848+0000] {processor.py:186} INFO - Started process (PID=608) to work on /opt/airflow/dags/data226_hwk6.py
[2025-03-27T01:02:02.849+0000] {processor.py:914} INFO - Processing file /opt/airflow/dags/data226_hwk6.py for tasks to queue
[2025-03-27T01:02:02.849+0000] {logging_mixin.py:190} INFO - [2025-03-27T01:02:02.849+0000] {dagbag.py:587} INFO - Filling up the DagBag from /opt/airflow/dags/data226_hwk6.py
[2025-03-27T01:02:02.860+0000] {processor.py:925} INFO - DAG(s) 'user_session_data' retrieved from /opt/airflow/dags/data226_hwk6.py
[2025-03-27T01:02:02.875+0000] {logging_mixin.py:190} INFO - [2025-03-27T01:02:02.875+0000] {dag.py:3229} INFO - Sync 1 DAGs
[2025-03-27T01:02:02.891+0000] {logging_mixin.py:190} INFO - [2025-03-27T01:02:02.891+0000] {dag.py:4156} INFO - Setting next_dagrun for user_session_data to 2025-03-26 02:30:00+00:00, run_after=2025-03-27 02:30:00+00:00
[2025-03-27T01:02:02.904+0000] {processor.py:208} INFO - Processing /opt/airflow/dags/data226_hwk6.py took 0.060 seconds
[2025-03-27T01:02:33.103+0000] {processor.py:186} INFO - Started process (PID=624) to work on /opt/airflow/dags/data226_hwk6.py
[2025-03-27T01:02:33.104+0000] {processor.py:914} INFO - Processing file /opt/airflow/dags/data226_hwk6.py for tasks to queue
[2025-03-27T01:02:33.106+0000] {logging_mixin.py:190} INFO - [2025-03-27T01:02:33.105+0000] {dagbag.py:587} INFO - Filling up the DagBag from /opt/airflow/dags/data226_hwk6.py
[2025-03-27T01:02:33.117+0000] {processor.py:925} INFO - DAG(s) 'user_session_data' retrieved from /opt/airflow/dags/data226_hwk6.py
[2025-03-27T01:02:33.133+0000] {logging_mixin.py:190} INFO - [2025-03-27T01:02:33.133+0000] {dag.py:3229} INFO - Sync 1 DAGs
[2025-03-27T01:02:33.148+0000] {logging_mixin.py:190} INFO - [2025-03-27T01:02:33.148+0000] {dag.py:4156} INFO - Setting next_dagrun for user_session_data to 2025-03-26 02:30:00+00:00, run_after=2025-03-27 02:30:00+00:00
[2025-03-27T01:02:33.161+0000] {processor.py:208} INFO - Processing /opt/airflow/dags/data226_hwk6.py took 0.062 seconds
[2025-03-27T01:03:03.357+0000] {processor.py:186} INFO - Started process (PID=640) to work on /opt/airflow/dags/data226_hwk6.py
[2025-03-27T01:03:03.357+0000] {processor.py:914} INFO - Processing file /opt/airflow/dags/data226_hwk6.py for tasks to queue
[2025-03-27T01:03:03.358+0000] {logging_mixin.py:190} INFO - [2025-03-27T01:03:03.358+0000] {dagbag.py:587} INFO - Filling up the DagBag from /opt/airflow/dags/data226_hwk6.py
[2025-03-27T01:03:03.368+0000] {processor.py:925} INFO - DAG(s) 'user_session_data' retrieved from /opt/airflow/dags/data226_hwk6.py
[2025-03-27T01:03:03.384+0000] {logging_mixin.py:190} INFO - [2025-03-27T01:03:03.384+0000] {dag.py:3229} INFO - Sync 1 DAGs
[2025-03-27T01:03:03.399+0000] {logging_mixin.py:190} INFO - [2025-03-27T01:03:03.399+0000] {dag.py:4156} INFO - Setting next_dagrun for user_session_data to 2025-03-26 02:30:00+00:00, run_after=2025-03-27 02:30:00+00:00
[2025-03-27T01:03:03.410+0000] {processor.py:208} INFO - Processing /opt/airflow/dags/data226_hwk6.py took 0.057 seconds
[2025-03-27T01:03:33.615+0000] {processor.py:186} INFO - Started process (PID=656) to work on /opt/airflow/dags/data226_hwk6.py
[2025-03-27T01:03:33.616+0000] {processor.py:914} INFO - Processing file /opt/airflow/dags/data226_hwk6.py for tasks to queue
[2025-03-27T01:03:33.618+0000] {logging_mixin.py:190} INFO - [2025-03-27T01:03:33.618+0000] {dagbag.py:587} INFO - Filling up the DagBag from /opt/airflow/dags/data226_hwk6.py
[2025-03-27T01:03:33.631+0000] {processor.py:925} INFO - DAG(s) 'user_session_data' retrieved from /opt/airflow/dags/data226_hwk6.py
[2025-03-27T01:03:33.646+0000] {logging_mixin.py:190} INFO - [2025-03-27T01:03:33.646+0000] {dag.py:3229} INFO - Sync 1 DAGs
[2025-03-27T01:03:33.661+0000] {logging_mixin.py:190} INFO - [2025-03-27T01:03:33.661+0000] {dag.py:4156} INFO - Setting next_dagrun for user_session_data to 2025-03-26 02:30:00+00:00, run_after=2025-03-27 02:30:00+00:00
[2025-03-27T01:03:33.672+0000] {processor.py:208} INFO - Processing /opt/airflow/dags/data226_hwk6.py took 0.064 seconds
[2025-03-27T01:04:03.859+0000] {processor.py:186} INFO - Started process (PID=672) to work on /opt/airflow/dags/data226_hwk6.py
[2025-03-27T01:04:03.860+0000] {processor.py:914} INFO - Processing file /opt/airflow/dags/data226_hwk6.py for tasks to queue
[2025-03-27T01:04:03.860+0000] {logging_mixin.py:190} INFO - [2025-03-27T01:04:03.860+0000] {dagbag.py:587} INFO - Filling up the DagBag from /opt/airflow/dags/data226_hwk6.py
[2025-03-27T01:04:03.871+0000] {processor.py:925} INFO - DAG(s) 'user_session_data' retrieved from /opt/airflow/dags/data226_hwk6.py
[2025-03-27T01:04:03.887+0000] {logging_mixin.py:190} INFO - [2025-03-27T01:04:03.887+0000] {dag.py:3229} INFO - Sync 1 DAGs
[2025-03-27T01:04:03.902+0000] {logging_mixin.py:190} INFO - [2025-03-27T01:04:03.902+0000] {dag.py:4156} INFO - Setting next_dagrun for user_session_data to 2025-03-26 02:30:00+00:00, run_after=2025-03-27 02:30:00+00:00
[2025-03-27T01:04:03.915+0000] {processor.py:208} INFO - Processing /opt/airflow/dags/data226_hwk6.py took 0.060 seconds
[2025-03-27T01:04:34.098+0000] {processor.py:186} INFO - Started process (PID=688) to work on /opt/airflow/dags/data226_hwk6.py
[2025-03-27T01:04:34.098+0000] {processor.py:914} INFO - Processing file /opt/airflow/dags/data226_hwk6.py for tasks to queue
[2025-03-27T01:04:34.099+0000] {logging_mixin.py:190} INFO - [2025-03-27T01:04:34.099+0000] {dagbag.py:587} INFO - Filling up the DagBag from /opt/airflow/dags/data226_hwk6.py
[2025-03-27T01:04:34.110+0000] {processor.py:925} INFO - DAG(s) 'user_session_data' retrieved from /opt/airflow/dags/data226_hwk6.py
[2025-03-27T01:04:34.125+0000] {logging_mixin.py:190} INFO - [2025-03-27T01:04:34.125+0000] {dag.py:3229} INFO - Sync 1 DAGs
[2025-03-27T01:04:34.140+0000] {logging_mixin.py:190} INFO - [2025-03-27T01:04:34.140+0000] {dag.py:4156} INFO - Setting next_dagrun for user_session_data to 2025-03-26 02:30:00+00:00, run_after=2025-03-27 02:30:00+00:00
[2025-03-27T01:04:34.152+0000] {processor.py:208} INFO - Processing /opt/airflow/dags/data226_hwk6.py took 0.058 seconds
[2025-03-27T01:05:04.396+0000] {processor.py:186} INFO - Started process (PID=704) to work on /opt/airflow/dags/data226_hwk6.py
[2025-03-27T01:05:04.397+0000] {processor.py:914} INFO - Processing file /opt/airflow/dags/data226_hwk6.py for tasks to queue
[2025-03-27T01:05:04.397+0000] {logging_mixin.py:190} INFO - [2025-03-27T01:05:04.397+0000] {dagbag.py:587} INFO - Filling up the DagBag from /opt/airflow/dags/data226_hwk6.py
[2025-03-27T01:05:04.409+0000] {processor.py:925} INFO - DAG(s) 'user_session_data' retrieved from /opt/airflow/dags/data226_hwk6.py
[2025-03-27T01:05:04.425+0000] {logging_mixin.py:190} INFO - [2025-03-27T01:05:04.424+0000] {dag.py:3229} INFO - Sync 1 DAGs
[2025-03-27T01:05:04.439+0000] {logging_mixin.py:190} INFO - [2025-03-27T01:05:04.439+0000] {dag.py:4156} INFO - Setting next_dagrun for user_session_data to 2025-03-26 02:30:00+00:00, run_after=2025-03-27 02:30:00+00:00
[2025-03-27T01:05:04.455+0000] {processor.py:208} INFO - Processing /opt/airflow/dags/data226_hwk6.py took 0.063 seconds
[2025-03-27T01:05:34.687+0000] {processor.py:186} INFO - Started process (PID=720) to work on /opt/airflow/dags/data226_hwk6.py
[2025-03-27T01:05:34.688+0000] {processor.py:914} INFO - Processing file /opt/airflow/dags/data226_hwk6.py for tasks to queue
[2025-03-27T01:05:34.689+0000] {logging_mixin.py:190} INFO - [2025-03-27T01:05:34.689+0000] {dagbag.py:587} INFO - Filling up the DagBag from /opt/airflow/dags/data226_hwk6.py
[2025-03-27T01:05:34.700+0000] {processor.py:925} INFO - DAG(s) 'user_session_data' retrieved from /opt/airflow/dags/data226_hwk6.py
[2025-03-27T01:05:34.716+0000] {logging_mixin.py:190} INFO - [2025-03-27T01:05:34.716+0000] {dag.py:3229} INFO - Sync 1 DAGs
[2025-03-27T01:05:34.731+0000] {logging_mixin.py:190} INFO - [2025-03-27T01:05:34.731+0000] {dag.py:4156} INFO - Setting next_dagrun for user_session_data to 2025-03-26 02:30:00+00:00, run_after=2025-03-27 02:30:00+00:00
[2025-03-27T01:05:34.745+0000] {processor.py:208} INFO - Processing /opt/airflow/dags/data226_hwk6.py took 0.061 seconds
[2025-03-27T01:06:04.945+0000] {processor.py:186} INFO - Started process (PID=736) to work on /opt/airflow/dags/data226_hwk6.py
[2025-03-27T01:06:04.946+0000] {processor.py:914} INFO - Processing file /opt/airflow/dags/data226_hwk6.py for tasks to queue
[2025-03-27T01:06:04.947+0000] {logging_mixin.py:190} INFO - [2025-03-27T01:06:04.947+0000] {dagbag.py:587} INFO - Filling up the DagBag from /opt/airflow/dags/data226_hwk6.py
[2025-03-27T01:06:04.964+0000] {processor.py:925} INFO - DAG(s) 'user_session_data' retrieved from /opt/airflow/dags/data226_hwk6.py
[2025-03-27T01:06:04.980+0000] {logging_mixin.py:190} INFO - [2025-03-27T01:06:04.980+0000] {dag.py:3229} INFO - Sync 1 DAGs
[2025-03-27T01:06:05.000+0000] {logging_mixin.py:190} INFO - [2025-03-27T01:06:05.000+0000] {dag.py:4156} INFO - Setting next_dagrun for user_session_data to 2025-03-26 02:30:00+00:00, run_after=2025-03-27 02:30:00+00:00
[2025-03-27T01:06:05.013+0000] {processor.py:208} INFO - Processing /opt/airflow/dags/data226_hwk6.py took 0.074 seconds
[2025-03-27T01:06:35.201+0000] {processor.py:186} INFO - Started process (PID=752) to work on /opt/airflow/dags/data226_hwk6.py
[2025-03-27T01:06:35.202+0000] {processor.py:914} INFO - Processing file /opt/airflow/dags/data226_hwk6.py for tasks to queue
[2025-03-27T01:06:35.203+0000] {logging_mixin.py:190} INFO - [2025-03-27T01:06:35.203+0000] {dagbag.py:587} INFO - Filling up the DagBag from /opt/airflow/dags/data226_hwk6.py
[2025-03-27T01:06:35.216+0000] {processor.py:925} INFO - DAG(s) 'user_session_data' retrieved from /opt/airflow/dags/data226_hwk6.py
[2025-03-27T01:06:35.231+0000] {logging_mixin.py:190} INFO - [2025-03-27T01:06:35.231+0000] {dag.py:3229} INFO - Sync 1 DAGs
[2025-03-27T01:06:35.246+0000] {logging_mixin.py:190} INFO - [2025-03-27T01:06:35.246+0000] {dag.py:4156} INFO - Setting next_dagrun for user_session_data to 2025-03-26 02:30:00+00:00, run_after=2025-03-27 02:30:00+00:00
[2025-03-27T01:06:35.258+0000] {processor.py:208} INFO - Processing /opt/airflow/dags/data226_hwk6.py took 0.060 seconds
[2025-03-27T01:07:05.475+0000] {processor.py:186} INFO - Started process (PID=768) to work on /opt/airflow/dags/data226_hwk6.py
[2025-03-27T01:07:05.476+0000] {processor.py:914} INFO - Processing file /opt/airflow/dags/data226_hwk6.py for tasks to queue
[2025-03-27T01:07:05.477+0000] {logging_mixin.py:190} INFO - [2025-03-27T01:07:05.477+0000] {dagbag.py:587} INFO - Filling up the DagBag from /opt/airflow/dags/data226_hwk6.py
[2025-03-27T01:07:05.488+0000] {processor.py:925} INFO - DAG(s) 'user_session_data' retrieved from /opt/airflow/dags/data226_hwk6.py
[2025-03-27T01:07:05.503+0000] {logging_mixin.py:190} INFO - [2025-03-27T01:07:05.503+0000] {dag.py:3229} INFO - Sync 1 DAGs
[2025-03-27T01:07:05.518+0000] {logging_mixin.py:190} INFO - [2025-03-27T01:07:05.518+0000] {dag.py:4156} INFO - Setting next_dagrun for user_session_data to 2025-03-26 02:30:00+00:00, run_after=2025-03-27 02:30:00+00:00
[2025-03-27T01:07:05.531+0000] {processor.py:208} INFO - Processing /opt/airflow/dags/data226_hwk6.py took 0.061 seconds
[2025-03-27T01:07:35.777+0000] {processor.py:186} INFO - Started process (PID=784) to work on /opt/airflow/dags/data226_hwk6.py
[2025-03-27T01:07:35.778+0000] {processor.py:914} INFO - Processing file /opt/airflow/dags/data226_hwk6.py for tasks to queue
[2025-03-27T01:07:35.780+0000] {logging_mixin.py:190} INFO - [2025-03-27T01:07:35.779+0000] {dagbag.py:587} INFO - Filling up the DagBag from /opt/airflow/dags/data226_hwk6.py
[2025-03-27T01:07:35.792+0000] {processor.py:925} INFO - DAG(s) 'user_session_data' retrieved from /opt/airflow/dags/data226_hwk6.py
[2025-03-27T01:07:35.808+0000] {logging_mixin.py:190} INFO - [2025-03-27T01:07:35.808+0000] {dag.py:3229} INFO - Sync 1 DAGs
[2025-03-27T01:07:35.824+0000] {logging_mixin.py:190} INFO - [2025-03-27T01:07:35.824+0000] {dag.py:4156} INFO - Setting next_dagrun for user_session_data to 2025-03-26 02:30:00+00:00, run_after=2025-03-27 02:30:00+00:00
[2025-03-27T01:07:35.836+0000] {processor.py:208} INFO - Processing /opt/airflow/dags/data226_hwk6.py took 0.064 seconds
[2025-03-27T01:08:06.058+0000] {processor.py:186} INFO - Started process (PID=800) to work on /opt/airflow/dags/data226_hwk6.py
[2025-03-27T01:08:06.059+0000] {processor.py:914} INFO - Processing file /opt/airflow/dags/data226_hwk6.py for tasks to queue
[2025-03-27T01:08:06.060+0000] {logging_mixin.py:190} INFO - [2025-03-27T01:08:06.060+0000] {dagbag.py:587} INFO - Filling up the DagBag from /opt/airflow/dags/data226_hwk6.py
[2025-03-27T01:08:06.070+0000] {processor.py:925} INFO - DAG(s) 'user_session_data' retrieved from /opt/airflow/dags/data226_hwk6.py
[2025-03-27T01:08:06.086+0000] {logging_mixin.py:190} INFO - [2025-03-27T01:08:06.086+0000] {dag.py:3229} INFO - Sync 1 DAGs
[2025-03-27T01:08:06.102+0000] {logging_mixin.py:190} INFO - [2025-03-27T01:08:06.102+0000] {dag.py:4156} INFO - Setting next_dagrun for user_session_data to 2025-03-26 02:30:00+00:00, run_after=2025-03-27 02:30:00+00:00
[2025-03-27T01:08:06.114+0000] {processor.py:208} INFO - Processing /opt/airflow/dags/data226_hwk6.py took 0.060 seconds
[2025-03-27T01:08:36.371+0000] {processor.py:186} INFO - Started process (PID=816) to work on /opt/airflow/dags/data226_hwk6.py
[2025-03-27T01:08:36.372+0000] {processor.py:914} INFO - Processing file /opt/airflow/dags/data226_hwk6.py for tasks to queue
[2025-03-27T01:08:36.373+0000] {logging_mixin.py:190} INFO - [2025-03-27T01:08:36.373+0000] {dagbag.py:587} INFO - Filling up the DagBag from /opt/airflow/dags/data226_hwk6.py
[2025-03-27T01:08:36.386+0000] {processor.py:925} INFO - DAG(s) 'user_session_data' retrieved from /opt/airflow/dags/data226_hwk6.py
[2025-03-27T01:08:36.403+0000] {logging_mixin.py:190} INFO - [2025-03-27T01:08:36.403+0000] {dag.py:3229} INFO - Sync 1 DAGs
[2025-03-27T01:08:36.418+0000] {logging_mixin.py:190} INFO - [2025-03-27T01:08:36.418+0000] {dag.py:4156} INFO - Setting next_dagrun for user_session_data to 2025-03-26 02:30:00+00:00, run_after=2025-03-27 02:30:00+00:00
[2025-03-27T01:08:36.431+0000] {processor.py:208} INFO - Processing /opt/airflow/dags/data226_hwk6.py took 0.065 seconds
