[2025-03-02T00:00:01.039+0000] {local_task_job_runner.py:123} INFO - ::group::Pre task execution logs
[2025-03-02T00:00:01.045+0000] {taskinstance.py:2612} INFO - Dependencies all met for dep_context=non-requeueable deps ti=<TaskInstance: stock_price_daily_load.fetch_and_load_data scheduled__2025-03-01T00:00:00+00:00 [queued]>
[2025-03-02T00:00:01.047+0000] {taskinstance.py:2612} INFO - Dependencies all met for dep_context=requeueable deps ti=<TaskInstance: stock_price_daily_load.fetch_and_load_data scheduled__2025-03-01T00:00:00+00:00 [queued]>
[2025-03-02T00:00:01.047+0000] {taskinstance.py:2865} INFO - Starting attempt 1 of 2
[2025-03-02T00:00:01.051+0000] {taskinstance.py:2888} INFO - Executing <Task(PythonOperator): fetch_and_load_data> on 2025-03-01 00:00:00+00:00
[2025-03-02T00:00:01.055+0000] {standard_task_runner.py:104} INFO - Running: ['***', 'tasks', 'run', 'stock_price_daily_load', 'fetch_and_load_data', 'scheduled__2025-03-01T00:00:00+00:00', '--job-id', '15', '--raw', '--subdir', 'DAGS_FOLDER/daily_stock_price.py', '--cfg-path', '/tmp/tmpzfg0_ooq']
[2025-03-02T00:00:01.057+0000] {standard_task_runner.py:105} INFO - Job 15: Subtask fetch_and_load_data
[2025-03-02T00:00:01.057+0000] {logging_mixin.py:190} WARNING - /home/***/.local/lib/python3.12/site-packages/***/task/task_runner/standard_task_runner.py:70 DeprecationWarning: This process (pid=19249) is multi-threaded, use of fork() may lead to deadlocks in the child.
[2025-03-02T00:00:01.058+0000] {standard_task_runner.py:72} INFO - Started process 19252 to run task
[2025-03-02T00:00:01.075+0000] {task_command.py:467} INFO - Running <TaskInstance: stock_price_daily_load.fetch_and_load_data scheduled__2025-03-01T00:00:00+00:00 [running]> on host 517e2fa4f5fd
[2025-03-02T00:00:01.102+0000] {taskinstance.py:3131} INFO - Exporting env vars: AIRFLOW_CTX_DAG_OWNER='***' AIRFLOW_CTX_DAG_ID='stock_price_daily_load' AIRFLOW_CTX_TASK_ID='fetch_and_load_data' AIRFLOW_CTX_EXECUTION_DATE='2025-03-01T00:00:00+00:00' AIRFLOW_CTX_TRY_NUMBER='1' AIRFLOW_CTX_DAG_RUN_ID='scheduled__2025-03-01T00:00:00+00:00'
[2025-03-02T00:00:01.103+0000] {taskinstance.py:731} INFO - ::endgroup::
[2025-03-02T00:00:01.109+0000] {connection.py:413} INFO - Snowflake Connector for Python Version: 3.12.1, Python Version: 3.12.5, Platform: Linux-6.10.14-linuxkit-aarch64-with-glibc2.36
[2025-03-02T00:00:01.109+0000] {connection.py:1196} INFO - Connecting to GLOBAL Snowflake domain
[2025-03-02T00:00:01.109+0000] {connection.py:1277} INFO - This connection is in OCSP Fail Open Mode. TLS Certificates would be checked for validity and revocation status. Any other Certificate Revocation related exceptions or OCSP Responder failures would be disregarded in favor of connectivity.
[2025-03-02T00:00:03.619+0000] {cursor.py:1156} INFO - Number of results in first chunk: 1
[2025-03-02T00:00:08.321+0000] {logging_mixin.py:190} INFO - ✅ TSLA: Already up to date. No new rows to insert.
[2025-03-02T00:00:08.763+0000] {cursor.py:1156} INFO - Number of results in first chunk: 1
[2025-03-02T00:00:12.433+0000] {logging_mixin.py:190} INFO - ✅ SPY: Already up to date. No new rows to insert.
[2025-03-02T00:00:12.433+0000] {connection.py:788} INFO - closed
[2025-03-02T00:00:12.471+0000] {connection.py:794} INFO - No async queries seem to be running, deleting session
[2025-03-02T00:00:12.555+0000] {python.py:240} INFO - Done. Returned value was: None
[2025-03-02T00:00:12.568+0000] {taskinstance.py:340} INFO - ::group::Post task execution logs
[2025-03-02T00:00:12.568+0000] {taskinstance.py:352} INFO - Marking task as SUCCESS. dag_id=stock_price_daily_load, task_id=fetch_and_load_data, run_id=scheduled__2025-03-01T00:00:00+00:00, execution_date=20250301T000000, start_date=20250302T000001, end_date=20250302T000012
[2025-03-02T00:00:12.600+0000] {local_task_job_runner.py:266} INFO - Task exited with return code 0
[2025-03-02T00:00:12.612+0000] {taskinstance.py:3900} INFO - 1 downstream tasks scheduled from follow-on schedule check
[2025-03-02T00:00:12.613+0000] {local_task_job_runner.py:245} INFO - ::endgroup::
