[2025-03-05T06:30:32.556+0000] {processor.py:186} INFO - Started process (PID=236) to work on /opt/airflow/dags/data226_hwk5 (3).py
[2025-03-05T06:30:32.557+0000] {processor.py:914} INFO - Processing file /opt/airflow/dags/data226_hwk5 (3).py for tasks to queue
[2025-03-05T06:30:32.558+0000] {logging_mixin.py:190} INFO - [2025-03-05T06:30:32.558+0000] {dagbag.py:587} INFO - Filling up the DagBag from /opt/airflow/dags/data226_hwk5 (3).py
[2025-03-05T06:30:32.572+0000] {logging_mixin.py:190} INFO - [2025-03-05T06:30:32.569+0000] {dagbag.py:386} ERROR - Failed to import: /opt/airflow/dags/data226_hwk5 (3).py
Traceback (most recent call last):
  File "/home/airflow/.local/lib/python3.12/site-packages/airflow/models/dagbag.py", line 382, in parse
    loader.exec_module(new_module)
  File "<frozen importlib._bootstrap_external>", line 995, in exec_module
  File "<frozen importlib._bootstrap>", line 488, in _call_with_frames_removed
  File "/opt/airflow/dags/data226_hwk5 (3).py", line 122, in <module>
    url = f'https://www.alphavantage.co/query?function=TIME_SERIES_DAILY&symbol={symbol}&apikey={api_key}'
                                                                                 ^^^^^^
NameError: name 'symbol' is not defined
[2025-03-05T06:30:32.574+0000] {processor.py:927} WARNING - No viable dags retrieved from /opt/airflow/dags/data226_hwk5 (3).py
[2025-03-05T06:30:32.591+0000] {processor.py:208} INFO - Processing /opt/airflow/dags/data226_hwk5 (3).py took 0.039 seconds
[2025-03-05T06:31:03.332+0000] {processor.py:186} INFO - Started process (PID=289) to work on /opt/airflow/dags/data226_hwk5 (3).py
[2025-03-05T06:31:03.332+0000] {processor.py:914} INFO - Processing file /opt/airflow/dags/data226_hwk5 (3).py for tasks to queue
[2025-03-05T06:31:03.334+0000] {logging_mixin.py:190} INFO - [2025-03-05T06:31:03.334+0000] {dagbag.py:587} INFO - Filling up the DagBag from /opt/airflow/dags/data226_hwk5 (3).py
[2025-03-05T06:31:03.347+0000] {logging_mixin.py:190} INFO - [2025-03-05T06:31:03.342+0000] {dagbag.py:386} ERROR - Failed to import: /opt/airflow/dags/data226_hwk5 (3).py
Traceback (most recent call last):
  File "/home/airflow/.local/lib/python3.12/site-packages/airflow/models/dagbag.py", line 382, in parse
    loader.exec_module(new_module)
  File "<frozen importlib._bootstrap_external>", line 995, in exec_module
  File "<frozen importlib._bootstrap>", line 488, in _call_with_frames_removed
  File "/opt/airflow/dags/data226_hwk5 (3).py", line 122, in <module>
    url = f'https://www.alphavantage.co/query?function=TIME_SERIES_DAILY&symbol={symbol}&apikey={api_key}'
                                                                                 ^^^^^^
NameError: name 'symbol' is not defined
[2025-03-05T06:31:03.349+0000] {processor.py:927} WARNING - No viable dags retrieved from /opt/airflow/dags/data226_hwk5 (3).py
[2025-03-05T06:31:03.362+0000] {processor.py:208} INFO - Processing /opt/airflow/dags/data226_hwk5 (3).py took 0.034 seconds
[2025-03-05T06:31:34.064+0000] {processor.py:186} INFO - Started process (PID=300) to work on /opt/airflow/dags/data226_hwk5 (3).py
[2025-03-05T06:31:34.065+0000] {processor.py:914} INFO - Processing file /opt/airflow/dags/data226_hwk5 (3).py for tasks to queue
[2025-03-05T06:31:34.066+0000] {logging_mixin.py:190} INFO - [2025-03-05T06:31:34.066+0000] {dagbag.py:587} INFO - Filling up the DagBag from /opt/airflow/dags/data226_hwk5 (3).py
[2025-03-05T06:31:34.083+0000] {logging_mixin.py:190} INFO - [2025-03-05T06:31:34.079+0000] {dagbag.py:386} ERROR - Failed to import: /opt/airflow/dags/data226_hwk5 (3).py
Traceback (most recent call last):
  File "/home/airflow/.local/lib/python3.12/site-packages/airflow/models/dagbag.py", line 382, in parse
    loader.exec_module(new_module)
  File "<frozen importlib._bootstrap_external>", line 995, in exec_module
  File "<frozen importlib._bootstrap>", line 488, in _call_with_frames_removed
  File "/opt/airflow/dags/data226_hwk5 (3).py", line 122, in <module>
    url = f'https://www.alphavantage.co/query?function=TIME_SERIES_DAILY&symbol={symbol}&apikey={api_key}'
                                                                                 ^^^^^^
NameError: name 'symbol' is not defined
[2025-03-05T06:31:34.084+0000] {processor.py:927} WARNING - No viable dags retrieved from /opt/airflow/dags/data226_hwk5 (3).py
[2025-03-05T06:31:34.096+0000] {processor.py:208} INFO - Processing /opt/airflow/dags/data226_hwk5 (3).py took 0.035 seconds
[2025-03-05T06:56:13.559+0000] {processor.py:186} INFO - Started process (PID=468) to work on /opt/airflow/dags/data226_hwk5 (3).py
[2025-03-05T06:56:13.560+0000] {processor.py:914} INFO - Processing file /opt/airflow/dags/data226_hwk5 (3).py for tasks to queue
[2025-03-05T06:56:13.561+0000] {logging_mixin.py:190} INFO - [2025-03-05T06:56:13.560+0000] {dagbag.py:587} INFO - Filling up the DagBag from /opt/airflow/dags/data226_hwk5 (3).py
[2025-03-05T06:56:13.579+0000] {processor.py:925} INFO - DAG(s) 'Stocks' retrieved from /opt/airflow/dags/data226_hwk5 (3).py
[2025-03-05T06:56:13.641+0000] {logging_mixin.py:190} INFO - [2025-03-05T06:56:13.640+0000] {dag.py:3229} INFO - Sync 1 DAGs
[2025-03-05T06:56:13.655+0000] {logging_mixin.py:190} INFO - [2025-03-05T06:56:13.655+0000] {dag.py:4156} INFO - Setting next_dagrun for Stocks to 2025-03-05 02:30:00+00:00, run_after=2025-03-06 02:30:00+00:00
[2025-03-05T06:56:13.668+0000] {processor.py:208} INFO - Processing /opt/airflow/dags/data226_hwk5 (3).py took 0.112 seconds
[2025-03-05T06:56:44.360+0000] {processor.py:186} INFO - Started process (PID=479) to work on /opt/airflow/dags/data226_hwk5 (3).py
[2025-03-05T06:56:44.361+0000] {processor.py:914} INFO - Processing file /opt/airflow/dags/data226_hwk5 (3).py for tasks to queue
[2025-03-05T06:56:44.362+0000] {logging_mixin.py:190} INFO - [2025-03-05T06:56:44.362+0000] {dagbag.py:587} INFO - Filling up the DagBag from /opt/airflow/dags/data226_hwk5 (3).py
[2025-03-05T06:56:44.382+0000] {processor.py:925} INFO - DAG(s) 'Stocks' retrieved from /opt/airflow/dags/data226_hwk5 (3).py
[2025-03-05T06:56:44.395+0000] {logging_mixin.py:190} INFO - [2025-03-05T06:56:44.394+0000] {dag.py:3229} INFO - Sync 1 DAGs
[2025-03-05T06:56:44.411+0000] {logging_mixin.py:190} INFO - [2025-03-05T06:56:44.411+0000] {dag.py:4156} INFO - Setting next_dagrun for Stocks to 2025-03-05 02:30:00+00:00, run_after=2025-03-06 02:30:00+00:00
[2025-03-05T06:56:44.426+0000] {processor.py:208} INFO - Processing /opt/airflow/dags/data226_hwk5 (3).py took 0.068 seconds
[2025-03-05T06:57:15.107+0000] {processor.py:186} INFO - Started process (PID=490) to work on /opt/airflow/dags/data226_hwk5 (3).py
[2025-03-05T06:57:15.108+0000] {processor.py:914} INFO - Processing file /opt/airflow/dags/data226_hwk5 (3).py for tasks to queue
[2025-03-05T06:57:15.109+0000] {logging_mixin.py:190} INFO - [2025-03-05T06:57:15.109+0000] {dagbag.py:587} INFO - Filling up the DagBag from /opt/airflow/dags/data226_hwk5 (3).py
[2025-03-05T06:57:15.127+0000] {processor.py:925} INFO - DAG(s) 'Stocks' retrieved from /opt/airflow/dags/data226_hwk5 (3).py
[2025-03-05T06:57:15.138+0000] {logging_mixin.py:190} INFO - [2025-03-05T06:57:15.138+0000] {dag.py:3229} INFO - Sync 1 DAGs
[2025-03-05T06:57:15.152+0000] {logging_mixin.py:190} INFO - [2025-03-05T06:57:15.152+0000] {dag.py:4156} INFO - Setting next_dagrun for Stocks to 2025-03-05 02:30:00+00:00, run_after=2025-03-06 02:30:00+00:00
[2025-03-05T06:57:15.166+0000] {processor.py:208} INFO - Processing /opt/airflow/dags/data226_hwk5 (3).py took 0.062 seconds
[2025-03-05T06:57:45.889+0000] {processor.py:186} INFO - Started process (PID=501) to work on /opt/airflow/dags/data226_hwk5 (3).py
[2025-03-05T06:57:45.889+0000] {processor.py:914} INFO - Processing file /opt/airflow/dags/data226_hwk5 (3).py for tasks to queue
[2025-03-05T06:57:45.890+0000] {logging_mixin.py:190} INFO - [2025-03-05T06:57:45.890+0000] {dagbag.py:587} INFO - Filling up the DagBag from /opt/airflow/dags/data226_hwk5 (3).py
[2025-03-05T06:57:45.910+0000] {processor.py:925} INFO - DAG(s) 'Stocks' retrieved from /opt/airflow/dags/data226_hwk5 (3).py
[2025-03-05T06:57:45.921+0000] {logging_mixin.py:190} INFO - [2025-03-05T06:57:45.920+0000] {dag.py:3229} INFO - Sync 1 DAGs
[2025-03-05T06:57:45.935+0000] {logging_mixin.py:190} INFO - [2025-03-05T06:57:45.935+0000] {dag.py:4156} INFO - Setting next_dagrun for Stocks to 2025-03-05 02:30:00+00:00, run_after=2025-03-06 02:30:00+00:00
[2025-03-05T06:57:45.948+0000] {processor.py:208} INFO - Processing /opt/airflow/dags/data226_hwk5 (3).py took 0.062 seconds
[2025-03-05T06:58:16.680+0000] {processor.py:186} INFO - Started process (PID=512) to work on /opt/airflow/dags/data226_hwk5 (3).py
[2025-03-05T06:58:16.681+0000] {processor.py:914} INFO - Processing file /opt/airflow/dags/data226_hwk5 (3).py for tasks to queue
[2025-03-05T06:58:16.682+0000] {logging_mixin.py:190} INFO - [2025-03-05T06:58:16.681+0000] {dagbag.py:587} INFO - Filling up the DagBag from /opt/airflow/dags/data226_hwk5 (3).py
[2025-03-05T06:58:16.702+0000] {processor.py:925} INFO - DAG(s) 'Stocks' retrieved from /opt/airflow/dags/data226_hwk5 (3).py
[2025-03-05T06:58:16.713+0000] {logging_mixin.py:190} INFO - [2025-03-05T06:58:16.713+0000] {dag.py:3229} INFO - Sync 1 DAGs
[2025-03-05T06:58:16.728+0000] {logging_mixin.py:190} INFO - [2025-03-05T06:58:16.727+0000] {dag.py:4156} INFO - Setting next_dagrun for Stocks to 2025-03-05 02:30:00+00:00, run_after=2025-03-06 02:30:00+00:00
[2025-03-05T06:58:16.739+0000] {processor.py:208} INFO - Processing /opt/airflow/dags/data226_hwk5 (3).py took 0.062 seconds
[2025-03-05T06:58:47.499+0000] {processor.py:186} INFO - Started process (PID=523) to work on /opt/airflow/dags/data226_hwk5 (3).py
[2025-03-05T06:58:47.499+0000] {processor.py:914} INFO - Processing file /opt/airflow/dags/data226_hwk5 (3).py for tasks to queue
[2025-03-05T06:58:47.500+0000] {logging_mixin.py:190} INFO - [2025-03-05T06:58:47.500+0000] {dagbag.py:587} INFO - Filling up the DagBag from /opt/airflow/dags/data226_hwk5 (3).py
[2025-03-05T06:58:47.520+0000] {processor.py:925} INFO - DAG(s) 'Stocks' retrieved from /opt/airflow/dags/data226_hwk5 (3).py
[2025-03-05T06:58:47.531+0000] {logging_mixin.py:190} INFO - [2025-03-05T06:58:47.530+0000] {dag.py:3229} INFO - Sync 1 DAGs
[2025-03-05T06:58:47.546+0000] {logging_mixin.py:190} INFO - [2025-03-05T06:58:47.546+0000] {dag.py:4156} INFO - Setting next_dagrun for Stocks to 2025-03-05 02:30:00+00:00, run_after=2025-03-06 02:30:00+00:00
[2025-03-05T06:58:47.561+0000] {processor.py:208} INFO - Processing /opt/airflow/dags/data226_hwk5 (3).py took 0.065 seconds
[2025-03-05T06:59:18.282+0000] {processor.py:186} INFO - Started process (PID=534) to work on /opt/airflow/dags/data226_hwk5 (3).py
[2025-03-05T06:59:18.283+0000] {processor.py:914} INFO - Processing file /opt/airflow/dags/data226_hwk5 (3).py for tasks to queue
[2025-03-05T06:59:18.284+0000] {logging_mixin.py:190} INFO - [2025-03-05T06:59:18.283+0000] {dagbag.py:587} INFO - Filling up the DagBag from /opt/airflow/dags/data226_hwk5 (3).py
[2025-03-05T06:59:18.300+0000] {processor.py:925} INFO - DAG(s) 'Stocks' retrieved from /opt/airflow/dags/data226_hwk5 (3).py
[2025-03-05T06:59:18.312+0000] {logging_mixin.py:190} INFO - [2025-03-05T06:59:18.311+0000] {dag.py:3229} INFO - Sync 1 DAGs
[2025-03-05T06:59:18.326+0000] {logging_mixin.py:190} INFO - [2025-03-05T06:59:18.326+0000] {dag.py:4156} INFO - Setting next_dagrun for Stocks to 2025-03-05 02:30:00+00:00, run_after=2025-03-06 02:30:00+00:00
[2025-03-05T06:59:18.340+0000] {processor.py:208} INFO - Processing /opt/airflow/dags/data226_hwk5 (3).py took 0.061 seconds
[2025-03-05T06:59:49.074+0000] {processor.py:186} INFO - Started process (PID=552) to work on /opt/airflow/dags/data226_hwk5 (3).py
[2025-03-05T06:59:49.075+0000] {processor.py:914} INFO - Processing file /opt/airflow/dags/data226_hwk5 (3).py for tasks to queue
[2025-03-05T06:59:49.076+0000] {logging_mixin.py:190} INFO - [2025-03-05T06:59:49.076+0000] {dagbag.py:587} INFO - Filling up the DagBag from /opt/airflow/dags/data226_hwk5 (3).py
[2025-03-05T06:59:49.094+0000] {processor.py:925} INFO - DAG(s) 'Stocks' retrieved from /opt/airflow/dags/data226_hwk5 (3).py
[2025-03-05T06:59:49.107+0000] {logging_mixin.py:190} INFO - [2025-03-05T06:59:49.106+0000] {dag.py:3229} INFO - Sync 1 DAGs
[2025-03-05T06:59:49.121+0000] {logging_mixin.py:190} INFO - [2025-03-05T06:59:49.121+0000] {dag.py:4156} INFO - Setting next_dagrun for Stocks to 2025-03-05 02:30:00+00:00, run_after=2025-03-06 02:30:00+00:00
[2025-03-05T06:59:49.133+0000] {processor.py:208} INFO - Processing /opt/airflow/dags/data226_hwk5 (3).py took 0.062 seconds
[2025-03-05T07:00:19.807+0000] {processor.py:186} INFO - Started process (PID=571) to work on /opt/airflow/dags/data226_hwk5 (3).py
[2025-03-05T07:00:19.807+0000] {processor.py:914} INFO - Processing file /opt/airflow/dags/data226_hwk5 (3).py for tasks to queue
[2025-03-05T07:00:19.808+0000] {logging_mixin.py:190} INFO - [2025-03-05T07:00:19.808+0000] {dagbag.py:587} INFO - Filling up the DagBag from /opt/airflow/dags/data226_hwk5 (3).py
[2025-03-05T07:00:19.826+0000] {processor.py:925} INFO - DAG(s) 'Stocks' retrieved from /opt/airflow/dags/data226_hwk5 (3).py
[2025-03-05T07:00:19.837+0000] {logging_mixin.py:190} INFO - [2025-03-05T07:00:19.837+0000] {dag.py:3229} INFO - Sync 1 DAGs
[2025-03-05T07:00:19.852+0000] {logging_mixin.py:190} INFO - [2025-03-05T07:00:19.851+0000] {dag.py:4156} INFO - Setting next_dagrun for Stocks to 2025-03-05 02:30:00+00:00, run_after=2025-03-06 02:30:00+00:00
[2025-03-05T07:00:19.862+0000] {processor.py:208} INFO - Processing /opt/airflow/dags/data226_hwk5 (3).py took 0.059 seconds
[2025-03-05T07:00:50.597+0000] {processor.py:186} INFO - Started process (PID=582) to work on /opt/airflow/dags/data226_hwk5 (3).py
[2025-03-05T07:00:50.598+0000] {processor.py:914} INFO - Processing file /opt/airflow/dags/data226_hwk5 (3).py for tasks to queue
[2025-03-05T07:00:50.599+0000] {logging_mixin.py:190} INFO - [2025-03-05T07:00:50.599+0000] {dagbag.py:587} INFO - Filling up the DagBag from /opt/airflow/dags/data226_hwk5 (3).py
[2025-03-05T07:00:50.617+0000] {processor.py:925} INFO - DAG(s) 'Stocks' retrieved from /opt/airflow/dags/data226_hwk5 (3).py
[2025-03-05T07:00:50.629+0000] {logging_mixin.py:190} INFO - [2025-03-05T07:00:50.628+0000] {dag.py:3229} INFO - Sync 1 DAGs
[2025-03-05T07:00:50.643+0000] {logging_mixin.py:190} INFO - [2025-03-05T07:00:50.643+0000] {dag.py:4156} INFO - Setting next_dagrun for Stocks to 2025-03-05 02:30:00+00:00, run_after=2025-03-06 02:30:00+00:00
[2025-03-05T07:00:50.656+0000] {processor.py:208} INFO - Processing /opt/airflow/dags/data226_hwk5 (3).py took 0.062 seconds
[2025-03-05T07:01:21.423+0000] {processor.py:186} INFO - Started process (PID=593) to work on /opt/airflow/dags/data226_hwk5 (3).py
[2025-03-05T07:01:21.423+0000] {processor.py:914} INFO - Processing file /opt/airflow/dags/data226_hwk5 (3).py for tasks to queue
[2025-03-05T07:01:21.424+0000] {logging_mixin.py:190} INFO - [2025-03-05T07:01:21.424+0000] {dagbag.py:587} INFO - Filling up the DagBag from /opt/airflow/dags/data226_hwk5 (3).py
[2025-03-05T07:01:21.441+0000] {processor.py:925} INFO - DAG(s) 'Stocks' retrieved from /opt/airflow/dags/data226_hwk5 (3).py
[2025-03-05T07:01:21.452+0000] {logging_mixin.py:190} INFO - [2025-03-05T07:01:21.452+0000] {dag.py:3229} INFO - Sync 1 DAGs
[2025-03-05T07:01:21.467+0000] {logging_mixin.py:190} INFO - [2025-03-05T07:01:21.467+0000] {dag.py:4156} INFO - Setting next_dagrun for Stocks to 2025-03-05 02:30:00+00:00, run_after=2025-03-06 02:30:00+00:00
[2025-03-05T07:01:21.483+0000] {processor.py:208} INFO - Processing /opt/airflow/dags/data226_hwk5 (3).py took 0.063 seconds
[2025-03-05T07:01:52.250+0000] {processor.py:186} INFO - Started process (PID=604) to work on /opt/airflow/dags/data226_hwk5 (3).py
[2025-03-05T07:01:52.251+0000] {processor.py:914} INFO - Processing file /opt/airflow/dags/data226_hwk5 (3).py for tasks to queue
[2025-03-05T07:01:52.252+0000] {logging_mixin.py:190} INFO - [2025-03-05T07:01:52.251+0000] {dagbag.py:587} INFO - Filling up the DagBag from /opt/airflow/dags/data226_hwk5 (3).py
[2025-03-05T07:01:52.272+0000] {processor.py:925} INFO - DAG(s) 'Stocks' retrieved from /opt/airflow/dags/data226_hwk5 (3).py
[2025-03-05T07:01:52.284+0000] {logging_mixin.py:190} INFO - [2025-03-05T07:01:52.283+0000] {dag.py:3229} INFO - Sync 1 DAGs
[2025-03-05T07:01:52.298+0000] {logging_mixin.py:190} INFO - [2025-03-05T07:01:52.297+0000] {dag.py:4156} INFO - Setting next_dagrun for Stocks to 2025-03-05 02:30:00+00:00, run_after=2025-03-06 02:30:00+00:00
[2025-03-05T07:01:52.311+0000] {processor.py:208} INFO - Processing /opt/airflow/dags/data226_hwk5 (3).py took 0.064 seconds
[2025-03-05T07:02:23.089+0000] {processor.py:186} INFO - Started process (PID=614) to work on /opt/airflow/dags/data226_hwk5 (3).py
[2025-03-05T07:02:23.090+0000] {processor.py:914} INFO - Processing file /opt/airflow/dags/data226_hwk5 (3).py for tasks to queue
[2025-03-05T07:02:23.091+0000] {logging_mixin.py:190} INFO - [2025-03-05T07:02:23.091+0000] {dagbag.py:587} INFO - Filling up the DagBag from /opt/airflow/dags/data226_hwk5 (3).py
[2025-03-05T07:02:23.109+0000] {processor.py:925} INFO - DAG(s) 'Stocks' retrieved from /opt/airflow/dags/data226_hwk5 (3).py
[2025-03-05T07:02:23.120+0000] {logging_mixin.py:190} INFO - [2025-03-05T07:02:23.119+0000] {dag.py:3229} INFO - Sync 1 DAGs
[2025-03-05T07:02:23.134+0000] {logging_mixin.py:190} INFO - [2025-03-05T07:02:23.134+0000] {dag.py:4156} INFO - Setting next_dagrun for Stocks to 2025-03-05 02:30:00+00:00, run_after=2025-03-06 02:30:00+00:00
[2025-03-05T07:02:23.147+0000] {processor.py:208} INFO - Processing /opt/airflow/dags/data226_hwk5 (3).py took 0.061 seconds
[2025-03-05T07:02:53.872+0000] {processor.py:186} INFO - Started process (PID=640) to work on /opt/airflow/dags/data226_hwk5 (3).py
[2025-03-05T07:02:53.873+0000] {processor.py:914} INFO - Processing file /opt/airflow/dags/data226_hwk5 (3).py for tasks to queue
[2025-03-05T07:02:53.874+0000] {logging_mixin.py:190} INFO - [2025-03-05T07:02:53.873+0000] {dagbag.py:587} INFO - Filling up the DagBag from /opt/airflow/dags/data226_hwk5 (3).py
[2025-03-05T07:02:53.894+0000] {processor.py:925} INFO - DAG(s) 'Stocks' retrieved from /opt/airflow/dags/data226_hwk5 (3).py
[2025-03-05T07:02:53.906+0000] {logging_mixin.py:190} INFO - [2025-03-05T07:02:53.905+0000] {dag.py:3229} INFO - Sync 1 DAGs
[2025-03-05T07:02:53.922+0000] {logging_mixin.py:190} INFO - [2025-03-05T07:02:53.922+0000] {dag.py:4156} INFO - Setting next_dagrun for Stocks to 2025-03-05 02:30:00+00:00, run_after=2025-03-06 02:30:00+00:00
[2025-03-05T07:02:53.935+0000] {processor.py:208} INFO - Processing /opt/airflow/dags/data226_hwk5 (3).py took 0.066 seconds
[2025-03-05T07:03:24.672+0000] {processor.py:186} INFO - Started process (PID=651) to work on /opt/airflow/dags/data226_hwk5 (3).py
[2025-03-05T07:03:24.673+0000] {processor.py:914} INFO - Processing file /opt/airflow/dags/data226_hwk5 (3).py for tasks to queue
[2025-03-05T07:03:24.674+0000] {logging_mixin.py:190} INFO - [2025-03-05T07:03:24.673+0000] {dagbag.py:587} INFO - Filling up the DagBag from /opt/airflow/dags/data226_hwk5 (3).py
[2025-03-05T07:03:24.693+0000] {processor.py:925} INFO - DAG(s) 'Stocks' retrieved from /opt/airflow/dags/data226_hwk5 (3).py
[2025-03-05T07:03:24.704+0000] {logging_mixin.py:190} INFO - [2025-03-05T07:03:24.704+0000] {dag.py:3229} INFO - Sync 1 DAGs
[2025-03-05T07:03:24.719+0000] {logging_mixin.py:190} INFO - [2025-03-05T07:03:24.719+0000] {dag.py:4156} INFO - Setting next_dagrun for Stocks to 2025-03-05 02:30:00+00:00, run_after=2025-03-06 02:30:00+00:00
[2025-03-05T07:03:24.733+0000] {processor.py:208} INFO - Processing /opt/airflow/dags/data226_hwk5 (3).py took 0.064 seconds
[2025-03-05T07:03:55.413+0000] {processor.py:186} INFO - Started process (PID=668) to work on /opt/airflow/dags/data226_hwk5 (3).py
[2025-03-05T07:03:55.413+0000] {processor.py:914} INFO - Processing file /opt/airflow/dags/data226_hwk5 (3).py for tasks to queue
[2025-03-05T07:03:55.414+0000] {logging_mixin.py:190} INFO - [2025-03-05T07:03:55.414+0000] {dagbag.py:587} INFO - Filling up the DagBag from /opt/airflow/dags/data226_hwk5 (3).py
[2025-03-05T07:03:55.432+0000] {processor.py:925} INFO - DAG(s) 'Stocks' retrieved from /opt/airflow/dags/data226_hwk5 (3).py
[2025-03-05T07:03:55.444+0000] {logging_mixin.py:190} INFO - [2025-03-05T07:03:55.444+0000] {dag.py:3229} INFO - Sync 1 DAGs
[2025-03-05T07:03:55.459+0000] {logging_mixin.py:190} INFO - [2025-03-05T07:03:55.459+0000] {dag.py:4156} INFO - Setting next_dagrun for Stocks to 2025-03-05 02:30:00+00:00, run_after=2025-03-06 02:30:00+00:00
[2025-03-05T07:03:55.473+0000] {processor.py:208} INFO - Processing /opt/airflow/dags/data226_hwk5 (3).py took 0.064 seconds
[2025-03-05T07:04:26.216+0000] {processor.py:186} INFO - Started process (PID=694) to work on /opt/airflow/dags/data226_hwk5 (3).py
[2025-03-05T07:04:26.216+0000] {processor.py:914} INFO - Processing file /opt/airflow/dags/data226_hwk5 (3).py for tasks to queue
[2025-03-05T07:04:26.217+0000] {logging_mixin.py:190} INFO - [2025-03-05T07:04:26.217+0000] {dagbag.py:587} INFO - Filling up the DagBag from /opt/airflow/dags/data226_hwk5 (3).py
[2025-03-05T07:04:26.236+0000] {processor.py:925} INFO - DAG(s) 'Stocks' retrieved from /opt/airflow/dags/data226_hwk5 (3).py
[2025-03-05T07:04:26.248+0000] {logging_mixin.py:190} INFO - [2025-03-05T07:04:26.248+0000] {dag.py:3229} INFO - Sync 1 DAGs
[2025-03-05T07:04:26.262+0000] {logging_mixin.py:190} INFO - [2025-03-05T07:04:26.262+0000] {dag.py:4156} INFO - Setting next_dagrun for Stocks to 2025-03-05 02:30:00+00:00, run_after=2025-03-06 02:30:00+00:00
[2025-03-05T07:04:26.275+0000] {processor.py:208} INFO - Processing /opt/airflow/dags/data226_hwk5 (3).py took 0.063 seconds
[2025-03-05T07:04:57.017+0000] {processor.py:186} INFO - Started process (PID=705) to work on /opt/airflow/dags/data226_hwk5 (3).py
[2025-03-05T07:04:57.017+0000] {processor.py:914} INFO - Processing file /opt/airflow/dags/data226_hwk5 (3).py for tasks to queue
[2025-03-05T07:04:57.018+0000] {logging_mixin.py:190} INFO - [2025-03-05T07:04:57.018+0000] {dagbag.py:587} INFO - Filling up the DagBag from /opt/airflow/dags/data226_hwk5 (3).py
[2025-03-05T07:04:57.038+0000] {processor.py:925} INFO - DAG(s) 'Stocks' retrieved from /opt/airflow/dags/data226_hwk5 (3).py
[2025-03-05T07:04:57.050+0000] {logging_mixin.py:190} INFO - [2025-03-05T07:04:57.050+0000] {dag.py:3229} INFO - Sync 1 DAGs
[2025-03-05T07:04:57.064+0000] {logging_mixin.py:190} INFO - [2025-03-05T07:04:57.064+0000] {dag.py:4156} INFO - Setting next_dagrun for Stocks to 2025-03-05 02:30:00+00:00, run_after=2025-03-06 02:30:00+00:00
[2025-03-05T07:04:57.076+0000] {processor.py:208} INFO - Processing /opt/airflow/dags/data226_hwk5 (3).py took 0.063 seconds
[2025-03-05T07:05:27.839+0000] {processor.py:186} INFO - Started process (PID=716) to work on /opt/airflow/dags/data226_hwk5 (3).py
[2025-03-05T07:05:27.840+0000] {processor.py:914} INFO - Processing file /opt/airflow/dags/data226_hwk5 (3).py for tasks to queue
[2025-03-05T07:05:27.841+0000] {logging_mixin.py:190} INFO - [2025-03-05T07:05:27.841+0000] {dagbag.py:587} INFO - Filling up the DagBag from /opt/airflow/dags/data226_hwk5 (3).py
[2025-03-05T07:05:27.859+0000] {processor.py:925} INFO - DAG(s) 'Stocks' retrieved from /opt/airflow/dags/data226_hwk5 (3).py
[2025-03-05T07:05:27.870+0000] {logging_mixin.py:190} INFO - [2025-03-05T07:05:27.869+0000] {dag.py:3229} INFO - Sync 1 DAGs
[2025-03-05T07:05:27.884+0000] {logging_mixin.py:190} INFO - [2025-03-05T07:05:27.884+0000] {dag.py:4156} INFO - Setting next_dagrun for Stocks to 2025-03-05 02:30:00+00:00, run_after=2025-03-06 02:30:00+00:00
[2025-03-05T07:05:27.896+0000] {processor.py:208} INFO - Processing /opt/airflow/dags/data226_hwk5 (3).py took 0.060 seconds
[2025-03-05T07:05:58.567+0000] {processor.py:186} INFO - Started process (PID=727) to work on /opt/airflow/dags/data226_hwk5 (3).py
[2025-03-05T07:05:58.568+0000] {processor.py:914} INFO - Processing file /opt/airflow/dags/data226_hwk5 (3).py for tasks to queue
[2025-03-05T07:05:58.569+0000] {logging_mixin.py:190} INFO - [2025-03-05T07:05:58.569+0000] {dagbag.py:587} INFO - Filling up the DagBag from /opt/airflow/dags/data226_hwk5 (3).py
[2025-03-05T07:05:58.587+0000] {processor.py:925} INFO - DAG(s) 'Stocks' retrieved from /opt/airflow/dags/data226_hwk5 (3).py
[2025-03-05T07:05:58.598+0000] {logging_mixin.py:190} INFO - [2025-03-05T07:05:58.597+0000] {dag.py:3229} INFO - Sync 1 DAGs
[2025-03-05T07:05:58.613+0000] {logging_mixin.py:190} INFO - [2025-03-05T07:05:58.612+0000] {dag.py:4156} INFO - Setting next_dagrun for Stocks to 2025-03-05 02:30:00+00:00, run_after=2025-03-06 02:30:00+00:00
[2025-03-05T07:05:58.626+0000] {processor.py:208} INFO - Processing /opt/airflow/dags/data226_hwk5 (3).py took 0.062 seconds
[2025-03-05T07:06:29.405+0000] {processor.py:186} INFO - Started process (PID=738) to work on /opt/airflow/dags/data226_hwk5 (3).py
[2025-03-05T07:06:29.406+0000] {processor.py:914} INFO - Processing file /opt/airflow/dags/data226_hwk5 (3).py for tasks to queue
[2025-03-05T07:06:29.406+0000] {logging_mixin.py:190} INFO - [2025-03-05T07:06:29.406+0000] {dagbag.py:587} INFO - Filling up the DagBag from /opt/airflow/dags/data226_hwk5 (3).py
[2025-03-05T07:06:29.424+0000] {processor.py:925} INFO - DAG(s) 'Stocks' retrieved from /opt/airflow/dags/data226_hwk5 (3).py
[2025-03-05T07:06:29.436+0000] {logging_mixin.py:190} INFO - [2025-03-05T07:06:29.435+0000] {dag.py:3229} INFO - Sync 1 DAGs
[2025-03-05T07:06:29.449+0000] {logging_mixin.py:190} INFO - [2025-03-05T07:06:29.449+0000] {dag.py:4156} INFO - Setting next_dagrun for Stocks to 2025-03-05 02:30:00+00:00, run_after=2025-03-06 02:30:00+00:00
[2025-03-05T07:06:29.466+0000] {processor.py:208} INFO - Processing /opt/airflow/dags/data226_hwk5 (3).py took 0.064 seconds
[2025-03-05T07:07:00.211+0000] {processor.py:186} INFO - Started process (PID=749) to work on /opt/airflow/dags/data226_hwk5 (3).py
[2025-03-05T07:07:00.211+0000] {processor.py:914} INFO - Processing file /opt/airflow/dags/data226_hwk5 (3).py for tasks to queue
[2025-03-05T07:07:00.212+0000] {logging_mixin.py:190} INFO - [2025-03-05T07:07:00.212+0000] {dagbag.py:587} INFO - Filling up the DagBag from /opt/airflow/dags/data226_hwk5 (3).py
[2025-03-05T07:07:00.230+0000] {processor.py:925} INFO - DAG(s) 'Stocks' retrieved from /opt/airflow/dags/data226_hwk5 (3).py
[2025-03-05T07:07:00.241+0000] {logging_mixin.py:190} INFO - [2025-03-05T07:07:00.240+0000] {dag.py:3229} INFO - Sync 1 DAGs
[2025-03-05T07:07:00.254+0000] {logging_mixin.py:190} INFO - [2025-03-05T07:07:00.254+0000] {dag.py:4156} INFO - Setting next_dagrun for Stocks to 2025-03-05 02:30:00+00:00, run_after=2025-03-06 02:30:00+00:00
[2025-03-05T07:07:00.269+0000] {processor.py:208} INFO - Processing /opt/airflow/dags/data226_hwk5 (3).py took 0.062 seconds
[2025-03-05T07:07:31.023+0000] {processor.py:186} INFO - Started process (PID=760) to work on /opt/airflow/dags/data226_hwk5 (3).py
[2025-03-05T07:07:31.023+0000] {processor.py:914} INFO - Processing file /opt/airflow/dags/data226_hwk5 (3).py for tasks to queue
[2025-03-05T07:07:31.024+0000] {logging_mixin.py:190} INFO - [2025-03-05T07:07:31.024+0000] {dagbag.py:587} INFO - Filling up the DagBag from /opt/airflow/dags/data226_hwk5 (3).py
[2025-03-05T07:07:31.042+0000] {processor.py:925} INFO - DAG(s) 'Stocks' retrieved from /opt/airflow/dags/data226_hwk5 (3).py
[2025-03-05T07:07:31.054+0000] {logging_mixin.py:190} INFO - [2025-03-05T07:07:31.053+0000] {dag.py:3229} INFO - Sync 1 DAGs
[2025-03-05T07:07:31.069+0000] {logging_mixin.py:190} INFO - [2025-03-05T07:07:31.069+0000] {dag.py:4156} INFO - Setting next_dagrun for Stocks to 2025-03-05 02:30:00+00:00, run_after=2025-03-06 02:30:00+00:00
[2025-03-05T07:07:31.083+0000] {processor.py:208} INFO - Processing /opt/airflow/dags/data226_hwk5 (3).py took 0.064 seconds
[2025-03-05T07:08:01.842+0000] {processor.py:186} INFO - Started process (PID=786) to work on /opt/airflow/dags/data226_hwk5 (3).py
[2025-03-05T07:08:01.843+0000] {processor.py:914} INFO - Processing file /opt/airflow/dags/data226_hwk5 (3).py for tasks to queue
[2025-03-05T07:08:01.844+0000] {logging_mixin.py:190} INFO - [2025-03-05T07:08:01.844+0000] {dagbag.py:587} INFO - Filling up the DagBag from /opt/airflow/dags/data226_hwk5 (3).py
[2025-03-05T07:08:01.867+0000] {processor.py:925} INFO - DAG(s) 'Stocks' retrieved from /opt/airflow/dags/data226_hwk5 (3).py
[2025-03-05T07:08:01.881+0000] {logging_mixin.py:190} INFO - [2025-03-05T07:08:01.880+0000] {dag.py:3229} INFO - Sync 1 DAGs
[2025-03-05T07:08:01.896+0000] {logging_mixin.py:190} INFO - [2025-03-05T07:08:01.896+0000] {dag.py:4156} INFO - Setting next_dagrun for Stocks to 2025-03-05 02:30:00+00:00, run_after=2025-03-06 02:30:00+00:00
[2025-03-05T07:08:01.910+0000] {processor.py:208} INFO - Processing /opt/airflow/dags/data226_hwk5 (3).py took 0.072 seconds
[2025-03-05T07:08:32.582+0000] {processor.py:186} INFO - Started process (PID=797) to work on /opt/airflow/dags/data226_hwk5 (3).py
[2025-03-05T07:08:32.583+0000] {processor.py:914} INFO - Processing file /opt/airflow/dags/data226_hwk5 (3).py for tasks to queue
[2025-03-05T07:08:32.584+0000] {logging_mixin.py:190} INFO - [2025-03-05T07:08:32.584+0000] {dagbag.py:587} INFO - Filling up the DagBag from /opt/airflow/dags/data226_hwk5 (3).py
[2025-03-05T07:08:32.602+0000] {processor.py:925} INFO - DAG(s) 'Stocks' retrieved from /opt/airflow/dags/data226_hwk5 (3).py
[2025-03-05T07:08:32.613+0000] {logging_mixin.py:190} INFO - [2025-03-05T07:08:32.613+0000] {dag.py:3229} INFO - Sync 1 DAGs
[2025-03-05T07:08:32.629+0000] {logging_mixin.py:190} INFO - [2025-03-05T07:08:32.628+0000] {dag.py:4156} INFO - Setting next_dagrun for Stocks to 2025-03-05 02:30:00+00:00, run_after=2025-03-06 02:30:00+00:00
[2025-03-05T07:08:32.642+0000] {processor.py:208} INFO - Processing /opt/airflow/dags/data226_hwk5 (3).py took 0.063 seconds
[2025-03-05T07:09:03.432+0000] {processor.py:186} INFO - Started process (PID=808) to work on /opt/airflow/dags/data226_hwk5 (3).py
[2025-03-05T07:09:03.433+0000] {processor.py:914} INFO - Processing file /opt/airflow/dags/data226_hwk5 (3).py for tasks to queue
[2025-03-05T07:09:03.434+0000] {logging_mixin.py:190} INFO - [2025-03-05T07:09:03.433+0000] {dagbag.py:587} INFO - Filling up the DagBag from /opt/airflow/dags/data226_hwk5 (3).py
[2025-03-05T07:09:03.450+0000] {processor.py:925} INFO - DAG(s) 'Stocks' retrieved from /opt/airflow/dags/data226_hwk5 (3).py
[2025-03-05T07:09:03.461+0000] {logging_mixin.py:190} INFO - [2025-03-05T07:09:03.460+0000] {dag.py:3229} INFO - Sync 1 DAGs
[2025-03-05T07:09:03.475+0000] {logging_mixin.py:190} INFO - [2025-03-05T07:09:03.474+0000] {dag.py:4156} INFO - Setting next_dagrun for Stocks to 2025-03-05 02:30:00+00:00, run_after=2025-03-06 02:30:00+00:00
[2025-03-05T07:09:03.487+0000] {processor.py:208} INFO - Processing /opt/airflow/dags/data226_hwk5 (3).py took 0.058 seconds
[2025-03-05T07:09:34.214+0000] {processor.py:186} INFO - Started process (PID=819) to work on /opt/airflow/dags/data226_hwk5 (3).py
[2025-03-05T07:09:34.214+0000] {processor.py:914} INFO - Processing file /opt/airflow/dags/data226_hwk5 (3).py for tasks to queue
[2025-03-05T07:09:34.215+0000] {logging_mixin.py:190} INFO - [2025-03-05T07:09:34.215+0000] {dagbag.py:587} INFO - Filling up the DagBag from /opt/airflow/dags/data226_hwk5 (3).py
[2025-03-05T07:09:34.234+0000] {processor.py:925} INFO - DAG(s) 'Stocks' retrieved from /opt/airflow/dags/data226_hwk5 (3).py
[2025-03-05T07:09:34.245+0000] {logging_mixin.py:190} INFO - [2025-03-05T07:09:34.244+0000] {dag.py:3229} INFO - Sync 1 DAGs
[2025-03-05T07:09:34.261+0000] {logging_mixin.py:190} INFO - [2025-03-05T07:09:34.260+0000] {dag.py:4156} INFO - Setting next_dagrun for Stocks to 2025-03-05 02:30:00+00:00, run_after=2025-03-06 02:30:00+00:00
[2025-03-05T07:09:34.274+0000] {processor.py:208} INFO - Processing /opt/airflow/dags/data226_hwk5 (3).py took 0.064 seconds
[2025-03-05T07:10:05.015+0000] {processor.py:186} INFO - Started process (PID=830) to work on /opt/airflow/dags/data226_hwk5 (3).py
[2025-03-05T07:10:05.015+0000] {processor.py:914} INFO - Processing file /opt/airflow/dags/data226_hwk5 (3).py for tasks to queue
[2025-03-05T07:10:05.016+0000] {logging_mixin.py:190} INFO - [2025-03-05T07:10:05.016+0000] {dagbag.py:587} INFO - Filling up the DagBag from /opt/airflow/dags/data226_hwk5 (3).py
[2025-03-05T07:10:05.036+0000] {processor.py:925} INFO - DAG(s) 'Stocks' retrieved from /opt/airflow/dags/data226_hwk5 (3).py
[2025-03-05T07:10:05.047+0000] {logging_mixin.py:190} INFO - [2025-03-05T07:10:05.047+0000] {dag.py:3229} INFO - Sync 1 DAGs
[2025-03-05T07:10:05.061+0000] {logging_mixin.py:190} INFO - [2025-03-05T07:10:05.061+0000] {dag.py:4156} INFO - Setting next_dagrun for Stocks to 2025-03-05 02:30:00+00:00, run_after=2025-03-06 02:30:00+00:00
[2025-03-05T07:10:05.072+0000] {processor.py:208} INFO - Processing /opt/airflow/dags/data226_hwk5 (3).py took 0.061 seconds
[2025-03-05T07:10:35.822+0000] {processor.py:186} INFO - Started process (PID=841) to work on /opt/airflow/dags/data226_hwk5 (3).py
[2025-03-05T07:10:35.823+0000] {processor.py:914} INFO - Processing file /opt/airflow/dags/data226_hwk5 (3).py for tasks to queue
[2025-03-05T07:10:35.824+0000] {logging_mixin.py:190} INFO - [2025-03-05T07:10:35.824+0000] {dagbag.py:587} INFO - Filling up the DagBag from /opt/airflow/dags/data226_hwk5 (3).py
[2025-03-05T07:10:35.842+0000] {processor.py:925} INFO - DAG(s) 'Stocks' retrieved from /opt/airflow/dags/data226_hwk5 (3).py
[2025-03-05T07:10:35.855+0000] {logging_mixin.py:190} INFO - [2025-03-05T07:10:35.854+0000] {dag.py:3229} INFO - Sync 1 DAGs
[2025-03-05T07:10:35.871+0000] {logging_mixin.py:190} INFO - [2025-03-05T07:10:35.871+0000] {dag.py:4156} INFO - Setting next_dagrun for Stocks to 2025-03-05 02:30:00+00:00, run_after=2025-03-06 02:30:00+00:00
[2025-03-05T07:10:35.886+0000] {processor.py:208} INFO - Processing /opt/airflow/dags/data226_hwk5 (3).py took 0.068 seconds
[2025-03-05T07:11:06.595+0000] {processor.py:186} INFO - Started process (PID=852) to work on /opt/airflow/dags/data226_hwk5 (3).py
[2025-03-05T07:11:06.595+0000] {processor.py:914} INFO - Processing file /opt/airflow/dags/data226_hwk5 (3).py for tasks to queue
[2025-03-05T07:11:06.596+0000] {logging_mixin.py:190} INFO - [2025-03-05T07:11:06.596+0000] {dagbag.py:587} INFO - Filling up the DagBag from /opt/airflow/dags/data226_hwk5 (3).py
[2025-03-05T07:11:06.615+0000] {processor.py:925} INFO - DAG(s) 'Stocks' retrieved from /opt/airflow/dags/data226_hwk5 (3).py
[2025-03-05T07:11:06.627+0000] {logging_mixin.py:190} INFO - [2025-03-05T07:11:06.626+0000] {dag.py:3229} INFO - Sync 1 DAGs
[2025-03-05T07:11:06.642+0000] {logging_mixin.py:190} INFO - [2025-03-05T07:11:06.642+0000] {dag.py:4156} INFO - Setting next_dagrun for Stocks to 2025-03-05 02:30:00+00:00, run_after=2025-03-06 02:30:00+00:00
[2025-03-05T07:11:06.656+0000] {processor.py:208} INFO - Processing /opt/airflow/dags/data226_hwk5 (3).py took 0.065 seconds
[2025-03-05T07:11:37.484+0000] {processor.py:186} INFO - Started process (PID=863) to work on /opt/airflow/dags/data226_hwk5 (3).py
[2025-03-05T07:11:37.484+0000] {processor.py:914} INFO - Processing file /opt/airflow/dags/data226_hwk5 (3).py for tasks to queue
[2025-03-05T07:11:37.485+0000] {logging_mixin.py:190} INFO - [2025-03-05T07:11:37.485+0000] {dagbag.py:587} INFO - Filling up the DagBag from /opt/airflow/dags/data226_hwk5 (3).py
[2025-03-05T07:11:37.505+0000] {processor.py:925} INFO - DAG(s) 'Stocks' retrieved from /opt/airflow/dags/data226_hwk5 (3).py
[2025-03-05T07:11:37.516+0000] {logging_mixin.py:190} INFO - [2025-03-05T07:11:37.515+0000] {dag.py:3229} INFO - Sync 1 DAGs
[2025-03-05T07:11:37.530+0000] {logging_mixin.py:190} INFO - [2025-03-05T07:11:37.530+0000] {dag.py:4156} INFO - Setting next_dagrun for Stocks to 2025-03-05 02:30:00+00:00, run_after=2025-03-06 02:30:00+00:00
[2025-03-05T07:11:37.543+0000] {processor.py:208} INFO - Processing /opt/airflow/dags/data226_hwk5 (3).py took 0.063 seconds
[2025-03-05T07:12:08.243+0000] {processor.py:186} INFO - Started process (PID=874) to work on /opt/airflow/dags/data226_hwk5 (3).py
[2025-03-05T07:12:08.244+0000] {processor.py:914} INFO - Processing file /opt/airflow/dags/data226_hwk5 (3).py for tasks to queue
[2025-03-05T07:12:08.245+0000] {logging_mixin.py:190} INFO - [2025-03-05T07:12:08.245+0000] {dagbag.py:587} INFO - Filling up the DagBag from /opt/airflow/dags/data226_hwk5 (3).py
[2025-03-05T07:12:08.264+0000] {processor.py:925} INFO - DAG(s) 'Stocks' retrieved from /opt/airflow/dags/data226_hwk5 (3).py
[2025-03-05T07:12:08.276+0000] {logging_mixin.py:190} INFO - [2025-03-05T07:12:08.275+0000] {dag.py:3229} INFO - Sync 1 DAGs
[2025-03-05T07:12:08.289+0000] {logging_mixin.py:190} INFO - [2025-03-05T07:12:08.289+0000] {dag.py:4156} INFO - Setting next_dagrun for Stocks to 2025-03-05 02:30:00+00:00, run_after=2025-03-06 02:30:00+00:00
[2025-03-05T07:12:08.301+0000] {processor.py:208} INFO - Processing /opt/airflow/dags/data226_hwk5 (3).py took 0.060 seconds
[2025-03-05T07:12:39.093+0000] {processor.py:186} INFO - Started process (PID=885) to work on /opt/airflow/dags/data226_hwk5 (3).py
[2025-03-05T07:12:39.093+0000] {processor.py:914} INFO - Processing file /opt/airflow/dags/data226_hwk5 (3).py for tasks to queue
[2025-03-05T07:12:39.094+0000] {logging_mixin.py:190} INFO - [2025-03-05T07:12:39.094+0000] {dagbag.py:587} INFO - Filling up the DagBag from /opt/airflow/dags/data226_hwk5 (3).py
[2025-03-05T07:12:39.111+0000] {processor.py:925} INFO - DAG(s) 'Stocks' retrieved from /opt/airflow/dags/data226_hwk5 (3).py
[2025-03-05T07:12:39.122+0000] {logging_mixin.py:190} INFO - [2025-03-05T07:12:39.121+0000] {dag.py:3229} INFO - Sync 1 DAGs
[2025-03-05T07:12:39.137+0000] {logging_mixin.py:190} INFO - [2025-03-05T07:12:39.137+0000] {dag.py:4156} INFO - Setting next_dagrun for Stocks to 2025-03-05 02:30:00+00:00, run_after=2025-03-06 02:30:00+00:00
[2025-03-05T07:12:39.150+0000] {processor.py:208} INFO - Processing /opt/airflow/dags/data226_hwk5 (3).py took 0.061 seconds
[2025-03-05T07:13:09.901+0000] {processor.py:186} INFO - Started process (PID=896) to work on /opt/airflow/dags/data226_hwk5 (3).py
[2025-03-05T07:13:09.902+0000] {processor.py:914} INFO - Processing file /opt/airflow/dags/data226_hwk5 (3).py for tasks to queue
[2025-03-05T07:13:09.902+0000] {logging_mixin.py:190} INFO - [2025-03-05T07:13:09.902+0000] {dagbag.py:587} INFO - Filling up the DagBag from /opt/airflow/dags/data226_hwk5 (3).py
[2025-03-05T07:13:09.923+0000] {processor.py:925} INFO - DAG(s) 'Stocks' retrieved from /opt/airflow/dags/data226_hwk5 (3).py
[2025-03-05T07:13:09.936+0000] {logging_mixin.py:190} INFO - [2025-03-05T07:13:09.936+0000] {dag.py:3229} INFO - Sync 1 DAGs
[2025-03-05T07:13:09.953+0000] {logging_mixin.py:190} INFO - [2025-03-05T07:13:09.953+0000] {dag.py:4156} INFO - Setting next_dagrun for Stocks to 2025-03-05 02:30:00+00:00, run_after=2025-03-06 02:30:00+00:00
[2025-03-05T07:13:09.968+0000] {processor.py:208} INFO - Processing /opt/airflow/dags/data226_hwk5 (3).py took 0.070 seconds
[2025-03-05T07:13:40.765+0000] {processor.py:186} INFO - Started process (PID=907) to work on /opt/airflow/dags/data226_hwk5 (3).py
[2025-03-05T07:13:40.766+0000] {processor.py:914} INFO - Processing file /opt/airflow/dags/data226_hwk5 (3).py for tasks to queue
[2025-03-05T07:13:40.767+0000] {logging_mixin.py:190} INFO - [2025-03-05T07:13:40.766+0000] {dagbag.py:587} INFO - Filling up the DagBag from /opt/airflow/dags/data226_hwk5 (3).py
[2025-03-05T07:13:40.787+0000] {processor.py:925} INFO - DAG(s) 'Stocks' retrieved from /opt/airflow/dags/data226_hwk5 (3).py
[2025-03-05T07:13:40.799+0000] {logging_mixin.py:190} INFO - [2025-03-05T07:13:40.798+0000] {dag.py:3229} INFO - Sync 1 DAGs
[2025-03-05T07:13:40.813+0000] {logging_mixin.py:190} INFO - [2025-03-05T07:13:40.813+0000] {dag.py:4156} INFO - Setting next_dagrun for Stocks to 2025-03-05 02:30:00+00:00, run_after=2025-03-06 02:30:00+00:00
[2025-03-05T07:13:40.825+0000] {processor.py:208} INFO - Processing /opt/airflow/dags/data226_hwk5 (3).py took 0.063 seconds
[2025-03-05T07:14:11.470+0000] {processor.py:186} INFO - Started process (PID=933) to work on /opt/airflow/dags/data226_hwk5 (3).py
[2025-03-05T07:14:11.471+0000] {processor.py:914} INFO - Processing file /opt/airflow/dags/data226_hwk5 (3).py for tasks to queue
[2025-03-05T07:14:11.472+0000] {logging_mixin.py:190} INFO - [2025-03-05T07:14:11.472+0000] {dagbag.py:587} INFO - Filling up the DagBag from /opt/airflow/dags/data226_hwk5 (3).py
[2025-03-05T07:14:11.495+0000] {processor.py:925} INFO - DAG(s) 'Stocks' retrieved from /opt/airflow/dags/data226_hwk5 (3).py
[2025-03-05T07:14:11.507+0000] {logging_mixin.py:190} INFO - [2025-03-05T07:14:11.506+0000] {dag.py:3229} INFO - Sync 1 DAGs
[2025-03-05T07:14:11.522+0000] {logging_mixin.py:190} INFO - [2025-03-05T07:14:11.522+0000] {dag.py:4156} INFO - Setting next_dagrun for Stocks to 2025-03-05 02:30:00+00:00, run_after=2025-03-06 02:30:00+00:00
[2025-03-05T07:14:11.535+0000] {processor.py:208} INFO - Processing /opt/airflow/dags/data226_hwk5 (3).py took 0.068 seconds
[2025-03-05T07:14:42.316+0000] {processor.py:186} INFO - Started process (PID=944) to work on /opt/airflow/dags/data226_hwk5 (3).py
[2025-03-05T07:14:42.316+0000] {processor.py:914} INFO - Processing file /opt/airflow/dags/data226_hwk5 (3).py for tasks to queue
[2025-03-05T07:14:42.317+0000] {logging_mixin.py:190} INFO - [2025-03-05T07:14:42.317+0000] {dagbag.py:587} INFO - Filling up the DagBag from /opt/airflow/dags/data226_hwk5 (3).py
[2025-03-05T07:14:42.336+0000] {processor.py:925} INFO - DAG(s) 'Stocks' retrieved from /opt/airflow/dags/data226_hwk5 (3).py
[2025-03-05T07:14:42.348+0000] {logging_mixin.py:190} INFO - [2025-03-05T07:14:42.347+0000] {dag.py:3229} INFO - Sync 1 DAGs
[2025-03-05T07:14:42.361+0000] {logging_mixin.py:190} INFO - [2025-03-05T07:14:42.361+0000] {dag.py:4156} INFO - Setting next_dagrun for Stocks to 2025-03-05 02:30:00+00:00, run_after=2025-03-06 02:30:00+00:00
[2025-03-05T07:14:42.373+0000] {processor.py:208} INFO - Processing /opt/airflow/dags/data226_hwk5 (3).py took 0.060 seconds
[2025-03-05T07:15:13.142+0000] {processor.py:186} INFO - Started process (PID=955) to work on /opt/airflow/dags/data226_hwk5 (3).py
[2025-03-05T07:15:13.142+0000] {processor.py:914} INFO - Processing file /opt/airflow/dags/data226_hwk5 (3).py for tasks to queue
[2025-03-05T07:15:13.143+0000] {logging_mixin.py:190} INFO - [2025-03-05T07:15:13.143+0000] {dagbag.py:587} INFO - Filling up the DagBag from /opt/airflow/dags/data226_hwk5 (3).py
[2025-03-05T07:15:13.160+0000] {processor.py:925} INFO - DAG(s) 'Stocks' retrieved from /opt/airflow/dags/data226_hwk5 (3).py
[2025-03-05T07:15:13.171+0000] {logging_mixin.py:190} INFO - [2025-03-05T07:15:13.170+0000] {dag.py:3229} INFO - Sync 1 DAGs
[2025-03-05T07:15:13.184+0000] {logging_mixin.py:190} INFO - [2025-03-05T07:15:13.184+0000] {dag.py:4156} INFO - Setting next_dagrun for Stocks to 2025-03-05 02:30:00+00:00, run_after=2025-03-06 02:30:00+00:00
[2025-03-05T07:15:13.196+0000] {processor.py:208} INFO - Processing /opt/airflow/dags/data226_hwk5 (3).py took 0.057 seconds
[2025-03-05T07:15:43.941+0000] {processor.py:186} INFO - Started process (PID=966) to work on /opt/airflow/dags/data226_hwk5 (3).py
[2025-03-05T07:15:43.942+0000] {processor.py:914} INFO - Processing file /opt/airflow/dags/data226_hwk5 (3).py for tasks to queue
[2025-03-05T07:15:43.943+0000] {logging_mixin.py:190} INFO - [2025-03-05T07:15:43.943+0000] {dagbag.py:587} INFO - Filling up the DagBag from /opt/airflow/dags/data226_hwk5 (3).py
[2025-03-05T07:15:43.964+0000] {processor.py:925} INFO - DAG(s) 'Stocks' retrieved from /opt/airflow/dags/data226_hwk5 (3).py
[2025-03-05T07:15:43.976+0000] {logging_mixin.py:190} INFO - [2025-03-05T07:15:43.975+0000] {dag.py:3229} INFO - Sync 1 DAGs
[2025-03-05T07:15:43.991+0000] {logging_mixin.py:190} INFO - [2025-03-05T07:15:43.991+0000] {dag.py:4156} INFO - Setting next_dagrun for Stocks to 2025-03-05 02:30:00+00:00, run_after=2025-03-06 02:30:00+00:00
[2025-03-05T07:15:44.005+0000] {processor.py:208} INFO - Processing /opt/airflow/dags/data226_hwk5 (3).py took 0.067 seconds
[2025-03-05T07:16:14.631+0000] {processor.py:186} INFO - Started process (PID=977) to work on /opt/airflow/dags/data226_hwk5 (3).py
[2025-03-05T07:16:14.632+0000] {processor.py:914} INFO - Processing file /opt/airflow/dags/data226_hwk5 (3).py for tasks to queue
[2025-03-05T07:16:14.633+0000] {logging_mixin.py:190} INFO - [2025-03-05T07:16:14.633+0000] {dagbag.py:587} INFO - Filling up the DagBag from /opt/airflow/dags/data226_hwk5 (3).py
[2025-03-05T07:16:14.653+0000] {processor.py:925} INFO - DAG(s) 'Stocks' retrieved from /opt/airflow/dags/data226_hwk5 (3).py
[2025-03-05T07:16:14.664+0000] {logging_mixin.py:190} INFO - [2025-03-05T07:16:14.663+0000] {dag.py:3229} INFO - Sync 1 DAGs
[2025-03-05T07:16:14.678+0000] {logging_mixin.py:190} INFO - [2025-03-05T07:16:14.678+0000] {dag.py:4156} INFO - Setting next_dagrun for Stocks to 2025-03-05 02:30:00+00:00, run_after=2025-03-06 02:30:00+00:00
[2025-03-05T07:16:14.691+0000] {processor.py:208} INFO - Processing /opt/airflow/dags/data226_hwk5 (3).py took 0.063 seconds
[2025-03-05T07:16:45.387+0000] {processor.py:186} INFO - Started process (PID=988) to work on /opt/airflow/dags/data226_hwk5 (3).py
[2025-03-05T07:16:45.388+0000] {processor.py:914} INFO - Processing file /opt/airflow/dags/data226_hwk5 (3).py for tasks to queue
[2025-03-05T07:16:45.389+0000] {logging_mixin.py:190} INFO - [2025-03-05T07:16:45.388+0000] {dagbag.py:587} INFO - Filling up the DagBag from /opt/airflow/dags/data226_hwk5 (3).py
[2025-03-05T07:16:45.408+0000] {processor.py:925} INFO - DAG(s) 'Stocks' retrieved from /opt/airflow/dags/data226_hwk5 (3).py
[2025-03-05T07:16:45.419+0000] {logging_mixin.py:190} INFO - [2025-03-05T07:16:45.418+0000] {dag.py:3229} INFO - Sync 1 DAGs
[2025-03-05T07:16:45.433+0000] {logging_mixin.py:190} INFO - [2025-03-05T07:16:45.433+0000] {dag.py:4156} INFO - Setting next_dagrun for Stocks to 2025-03-05 02:30:00+00:00, run_after=2025-03-06 02:30:00+00:00
[2025-03-05T07:16:45.445+0000] {processor.py:208} INFO - Processing /opt/airflow/dags/data226_hwk5 (3).py took 0.061 seconds
[2025-03-05T07:17:16.005+0000] {processor.py:186} INFO - Started process (PID=999) to work on /opt/airflow/dags/data226_hwk5 (3).py
[2025-03-05T07:17:16.006+0000] {processor.py:914} INFO - Processing file /opt/airflow/dags/data226_hwk5 (3).py for tasks to queue
[2025-03-05T07:17:16.006+0000] {logging_mixin.py:190} INFO - [2025-03-05T07:17:16.006+0000] {dagbag.py:587} INFO - Filling up the DagBag from /opt/airflow/dags/data226_hwk5 (3).py
[2025-03-05T07:17:16.024+0000] {processor.py:925} INFO - DAG(s) 'Stocks' retrieved from /opt/airflow/dags/data226_hwk5 (3).py
[2025-03-05T07:17:16.035+0000] {logging_mixin.py:190} INFO - [2025-03-05T07:17:16.034+0000] {dag.py:3229} INFO - Sync 1 DAGs
[2025-03-05T07:17:16.049+0000] {logging_mixin.py:190} INFO - [2025-03-05T07:17:16.049+0000] {dag.py:4156} INFO - Setting next_dagrun for Stocks to 2025-03-05 02:30:00+00:00, run_after=2025-03-06 02:30:00+00:00
[2025-03-05T07:17:16.063+0000] {processor.py:208} INFO - Processing /opt/airflow/dags/data226_hwk5 (3).py took 0.061 seconds
[2025-03-05T07:17:46.783+0000] {processor.py:186} INFO - Started process (PID=1010) to work on /opt/airflow/dags/data226_hwk5 (3).py
[2025-03-05T07:17:46.783+0000] {processor.py:914} INFO - Processing file /opt/airflow/dags/data226_hwk5 (3).py for tasks to queue
[2025-03-05T07:17:46.784+0000] {logging_mixin.py:190} INFO - [2025-03-05T07:17:46.784+0000] {dagbag.py:587} INFO - Filling up the DagBag from /opt/airflow/dags/data226_hwk5 (3).py
[2025-03-05T07:17:46.803+0000] {processor.py:925} INFO - DAG(s) 'Stocks' retrieved from /opt/airflow/dags/data226_hwk5 (3).py
[2025-03-05T07:17:46.814+0000] {logging_mixin.py:190} INFO - [2025-03-05T07:17:46.814+0000] {dag.py:3229} INFO - Sync 1 DAGs
[2025-03-05T07:17:46.828+0000] {logging_mixin.py:190} INFO - [2025-03-05T07:17:46.828+0000] {dag.py:4156} INFO - Setting next_dagrun for Stocks to 2025-03-05 02:30:00+00:00, run_after=2025-03-06 02:30:00+00:00
[2025-03-05T07:17:46.841+0000] {processor.py:208} INFO - Processing /opt/airflow/dags/data226_hwk5 (3).py took 0.061 seconds
[2025-03-05T07:18:17.502+0000] {processor.py:186} INFO - Started process (PID=1021) to work on /opt/airflow/dags/data226_hwk5 (3).py
[2025-03-05T07:18:17.503+0000] {processor.py:914} INFO - Processing file /opt/airflow/dags/data226_hwk5 (3).py for tasks to queue
[2025-03-05T07:18:17.503+0000] {logging_mixin.py:190} INFO - [2025-03-05T07:18:17.503+0000] {dagbag.py:587} INFO - Filling up the DagBag from /opt/airflow/dags/data226_hwk5 (3).py
[2025-03-05T07:18:17.521+0000] {processor.py:925} INFO - DAG(s) 'Stocks' retrieved from /opt/airflow/dags/data226_hwk5 (3).py
[2025-03-05T07:18:17.533+0000] {logging_mixin.py:190} INFO - [2025-03-05T07:18:17.532+0000] {dag.py:3229} INFO - Sync 1 DAGs
[2025-03-05T07:18:17.547+0000] {logging_mixin.py:190} INFO - [2025-03-05T07:18:17.547+0000] {dag.py:4156} INFO - Setting next_dagrun for Stocks to 2025-03-05 02:30:00+00:00, run_after=2025-03-06 02:30:00+00:00
[2025-03-05T07:18:17.559+0000] {processor.py:208} INFO - Processing /opt/airflow/dags/data226_hwk5 (3).py took 0.060 seconds
[2025-03-05T07:18:48.338+0000] {processor.py:186} INFO - Started process (PID=1032) to work on /opt/airflow/dags/data226_hwk5 (3).py
[2025-03-05T07:18:48.338+0000] {processor.py:914} INFO - Processing file /opt/airflow/dags/data226_hwk5 (3).py for tasks to queue
[2025-03-05T07:18:48.339+0000] {logging_mixin.py:190} INFO - [2025-03-05T07:18:48.339+0000] {dagbag.py:587} INFO - Filling up the DagBag from /opt/airflow/dags/data226_hwk5 (3).py
[2025-03-05T07:18:48.357+0000] {processor.py:925} INFO - DAG(s) 'Stocks' retrieved from /opt/airflow/dags/data226_hwk5 (3).py
[2025-03-05T07:18:48.368+0000] {logging_mixin.py:190} INFO - [2025-03-05T07:18:48.368+0000] {dag.py:3229} INFO - Sync 1 DAGs
[2025-03-05T07:18:48.382+0000] {logging_mixin.py:190} INFO - [2025-03-05T07:18:48.382+0000] {dag.py:4156} INFO - Setting next_dagrun for Stocks to 2025-03-05 02:30:00+00:00, run_after=2025-03-06 02:30:00+00:00
[2025-03-05T07:18:48.395+0000] {processor.py:208} INFO - Processing /opt/airflow/dags/data226_hwk5 (3).py took 0.061 seconds
[2025-03-05T07:19:19.196+0000] {processor.py:186} INFO - Started process (PID=1043) to work on /opt/airflow/dags/data226_hwk5 (3).py
[2025-03-05T07:19:19.197+0000] {processor.py:914} INFO - Processing file /opt/airflow/dags/data226_hwk5 (3).py for tasks to queue
[2025-03-05T07:19:19.198+0000] {logging_mixin.py:190} INFO - [2025-03-05T07:19:19.197+0000] {dagbag.py:587} INFO - Filling up the DagBag from /opt/airflow/dags/data226_hwk5 (3).py
[2025-03-05T07:19:19.219+0000] {processor.py:925} INFO - DAG(s) 'Stocks' retrieved from /opt/airflow/dags/data226_hwk5 (3).py
[2025-03-05T07:19:19.230+0000] {logging_mixin.py:190} INFO - [2025-03-05T07:19:19.229+0000] {dag.py:3229} INFO - Sync 1 DAGs
[2025-03-05T07:19:19.244+0000] {logging_mixin.py:190} INFO - [2025-03-05T07:19:19.243+0000] {dag.py:4156} INFO - Setting next_dagrun for Stocks to 2025-03-05 02:30:00+00:00, run_after=2025-03-06 02:30:00+00:00
[2025-03-05T07:19:19.257+0000] {processor.py:208} INFO - Processing /opt/airflow/dags/data226_hwk5 (3).py took 0.065 seconds
[2025-03-05T07:19:50.048+0000] {processor.py:186} INFO - Started process (PID=1054) to work on /opt/airflow/dags/data226_hwk5 (3).py
[2025-03-05T07:19:50.049+0000] {processor.py:914} INFO - Processing file /opt/airflow/dags/data226_hwk5 (3).py for tasks to queue
[2025-03-05T07:19:50.049+0000] {logging_mixin.py:190} INFO - [2025-03-05T07:19:50.049+0000] {dagbag.py:587} INFO - Filling up the DagBag from /opt/airflow/dags/data226_hwk5 (3).py
[2025-03-05T07:19:50.067+0000] {processor.py:925} INFO - DAG(s) 'Stocks' retrieved from /opt/airflow/dags/data226_hwk5 (3).py
[2025-03-05T07:19:50.078+0000] {logging_mixin.py:190} INFO - [2025-03-05T07:19:50.078+0000] {dag.py:3229} INFO - Sync 1 DAGs
[2025-03-05T07:19:50.092+0000] {logging_mixin.py:190} INFO - [2025-03-05T07:19:50.092+0000] {dag.py:4156} INFO - Setting next_dagrun for Stocks to 2025-03-05 02:30:00+00:00, run_after=2025-03-06 02:30:00+00:00
[2025-03-05T07:19:50.104+0000] {processor.py:208} INFO - Processing /opt/airflow/dags/data226_hwk5 (3).py took 0.060 seconds
[2025-03-05T07:20:20.887+0000] {processor.py:186} INFO - Started process (PID=1065) to work on /opt/airflow/dags/data226_hwk5 (3).py
[2025-03-05T07:20:20.888+0000] {processor.py:914} INFO - Processing file /opt/airflow/dags/data226_hwk5 (3).py for tasks to queue
[2025-03-05T07:20:20.888+0000] {logging_mixin.py:190} INFO - [2025-03-05T07:20:20.888+0000] {dagbag.py:587} INFO - Filling up the DagBag from /opt/airflow/dags/data226_hwk5 (3).py
[2025-03-05T07:20:20.906+0000] {processor.py:925} INFO - DAG(s) 'Stocks' retrieved from /opt/airflow/dags/data226_hwk5 (3).py
[2025-03-05T07:20:20.917+0000] {logging_mixin.py:190} INFO - [2025-03-05T07:20:20.916+0000] {dag.py:3229} INFO - Sync 1 DAGs
[2025-03-05T07:20:20.931+0000] {logging_mixin.py:190} INFO - [2025-03-05T07:20:20.931+0000] {dag.py:4156} INFO - Setting next_dagrun for Stocks to 2025-03-05 02:30:00+00:00, run_after=2025-03-06 02:30:00+00:00
[2025-03-05T07:20:20.944+0000] {processor.py:208} INFO - Processing /opt/airflow/dags/data226_hwk5 (3).py took 0.061 seconds
[2025-03-05T07:20:51.667+0000] {processor.py:186} INFO - Started process (PID=1076) to work on /opt/airflow/dags/data226_hwk5 (3).py
[2025-03-05T07:20:51.668+0000] {processor.py:914} INFO - Processing file /opt/airflow/dags/data226_hwk5 (3).py for tasks to queue
[2025-03-05T07:20:51.669+0000] {logging_mixin.py:190} INFO - [2025-03-05T07:20:51.668+0000] {dagbag.py:587} INFO - Filling up the DagBag from /opt/airflow/dags/data226_hwk5 (3).py
[2025-03-05T07:20:51.691+0000] {processor.py:925} INFO - DAG(s) 'Stocks' retrieved from /opt/airflow/dags/data226_hwk5 (3).py
[2025-03-05T07:20:51.703+0000] {logging_mixin.py:190} INFO - [2025-03-05T07:20:51.702+0000] {dag.py:3229} INFO - Sync 1 DAGs
[2025-03-05T07:20:51.717+0000] {logging_mixin.py:190} INFO - [2025-03-05T07:20:51.717+0000] {dag.py:4156} INFO - Setting next_dagrun for Stocks to 2025-03-05 02:30:00+00:00, run_after=2025-03-06 02:30:00+00:00
[2025-03-05T07:20:51.728+0000] {processor.py:208} INFO - Processing /opt/airflow/dags/data226_hwk5 (3).py took 0.064 seconds
[2025-03-05T07:21:22.533+0000] {processor.py:186} INFO - Started process (PID=1087) to work on /opt/airflow/dags/data226_hwk5 (3).py
[2025-03-05T07:21:22.533+0000] {processor.py:914} INFO - Processing file /opt/airflow/dags/data226_hwk5 (3).py for tasks to queue
[2025-03-05T07:21:22.534+0000] {logging_mixin.py:190} INFO - [2025-03-05T07:21:22.534+0000] {dagbag.py:587} INFO - Filling up the DagBag from /opt/airflow/dags/data226_hwk5 (3).py
[2025-03-05T07:21:22.566+0000] {processor.py:925} INFO - DAG(s) 'Stocks' retrieved from /opt/airflow/dags/data226_hwk5 (3).py
[2025-03-05T07:21:22.581+0000] {logging_mixin.py:190} INFO - [2025-03-05T07:21:22.581+0000] {dag.py:3229} INFO - Sync 1 DAGs
[2025-03-05T07:21:22.596+0000] {logging_mixin.py:190} INFO - [2025-03-05T07:21:22.596+0000] {dag.py:4156} INFO - Setting next_dagrun for Stocks to 2025-03-05 02:30:00+00:00, run_after=2025-03-06 02:30:00+00:00
[2025-03-05T07:21:22.610+0000] {processor.py:208} INFO - Processing /opt/airflow/dags/data226_hwk5 (3).py took 0.081 seconds
[2025-03-05T07:21:53.322+0000] {processor.py:186} INFO - Started process (PID=1098) to work on /opt/airflow/dags/data226_hwk5 (3).py
[2025-03-05T07:21:53.323+0000] {processor.py:914} INFO - Processing file /opt/airflow/dags/data226_hwk5 (3).py for tasks to queue
[2025-03-05T07:21:53.324+0000] {logging_mixin.py:190} INFO - [2025-03-05T07:21:53.323+0000] {dagbag.py:587} INFO - Filling up the DagBag from /opt/airflow/dags/data226_hwk5 (3).py
[2025-03-05T07:21:53.342+0000] {processor.py:925} INFO - DAG(s) 'Stocks' retrieved from /opt/airflow/dags/data226_hwk5 (3).py
[2025-03-05T07:21:53.354+0000] {logging_mixin.py:190} INFO - [2025-03-05T07:21:53.353+0000] {dag.py:3229} INFO - Sync 1 DAGs
[2025-03-05T07:21:53.368+0000] {logging_mixin.py:190} INFO - [2025-03-05T07:21:53.368+0000] {dag.py:4156} INFO - Setting next_dagrun for Stocks to 2025-03-05 02:30:00+00:00, run_after=2025-03-06 02:30:00+00:00
[2025-03-05T07:21:53.382+0000] {processor.py:208} INFO - Processing /opt/airflow/dags/data226_hwk5 (3).py took 0.063 seconds
[2025-03-05T07:22:24.158+0000] {processor.py:186} INFO - Started process (PID=1109) to work on /opt/airflow/dags/data226_hwk5 (3).py
[2025-03-05T07:22:24.158+0000] {processor.py:914} INFO - Processing file /opt/airflow/dags/data226_hwk5 (3).py for tasks to queue
[2025-03-05T07:22:24.159+0000] {logging_mixin.py:190} INFO - [2025-03-05T07:22:24.159+0000] {dagbag.py:587} INFO - Filling up the DagBag from /opt/airflow/dags/data226_hwk5 (3).py
[2025-03-05T07:22:24.176+0000] {processor.py:925} INFO - DAG(s) 'Stocks' retrieved from /opt/airflow/dags/data226_hwk5 (3).py
[2025-03-05T07:22:24.187+0000] {logging_mixin.py:190} INFO - [2025-03-05T07:22:24.186+0000] {dag.py:3229} INFO - Sync 1 DAGs
[2025-03-05T07:22:24.201+0000] {logging_mixin.py:190} INFO - [2025-03-05T07:22:24.200+0000] {dag.py:4156} INFO - Setting next_dagrun for Stocks to 2025-03-05 02:30:00+00:00, run_after=2025-03-06 02:30:00+00:00
[2025-03-05T07:22:24.211+0000] {processor.py:208} INFO - Processing /opt/airflow/dags/data226_hwk5 (3).py took 0.057 seconds
[2025-03-05T07:22:54.947+0000] {processor.py:186} INFO - Started process (PID=1135) to work on /opt/airflow/dags/data226_hwk5 (3).py
[2025-03-05T07:22:54.947+0000] {processor.py:914} INFO - Processing file /opt/airflow/dags/data226_hwk5 (3).py for tasks to queue
[2025-03-05T07:22:54.948+0000] {logging_mixin.py:190} INFO - [2025-03-05T07:22:54.948+0000] {dagbag.py:587} INFO - Filling up the DagBag from /opt/airflow/dags/data226_hwk5 (3).py
[2025-03-05T07:22:54.969+0000] {processor.py:925} INFO - DAG(s) 'Stocks' retrieved from /opt/airflow/dags/data226_hwk5 (3).py
[2025-03-05T07:22:54.982+0000] {logging_mixin.py:190} INFO - [2025-03-05T07:22:54.981+0000] {dag.py:3229} INFO - Sync 1 DAGs
[2025-03-05T07:22:54.996+0000] {logging_mixin.py:190} INFO - [2025-03-05T07:22:54.996+0000] {dag.py:4156} INFO - Setting next_dagrun for Stocks to 2025-03-05 02:30:00+00:00, run_after=2025-03-06 02:30:00+00:00
[2025-03-05T07:22:55.011+0000] {processor.py:208} INFO - Processing /opt/airflow/dags/data226_hwk5 (3).py took 0.068 seconds
[2025-03-05T07:23:25.834+0000] {processor.py:186} INFO - Started process (PID=1146) to work on /opt/airflow/dags/data226_hwk5 (3).py
[2025-03-05T07:23:25.834+0000] {processor.py:914} INFO - Processing file /opt/airflow/dags/data226_hwk5 (3).py for tasks to queue
[2025-03-05T07:23:25.836+0000] {logging_mixin.py:190} INFO - [2025-03-05T07:23:25.835+0000] {dagbag.py:587} INFO - Filling up the DagBag from /opt/airflow/dags/data226_hwk5 (3).py
[2025-03-05T07:23:25.858+0000] {processor.py:925} INFO - DAG(s) 'Stocks' retrieved from /opt/airflow/dags/data226_hwk5 (3).py
[2025-03-05T07:23:25.870+0000] {logging_mixin.py:190} INFO - [2025-03-05T07:23:25.869+0000] {dag.py:3229} INFO - Sync 1 DAGs
[2025-03-05T07:23:25.884+0000] {logging_mixin.py:190} INFO - [2025-03-05T07:23:25.884+0000] {dag.py:4156} INFO - Setting next_dagrun for Stocks to 2025-03-05 02:30:00+00:00, run_after=2025-03-06 02:30:00+00:00
[2025-03-05T07:23:25.897+0000] {processor.py:208} INFO - Processing /opt/airflow/dags/data226_hwk5 (3).py took 0.066 seconds
[2025-03-05T07:23:56.646+0000] {processor.py:186} INFO - Started process (PID=1164) to work on /opt/airflow/dags/data226_hwk5 (3).py
[2025-03-05T07:23:56.647+0000] {processor.py:914} INFO - Processing file /opt/airflow/dags/data226_hwk5 (3).py for tasks to queue
[2025-03-05T07:23:56.647+0000] {logging_mixin.py:190} INFO - [2025-03-05T07:23:56.647+0000] {dagbag.py:587} INFO - Filling up the DagBag from /opt/airflow/dags/data226_hwk5 (3).py
[2025-03-05T07:23:56.667+0000] {processor.py:925} INFO - DAG(s) 'Stocks' retrieved from /opt/airflow/dags/data226_hwk5 (3).py
[2025-03-05T07:23:56.679+0000] {logging_mixin.py:190} INFO - [2025-03-05T07:23:56.678+0000] {dag.py:3229} INFO - Sync 1 DAGs
[2025-03-05T07:23:56.693+0000] {logging_mixin.py:190} INFO - [2025-03-05T07:23:56.693+0000] {dag.py:4156} INFO - Setting next_dagrun for Stocks to 2025-03-05 02:30:00+00:00, run_after=2025-03-06 02:30:00+00:00
[2025-03-05T07:23:56.708+0000] {processor.py:208} INFO - Processing /opt/airflow/dags/data226_hwk5 (3).py took 0.066 seconds
[2025-03-05T07:24:27.509+0000] {processor.py:186} INFO - Started process (PID=1175) to work on /opt/airflow/dags/data226_hwk5 (3).py
[2025-03-05T07:24:27.510+0000] {processor.py:914} INFO - Processing file /opt/airflow/dags/data226_hwk5 (3).py for tasks to queue
[2025-03-05T07:24:27.511+0000] {logging_mixin.py:190} INFO - [2025-03-05T07:24:27.510+0000] {dagbag.py:587} INFO - Filling up the DagBag from /opt/airflow/dags/data226_hwk5 (3).py
[2025-03-05T07:24:27.527+0000] {processor.py:925} INFO - DAG(s) 'Stocks' retrieved from /opt/airflow/dags/data226_hwk5 (3).py
[2025-03-05T07:24:27.539+0000] {logging_mixin.py:190} INFO - [2025-03-05T07:24:27.538+0000] {dag.py:3229} INFO - Sync 1 DAGs
[2025-03-05T07:24:27.553+0000] {logging_mixin.py:190} INFO - [2025-03-05T07:24:27.552+0000] {dag.py:4156} INFO - Setting next_dagrun for Stocks to 2025-03-05 02:30:00+00:00, run_after=2025-03-06 02:30:00+00:00
[2025-03-05T07:24:27.565+0000] {processor.py:208} INFO - Processing /opt/airflow/dags/data226_hwk5 (3).py took 0.059 seconds
[2025-03-05T07:24:58.377+0000] {processor.py:186} INFO - Started process (PID=1186) to work on /opt/airflow/dags/data226_hwk5 (3).py
[2025-03-05T07:24:58.378+0000] {processor.py:914} INFO - Processing file /opt/airflow/dags/data226_hwk5 (3).py for tasks to queue
[2025-03-05T07:24:58.378+0000] {logging_mixin.py:190} INFO - [2025-03-05T07:24:58.378+0000] {dagbag.py:587} INFO - Filling up the DagBag from /opt/airflow/dags/data226_hwk5 (3).py
[2025-03-05T07:24:58.396+0000] {processor.py:925} INFO - DAG(s) 'Stocks' retrieved from /opt/airflow/dags/data226_hwk5 (3).py
[2025-03-05T07:24:58.407+0000] {logging_mixin.py:190} INFO - [2025-03-05T07:24:58.406+0000] {dag.py:3229} INFO - Sync 1 DAGs
[2025-03-05T07:24:58.421+0000] {logging_mixin.py:190} INFO - [2025-03-05T07:24:58.421+0000] {dag.py:4156} INFO - Setting next_dagrun for Stocks to 2025-03-05 02:30:00+00:00, run_after=2025-03-06 02:30:00+00:00
[2025-03-05T07:24:58.432+0000] {processor.py:208} INFO - Processing /opt/airflow/dags/data226_hwk5 (3).py took 0.058 seconds
[2025-03-05T07:25:29.235+0000] {processor.py:186} INFO - Started process (PID=1197) to work on /opt/airflow/dags/data226_hwk5 (3).py
[2025-03-05T07:25:29.236+0000] {processor.py:914} INFO - Processing file /opt/airflow/dags/data226_hwk5 (3).py for tasks to queue
[2025-03-05T07:25:29.237+0000] {logging_mixin.py:190} INFO - [2025-03-05T07:25:29.237+0000] {dagbag.py:587} INFO - Filling up the DagBag from /opt/airflow/dags/data226_hwk5 (3).py
[2025-03-05T07:25:29.258+0000] {processor.py:925} INFO - DAG(s) 'Stocks' retrieved from /opt/airflow/dags/data226_hwk5 (3).py
[2025-03-05T07:25:29.270+0000] {logging_mixin.py:190} INFO - [2025-03-05T07:25:29.269+0000] {dag.py:3229} INFO - Sync 1 DAGs
[2025-03-05T07:25:29.284+0000] {logging_mixin.py:190} INFO - [2025-03-05T07:25:29.284+0000] {dag.py:4156} INFO - Setting next_dagrun for Stocks to 2025-03-05 02:30:00+00:00, run_after=2025-03-06 02:30:00+00:00
[2025-03-05T07:25:29.297+0000] {processor.py:208} INFO - Processing /opt/airflow/dags/data226_hwk5 (3).py took 0.065 seconds
[2025-03-05T07:26:00.047+0000] {processor.py:186} INFO - Started process (PID=1208) to work on /opt/airflow/dags/data226_hwk5 (3).py
[2025-03-05T07:26:00.048+0000] {processor.py:914} INFO - Processing file /opt/airflow/dags/data226_hwk5 (3).py for tasks to queue
[2025-03-05T07:26:00.049+0000] {logging_mixin.py:190} INFO - [2025-03-05T07:26:00.048+0000] {dagbag.py:587} INFO - Filling up the DagBag from /opt/airflow/dags/data226_hwk5 (3).py
[2025-03-05T07:26:00.072+0000] {processor.py:925} INFO - DAG(s) 'Stocks' retrieved from /opt/airflow/dags/data226_hwk5 (3).py
[2025-03-05T07:26:00.086+0000] {logging_mixin.py:190} INFO - [2025-03-05T07:26:00.085+0000] {dag.py:3229} INFO - Sync 1 DAGs
[2025-03-05T07:26:00.101+0000] {logging_mixin.py:190} INFO - [2025-03-05T07:26:00.101+0000] {dag.py:4156} INFO - Setting next_dagrun for Stocks to 2025-03-05 02:30:00+00:00, run_after=2025-03-06 02:30:00+00:00
[2025-03-05T07:26:00.114+0000] {processor.py:208} INFO - Processing /opt/airflow/dags/data226_hwk5 (3).py took 0.070 seconds
[2025-03-05T07:26:30.841+0000] {processor.py:186} INFO - Started process (PID=1219) to work on /opt/airflow/dags/data226_hwk5 (3).py
[2025-03-05T07:26:30.841+0000] {processor.py:914} INFO - Processing file /opt/airflow/dags/data226_hwk5 (3).py for tasks to queue
[2025-03-05T07:26:30.842+0000] {logging_mixin.py:190} INFO - [2025-03-05T07:26:30.842+0000] {dagbag.py:587} INFO - Filling up the DagBag from /opt/airflow/dags/data226_hwk5 (3).py
[2025-03-05T07:26:30.862+0000] {processor.py:925} INFO - DAG(s) 'Stocks' retrieved from /opt/airflow/dags/data226_hwk5 (3).py
[2025-03-05T07:26:30.874+0000] {logging_mixin.py:190} INFO - [2025-03-05T07:26:30.873+0000] {dag.py:3229} INFO - Sync 1 DAGs
[2025-03-05T07:26:30.888+0000] {logging_mixin.py:190} INFO - [2025-03-05T07:26:30.888+0000] {dag.py:4156} INFO - Setting next_dagrun for Stocks to 2025-03-05 02:30:00+00:00, run_after=2025-03-06 02:30:00+00:00
[2025-03-05T07:26:30.902+0000] {processor.py:208} INFO - Processing /opt/airflow/dags/data226_hwk5 (3).py took 0.065 seconds
[2025-03-05T07:27:01.705+0000] {processor.py:186} INFO - Started process (PID=1230) to work on /opt/airflow/dags/data226_hwk5 (3).py
[2025-03-05T07:27:01.705+0000] {processor.py:914} INFO - Processing file /opt/airflow/dags/data226_hwk5 (3).py for tasks to queue
[2025-03-05T07:27:01.706+0000] {logging_mixin.py:190} INFO - [2025-03-05T07:27:01.706+0000] {dagbag.py:587} INFO - Filling up the DagBag from /opt/airflow/dags/data226_hwk5 (3).py
[2025-03-05T07:27:01.726+0000] {processor.py:925} INFO - DAG(s) 'Stocks' retrieved from /opt/airflow/dags/data226_hwk5 (3).py
[2025-03-05T07:27:01.737+0000] {logging_mixin.py:190} INFO - [2025-03-05T07:27:01.737+0000] {dag.py:3229} INFO - Sync 1 DAGs
[2025-03-05T07:27:01.751+0000] {logging_mixin.py:190} INFO - [2025-03-05T07:27:01.751+0000] {dag.py:4156} INFO - Setting next_dagrun for Stocks to 2025-03-05 02:30:00+00:00, run_after=2025-03-06 02:30:00+00:00
[2025-03-05T07:27:01.763+0000] {processor.py:208} INFO - Processing /opt/airflow/dags/data226_hwk5 (3).py took 0.061 seconds
[2025-03-05T07:27:32.561+0000] {processor.py:186} INFO - Started process (PID=1241) to work on /opt/airflow/dags/data226_hwk5 (3).py
[2025-03-05T07:27:32.561+0000] {processor.py:914} INFO - Processing file /opt/airflow/dags/data226_hwk5 (3).py for tasks to queue
[2025-03-05T07:27:32.562+0000] {logging_mixin.py:190} INFO - [2025-03-05T07:27:32.562+0000] {dagbag.py:587} INFO - Filling up the DagBag from /opt/airflow/dags/data226_hwk5 (3).py
[2025-03-05T07:27:32.582+0000] {processor.py:925} INFO - DAG(s) 'Stocks' retrieved from /opt/airflow/dags/data226_hwk5 (3).py
[2025-03-05T07:27:32.593+0000] {logging_mixin.py:190} INFO - [2025-03-05T07:27:32.592+0000] {dag.py:3229} INFO - Sync 1 DAGs
[2025-03-05T07:27:32.607+0000] {logging_mixin.py:190} INFO - [2025-03-05T07:27:32.607+0000] {dag.py:4156} INFO - Setting next_dagrun for Stocks to 2025-03-05 02:30:00+00:00, run_after=2025-03-06 02:30:00+00:00
[2025-03-05T07:27:32.621+0000] {processor.py:208} INFO - Processing /opt/airflow/dags/data226_hwk5 (3).py took 0.065 seconds
[2025-03-05T07:28:03.356+0000] {processor.py:186} INFO - Started process (PID=1252) to work on /opt/airflow/dags/data226_hwk5 (3).py
[2025-03-05T07:28:03.357+0000] {processor.py:914} INFO - Processing file /opt/airflow/dags/data226_hwk5 (3).py for tasks to queue
[2025-03-05T07:28:03.358+0000] {logging_mixin.py:190} INFO - [2025-03-05T07:28:03.358+0000] {dagbag.py:587} INFO - Filling up the DagBag from /opt/airflow/dags/data226_hwk5 (3).py
[2025-03-05T07:28:03.378+0000] {processor.py:925} INFO - DAG(s) 'Stocks' retrieved from /opt/airflow/dags/data226_hwk5 (3).py
[2025-03-05T07:28:03.390+0000] {logging_mixin.py:190} INFO - [2025-03-05T07:28:03.389+0000] {dag.py:3229} INFO - Sync 1 DAGs
[2025-03-05T07:28:03.404+0000] {logging_mixin.py:190} INFO - [2025-03-05T07:28:03.404+0000] {dag.py:4156} INFO - Setting next_dagrun for Stocks to 2025-03-05 02:30:00+00:00, run_after=2025-03-06 02:30:00+00:00
[2025-03-05T07:28:03.417+0000] {processor.py:208} INFO - Processing /opt/airflow/dags/data226_hwk5 (3).py took 0.064 seconds
[2025-03-05T07:28:34.159+0000] {processor.py:186} INFO - Started process (PID=1263) to work on /opt/airflow/dags/data226_hwk5 (3).py
[2025-03-05T07:28:34.159+0000] {processor.py:914} INFO - Processing file /opt/airflow/dags/data226_hwk5 (3).py for tasks to queue
[2025-03-05T07:28:34.160+0000] {logging_mixin.py:190} INFO - [2025-03-05T07:28:34.160+0000] {dagbag.py:587} INFO - Filling up the DagBag from /opt/airflow/dags/data226_hwk5 (3).py
[2025-03-05T07:28:34.178+0000] {processor.py:925} INFO - DAG(s) 'Stocks' retrieved from /opt/airflow/dags/data226_hwk5 (3).py
[2025-03-05T07:28:34.189+0000] {logging_mixin.py:190} INFO - [2025-03-05T07:28:34.188+0000] {dag.py:3229} INFO - Sync 1 DAGs
[2025-03-05T07:28:34.204+0000] {logging_mixin.py:190} INFO - [2025-03-05T07:28:34.204+0000] {dag.py:4156} INFO - Setting next_dagrun for Stocks to 2025-03-05 02:30:00+00:00, run_after=2025-03-06 02:30:00+00:00
[2025-03-05T07:28:34.217+0000] {processor.py:208} INFO - Processing /opt/airflow/dags/data226_hwk5 (3).py took 0.062 seconds
[2025-03-05T07:29:04.974+0000] {processor.py:186} INFO - Started process (PID=1274) to work on /opt/airflow/dags/data226_hwk5 (3).py
[2025-03-05T07:29:04.974+0000] {processor.py:914} INFO - Processing file /opt/airflow/dags/data226_hwk5 (3).py for tasks to queue
[2025-03-05T07:29:04.975+0000] {logging_mixin.py:190} INFO - [2025-03-05T07:29:04.975+0000] {dagbag.py:587} INFO - Filling up the DagBag from /opt/airflow/dags/data226_hwk5 (3).py
[2025-03-05T07:29:04.993+0000] {processor.py:925} INFO - DAG(s) 'Stocks' retrieved from /opt/airflow/dags/data226_hwk5 (3).py
[2025-03-05T07:29:05.004+0000] {logging_mixin.py:190} INFO - [2025-03-05T07:29:05.003+0000] {dag.py:3229} INFO - Sync 1 DAGs
[2025-03-05T07:29:05.019+0000] {logging_mixin.py:190} INFO - [2025-03-05T07:29:05.019+0000] {dag.py:4156} INFO - Setting next_dagrun for Stocks to 2025-03-05 02:30:00+00:00, run_after=2025-03-06 02:30:00+00:00
[2025-03-05T07:29:05.031+0000] {processor.py:208} INFO - Processing /opt/airflow/dags/data226_hwk5 (3).py took 0.061 seconds
[2025-03-05T07:29:35.817+0000] {processor.py:186} INFO - Started process (PID=1285) to work on /opt/airflow/dags/data226_hwk5 (3).py
[2025-03-05T07:29:35.818+0000] {processor.py:914} INFO - Processing file /opt/airflow/dags/data226_hwk5 (3).py for tasks to queue
[2025-03-05T07:29:35.818+0000] {logging_mixin.py:190} INFO - [2025-03-05T07:29:35.818+0000] {dagbag.py:587} INFO - Filling up the DagBag from /opt/airflow/dags/data226_hwk5 (3).py
[2025-03-05T07:29:35.839+0000] {processor.py:925} INFO - DAG(s) 'Stocks' retrieved from /opt/airflow/dags/data226_hwk5 (3).py
[2025-03-05T07:29:35.851+0000] {logging_mixin.py:190} INFO - [2025-03-05T07:29:35.850+0000] {dag.py:3229} INFO - Sync 1 DAGs
[2025-03-05T07:29:35.865+0000] {logging_mixin.py:190} INFO - [2025-03-05T07:29:35.865+0000] {dag.py:4156} INFO - Setting next_dagrun for Stocks to 2025-03-05 02:30:00+00:00, run_after=2025-03-06 02:30:00+00:00
[2025-03-05T07:29:35.878+0000] {processor.py:208} INFO - Processing /opt/airflow/dags/data226_hwk5 (3).py took 0.064 seconds
[2025-03-05T07:30:06.637+0000] {processor.py:186} INFO - Started process (PID=1296) to work on /opt/airflow/dags/data226_hwk5 (3).py
[2025-03-05T07:30:06.638+0000] {processor.py:914} INFO - Processing file /opt/airflow/dags/data226_hwk5 (3).py for tasks to queue
[2025-03-05T07:30:06.639+0000] {logging_mixin.py:190} INFO - [2025-03-05T07:30:06.639+0000] {dagbag.py:587} INFO - Filling up the DagBag from /opt/airflow/dags/data226_hwk5 (3).py
[2025-03-05T07:30:06.661+0000] {processor.py:925} INFO - DAG(s) 'Stocks' retrieved from /opt/airflow/dags/data226_hwk5 (3).py
[2025-03-05T07:30:06.673+0000] {logging_mixin.py:190} INFO - [2025-03-05T07:30:06.672+0000] {dag.py:3229} INFO - Sync 1 DAGs
[2025-03-05T07:30:06.688+0000] {logging_mixin.py:190} INFO - [2025-03-05T07:30:06.687+0000] {dag.py:4156} INFO - Setting next_dagrun for Stocks to 2025-03-05 02:30:00+00:00, run_after=2025-03-06 02:30:00+00:00
[2025-03-05T07:30:06.702+0000] {processor.py:208} INFO - Processing /opt/airflow/dags/data226_hwk5 (3).py took 0.068 seconds
[2025-03-05T07:30:37.376+0000] {processor.py:186} INFO - Started process (PID=1307) to work on /opt/airflow/dags/data226_hwk5 (3).py
[2025-03-05T07:30:37.376+0000] {processor.py:914} INFO - Processing file /opt/airflow/dags/data226_hwk5 (3).py for tasks to queue
[2025-03-05T07:30:37.377+0000] {logging_mixin.py:190} INFO - [2025-03-05T07:30:37.377+0000] {dagbag.py:587} INFO - Filling up the DagBag from /opt/airflow/dags/data226_hwk5 (3).py
[2025-03-05T07:30:37.396+0000] {processor.py:925} INFO - DAG(s) 'Stocks' retrieved from /opt/airflow/dags/data226_hwk5 (3).py
[2025-03-05T07:30:37.407+0000] {logging_mixin.py:190} INFO - [2025-03-05T07:30:37.406+0000] {dag.py:3229} INFO - Sync 1 DAGs
[2025-03-05T07:30:37.422+0000] {logging_mixin.py:190} INFO - [2025-03-05T07:30:37.421+0000] {dag.py:4156} INFO - Setting next_dagrun for Stocks to 2025-03-05 02:30:00+00:00, run_after=2025-03-06 02:30:00+00:00
[2025-03-05T07:30:37.437+0000] {processor.py:208} INFO - Processing /opt/airflow/dags/data226_hwk5 (3).py took 0.065 seconds
[2025-03-05T07:31:08.123+0000] {processor.py:186} INFO - Started process (PID=1318) to work on /opt/airflow/dags/data226_hwk5 (3).py
[2025-03-05T07:31:08.124+0000] {processor.py:914} INFO - Processing file /opt/airflow/dags/data226_hwk5 (3).py for tasks to queue
[2025-03-05T07:31:08.125+0000] {logging_mixin.py:190} INFO - [2025-03-05T07:31:08.125+0000] {dagbag.py:587} INFO - Filling up the DagBag from /opt/airflow/dags/data226_hwk5 (3).py
[2025-03-05T07:31:08.143+0000] {processor.py:925} INFO - DAG(s) 'Stocks' retrieved from /opt/airflow/dags/data226_hwk5 (3).py
[2025-03-05T07:31:08.154+0000] {logging_mixin.py:190} INFO - [2025-03-05T07:31:08.154+0000] {dag.py:3229} INFO - Sync 1 DAGs
[2025-03-05T07:31:08.168+0000] {logging_mixin.py:190} INFO - [2025-03-05T07:31:08.168+0000] {dag.py:4156} INFO - Setting next_dagrun for Stocks to 2025-03-05 02:30:00+00:00, run_after=2025-03-06 02:30:00+00:00
[2025-03-05T07:31:08.182+0000] {processor.py:208} INFO - Processing /opt/airflow/dags/data226_hwk5 (3).py took 0.062 seconds
[2025-03-05T07:31:38.922+0000] {processor.py:186} INFO - Started process (PID=1329) to work on /opt/airflow/dags/data226_hwk5 (3).py
[2025-03-05T07:31:38.923+0000] {processor.py:914} INFO - Processing file /opt/airflow/dags/data226_hwk5 (3).py for tasks to queue
[2025-03-05T07:31:38.924+0000] {logging_mixin.py:190} INFO - [2025-03-05T07:31:38.923+0000] {dagbag.py:587} INFO - Filling up the DagBag from /opt/airflow/dags/data226_hwk5 (3).py
[2025-03-05T07:31:38.944+0000] {processor.py:925} INFO - DAG(s) 'Stocks' retrieved from /opt/airflow/dags/data226_hwk5 (3).py
[2025-03-05T07:31:38.954+0000] {logging_mixin.py:190} INFO - [2025-03-05T07:31:38.954+0000] {dag.py:3229} INFO - Sync 1 DAGs
[2025-03-05T07:31:38.968+0000] {logging_mixin.py:190} INFO - [2025-03-05T07:31:38.968+0000] {dag.py:4156} INFO - Setting next_dagrun for Stocks to 2025-03-05 02:30:00+00:00, run_after=2025-03-06 02:30:00+00:00
[2025-03-05T07:31:38.980+0000] {processor.py:208} INFO - Processing /opt/airflow/dags/data226_hwk5 (3).py took 0.061 seconds
[2025-03-05T07:32:09.763+0000] {processor.py:186} INFO - Started process (PID=1340) to work on /opt/airflow/dags/data226_hwk5 (3).py
[2025-03-05T07:32:09.764+0000] {processor.py:914} INFO - Processing file /opt/airflow/dags/data226_hwk5 (3).py for tasks to queue
[2025-03-05T07:32:09.765+0000] {logging_mixin.py:190} INFO - [2025-03-05T07:32:09.764+0000] {dagbag.py:587} INFO - Filling up the DagBag from /opt/airflow/dags/data226_hwk5 (3).py
[2025-03-05T07:32:09.785+0000] {processor.py:925} INFO - DAG(s) 'Stocks' retrieved from /opt/airflow/dags/data226_hwk5 (3).py
[2025-03-05T07:32:09.795+0000] {logging_mixin.py:190} INFO - [2025-03-05T07:32:09.795+0000] {dag.py:3229} INFO - Sync 1 DAGs
[2025-03-05T07:32:09.810+0000] {logging_mixin.py:190} INFO - [2025-03-05T07:32:09.810+0000] {dag.py:4156} INFO - Setting next_dagrun for Stocks to 2025-03-05 02:30:00+00:00, run_after=2025-03-06 02:30:00+00:00
[2025-03-05T07:32:09.824+0000] {processor.py:208} INFO - Processing /opt/airflow/dags/data226_hwk5 (3).py took 0.064 seconds
[2025-03-05T07:32:40.574+0000] {processor.py:186} INFO - Started process (PID=1351) to work on /opt/airflow/dags/data226_hwk5 (3).py
[2025-03-05T07:32:40.575+0000] {processor.py:914} INFO - Processing file /opt/airflow/dags/data226_hwk5 (3).py for tasks to queue
[2025-03-05T07:32:40.576+0000] {logging_mixin.py:190} INFO - [2025-03-05T07:32:40.575+0000] {dagbag.py:587} INFO - Filling up the DagBag from /opt/airflow/dags/data226_hwk5 (3).py
[2025-03-05T07:32:40.596+0000] {processor.py:925} INFO - DAG(s) 'Stocks' retrieved from /opt/airflow/dags/data226_hwk5 (3).py
[2025-03-05T07:32:40.607+0000] {logging_mixin.py:190} INFO - [2025-03-05T07:32:40.607+0000] {dag.py:3229} INFO - Sync 1 DAGs
[2025-03-05T07:32:40.622+0000] {logging_mixin.py:190} INFO - [2025-03-05T07:32:40.621+0000] {dag.py:4156} INFO - Setting next_dagrun for Stocks to 2025-03-05 02:30:00+00:00, run_after=2025-03-06 02:30:00+00:00
[2025-03-05T07:32:40.633+0000] {processor.py:208} INFO - Processing /opt/airflow/dags/data226_hwk5 (3).py took 0.063 seconds
[2025-03-05T07:33:11.379+0000] {processor.py:186} INFO - Started process (PID=1362) to work on /opt/airflow/dags/data226_hwk5 (3).py
[2025-03-05T07:33:11.379+0000] {processor.py:914} INFO - Processing file /opt/airflow/dags/data226_hwk5 (3).py for tasks to queue
[2025-03-05T07:33:11.380+0000] {logging_mixin.py:190} INFO - [2025-03-05T07:33:11.380+0000] {dagbag.py:587} INFO - Filling up the DagBag from /opt/airflow/dags/data226_hwk5 (3).py
[2025-03-05T07:33:11.399+0000] {processor.py:925} INFO - DAG(s) 'Stocks' retrieved from /opt/airflow/dags/data226_hwk5 (3).py
[2025-03-05T07:33:11.410+0000] {logging_mixin.py:190} INFO - [2025-03-05T07:33:11.410+0000] {dag.py:3229} INFO - Sync 1 DAGs
[2025-03-05T07:33:11.425+0000] {logging_mixin.py:190} INFO - [2025-03-05T07:33:11.425+0000] {dag.py:4156} INFO - Setting next_dagrun for Stocks to 2025-03-05 02:30:00+00:00, run_after=2025-03-06 02:30:00+00:00
[2025-03-05T07:33:11.436+0000] {processor.py:208} INFO - Processing /opt/airflow/dags/data226_hwk5 (3).py took 0.061 seconds
[2025-03-05T07:33:42.231+0000] {processor.py:186} INFO - Started process (PID=1373) to work on /opt/airflow/dags/data226_hwk5 (3).py
[2025-03-05T07:33:42.232+0000] {processor.py:914} INFO - Processing file /opt/airflow/dags/data226_hwk5 (3).py for tasks to queue
[2025-03-05T07:33:42.233+0000] {logging_mixin.py:190} INFO - [2025-03-05T07:33:42.232+0000] {dagbag.py:587} INFO - Filling up the DagBag from /opt/airflow/dags/data226_hwk5 (3).py
[2025-03-05T07:33:42.254+0000] {processor.py:925} INFO - DAG(s) 'Stocks' retrieved from /opt/airflow/dags/data226_hwk5 (3).py
[2025-03-05T07:33:42.267+0000] {logging_mixin.py:190} INFO - [2025-03-05T07:33:42.266+0000] {dag.py:3229} INFO - Sync 1 DAGs
[2025-03-05T07:33:42.284+0000] {logging_mixin.py:190} INFO - [2025-03-05T07:33:42.284+0000] {dag.py:4156} INFO - Setting next_dagrun for Stocks to 2025-03-05 02:30:00+00:00, run_after=2025-03-06 02:30:00+00:00
[2025-03-05T07:33:42.297+0000] {processor.py:208} INFO - Processing /opt/airflow/dags/data226_hwk5 (3).py took 0.069 seconds
[2025-03-05T07:34:13.123+0000] {processor.py:186} INFO - Started process (PID=1384) to work on /opt/airflow/dags/data226_hwk5 (3).py
[2025-03-05T07:34:13.124+0000] {processor.py:914} INFO - Processing file /opt/airflow/dags/data226_hwk5 (3).py for tasks to queue
[2025-03-05T07:34:13.125+0000] {logging_mixin.py:190} INFO - [2025-03-05T07:34:13.125+0000] {dagbag.py:587} INFO - Filling up the DagBag from /opt/airflow/dags/data226_hwk5 (3).py
[2025-03-05T07:34:13.147+0000] {processor.py:925} INFO - DAG(s) 'Stocks' retrieved from /opt/airflow/dags/data226_hwk5 (3).py
[2025-03-05T07:34:13.158+0000] {logging_mixin.py:190} INFO - [2025-03-05T07:34:13.158+0000] {dag.py:3229} INFO - Sync 1 DAGs
[2025-03-05T07:34:13.172+0000] {logging_mixin.py:190} INFO - [2025-03-05T07:34:13.171+0000] {dag.py:4156} INFO - Setting next_dagrun for Stocks to 2025-03-05 02:30:00+00:00, run_after=2025-03-06 02:30:00+00:00
[2025-03-05T07:34:13.184+0000] {processor.py:208} INFO - Processing /opt/airflow/dags/data226_hwk5 (3).py took 0.064 seconds
[2025-03-05T07:34:44.024+0000] {processor.py:186} INFO - Started process (PID=1395) to work on /opt/airflow/dags/data226_hwk5 (3).py
[2025-03-05T07:34:44.024+0000] {processor.py:914} INFO - Processing file /opt/airflow/dags/data226_hwk5 (3).py for tasks to queue
[2025-03-05T07:34:44.025+0000] {logging_mixin.py:190} INFO - [2025-03-05T07:34:44.025+0000] {dagbag.py:587} INFO - Filling up the DagBag from /opt/airflow/dags/data226_hwk5 (3).py
[2025-03-05T07:34:44.049+0000] {processor.py:925} INFO - DAG(s) 'Stocks' retrieved from /opt/airflow/dags/data226_hwk5 (3).py
[2025-03-05T07:34:44.060+0000] {logging_mixin.py:190} INFO - [2025-03-05T07:34:44.060+0000] {dag.py:3229} INFO - Sync 1 DAGs
[2025-03-05T07:34:44.076+0000] {logging_mixin.py:190} INFO - [2025-03-05T07:34:44.076+0000] {dag.py:4156} INFO - Setting next_dagrun for Stocks to 2025-03-05 02:30:00+00:00, run_after=2025-03-06 02:30:00+00:00
[2025-03-05T07:34:44.088+0000] {processor.py:208} INFO - Processing /opt/airflow/dags/data226_hwk5 (3).py took 0.067 seconds
[2025-03-05T07:35:14.950+0000] {processor.py:186} INFO - Started process (PID=1406) to work on /opt/airflow/dags/data226_hwk5 (3).py
[2025-03-05T07:35:14.950+0000] {processor.py:914} INFO - Processing file /opt/airflow/dags/data226_hwk5 (3).py for tasks to queue
[2025-03-05T07:35:14.951+0000] {logging_mixin.py:190} INFO - [2025-03-05T07:35:14.951+0000] {dagbag.py:587} INFO - Filling up the DagBag from /opt/airflow/dags/data226_hwk5 (3).py
[2025-03-05T07:35:14.969+0000] {processor.py:925} INFO - DAG(s) 'Stocks' retrieved from /opt/airflow/dags/data226_hwk5 (3).py
[2025-03-05T07:35:14.981+0000] {logging_mixin.py:190} INFO - [2025-03-05T07:35:14.980+0000] {dag.py:3229} INFO - Sync 1 DAGs
[2025-03-05T07:35:14.996+0000] {logging_mixin.py:190} INFO - [2025-03-05T07:35:14.996+0000] {dag.py:4156} INFO - Setting next_dagrun for Stocks to 2025-03-05 02:30:00+00:00, run_after=2025-03-06 02:30:00+00:00
[2025-03-05T07:35:15.009+0000] {processor.py:208} INFO - Processing /opt/airflow/dags/data226_hwk5 (3).py took 0.063 seconds
[2025-03-05T07:35:45.854+0000] {processor.py:186} INFO - Started process (PID=1417) to work on /opt/airflow/dags/data226_hwk5 (3).py
[2025-03-05T07:35:45.855+0000] {processor.py:914} INFO - Processing file /opt/airflow/dags/data226_hwk5 (3).py for tasks to queue
[2025-03-05T07:35:45.855+0000] {logging_mixin.py:190} INFO - [2025-03-05T07:35:45.855+0000] {dagbag.py:587} INFO - Filling up the DagBag from /opt/airflow/dags/data226_hwk5 (3).py
[2025-03-05T07:35:45.875+0000] {processor.py:925} INFO - DAG(s) 'Stocks' retrieved from /opt/airflow/dags/data226_hwk5 (3).py
[2025-03-05T07:35:45.888+0000] {logging_mixin.py:190} INFO - [2025-03-05T07:35:45.887+0000] {dag.py:3229} INFO - Sync 1 DAGs
[2025-03-05T07:35:45.902+0000] {logging_mixin.py:190} INFO - [2025-03-05T07:35:45.902+0000] {dag.py:4156} INFO - Setting next_dagrun for Stocks to 2025-03-05 02:30:00+00:00, run_after=2025-03-06 02:30:00+00:00
[2025-03-05T07:35:45.916+0000] {processor.py:208} INFO - Processing /opt/airflow/dags/data226_hwk5 (3).py took 0.065 seconds
[2025-03-05T07:36:16.794+0000] {processor.py:186} INFO - Started process (PID=1428) to work on /opt/airflow/dags/data226_hwk5 (3).py
[2025-03-05T07:36:16.795+0000] {processor.py:914} INFO - Processing file /opt/airflow/dags/data226_hwk5 (3).py for tasks to queue
[2025-03-05T07:36:16.796+0000] {logging_mixin.py:190} INFO - [2025-03-05T07:36:16.796+0000] {dagbag.py:587} INFO - Filling up the DagBag from /opt/airflow/dags/data226_hwk5 (3).py
[2025-03-05T07:36:16.818+0000] {processor.py:925} INFO - DAG(s) 'Stocks' retrieved from /opt/airflow/dags/data226_hwk5 (3).py
[2025-03-05T07:36:16.830+0000] {logging_mixin.py:190} INFO - [2025-03-05T07:36:16.829+0000] {dag.py:3229} INFO - Sync 1 DAGs
[2025-03-05T07:36:16.845+0000] {logging_mixin.py:190} INFO - [2025-03-05T07:36:16.844+0000] {dag.py:4156} INFO - Setting next_dagrun for Stocks to 2025-03-05 02:30:00+00:00, run_after=2025-03-06 02:30:00+00:00
[2025-03-05T07:36:16.857+0000] {processor.py:208} INFO - Processing /opt/airflow/dags/data226_hwk5 (3).py took 0.066 seconds
[2025-03-05T07:36:47.724+0000] {processor.py:186} INFO - Started process (PID=1439) to work on /opt/airflow/dags/data226_hwk5 (3).py
[2025-03-05T07:36:47.725+0000] {processor.py:914} INFO - Processing file /opt/airflow/dags/data226_hwk5 (3).py for tasks to queue
[2025-03-05T07:36:47.725+0000] {logging_mixin.py:190} INFO - [2025-03-05T07:36:47.725+0000] {dagbag.py:587} INFO - Filling up the DagBag from /opt/airflow/dags/data226_hwk5 (3).py
[2025-03-05T07:36:47.743+0000] {processor.py:925} INFO - DAG(s) 'Stocks' retrieved from /opt/airflow/dags/data226_hwk5 (3).py
[2025-03-05T07:36:47.754+0000] {logging_mixin.py:190} INFO - [2025-03-05T07:36:47.753+0000] {dag.py:3229} INFO - Sync 1 DAGs
[2025-03-05T07:36:47.768+0000] {logging_mixin.py:190} INFO - [2025-03-05T07:36:47.767+0000] {dag.py:4156} INFO - Setting next_dagrun for Stocks to 2025-03-05 02:30:00+00:00, run_after=2025-03-06 02:30:00+00:00
[2025-03-05T07:36:47.777+0000] {processor.py:208} INFO - Processing /opt/airflow/dags/data226_hwk5 (3).py took 0.057 seconds
[2025-03-05T07:37:18.642+0000] {processor.py:186} INFO - Started process (PID=1450) to work on /opt/airflow/dags/data226_hwk5 (3).py
[2025-03-05T07:37:18.643+0000] {processor.py:914} INFO - Processing file /opt/airflow/dags/data226_hwk5 (3).py for tasks to queue
[2025-03-05T07:37:18.644+0000] {logging_mixin.py:190} INFO - [2025-03-05T07:37:18.643+0000] {dagbag.py:587} INFO - Filling up the DagBag from /opt/airflow/dags/data226_hwk5 (3).py
[2025-03-05T07:37:18.661+0000] {processor.py:925} INFO - DAG(s) 'Stocks' retrieved from /opt/airflow/dags/data226_hwk5 (3).py
[2025-03-05T07:37:18.673+0000] {logging_mixin.py:190} INFO - [2025-03-05T07:37:18.672+0000] {dag.py:3229} INFO - Sync 1 DAGs
[2025-03-05T07:37:18.688+0000] {logging_mixin.py:190} INFO - [2025-03-05T07:37:18.687+0000] {dag.py:4156} INFO - Setting next_dagrun for Stocks to 2025-03-05 02:30:00+00:00, run_after=2025-03-06 02:30:00+00:00
[2025-03-05T07:37:18.701+0000] {processor.py:208} INFO - Processing /opt/airflow/dags/data226_hwk5 (3).py took 0.062 seconds
[2025-03-05T07:37:49.534+0000] {processor.py:186} INFO - Started process (PID=1461) to work on /opt/airflow/dags/data226_hwk5 (3).py
[2025-03-05T07:37:49.535+0000] {processor.py:914} INFO - Processing file /opt/airflow/dags/data226_hwk5 (3).py for tasks to queue
[2025-03-05T07:37:49.536+0000] {logging_mixin.py:190} INFO - [2025-03-05T07:37:49.536+0000] {dagbag.py:587} INFO - Filling up the DagBag from /opt/airflow/dags/data226_hwk5 (3).py
[2025-03-05T07:37:49.556+0000] {processor.py:925} INFO - DAG(s) 'Stocks' retrieved from /opt/airflow/dags/data226_hwk5 (3).py
[2025-03-05T07:37:49.567+0000] {logging_mixin.py:190} INFO - [2025-03-05T07:37:49.566+0000] {dag.py:3229} INFO - Sync 1 DAGs
[2025-03-05T07:37:49.582+0000] {logging_mixin.py:190} INFO - [2025-03-05T07:37:49.582+0000] {dag.py:4156} INFO - Setting next_dagrun for Stocks to 2025-03-05 02:30:00+00:00, run_after=2025-03-06 02:30:00+00:00
[2025-03-05T07:37:49.596+0000] {processor.py:208} INFO - Processing /opt/airflow/dags/data226_hwk5 (3).py took 0.065 seconds
[2025-03-05T07:38:20.391+0000] {processor.py:186} INFO - Started process (PID=1472) to work on /opt/airflow/dags/data226_hwk5 (3).py
[2025-03-05T07:38:20.392+0000] {processor.py:914} INFO - Processing file /opt/airflow/dags/data226_hwk5 (3).py for tasks to queue
[2025-03-05T07:38:20.393+0000] {logging_mixin.py:190} INFO - [2025-03-05T07:38:20.393+0000] {dagbag.py:587} INFO - Filling up the DagBag from /opt/airflow/dags/data226_hwk5 (3).py
[2025-03-05T07:38:20.412+0000] {processor.py:925} INFO - DAG(s) 'Stocks' retrieved from /opt/airflow/dags/data226_hwk5 (3).py
[2025-03-05T07:38:20.424+0000] {logging_mixin.py:190} INFO - [2025-03-05T07:38:20.424+0000] {dag.py:3229} INFO - Sync 1 DAGs
[2025-03-05T07:38:20.440+0000] {logging_mixin.py:190} INFO - [2025-03-05T07:38:20.440+0000] {dag.py:4156} INFO - Setting next_dagrun for Stocks to 2025-03-05 02:30:00+00:00, run_after=2025-03-06 02:30:00+00:00
[2025-03-05T07:38:20.451+0000] {processor.py:208} INFO - Processing /opt/airflow/dags/data226_hwk5 (3).py took 0.064 seconds
[2025-03-05T07:38:51.112+0000] {processor.py:186} INFO - Started process (PID=1498) to work on /opt/airflow/dags/data226_hwk5 (3).py
[2025-03-05T07:38:51.112+0000] {processor.py:914} INFO - Processing file /opt/airflow/dags/data226_hwk5 (3).py for tasks to queue
[2025-03-05T07:38:51.113+0000] {logging_mixin.py:190} INFO - [2025-03-05T07:38:51.113+0000] {dagbag.py:587} INFO - Filling up the DagBag from /opt/airflow/dags/data226_hwk5 (3).py
[2025-03-05T07:38:51.131+0000] {processor.py:925} INFO - DAG(s) 'Stocks' retrieved from /opt/airflow/dags/data226_hwk5 (3).py
[2025-03-05T07:38:51.142+0000] {logging_mixin.py:190} INFO - [2025-03-05T07:38:51.141+0000] {dag.py:3229} INFO - Sync 1 DAGs
[2025-03-05T07:38:51.155+0000] {logging_mixin.py:190} INFO - [2025-03-05T07:38:51.155+0000] {dag.py:4156} INFO - Setting next_dagrun for Stocks to 2025-03-05 02:30:00+00:00, run_after=2025-03-06 02:30:00+00:00
[2025-03-05T07:38:51.167+0000] {processor.py:208} INFO - Processing /opt/airflow/dags/data226_hwk5 (3).py took 0.058 seconds
[2025-03-05T07:39:22.018+0000] {processor.py:186} INFO - Started process (PID=1509) to work on /opt/airflow/dags/data226_hwk5 (3).py
[2025-03-05T07:39:22.019+0000] {processor.py:914} INFO - Processing file /opt/airflow/dags/data226_hwk5 (3).py for tasks to queue
[2025-03-05T07:39:22.020+0000] {logging_mixin.py:190} INFO - [2025-03-05T07:39:22.019+0000] {dagbag.py:587} INFO - Filling up the DagBag from /opt/airflow/dags/data226_hwk5 (3).py
[2025-03-05T07:39:22.037+0000] {processor.py:925} INFO - DAG(s) 'Stocks' retrieved from /opt/airflow/dags/data226_hwk5 (3).py
[2025-03-05T07:39:22.048+0000] {logging_mixin.py:190} INFO - [2025-03-05T07:39:22.047+0000] {dag.py:3229} INFO - Sync 1 DAGs
[2025-03-05T07:39:22.062+0000] {logging_mixin.py:190} INFO - [2025-03-05T07:39:22.062+0000] {dag.py:4156} INFO - Setting next_dagrun for Stocks to 2025-03-05 02:30:00+00:00, run_after=2025-03-06 02:30:00+00:00
[2025-03-05T07:39:22.075+0000] {processor.py:208} INFO - Processing /opt/airflow/dags/data226_hwk5 (3).py took 0.060 seconds
[2025-03-05T07:39:52.876+0000] {processor.py:186} INFO - Started process (PID=1520) to work on /opt/airflow/dags/data226_hwk5 (3).py
[2025-03-05T07:39:52.876+0000] {processor.py:914} INFO - Processing file /opt/airflow/dags/data226_hwk5 (3).py for tasks to queue
[2025-03-05T07:39:52.877+0000] {logging_mixin.py:190} INFO - [2025-03-05T07:39:52.877+0000] {dagbag.py:587} INFO - Filling up the DagBag from /opt/airflow/dags/data226_hwk5 (3).py
[2025-03-05T07:39:52.895+0000] {processor.py:925} INFO - DAG(s) 'Stocks' retrieved from /opt/airflow/dags/data226_hwk5 (3).py
[2025-03-05T07:39:52.906+0000] {logging_mixin.py:190} INFO - [2025-03-05T07:39:52.905+0000] {dag.py:3229} INFO - Sync 1 DAGs
[2025-03-05T07:39:52.921+0000] {logging_mixin.py:190} INFO - [2025-03-05T07:39:52.921+0000] {dag.py:4156} INFO - Setting next_dagrun for Stocks to 2025-03-05 02:30:00+00:00, run_after=2025-03-06 02:30:00+00:00
[2025-03-05T07:39:52.936+0000] {processor.py:208} INFO - Processing /opt/airflow/dags/data226_hwk5 (3).py took 0.063 seconds
[2025-03-05T07:40:23.679+0000] {processor.py:186} INFO - Started process (PID=1531) to work on /opt/airflow/dags/data226_hwk5 (3).py
[2025-03-05T07:40:23.680+0000] {processor.py:914} INFO - Processing file /opt/airflow/dags/data226_hwk5 (3).py for tasks to queue
[2025-03-05T07:40:23.681+0000] {logging_mixin.py:190} INFO - [2025-03-05T07:40:23.680+0000] {dagbag.py:587} INFO - Filling up the DagBag from /opt/airflow/dags/data226_hwk5 (3).py
[2025-03-05T07:40:23.701+0000] {processor.py:925} INFO - DAG(s) 'Stocks' retrieved from /opt/airflow/dags/data226_hwk5 (3).py
[2025-03-05T07:40:23.712+0000] {logging_mixin.py:190} INFO - [2025-03-05T07:40:23.711+0000] {dag.py:3229} INFO - Sync 1 DAGs
[2025-03-05T07:40:23.726+0000] {logging_mixin.py:190} INFO - [2025-03-05T07:40:23.726+0000] {dag.py:4156} INFO - Setting next_dagrun for Stocks to 2025-03-05 02:30:00+00:00, run_after=2025-03-06 02:30:00+00:00
[2025-03-05T07:40:23.738+0000] {processor.py:208} INFO - Processing /opt/airflow/dags/data226_hwk5 (3).py took 0.062 seconds
[2025-03-05T07:40:54.498+0000] {processor.py:186} INFO - Started process (PID=1542) to work on /opt/airflow/dags/data226_hwk5 (3).py
[2025-03-05T07:40:54.499+0000] {processor.py:914} INFO - Processing file /opt/airflow/dags/data226_hwk5 (3).py for tasks to queue
[2025-03-05T07:40:54.500+0000] {logging_mixin.py:190} INFO - [2025-03-05T07:40:54.500+0000] {dagbag.py:587} INFO - Filling up the DagBag from /opt/airflow/dags/data226_hwk5 (3).py
[2025-03-05T07:40:54.519+0000] {processor.py:925} INFO - DAG(s) 'Stocks' retrieved from /opt/airflow/dags/data226_hwk5 (3).py
[2025-03-05T07:40:54.532+0000] {logging_mixin.py:190} INFO - [2025-03-05T07:40:54.531+0000] {dag.py:3229} INFO - Sync 1 DAGs
[2025-03-05T07:40:54.546+0000] {logging_mixin.py:190} INFO - [2025-03-05T07:40:54.546+0000] {dag.py:4156} INFO - Setting next_dagrun for Stocks to 2025-03-05 02:30:00+00:00, run_after=2025-03-06 02:30:00+00:00
[2025-03-05T07:40:54.558+0000] {processor.py:208} INFO - Processing /opt/airflow/dags/data226_hwk5 (3).py took 0.064 seconds
[2025-03-05T07:41:25.412+0000] {processor.py:186} INFO - Started process (PID=1554) to work on /opt/airflow/dags/data226_hwk5 (3).py
[2025-03-05T07:41:25.412+0000] {processor.py:914} INFO - Processing file /opt/airflow/dags/data226_hwk5 (3).py for tasks to queue
[2025-03-05T07:41:25.413+0000] {logging_mixin.py:190} INFO - [2025-03-05T07:41:25.413+0000] {dagbag.py:587} INFO - Filling up the DagBag from /opt/airflow/dags/data226_hwk5 (3).py
[2025-03-05T07:41:25.433+0000] {processor.py:925} INFO - DAG(s) 'Stocks' retrieved from /opt/airflow/dags/data226_hwk5 (3).py
[2025-03-05T07:41:25.446+0000] {logging_mixin.py:190} INFO - [2025-03-05T07:41:25.445+0000] {dag.py:3229} INFO - Sync 1 DAGs
[2025-03-05T07:41:25.460+0000] {logging_mixin.py:190} INFO - [2025-03-05T07:41:25.460+0000] {dag.py:4156} INFO - Setting next_dagrun for Stocks to 2025-03-05 02:30:00+00:00, run_after=2025-03-06 02:30:00+00:00
[2025-03-05T07:41:25.474+0000] {processor.py:208} INFO - Processing /opt/airflow/dags/data226_hwk5 (3).py took 0.065 seconds
[2025-03-05T07:41:56.293+0000] {processor.py:186} INFO - Started process (PID=1565) to work on /opt/airflow/dags/data226_hwk5 (3).py
[2025-03-05T07:41:56.294+0000] {processor.py:914} INFO - Processing file /opt/airflow/dags/data226_hwk5 (3).py for tasks to queue
[2025-03-05T07:41:56.295+0000] {logging_mixin.py:190} INFO - [2025-03-05T07:41:56.294+0000] {dagbag.py:587} INFO - Filling up the DagBag from /opt/airflow/dags/data226_hwk5 (3).py
[2025-03-05T07:41:56.313+0000] {processor.py:925} INFO - DAG(s) 'Stocks' retrieved from /opt/airflow/dags/data226_hwk5 (3).py
[2025-03-05T07:41:56.324+0000] {logging_mixin.py:190} INFO - [2025-03-05T07:41:56.323+0000] {dag.py:3229} INFO - Sync 1 DAGs
[2025-03-05T07:41:56.339+0000] {logging_mixin.py:190} INFO - [2025-03-05T07:41:56.338+0000] {dag.py:4156} INFO - Setting next_dagrun for Stocks to 2025-03-05 02:30:00+00:00, run_after=2025-03-06 02:30:00+00:00
[2025-03-05T07:41:56.352+0000] {processor.py:208} INFO - Processing /opt/airflow/dags/data226_hwk5 (3).py took 0.062 seconds
